# JRE version: OpenJDK Runtime Environment Zulu17.50+19-CA (17.0.11+9) (build 17.0.11+9-LTS)
# Java VM: OpenJDK Server VM Zulu17.50+19-CA (17.0.11+9-LTS, mixed mode, sharing, tiered, g1 gc, linux-x86)
Heap:
 garbage-first heap   total 131072K, used 30449K [0xc5c00000, 0xe5c00000)
  region size 1024K, 29 young (29696K), 2 survivors (2048K)
 Metaspace       used 3589K, committed 3904K, reserved 16384K
GC Heap History (20 events):
Event: 3790.862 GC heap before
{Heap before GC invocations=4 (full 0):
 garbage-first heap   total 131072K, used 79493K [0xc5c00000, 0xe5c00000)
  region size 1024K, 76 young (77824K), 2 survivors (2048K)
 Metaspace       used 3502K, committed 3776K, reserved 16384K
}
Event: 3790.903 GC heap after
{Heap after GC invocations=5 (full 0):
 garbage-first heap   total 131072K, used 3713K [0xc5c00000, 0xe5c00000)
  region size 1024K, 2 young (2048K), 2 survivors (2048K)
 Metaspace       used 3502K, committed 3776K, reserved 16384K
}
Event: 6145.851 GC heap before
{Heap before GC invocations=5 (full 0):
 garbage-first heap   total 131072K, used 79489K [0xc5c00000, 0xe5c00000)
  region size 1024K, 76 young (77824K), 2 survivors (2048K)
 Metaspace       used 3520K, committed 3840K, reserved 16384K
}
Event: 6145.886 GC heap after
{Heap after GC invocations=6 (full 0):
 garbage-first heap   total 131072K, used 3703K [0xc5c00000, 0xe5c00000)
  region size 1024K, 2 young (2048K), 2 survivors (2048K)
 Metaspace       used 3520K, committed 3840K, reserved 16384K
}
Event: 10144.232 GC heap before
{Heap before GC invocations=6 (full 0):
 garbage-first heap   total 131072K, used 79479K [0xc5c00000, 0xe5c00000)
  region size 1024K, 76 young (77824K), 2 survivors (2048K)
 Metaspace       used 3526K, committed 3840K, reserved 16384K
}
Event: 10144.318 GC heap after
{Heap after GC invocations=7 (full 0):
 garbage-first heap   total 131072K, used 3796K [0xc5c00000, 0xe5c00000)
  region size 1024K, 2 young (2048K), 2 survivors (2048K)
 Metaspace       used 3526K, committed 3840K, reserved 16384K
}
Event: 12215.140 GC heap before
{Heap before GC invocations=7 (full 0):
 garbage-first heap   total 131072K, used 79572K [0xc5c00000, 0xe5c00000)
  region size 1024K, 76 young (77824K), 2 survivors (2048K)
 Metaspace       used 3561K, committed 3840K, reserved 16384K
}
Event: 12215.175 GC heap after
{Heap after GC invocations=8 (full 0):
 garbage-first heap   total 131072K, used 3883K [0xc5c00000, 0xe5c00000)
  region size 1024K, 2 young (2048K), 2 survivors (2048K)
 Metaspace       used 3561K, committed 3840K, reserved 16384K
}
Event: 13311.040 GC heap before
{Heap before GC invocations=8 (full 0):
 garbage-first heap   total 131072K, used 79659K [0xc5c00000, 0xe5c00000)
  region size 1024K, 76 young (77824K), 2 survivors (2048K)
 Metaspace       used 3563K, committed 3840K, reserved 16384K
}
Event: 13311.088 GC heap after
{Heap after GC invocations=9 (full 0):
 garbage-first heap   total 131072K, used 3916K [0xc5c00000, 0xe5c00000)
  region size 1024K, 2 young (2048K), 2 survivors (2048K)
 Metaspace       used 3563K, committed 3840K, reserved 16384K
}
Event: 14157.379 GC heap before
{Heap before GC invocations=9 (full 0):
 garbage-first heap   total 131072K, used 79692K [0xc5c00000, 0xe5c00000)
  region size 1024K, 76 young (77824K), 2 survivors (2048K)
 Metaspace       used 3563K, committed 3840K, reserved 16384K
}
Event: 14157.404 GC heap after
{Heap after GC invocations=10 (full 0):
 garbage-first heap   total 131072K, used 3713K [0xc5c00000, 0xe5c00000)
  region size 1024K, 2 young (2048K), 2 survivors (2048K)
 Metaspace       used 3563K, committed 3840K, reserved 16384K
}
Event: 17877.810 GC heap before
{Heap before GC invocations=10 (full 0):
 garbage-first heap   total 131072K, used 79489K [0xc5c00000, 0xe5c00000)
  region size 1024K, 76 young (77824K), 2 survivors (2048K)
 Metaspace       used 3576K, committed 3904K, reserved 16384K
}
Event: 17877.832 GC heap after
{Heap after GC invocations=11 (full 0):
 garbage-first heap   total 131072K, used 3795K [0xc5c00000, 0xe5c00000)
  region size 1024K, 2 young (2048K), 2 survivors (2048K)
 Metaspace       used 3576K, committed 3904K, reserved 16384K
}
Event: 21435.036 GC heap before
{Heap before GC invocations=11 (full 0):
 garbage-first heap   total 131072K, used 79571K [0xc5c00000, 0xe5c00000)
  region size 1024K, 76 young (77824K), 2 survivors (2048K)
 Metaspace       used 3580K, committed 3904K, reserved 16384K
}
Event: 21435.072 GC heap after
{Heap after GC invocations=12 (full 0):
 garbage-first heap   total 131072K, used 3907K [0xc5c00000, 0xe5c00000)
  region size 1024K, 2 young (2048K), 2 survivors (2048K)
 Metaspace       used 3580K, committed 3904K, reserved 16384K
}
Event: 23161.308 GC heap before
{Heap before GC invocations=12 (full 0):
 garbage-first heap   total 131072K, used 79683K [0xc5c00000, 0xe5c00000)
  region size 1024K, 76 young (77824K), 2 survivors (2048K)
 Metaspace       used 3587K, committed 3904K, reserved 16384K
}
Event: 23161.342 GC heap after
{Heap after GC invocations=13 (full 0):
 garbage-first heap   total 131072K, used 3812K [0xc5c00000, 0xe5c00000)
  region size 1024K, 2 young (2048K), 2 survivors (2048K)
 Metaspace       used 3587K, committed 3904K, reserved 16384K
}
Event: 24168.857 GC heap before
{Heap before GC invocations=13 (full 0):
 garbage-first heap   total 131072K, used 79588K [0xc5c00000, 0xe5c00000)
  region size 1024K, 76 young (77824K), 2 survivors (2048K)
 Metaspace       used 3587K, committed 3904K, reserved 16384K
}
Event: 24168.890 GC heap after
{Heap after GC invocations=14 (full 0):
 garbage-first heap   total 131072K, used 3823K [0xc5c00000, 0xe5c00000)
  region size 1024K, 2 young (2048K), 2 survivors (2048K)
 Metaspace       used 3587K, committed 3904K, reserved 16384K
}

