# JRE version: OpenJDK Runtime Environment Zulu17.50+19-CA (17.0.11+9) (build 17.0.11+9-LTS)
# Java VM: OpenJDK Server VM Zulu17.50+19-CA (17.0.11+9-LTS, mixed mode, sharing, tiered, g1 gc, linux-x86)
Heap:
 garbage-first heap   total 131072K, used 50321K [0xc5c00000, 0xe5c00000)
  region size 1024K, 49 young (50176K), 10 survivors (10240K)
 Metaspace       used 4793K, committed 5184K, reserved 16384K
GC Heap History (8 events):
Event: 196.906 GC heap before
{Heap before GC invocations=0 (full 0):
 garbage-first heap   total 131072K, used 12288K [0xc5c00000, 0xe5c00000)
  region size 1024K, 13 young (13312K), 0 survivors (0K)
 Metaspace       used 2426K, committed 2624K, reserved 16384K
}
Event: 196.933 GC heap after
{Heap after GC invocations=1 (full 0):
 garbage-first heap   total 131072K, used 2048K [0xc5c00000, 0xe5c00000)
  region size 1024K, 2 young (2048K), 2 survivors (2048K)
 Metaspace       used 2426K, committed 2624K, reserved 16384K
}
Event: 217.079 GC heap before
{Heap before GC invocations=1 (full 0):
 garbage-first heap   total 131072K, used 18432K [0xc5c00000, 0xe5c00000)
  region size 1024K, 19 young (19456K), 2 survivors (2048K)
 Metaspace       used 3984K, committed 4288K, reserved 16384K
}
Event: 217.093 GC heap after
{Heap after GC invocations=2 (full 0):
 garbage-first heap   total 131072K, used 3567K [0xc5c00000, 0xe5c00000)
  region size 1024K, 2 young (2048K), 2 survivors (2048K)
 Metaspace       used 3984K, committed 4288K, reserved 16384K
}
Event: 313.922 GC heap before
{Heap before GC invocations=2 (full 0):
 garbage-first heap   total 131072K, used 36335K [0xc5c00000, 0xe5c00000)
  region size 1024K, 34 young (34816K), 2 survivors (2048K)
 Metaspace       used 4656K, committed 5056K, reserved 16384K
}
Event: 314.052 GC heap after
{Heap after GC invocations=3 (full 0):
 garbage-first heap   total 131072K, used 6027K [0xc5c00000, 0xe5c00000)
  region size 1024K, 4 young (4096K), 4 survivors (4096K)
 Metaspace       used 4656K, committed 5056K, reserved 16384K
}
Event: 759.877 GC heap before
{Heap before GC invocations=3 (full 0):
 garbage-first heap   total 131072K, used 79755K [0xc5c00000, 0xe5c00000)
  region size 1024K, 76 young (77824K), 4 survivors (4096K)
 Metaspace       used 4775K, committed 5184K, reserved 16384K
}
Event: 759.947 GC heap after
{Heap after GC invocations=4 (full 0):
 garbage-first heap   total 131072K, used 11407K [0xc5c00000, 0xe5c00000)
  region size 1024K, 10 young (10240K), 10 survivors (10240K)
 Metaspace       used 4775K, committed 5184K, reserved 16384K
}

