# JRE version: OpenJDK Runtime Environment Zulu17.50+19-CA (17.0.11+9) (build 17.0.11+9-LTS)
# Java VM: OpenJDK Server VM Zulu17.50+19-CA (17.0.11+9-LTS, mixed mode, sharing, tiered, g1 gc, linux-x86)
Heap:
 garbage-first heap   total 131072K, used 20129K [0xc5c00000, 0xe5c00000)
  region size 1024K, 7 young (7168K), 5 survivors (5120K)
 Metaspace       used 8863K, committed 9920K, reserved 16384K
GC Heap History (20 events):
Event: 973.972 GC heap before
{Heap before GC invocations=6 (full 0):
 garbage-first heap   total 131072K, used 88277K [0xc5c00000, 0xe5c00000)
  region size 1024K, 76 young (77824K), 6 survivors (6144K)
 Metaspace       used 8784K, committed 9856K, reserved 16384K
}
Event: 973.998 GC heap after
{Heap after GC invocations=7 (full 0):
 garbage-first heap   total 131072K, used 18420K [0xc5c00000, 0xe5c00000)
  region size 1024K, 5 young (5120K), 5 survivors (5120K)
 Metaspace       used 8784K, committed 9856K, reserved 16384K
}
Event: 4396.915 GC heap before
{Heap before GC invocations=7 (full 0):
 garbage-first heap   total 131072K, used 91124K [0xc5c00000, 0xe5c00000)
  region size 1024K, 76 young (77824K), 5 survivors (5120K)
 Metaspace       used 8825K, committed 9856K, reserved 16384K
}
Event: 4396.955 GC heap after
{Heap after GC invocations=8 (full 0):
 garbage-first heap   total 131072K, used 18152K [0xc5c00000, 0xe5c00000)
  region size 1024K, 5 young (5120K), 5 survivors (5120K)
 Metaspace       used 8825K, committed 9856K, reserved 16384K
}
Event: 8005.908 GC heap before
{Heap before GC invocations=8 (full 0):
 garbage-first heap   total 131072K, used 90856K [0xc5c00000, 0xe5c00000)
  region size 1024K, 76 young (77824K), 5 survivors (5120K)
 Metaspace       used 8836K, committed 9856K, reserved 16384K
}
Event: 8005.968 GC heap after
{Heap after GC invocations=9 (full 0):
 garbage-first heap   total 131072K, used 18099K [0xc5c00000, 0xe5c00000)
  region size 1024K, 5 young (5120K), 5 survivors (5120K)
 Metaspace       used 8836K, committed 9856K, reserved 16384K
}
Event: 11572.957 GC heap before
{Heap before GC invocations=9 (full 0):
 garbage-first heap   total 131072K, used 90803K [0xc5c00000, 0xe5c00000)
  region size 1024K, 76 young (77824K), 5 survivors (5120K)
 Metaspace       used 8839K, committed 9856K, reserved 16384K
}
Event: 11572.976 GC heap after
{Heap after GC invocations=10 (full 0):
 garbage-first heap   total 131072K, used 18084K [0xc5c00000, 0xe5c00000)
  region size 1024K, 5 young (5120K), 5 survivors (5120K)
 Metaspace       used 8839K, committed 9856K, reserved 16384K
}
Event: 15087.925 GC heap before
{Heap before GC invocations=10 (full 0):
 garbage-first heap   total 131072K, used 90788K [0xc5c00000, 0xe5c00000)
  region size 1024K, 76 young (77824K), 5 survivors (5120K)
 Metaspace       used 8841K, committed 9856K, reserved 16384K
}
Event: 15087.937 GC heap after
{Heap after GC invocations=11 (full 0):
 garbage-first heap   total 131072K, used 18082K [0xc5c00000, 0xe5c00000)
  region size 1024K, 5 young (5120K), 5 survivors (5120K)
 Metaspace       used 8841K, committed 9856K, reserved 16384K
}
Event: 18548.930 GC heap before
{Heap before GC invocations=11 (full 0):
 garbage-first heap   total 131072K, used 90786K [0xc5c00000, 0xe5c00000)
  region size 1024K, 76 young (77824K), 5 survivors (5120K)
 Metaspace       used 8844K, committed 9856K, reserved 16384K
}
Event: 18548.966 GC heap after
{Heap after GC invocations=12 (full 0):
 garbage-first heap   total 131072K, used 18309K [0xc5c00000, 0xe5c00000)
  region size 1024K, 5 young (5120K), 5 survivors (5120K)
 Metaspace       used 8844K, committed 9856K, reserved 16384K
}
Event: 21958.004 GC heap before
{Heap before GC invocations=12 (full 0):
 garbage-first heap   total 131072K, used 91013K [0xc5c00000, 0xe5c00000)
  region size 1024K, 76 young (77824K), 5 survivors (5120K)
 Metaspace       used 8844K, committed 9856K, reserved 16384K
}
Event: 21958.082 GC heap after
{Heap after GC invocations=13 (full 0):
 garbage-first heap   total 131072K, used 18308K [0xc5c00000, 0xe5c00000)
  region size 1024K, 5 young (5120K), 5 survivors (5120K)
 Metaspace       used 8844K, committed 9856K, reserved 16384K
}
Event: 25334.906 GC heap before
{Heap before GC invocations=13 (full 0):
 garbage-first heap   total 131072K, used 91012K [0xc5c00000, 0xe5c00000)
  region size 1024K, 76 young (77824K), 5 survivors (5120K)
 Metaspace       used 8848K, committed 9856K, reserved 16384K
}
Event: 25334.997 GC heap after
{Heap after GC invocations=14 (full 0):
 garbage-first heap   total 131072K, used 18080K [0xc5c00000, 0xe5c00000)
  region size 1024K, 5 young (5120K), 5 survivors (5120K)
 Metaspace       used 8848K, committed 9856K, reserved 16384K
}
Event: 28642.010 GC heap before
{Heap before GC invocations=14 (full 0):
 garbage-first heap   total 131072K, used 90784K [0xc5c00000, 0xe5c00000)
  region size 1024K, 76 young (77824K), 5 survivors (5120K)
 Metaspace       used 8848K, committed 9856K, reserved 16384K
}
Event: 28642.045 GC heap after
{Heap after GC invocations=15 (full 0):
 garbage-first heap   total 131072K, used 18080K [0xc5c00000, 0xe5c00000)
  region size 1024K, 5 young (5120K), 5 survivors (5120K)
 Metaspace       used 8848K, committed 9856K, reserved 16384K
}
Event: 31948.922 GC heap before
{Heap before GC invocations=15 (full 0):
 garbage-first heap   total 131072K, used 90784K [0xc5c00000, 0xe5c00000)
  region size 1024K, 76 young (77824K), 5 survivors (5120K)
 Metaspace       used 8862K, committed 9920K, reserved 16384K
}
Event: 31948.942 GC heap after
{Heap after GC invocations=16 (full 0):
 garbage-first heap   total 131072K, used 18081K [0xc5c00000, 0xe5c00000)
  region size 1024K, 5 young (5120K), 5 survivors (5120K)
 Metaspace       used 8862K, committed 9920K, reserved 16384K
}

