# JRE version: OpenJDK Runtime Environment Zulu17.50+19-CA (17.0.11+9) (build 17.0.11+9-LTS)
# Java VM: OpenJDK Server VM Zulu17.50+19-CA (17.0.11+9-LTS, mixed mode, sharing, tiered, g1 gc, linux-x86)
Heap:
 garbage-first heap   total 131072K, used 53861K [0xc5c00000, 0xe5c00000)
  region size 1024K, 52 young (53248K), 6 survivors (6144K)
 Metaspace       used 6334K, committed 7104K, reserved 16384K
GC Heap History (8 events):
Event: 61.257 GC heap before
{Heap before GC invocations=0 (full 0):
 garbage-first heap   total 131072K, used 12288K [0xc5c00000, 0xe5c00000)
  region size 1024K, 13 young (13312K), 0 survivors (0K)
 Metaspace       used 2842K, committed 3008K, reserved 16384K
}
Event: 61.357 GC heap after
{Heap after GC invocations=1 (full 0):
 garbage-first heap   total 131072K, used 2455K [0xc5c00000, 0xe5c00000)
  region size 1024K, 2 young (2048K), 2 survivors (2048K)
 Metaspace       used 2842K, committed 3008K, reserved 16384K
}
Event: 74.614 GC heap before
{Heap before GC invocations=1 (full 0):
 garbage-first heap   total 131072K, used 15767K [0xc5c00000, 0xe5c00000)
  region size 1024K, 15 young (15360K), 2 survivors (2048K)
 Metaspace       used 3892K, committed 4224K, reserved 16384K
}
Event: 74.627 GC heap after
{Heap after GC invocations=2 (full 0):
 garbage-first heap   total 131072K, used 3564K [0xc5c00000, 0xe5c00000)
  region size 1024K, 2 young (2048K), 2 survivors (2048K)
 Metaspace       used 3892K, committed 4224K, reserved 16384K
}
Event: 106.482 GC heap before
{Heap before GC invocations=2 (full 0):
 garbage-first heap   total 131072K, used 27116K [0xc5c00000, 0xe5c00000)
  region size 1024K, 25 young (25600K), 2 survivors (2048K)
 Metaspace       used 4691K, committed 5184K, reserved 16384K
}
Event: 106.490 GC heap after
{Heap after GC invocations=3 (full 0):
 garbage-first heap   total 131072K, used 4845K [0xc5c00000, 0xe5c00000)
  region size 1024K, 3 young (3072K), 3 survivors (3072K)
 Metaspace       used 4691K, committed 5184K, reserved 16384K
}
Event: 319.569 GC heap before
{Heap before GC invocations=3 (full 0):
 garbage-first heap   total 131072K, used 79597K [0xc5c00000, 0xe5c00000)
  region size 1024K, 76 young (77824K), 3 survivors (3072K)
 Metaspace       used 6179K, committed 6912K, reserved 16384K
}
Event: 319.604 GC heap after
{Heap after GC invocations=4 (full 0):
 garbage-first heap   total 131072K, used 7779K [0xc5c00000, 0xe5c00000)
  region size 1024K, 6 young (6144K), 6 survivors (6144K)
 Metaspace       used 6179K, committed 6912K, reserved 16384K
}

