# JRE version: OpenJDK Runtime Environment Zulu17.50+19-CA (17.0.11+9) (build 17.0.11+9-LTS)
# Java VM: OpenJDK Server VM Zulu17.50+19-CA (17.0.11+9-LTS, mixed mode, sharing, tiered, g1 gc, linux-x86)
Heap:
 garbage-first heap   total 131072K, used 74283K [0xc5c00000, 0xe5c00000)
  region size 1024K, 71 young (72704K), 2 survivors (2048K)
 Metaspace       used 3565K, committed 3840K, reserved 16384K
GC Heap History (14 events):
Event: 30.799 GC heap before
{Heap before GC invocations=0 (full 0):
 garbage-first heap   total 131072K, used 12288K [0xc5c00000, 0xe5c00000)
  region size 1024K, 13 young (13312K), 0 survivors (0K)
 Metaspace       used 1916K, committed 2048K, reserved 16384K
}
Event: 31.004 GC heap after
{Heap after GC invocations=1 (full 0):
 garbage-first heap   total 131072K, used 2226K [0xc5c00000, 0xe5c00000)
  region size 1024K, 2 young (2048K), 2 survivors (2048K)
 Metaspace       used 1916K, committed 2048K, reserved 16384K
}
Event: 177.273 GC heap before
{Heap before GC invocations=1 (full 0):
 garbage-first heap   total 131072K, used 18610K [0xc5c00000, 0xe5c00000)
  region size 1024K, 18 young (18432K), 2 survivors (2048K)
 Metaspace       used 3224K, committed 3456K, reserved 16384K
}
Event: 177.376 GC heap after
{Heap after GC invocations=2 (full 0):
 garbage-first heap   total 131072K, used 3225K [0xc5c00000, 0xe5c00000)
  region size 1024K, 2 young (2048K), 2 survivors (2048K)
 Metaspace       used 3224K, committed 3456K, reserved 16384K
}
Event: 3481.368 GC heap before
{Heap before GC invocations=2 (full 0):
 garbage-first heap   total 131072K, used 71833K [0xc5c00000, 0xe5c00000)
  region size 1024K, 69 young (70656K), 2 survivors (2048K)
 Metaspace       used 3381K, committed 3584K, reserved 16384K
}
Event: 3481.393 GC heap after
{Heap after GC invocations=3 (full 0):
 garbage-first heap   total 131072K, used 3594K [0xc5c00000, 0xe5c00000)
  region size 1024K, 2 young (2048K), 2 survivors (2048K)
 Metaspace       used 3381K, committed 3584K, reserved 16384K
}
Event: 8744.342 GC heap before
{Heap before GC invocations=3 (full 0):
 garbage-first heap   total 131072K, used 79370K [0xc5c00000, 0xe5c00000)
  region size 1024K, 76 young (77824K), 2 survivors (2048K)
 Metaspace       used 3508K, committed 3776K, reserved 16384K
}
Event: 8744.383 GC heap after
{Heap after GC invocations=4 (full 0):
 garbage-first heap   total 131072K, used 3732K [0xc5c00000, 0xe5c00000)
  region size 1024K, 2 young (2048K), 2 survivors (2048K)
 Metaspace       used 3508K, committed 3776K, reserved 16384K
}
Event: 10828.375 GC heap before
{Heap before GC invocations=4 (full 0):
 garbage-first heap   total 131072K, used 79508K [0xc5c00000, 0xe5c00000)
  region size 1024K, 76 young (77824K), 2 survivors (2048K)
 Metaspace       used 3532K, committed 3776K, reserved 16384K
}
Event: 10828.409 GC heap after
{Heap after GC invocations=5 (full 0):
 garbage-first heap   total 131072K, used 3639K [0xc5c00000, 0xe5c00000)
  region size 1024K, 2 young (2048K), 2 survivors (2048K)
 Metaspace       used 3532K, committed 3776K, reserved 16384K
}
Event: 15415.761 GC heap before
{Heap before GC invocations=5 (full 0):
 garbage-first heap   total 131072K, used 79415K [0xc5c00000, 0xe5c00000)
  region size 1024K, 76 young (77824K), 2 survivors (2048K)
 Metaspace       used 3547K, committed 3776K, reserved 16384K
}
Event: 15415.804 GC heap after
{Heap after GC invocations=6 (full 0):
 garbage-first heap   total 131072K, used 3558K [0xc5c00000, 0xe5c00000)
  region size 1024K, 2 young (2048K), 2 survivors (2048K)
 Metaspace       used 3547K, committed 3776K, reserved 16384K
}
Event: 19506.113 GC heap before
{Heap before GC invocations=6 (full 0):
 garbage-first heap   total 131072K, used 79334K [0xc5c00000, 0xe5c00000)
  region size 1024K, 76 young (77824K), 2 survivors (2048K)
 Metaspace       used 3563K, committed 3840K, reserved 16384K
}
Event: 19506.153 GC heap after
{Heap after GC invocations=7 (full 0):
 garbage-first heap   total 131072K, used 3627K [0xc5c00000, 0xe5c00000)
  region size 1024K, 2 young (2048K), 2 survivors (2048K)
 Metaspace       used 3563K, committed 3840K, reserved 16384K
}

