# JRE version: OpenJDK Runtime Environment Zulu17.50+19-CA (17.0.11+9) (build 17.0.11+9-LTS)
# Java VM: OpenJDK Server VM Zulu17.50+19-CA (17.0.11+9-LTS, mixed mode, sharing, tiered, g1 gc, linux-x86)
Heap:
 garbage-first heap   total 131072K, used 16368K [0xc5c00000, 0xe5c00000)
  region size 1024K, 15 young (15360K), 6 survivors (6144K)
 Metaspace       used 6451K, committed 7168K, reserved 16384K
GC Heap History (8 events):
Event: 55.291 GC heap before
{Heap before GC invocations=0 (full 0):
 garbage-first heap   total 131072K, used 12288K [0xc5c00000, 0xe5c00000)
  region size 1024K, 13 young (13312K), 0 survivors (0K)
 Metaspace       used 2879K, committed 3136K, reserved 16384K
}
Event: 55.322 GC heap after
{Heap after GC invocations=1 (full 0):
 garbage-first heap   total 131072K, used 2318K [0xc5c00000, 0xe5c00000)
  region size 1024K, 2 young (2048K), 2 survivors (2048K)
 Metaspace       used 2879K, committed 3136K, reserved 16384K
}
Event: 69.616 GC heap before
{Heap before GC invocations=1 (full 0):
 garbage-first heap   total 131072K, used 18702K [0xc5c00000, 0xe5c00000)
  region size 1024K, 18 young (18432K), 2 survivors (2048K)
 Metaspace       used 3959K, committed 4288K, reserved 16384K
}
Event: 69.629 GC heap after
{Heap after GC invocations=2 (full 0):
 garbage-first heap   total 131072K, used 3638K [0xc5c00000, 0xe5c00000)
  region size 1024K, 2 young (2048K), 2 survivors (2048K)
 Metaspace       used 3959K, committed 4288K, reserved 16384K
}
Event: 141.179 GC heap before
{Heap before GC invocations=2 (full 0):
 garbage-first heap   total 131072K, used 44598K [0xc5c00000, 0xe5c00000)
  region size 1024K, 42 young (43008K), 2 survivors (2048K)
 Metaspace       used 5618K, committed 6144K, reserved 16384K
}
Event: 141.190 GC heap after
{Heap after GC invocations=3 (full 0):
 garbage-first heap   total 131072K, used 5508K [0xc5c00000, 0xe5c00000)
  region size 1024K, 4 young (4096K), 4 survivors (4096K)
 Metaspace       used 5618K, committed 6144K, reserved 16384K
}
Event: 394.260 GC heap before
{Heap before GC invocations=3 (full 0):
 garbage-first heap   total 131072K, used 79236K [0xc5c00000, 0xe5c00000)
  region size 1024K, 76 young (77824K), 4 survivors (4096K)
 Metaspace       used 6430K, committed 7168K, reserved 16384K
}
Event: 394.297 GC heap after
{Heap after GC invocations=4 (full 0):
 garbage-first heap   total 131072K, used 8174K [0xc5c00000, 0xe5c00000)
  region size 1024K, 6 young (6144K), 6 survivors (6144K)
 Metaspace       used 6430K, committed 7168K, reserved 16384K
}

