# JRE version: OpenJDK Runtime Environment Zulu17.50+19-CA (17.0.11+9) (build 17.0.11+9-LTS)
# Java VM: OpenJDK Server VM Zulu17.50+19-CA (17.0.11+9-LTS, mixed mode, sharing, tiered, g1 gc, linux-x86)
Heap:
 garbage-first heap   total 131072K, used 26416K [0xc5c00000, 0xe5c00000)
  region size 1024K, 25 young (25600K), 2 survivors (2048K)
 Metaspace       used 3584K, committed 3840K, reserved 16384K
GC Heap History (20 events):
Event: 33.351 GC heap before
{Heap before GC invocations=1 (full 0):
 garbage-first heap   total 131072K, used 17630K [0xc5c00000, 0xe5c00000)
  region size 1024K, 17 young (17408K), 2 survivors (2048K)
 Metaspace       used 2138K, committed 2304K, reserved 16384K
}
Event: 33.382 GC heap after
{Heap after GC invocations=2 (full 0):
 garbage-first heap   total 131072K, used 2345K [0xc5c00000, 0xe5c00000)
  region size 1024K, 1 young (1024K), 1 survivors (1024K)
 Metaspace       used 2138K, committed 2304K, reserved 16384K
}
Event: 1266.354 GC heap before
{Heap before GC invocations=2 (full 0):
 garbage-first heap   total 131072K, used 79145K [0xc5c00000, 0xe5c00000)
  region size 1024K, 76 young (77824K), 1 survivors (1024K)
 Metaspace       used 3489K, committed 3712K, reserved 16384K
}
Event: 1266.431 GC heap after
{Heap after GC invocations=3 (full 0):
 garbage-first heap   total 131072K, used 3974K [0xc5c00000, 0xe5c00000)
  region size 1024K, 3 young (3072K), 3 survivors (3072K)
 Metaspace       used 3489K, committed 3712K, reserved 16384K
}
Event: 3165.389 GC heap before
{Heap before GC invocations=3 (full 0):
 garbage-first heap   total 131072K, used 78726K [0xc5c00000, 0xe5c00000)
  region size 1024K, 76 young (77824K), 3 survivors (3072K)
 Metaspace       used 3520K, committed 3776K, reserved 16384K
}
Event: 3165.407 GC heap after
{Heap after GC invocations=4 (full 0):
 garbage-first heap   total 131072K, used 3884K [0xc5c00000, 0xe5c00000)
  region size 1024K, 2 young (2048K), 2 survivors (2048K)
 Metaspace       used 3520K, committed 3776K, reserved 16384K
}
Event: 10458.846 GC heap before
{Heap before GC invocations=4 (full 0):
 garbage-first heap   total 131072K, used 79660K [0xc5c00000, 0xe5c00000)
  region size 1024K, 76 young (77824K), 2 survivors (2048K)
 Metaspace       used 3537K, committed 3776K, reserved 16384K
}
Event: 10458.867 GC heap after
{Heap after GC invocations=5 (full 0):
 garbage-first heap   total 131072K, used 3886K [0xc5c00000, 0xe5c00000)
  region size 1024K, 2 young (2048K), 2 survivors (2048K)
 Metaspace       used 3537K, committed 3776K, reserved 16384K
}
Event: 12849.946 GC heap before
{Heap before GC invocations=5 (full 0):
 garbage-first heap   total 131072K, used 79662K [0xc5c00000, 0xe5c00000)
  region size 1024K, 76 young (77824K), 2 survivors (2048K)
 Metaspace       used 3541K, committed 3776K, reserved 16384K
}
Event: 12849.995 GC heap after
{Heap after GC invocations=6 (full 0):
 garbage-first heap   total 131072K, used 3981K [0xc5c00000, 0xe5c00000)
  region size 1024K, 3 young (3072K), 3 survivors (3072K)
 Metaspace       used 3541K, committed 3776K, reserved 16384K
}
Event: 14799.538 GC heap before
{Heap before GC invocations=6 (full 0):
 garbage-first heap   total 131072K, used 78733K [0xc5c00000, 0xe5c00000)
  region size 1024K, 76 young (77824K), 3 survivors (3072K)
 Metaspace       used 3542K, committed 3776K, reserved 16384K
}
Event: 14799.563 GC heap after
{Heap after GC invocations=7 (full 0):
 garbage-first heap   total 131072K, used 3886K [0xc5c00000, 0xe5c00000)
  region size 1024K, 2 young (2048K), 2 survivors (2048K)
 Metaspace       used 3542K, committed 3776K, reserved 16384K
}
Event: 19735.362 GC heap before
{Heap before GC invocations=7 (full 0):
 garbage-first heap   total 131072K, used 79662K [0xc5c00000, 0xe5c00000)
  region size 1024K, 76 young (77824K), 2 survivors (2048K)
 Metaspace       used 3550K, committed 3776K, reserved 16384K
}
Event: 19735.431 GC heap after
{Heap after GC invocations=8 (full 0):
 garbage-first heap   total 131072K, used 3886K [0xc5c00000, 0xe5c00000)
  region size 1024K, 2 young (2048K), 2 survivors (2048K)
 Metaspace       used 3550K, committed 3776K, reserved 16384K
}
Event: 23455.410 GC heap before
{Heap before GC invocations=8 (full 0):
 garbage-first heap   total 131072K, used 79662K [0xc5c00000, 0xe5c00000)
  region size 1024K, 76 young (77824K), 2 survivors (2048K)
 Metaspace       used 3577K, committed 3840K, reserved 16384K
}
Event: 23455.465 GC heap after
{Heap after GC invocations=9 (full 0):
 garbage-first heap   total 131072K, used 3982K [0xc5c00000, 0xe5c00000)
  region size 1024K, 3 young (3072K), 3 survivors (3072K)
 Metaspace       used 3577K, committed 3840K, reserved 16384K
}
Event: 25459.690 GC heap before
{Heap before GC invocations=9 (full 0):
 garbage-first heap   total 131072K, used 78734K [0xc5c00000, 0xe5c00000)
  region size 1024K, 76 young (77824K), 3 survivors (3072K)
 Metaspace       used 3578K, committed 3840K, reserved 16384K
}
Event: 25459.730 GC heap after
{Heap after GC invocations=10 (full 0):
 garbage-first heap   total 131072K, used 3886K [0xc5c00000, 0xe5c00000)
  region size 1024K, 2 young (2048K), 2 survivors (2048K)
 Metaspace       used 3578K, committed 3840K, reserved 16384K
}
Event: 29990.767 GC heap before
{Heap before GC invocations=10 (full 0):
 garbage-first heap   total 131072K, used 79662K [0xc5c00000, 0xe5c00000)
  region size 1024K, 76 young (77824K), 2 survivors (2048K)
 Metaspace       used 3580K, committed 3840K, reserved 16384K
}
Event: 29990.800 GC heap after
{Heap after GC invocations=11 (full 0):
 garbage-first heap   total 131072K, used 3886K [0xc5c00000, 0xe5c00000)
  region size 1024K, 2 young (2048K), 2 survivors (2048K)
 Metaspace       used 3580K, committed 3840K, reserved 16384K
}

