# JRE version: OpenJDK Runtime Environment Zulu17.50+19-CA (17.0.11+9) (build 17.0.11+9-LTS)
# Java VM: OpenJDK Server VM Zulu17.50+19-CA (17.0.11+9-LTS, mixed mode, sharing, tiered, g1 gc, linux-x86)
Heap:
 garbage-first heap   total 131072K, used 35150K [0xc5c00000, 0xe5c00000)
  region size 1024K, 21 young (21504K), 5 survivors (5120K)
 Metaspace       used 8787K, committed 9792K, reserved 16384K
GC Heap History (14 events):
Event: 58.885 GC heap before
{Heap before GC invocations=0 (full 0):
 garbage-first heap   total 131072K, used 12288K [0xc5c00000, 0xe5c00000)
  region size 1024K, 13 young (13312K), 0 survivors (0K)
 Metaspace       used 1681K, committed 1792K, reserved 16384K
}
Event: 58.894 GC heap after
{Heap after GC invocations=1 (full 0):
 garbage-first heap   total 131072K, used 1974K [0xc5c00000, 0xe5c00000)
  region size 1024K, 2 young (2048K), 2 survivors (2048K)
 Metaspace       used 1681K, committed 1792K, reserved 16384K
}
Event: 67.902 GC heap before
{Heap before GC invocations=1 (full 0):
 garbage-first heap   total 131072K, used 20406K [0xc5c00000, 0xe5c00000)
  region size 1024K, 19 young (19456K), 2 survivors (2048K)
 Metaspace       used 3245K, committed 3456K, reserved 16384K
}
Event: 67.922 GC heap after
{Heap after GC invocations=2 (full 0):
 garbage-first heap   total 131072K, used 2825K [0xc5c00000, 0xe5c00000)
  region size 1024K, 1 young (1024K), 1 survivors (1024K)
 Metaspace       used 3245K, committed 3456K, reserved 16384K
}
Event: 100.840 GC heap before
{Heap before GC invocations=2 (full 0):
 garbage-first heap   total 131072K, used 79625K [0xc5c00000, 0xe5c00000)
  region size 1024K, 76 young (77824K), 1 survivors (1024K)
 Metaspace       used 5703K, committed 6208K, reserved 16384K
}
Event: 100.868 GC heap after
{Heap after GC invocations=3 (full 0):
 garbage-first heap   total 131072K, used 6722K [0xc5c00000, 0xe5c00000)
  region size 1024K, 5 young (5120K), 5 survivors (5120K)
 Metaspace       used 5703K, committed 6208K, reserved 16384K
}
Event: 175.196 GC heap before
{Heap before GC invocations=3 (full 0):
 garbage-first heap   total 131072K, used 79426K [0xc5c00000, 0xe5c00000)
  region size 1024K, 76 young (77824K), 5 survivors (5120K)
 Metaspace       used 7379K, committed 8192K, reserved 16384K
}
Event: 175.230 GC heap after
{Heap after GC invocations=4 (full 0):
 garbage-first heap   total 131072K, used 10589K [0xc5c00000, 0xe5c00000)
  region size 1024K, 9 young (9216K), 9 survivors (9216K)
 Metaspace       used 7379K, committed 8192K, reserved 16384K
}
Event: 327.252 GC heap before
{Heap before GC invocations=4 (full 0):
 garbage-first heap   total 131072K, used 79197K [0xc5c00000, 0xe5c00000)
  region size 1024K, 76 young (77824K), 9 survivors (9216K)
 Metaspace       used 8254K, committed 9152K, reserved 16384K
}
Event: 327.309 GC heap after
{Heap after GC invocations=5 (full 0):
 garbage-first heap   total 131072K, used 13136K [0xc5c00000, 0xe5c00000)
  region size 1024K, 7 young (7168K), 7 survivors (7168K)
 Metaspace       used 8254K, committed 9152K, reserved 16384K
}
Event: 578.407 GC heap before
{Heap before GC invocations=5 (full 0):
 garbage-first heap   total 131072K, used 83792K [0xc5c00000, 0xe5c00000)
  region size 1024K, 76 young (77824K), 7 survivors (7168K)
 Metaspace       used 8528K, committed 9408K, reserved 16384K
}
Event: 578.469 GC heap after
{Heap after GC invocations=6 (full 0):
 garbage-first heap   total 131072K, used 16613K [0xc5c00000, 0xe5c00000)
  region size 1024K, 6 young (6144K), 6 survivors (6144K)
 Metaspace       used 8528K, committed 9408K, reserved 16384K
}
Event: 834.995 GC heap before
{Heap before GC invocations=6 (full 0):
 garbage-first heap   total 131072K, used 88293K [0xc5c00000, 0xe5c00000)
  region size 1024K, 76 young (77824K), 6 survivors (6144K)
 Metaspace       used 8785K, committed 9792K, reserved 16384K
}
Event: 835.031 GC heap after
{Heap after GC invocations=7 (full 0):
 garbage-first heap   total 131072K, used 18766K [0xc5c00000, 0xe5c00000)
  region size 1024K, 5 young (5120K), 5 survivors (5120K)
 Metaspace       used 8785K, committed 9792K, reserved 16384K
}

