# JRE version: OpenJDK Runtime Environment Zulu17.50+19-CA (17.0.11+9) (build 17.0.11+9-LTS)
# Java VM: OpenJDK Server VM Zulu17.50+19-CA (17.0.11+9-LTS, mixed mode, sharing, tiered, g1 gc, linux-x86)
Heap:
 garbage-first heap   total 131072K, used 49572K [0xc5c00000, 0xe5c00000)
  region size 1024K, 29 young (29696K), 5 survivors (5120K)
 Metaspace       used 10662K, committed 12352K, reserved 16384K
GC Heap History (20 events):
Event: 131.250 GC heap before
{Heap before GC invocations=4 (full 0):
 garbage-first heap   total 131072K, used 79854K [0xc5c00000, 0xe5c00000)
  region size 1024K, 76 young (77824K), 5 survivors (5120K)
 Metaspace       used 5939K, committed 6720K, reserved 16384K
}
Event: 131.264 GC heap after
{Heap after GC invocations=5 (full 0):
 garbage-first heap   total 131072K, used 8350K [0xc5c00000, 0xe5c00000)
  region size 1024K, 6 young (6144K), 6 survivors (6144K)
 Metaspace       used 5939K, committed 6720K, reserved 16384K
}
Event: 182.045 GC heap before
{Heap before GC invocations=5 (full 0):
 garbage-first heap   total 131072K, used 80030K [0xc5c00000, 0xe5c00000)
  region size 1024K, 76 young (77824K), 6 survivors (6144K)
 Metaspace       used 6999K, committed 7936K, reserved 16384K
}
Event: 182.084 GC heap after
{Heap after GC invocations=6 (full 0):
 garbage-first heap   total 131072K, used 10318K [0xc5c00000, 0xe5c00000)
  region size 1024K, 7 young (7168K), 7 survivors (7168K)
 Metaspace       used 6999K, committed 7936K, reserved 16384K
}
Event: 282.117 GC heap before
{Heap before GC invocations=6 (full 0):
 garbage-first heap   total 131072K, used 80974K [0xc5c00000, 0xe5c00000)
  region size 1024K, 76 young (77824K), 7 survivors (7168K)
 Metaspace       used 7381K, committed 8320K, reserved 16384K
}
Event: 282.183 GC heap after
{Heap after GC invocations=7 (full 0):
 garbage-first heap   total 131072K, used 12583K [0xc5c00000, 0xe5c00000)
  region size 1024K, 8 young (8192K), 8 survivors (8192K)
 Metaspace       used 7381K, committed 8320K, reserved 16384K
}
Event: 291.804 GC heap before
{Heap before GC invocations=7 (full 0):
 garbage-first heap   total 131072K, used 82215K [0xc5c00000, 0xe5c00000)
  region size 1024K, 76 young (77824K), 8 survivors (8192K)
 Metaspace       used 7734K, committed 8768K, reserved 16384K
}
Event: 291.828 GC heap after
{Heap after GC invocations=8 (full 0):
 garbage-first heap   total 131072K, used 13092K [0xc5c00000, 0xe5c00000)
  region size 1024K, 6 young (6144K), 6 survivors (6144K)
 Metaspace       used 7734K, committed 8768K, reserved 16384K
}
Event: 311.304 GC heap before
{Heap before GC invocations=8 (full 0):
 garbage-first heap   total 131072K, used 84772K [0xc5c00000, 0xe5c00000)
  region size 1024K, 76 young (77824K), 6 survivors (6144K)
 Metaspace       used 8277K, committed 9472K, reserved 16384K
}
Event: 311.333 GC heap after
{Heap after GC invocations=9 (full 0):
 garbage-first heap   total 131072K, used 15951K [0xc5c00000, 0xe5c00000)
  region size 1024K, 8 young (8192K), 8 survivors (8192K)
 Metaspace       used 8277K, committed 9472K, reserved 16384K
}
Event: 432.336 GC heap before
{Heap before GC invocations=9 (full 0):
 garbage-first heap   total 131072K, used 85583K [0xc5c00000, 0xe5c00000)
  region size 1024K, 76 young (77824K), 8 survivors (8192K)
 Metaspace       used 8926K, committed 10240K, reserved 16384K
}
Event: 432.407 GC heap after
{Heap after GC invocations=10 (full 0):
 garbage-first heap   total 131072K, used 18004K [0xc5c00000, 0xe5c00000)
  region size 1024K, 6 young (6144K), 6 survivors (6144K)
 Metaspace       used 8926K, committed 10240K, reserved 16384K
}
Event: 574.820 GC heap before
{Heap before GC invocations=10 (full 0):
 garbage-first heap   total 131072K, used 89684K [0xc5c00000, 0xe5c00000)
  region size 1024K, 76 young (77824K), 6 survivors (6144K)
 Metaspace       used 9229K, committed 10560K, reserved 16384K
}
Event: 574.838 GC heap after
{Heap after GC invocations=11 (full 0):
 garbage-first heap   total 131072K, used 21392K [0xc5c00000, 0xe5c00000)
  region size 1024K, 8 young (8192K), 8 survivors (8192K)
 Metaspace       used 9229K, committed 10560K, reserved 16384K
}
Event: 617.593 GC heap before
{Heap before GC invocations=11 (full 0):
 garbage-first heap   total 131072K, used 91024K [0xc5c00000, 0xe5c00000)
  region size 1024K, 76 young (77824K), 8 survivors (8192K)
 Metaspace       used 9598K, committed 11008K, reserved 16384K
}
Event: 617.667 GC heap after
{Heap after GC invocations=12 (full 0):
 garbage-first heap   total 131072K, used 22709K [0xc5c00000, 0xe5c00000)
  region size 1024K, 7 young (7168K), 7 survivors (7168K)
 Metaspace       used 9598K, committed 11008K, reserved 16384K
}
Event: 1190.248 GC heap before
{Heap before GC invocations=12 (full 0):
 garbage-first heap   total 131072K, used 93365K [0xc5c00000, 0xe5c00000)
  region size 1024K, 76 young (77824K), 7 survivors (7168K)
 Metaspace       used 10528K, committed 12224K, reserved 16384K
}
Event: 1190.336 GC heap after
{Heap after GC invocations=13 (full 0):
 garbage-first heap   total 131072K, used 26057K [0xc5c00000, 0xe5c00000)
  region size 1024K, 8 young (8192K), 8 survivors (8192K)
 Metaspace       used 10528K, committed 12224K, reserved 16384K
}
Event: 15070.269 GC heap before
{Heap before GC invocations=13 (full 0):
 garbage-first heap   total 131072K, used 95689K [0xc5c00000, 0xe5c00000)
  region size 1024K, 76 young (77824K), 8 survivors (8192K)
 Metaspace       used 10659K, committed 12352K, reserved 16384K
}
Event: 15070.329 GC heap after
{Heap after GC invocations=14 (full 0):
 garbage-first heap   total 131072K, used 26018K [0xc5c00000, 0xe5c00000)
  region size 1024K, 5 young (5120K), 5 survivors (5120K)
 Metaspace       used 10659K, committed 12352K, reserved 16384K
}

