# JRE version: OpenJDK Runtime Environment Zulu17.50+19-CA (17.0.11+9) (build 17.0.11+9-LTS)
# Java VM: OpenJDK Server VM Zulu17.50+19-CA (17.0.11+9-LTS, mixed mode, sharing, tiered, g1 gc, linux-x86)
Heap:
 garbage-first heap   total 131072K, used 43613K [0xc5c00000, 0xe5c00000)
  region size 1024K, 39 young (39936K), 8 survivors (8192K)
 Metaspace       used 7966K, committed 8896K, reserved 16384K
GC Heap History (10 events):
Event: 50.882 GC heap before
{Heap before GC invocations=0 (full 0):
 garbage-first heap   total 131072K, used 12288K [0xc5c00000, 0xe5c00000)
  region size 1024K, 13 young (13312K), 0 survivors (0K)
 Metaspace       used 2780K, committed 3008K, reserved 16384K
}
Event: 50.911 GC heap after
{Heap after GC invocations=1 (full 0):
 garbage-first heap   total 131072K, used 2482K [0xc5c00000, 0xe5c00000)
  region size 1024K, 2 young (2048K), 2 survivors (2048K)
 Metaspace       used 2780K, committed 3008K, reserved 16384K
}
Event: 113.503 GC heap before
{Heap before GC invocations=1 (full 0):
 garbage-first heap   total 131072K, used 17842K [0xc5c00000, 0xe5c00000)
  region size 1024K, 18 young (18432K), 2 survivors (2048K)
 Metaspace       used 4045K, committed 4416K, reserved 16384K
}
Event: 113.516 GC heap after
{Heap after GC invocations=2 (full 0):
 garbage-first heap   total 131072K, used 4065K [0xc5c00000, 0xe5c00000)
  region size 1024K, 2 young (2048K), 2 survivors (2048K)
 Metaspace       used 4045K, committed 4416K, reserved 16384K
}
Event: 256.548 GC heap before
{Heap before GC invocations=2 (full 0):
 garbage-first heap   total 131072K, used 79841K [0xc5c00000, 0xe5c00000)
  region size 1024K, 76 young (77824K), 2 survivors (2048K)
 Metaspace       used 6043K, committed 6720K, reserved 16384K
}
Event: 256.563 GC heap after
{Heap after GC invocations=3 (full 0):
 garbage-first heap   total 131072K, used 7270K [0xc5c00000, 0xe5c00000)
  region size 1024K, 5 young (5120K), 5 survivors (5120K)
 Metaspace       used 6043K, committed 6720K, reserved 16384K
}
Event: 325.052 GC heap before
{Heap before GC invocations=3 (full 0):
 garbage-first heap   total 131072K, used 79974K [0xc5c00000, 0xe5c00000)
  region size 1024K, 76 young (77824K), 5 survivors (5120K)
 Metaspace       used 7078K, committed 7936K, reserved 16384K
}
Event: 325.104 GC heap after
{Heap after GC invocations=4 (full 0):
 garbage-first heap   total 131072K, used 9570K [0xc5c00000, 0xe5c00000)
  region size 1024K, 7 young (7168K), 7 survivors (7168K)
 Metaspace       used 7078K, committed 7936K, reserved 16384K
}
Event: 19509.232 GC heap before
{Heap before GC invocations=4 (full 0):
 garbage-first heap   total 131072K, used 80226K [0xc5c00000, 0xe5c00000)
  region size 1024K, 76 young (77824K), 7 survivors (7168K)
 Metaspace       used 7961K, committed 8896K, reserved 16384K
}
Event: 19509.312 GC heap after
{Heap after GC invocations=5 (full 0):
 garbage-first heap   total 131072K, used 11869K [0xc5c00000, 0xe5c00000)
  region size 1024K, 8 young (8192K), 8 survivors (8192K)
 Metaspace       used 7961K, committed 8896K, reserved 16384K
}

