# JRE version: OpenJDK Runtime Environment Zulu17.50+19-CA (17.0.11+9) (build 17.0.11+9-LTS)
# Java VM: OpenJDK Server VM Zulu17.50+19-CA (17.0.11+9-LTS, mixed mode, sharing, tiered, g1 gc, linux-x86)
Heap:
 garbage-first heap   total 131072K, used 82860K [0xc5c00000, 0xe5c00000)
  region size 1024K, 62 young (63488K), 5 survivors (5120K)
 Metaspace       used 10634K, committed 12352K, reserved 16384K
GC Heap History (20 events):
Event: 125.477 GC heap before
{Heap before GC invocations=4 (full 0):
 garbage-first heap   total 131072K, used 80526K [0xc5c00000, 0xe5c00000)
  region size 1024K, 76 young (77824K), 5 survivors (5120K)
 Metaspace       used 6279K, committed 7168K, reserved 16384K
}
Event: 125.521 GC heap after
{Heap after GC invocations=5 (full 0):
 garbage-first heap   total 131072K, used 9568K [0xc5c00000, 0xe5c00000)
  region size 1024K, 7 young (7168K), 7 survivors (7168K)
 Metaspace       used 6279K, committed 7168K, reserved 16384K
}
Event: 164.065 GC heap before
{Heap before GC invocations=5 (full 0):
 garbage-first heap   total 131072K, used 80224K [0xc5c00000, 0xe5c00000)
  region size 1024K, 76 young (77824K), 7 survivors (7168K)
 Metaspace       used 6748K, committed 7680K, reserved 16384K
}
Event: 164.104 GC heap after
{Heap after GC invocations=6 (full 0):
 garbage-first heap   total 131072K, used 10331K [0xc5c00000, 0xe5c00000)
  region size 1024K, 4 young (4096K), 4 survivors (4096K)
 Metaspace       used 6748K, committed 7680K, reserved 16384K
}
Event: 241.595 GC heap before
{Heap before GC invocations=6 (full 0):
 garbage-first heap   total 131072K, used 84059K [0xc5c00000, 0xe5c00000)
  region size 1024K, 76 young (77824K), 4 survivors (4096K)
 Metaspace       used 7627K, committed 8704K, reserved 16384K
}
Event: 241.642 GC heap after
{Heap after GC invocations=7 (full 0):
 garbage-first heap   total 131072K, used 12594K [0xc5c00000, 0xe5c00000)
  region size 1024K, 7 young (7168K), 7 survivors (7168K)
 Metaspace       used 7627K, committed 8704K, reserved 16384K
}
Event: 248.717 GC heap before
{Heap before GC invocations=7 (full 0):
 garbage-first heap   total 131072K, used 83250K [0xc5c00000, 0xe5c00000)
  region size 1024K, 76 young (77824K), 7 survivors (7168K)
 Metaspace       used 7994K, committed 9152K, reserved 16384K
}
Event: 248.740 GC heap after
{Heap after GC invocations=8 (full 0):
 garbage-first heap   total 131072K, used 14602K [0xc5c00000, 0xe5c00000)
  region size 1024K, 7 young (7168K), 7 survivors (7168K)
 Metaspace       used 7994K, committed 9152K, reserved 16384K
}
Event: 357.845 GC heap before
{Heap before GC invocations=8 (full 0):
 garbage-first heap   total 131072K, used 85258K [0xc5c00000, 0xe5c00000)
  region size 1024K, 76 young (77824K), 7 survivors (7168K)
 Metaspace       used 8914K, committed 10240K, reserved 16384K
}
Event: 357.897 GC heap after
{Heap after GC invocations=9 (full 0):
 garbage-first heap   total 131072K, used 17988K [0xc5c00000, 0xe5c00000)
  region size 1024K, 8 young (8192K), 8 survivors (8192K)
 Metaspace       used 8914K, committed 10240K, reserved 16384K
}
Event: 392.104 GC heap before
{Heap before GC invocations=9 (full 0):
 garbage-first heap   total 131072K, used 87620K [0xc5c00000, 0xe5c00000)
  region size 1024K, 76 young (77824K), 8 survivors (8192K)
 Metaspace       used 9019K, committed 10368K, reserved 16384K
}
Event: 392.118 GC heap after
{Heap after GC invocations=10 (full 0):
 garbage-first heap   total 131072K, used 19061K [0xc5c00000, 0xe5c00000)
  region size 1024K, 7 young (7168K), 7 survivors (7168K)
 Metaspace       used 9019K, committed 10368K, reserved 16384K
}
Event: 481.771 GC heap before
{Heap before GC invocations=10 (full 0):
 garbage-first heap   total 131072K, used 89717K [0xc5c00000, 0xe5c00000)
  region size 1024K, 76 young (77824K), 7 survivors (7168K)
 Metaspace       used 9281K, committed 10688K, reserved 16384K
}
Event: 481.794 GC heap after
{Heap after GC invocations=11 (full 0):
 garbage-first heap   total 131072K, used 20896K [0xc5c00000, 0xe5c00000)
  region size 1024K, 7 young (7168K), 7 survivors (7168K)
 Metaspace       used 9281K, committed 10688K, reserved 16384K
}
Event: 528.779 GC heap before
{Heap before GC invocations=11 (full 0):
 garbage-first heap   total 131072K, used 91552K [0xc5c00000, 0xe5c00000)
  region size 1024K, 76 young (77824K), 7 survivors (7168K)
 Metaspace       used 10258K, committed 11840K, reserved 16384K
}
Event: 528.843 GC heap after
{Heap after GC invocations=12 (full 0):
 garbage-first heap   total 131072K, used 24558K [0xc5c00000, 0xe5c00000)
  region size 1024K, 7 young (7168K), 7 survivors (7168K)
 Metaspace       used 10258K, committed 11840K, reserved 16384K
}
Event: 7605.456 GC heap before
{Heap before GC invocations=12 (full 0):
 garbage-first heap   total 131072K, used 95214K [0xc5c00000, 0xe5c00000)
  region size 1024K, 76 young (77824K), 7 survivors (7168K)
 Metaspace       used 10627K, committed 12288K, reserved 16384K
}
Event: 7605.502 GC heap after
{Heap after GC invocations=13 (full 0):
 garbage-first heap   total 131072K, used 26113K [0xc5c00000, 0xe5c00000)
  region size 1024K, 7 young (7168K), 7 survivors (7168K)
 Metaspace       used 10627K, committed 12288K, reserved 16384K
}
Event: 22156.531 GC heap before
{Heap before GC invocations=13 (full 0):
 garbage-first heap   total 131072K, used 96769K [0xc5c00000, 0xe5c00000)
  region size 1024K, 76 young (77824K), 7 survivors (7168K)
 Metaspace       used 10631K, committed 12352K, reserved 16384K
}
Event: 22156.576 GC heap after
{Heap after GC invocations=14 (full 0):
 garbage-first heap   total 131072K, used 25514K [0xc5c00000, 0xe5c00000)
  region size 1024K, 5 young (5120K), 5 survivors (5120K)
 Metaspace       used 10631K, committed 12352K, reserved 16384K
}

