# JRE version: OpenJDK Runtime Environment Zulu17.50+19-CA (17.0.11+9) (build 17.0.11+9-LTS)
# Java VM: OpenJDK Server VM Zulu17.50+19-CA (17.0.11+9-LTS, mixed mode, sharing, tiered, g1 gc, linux-x86)
Heap:
 garbage-first heap   total 131072K, used 30338K [0xc5c00000, 0xe5c00000)
  region size 1024K, 29 young (29696K), 2 survivors (2048K)
 Metaspace       used 3522K, committed 3776K, reserved 16384K
GC Heap History (20 events):
Event: 8859.060 GC heap before
{Heap before GC invocations=3 (full 0):
 garbage-first heap   total 131072K, used 79426K [0xc5c00000, 0xe5c00000)
  region size 1024K, 76 young (77824K), 2 survivors (2048K)
 Metaspace       used 3443K, committed 3648K, reserved 16384K
}
Event: 8859.104 GC heap after
{Heap after GC invocations=4 (full 0):
 garbage-first heap   total 131072K, used 3727K [0xc5c00000, 0xe5c00000)
  region size 1024K, 2 young (2048K), 2 survivors (2048K)
 Metaspace       used 3443K, committed 3648K, reserved 16384K
}
Event: 9932.115 GC heap before
{Heap before GC invocations=4 (full 0):
 garbage-first heap   total 131072K, used 79503K [0xc5c00000, 0xe5c00000)
  region size 1024K, 76 young (77824K), 2 survivors (2048K)
 Metaspace       used 3461K, committed 3648K, reserved 16384K
}
Event: 9932.143 GC heap after
{Heap after GC invocations=5 (full 0):
 garbage-first heap   total 131072K, used 3706K [0xc5c00000, 0xe5c00000)
  region size 1024K, 2 young (2048K), 2 survivors (2048K)
 Metaspace       used 3461K, committed 3648K, reserved 16384K
}
Event: 11014.413 GC heap before
{Heap before GC invocations=5 (full 0):
 garbage-first heap   total 131072K, used 79482K [0xc5c00000, 0xe5c00000)
  region size 1024K, 76 young (77824K), 2 survivors (2048K)
 Metaspace       used 3465K, committed 3648K, reserved 16384K
}
Event: 11014.463 GC heap after
{Heap after GC invocations=6 (full 0):
 garbage-first heap   total 131072K, used 3620K [0xc5c00000, 0xe5c00000)
  region size 1024K, 2 young (2048K), 2 survivors (2048K)
 Metaspace       used 3465K, committed 3648K, reserved 16384K
}
Event: 17022.894 GC heap before
{Heap before GC invocations=6 (full 0):
 garbage-first heap   total 131072K, used 79396K [0xc5c00000, 0xe5c00000)
  region size 1024K, 76 young (77824K), 2 survivors (2048K)
 Metaspace       used 3485K, committed 3712K, reserved 16384K
}
Event: 17022.934 GC heap after
{Heap after GC invocations=7 (full 0):
 garbage-first heap   total 131072K, used 3701K [0xc5c00000, 0xe5c00000)
  region size 1024K, 2 young (2048K), 2 survivors (2048K)
 Metaspace       used 3485K, committed 3712K, reserved 16384K
}
Event: 19668.262 GC heap before
{Heap before GC invocations=7 (full 0):
 garbage-first heap   total 131072K, used 79477K [0xc5c00000, 0xe5c00000)
  region size 1024K, 76 young (77824K), 2 survivors (2048K)
 Metaspace       used 3503K, committed 3712K, reserved 16384K
}
Event: 19668.287 GC heap after
{Heap after GC invocations=8 (full 0):
 garbage-first heap   total 131072K, used 3628K [0xc5c00000, 0xe5c00000)
  region size 1024K, 2 young (2048K), 2 survivors (2048K)
 Metaspace       used 3503K, committed 3712K, reserved 16384K
}
Event: 21108.812 GC heap before
{Heap before GC invocations=8 (full 0):
 garbage-first heap   total 131072K, used 79404K [0xc5c00000, 0xe5c00000)
  region size 1024K, 76 young (77824K), 2 survivors (2048K)
 Metaspace       used 3503K, committed 3712K, reserved 16384K
}
Event: 21108.842 GC heap after
{Heap after GC invocations=9 (full 0):
 garbage-first heap   total 131072K, used 3712K [0xc5c00000, 0xe5c00000)
  region size 1024K, 2 young (2048K), 2 survivors (2048K)
 Metaspace       used 3503K, committed 3712K, reserved 16384K
}
Event: 22410.581 GC heap before
{Heap before GC invocations=9 (full 0):
 garbage-first heap   total 131072K, used 79488K [0xc5c00000, 0xe5c00000)
  region size 1024K, 76 young (77824K), 2 survivors (2048K)
 Metaspace       used 3507K, committed 3712K, reserved 16384K
}
Event: 22410.605 GC heap after
{Heap after GC invocations=10 (full 0):
 garbage-first heap   total 131072K, used 3608K [0xc5c00000, 0xe5c00000)
  region size 1024K, 2 young (2048K), 2 survivors (2048K)
 Metaspace       used 3507K, committed 3712K, reserved 16384K
}
Event: 28025.548 GC heap before
{Heap before GC invocations=10 (full 0):
 garbage-first heap   total 131072K, used 79384K [0xc5c00000, 0xe5c00000)
  region size 1024K, 76 young (77824K), 2 survivors (2048K)
 Metaspace       used 3511K, committed 3712K, reserved 16384K
}
Event: 28025.567 GC heap after
{Heap after GC invocations=11 (full 0):
 garbage-first heap   total 131072K, used 3608K [0xc5c00000, 0xe5c00000)
  region size 1024K, 2 young (2048K), 2 survivors (2048K)
 Metaspace       used 3511K, committed 3712K, reserved 16384K
}
Event: 30341.814 GC heap before
{Heap before GC invocations=11 (full 0):
 garbage-first heap   total 131072K, used 79384K [0xc5c00000, 0xe5c00000)
  region size 1024K, 76 young (77824K), 2 survivors (2048K)
 Metaspace       used 3516K, committed 3776K, reserved 16384K
}
Event: 30341.831 GC heap after
{Heap after GC invocations=12 (full 0):
 garbage-first heap   total 131072K, used 3614K [0xc5c00000, 0xe5c00000)
  region size 1024K, 2 young (2048K), 2 survivors (2048K)
 Metaspace       used 3516K, committed 3776K, reserved 16384K
}
Event: 31431.977 GC heap before
{Heap before GC invocations=12 (full 0):
 garbage-first heap   total 131072K, used 79390K [0xc5c00000, 0xe5c00000)
  region size 1024K, 76 young (77824K), 2 survivors (2048K)
 Metaspace       used 3516K, committed 3776K, reserved 16384K
}
Event: 31431.995 GC heap after
{Heap after GC invocations=13 (full 0):
 garbage-first heap   total 131072K, used 3712K [0xc5c00000, 0xe5c00000)
  region size 1024K, 2 young (2048K), 2 survivors (2048K)
 Metaspace       used 3516K, committed 3776K, reserved 16384K
}

