# JRE version: OpenJDK Runtime Environment Zulu17.50+19-CA (17.0.11+9) (build 17.0.11+9-LTS)
# Java VM: OpenJDK Server VM Zulu17.50+19-CA (17.0.11+9-LTS, mixed mode, sharing, tiered, g1 gc, linux-x86)
Heap:
 garbage-first heap   total 131072K, used 13131K [0xc5c00000, 0xe5c00000)
  region size 1024K, 12 young (12288K), 2 survivors (2048K)
 Metaspace       used 3424K, committed 3648K, reserved 16384K
GC Heap History (20 events):
Event: 29.782 GC heap before
{Heap before GC invocations=0 (full 0):
 garbage-first heap   total 131072K, used 12288K [0xc5c00000, 0xe5c00000)
  region size 1024K, 13 young (13312K), 0 survivors (0K)
 Metaspace       used 1899K, committed 2048K, reserved 16384K
}
Event: 29.993 GC heap after
{Heap after GC invocations=1 (full 0):
 garbage-first heap   total 131072K, used 1864K [0xc5c00000, 0xe5c00000)
  region size 1024K, 2 young (2048K), 2 survivors (2048K)
 Metaspace       used 1899K, committed 2048K, reserved 16384K
}
Event: 321.856 GC heap before
{Heap before GC invocations=1 (full 0):
 garbage-first heap   total 131072K, used 18248K [0xc5c00000, 0xe5c00000)
  region size 1024K, 18 young (18432K), 2 survivors (2048K)
 Metaspace       used 3058K, committed 3200K, reserved 16384K
}
Event: 321.982 GC heap after
{Heap after GC invocations=2 (full 0):
 garbage-first heap   total 131072K, used 2712K [0xc5c00000, 0xe5c00000)
  region size 1024K, 1 young (1024K), 1 survivors (1024K)
 Metaspace       used 3058K, committed 3200K, reserved 16384K
}
Event: 707.562 GC heap before
{Heap before GC invocations=2 (full 0):
 garbage-first heap   total 131072K, used 33432K [0xc5c00000, 0xe5c00000)
  region size 1024K, 31 young (31744K), 1 survivors (1024K)
 Metaspace       used 3088K, committed 3328K, reserved 16384K
}
Event: 707.573 GC heap after
{Heap after GC invocations=3 (full 0):
 garbage-first heap   total 131072K, used 2742K [0xc5c00000, 0xe5c00000)
  region size 1024K, 1 young (1024K), 1 survivors (1024K)
 Metaspace       used 3088K, committed 3328K, reserved 16384K
}
Event: 3271.662 GC heap before
{Heap before GC invocations=3 (full 0):
 garbage-first heap   total 131072K, used 79542K [0xc5c00000, 0xe5c00000)
  region size 1024K, 76 young (77824K), 1 survivors (1024K)
 Metaspace       used 3295K, committed 3520K, reserved 16384K
}
Event: 3271.692 GC heap after
{Heap after GC invocations=4 (full 0):
 garbage-first heap   total 131072K, used 2929K [0xc5c00000, 0xe5c00000)
  region size 1024K, 2 young (2048K), 2 survivors (2048K)
 Metaspace       used 3295K, committed 3520K, reserved 16384K
}
Event: 6206.656 GC heap before
{Heap before GC invocations=4 (full 0):
 garbage-first heap   total 131072K, used 78705K [0xc5c00000, 0xe5c00000)
  region size 1024K, 76 young (77824K), 2 survivors (2048K)
 Metaspace       used 3326K, committed 3584K, reserved 16384K
}
Event: 6206.663 GC heap after
{Heap after GC invocations=5 (full 0):
 garbage-first heap   total 131072K, used 2890K [0xc5c00000, 0xe5c00000)
  region size 1024K, 2 young (2048K), 2 survivors (2048K)
 Metaspace       used 3326K, committed 3584K, reserved 16384K
}
Event: 8958.466 GC heap before
{Heap before GC invocations=5 (full 0):
 garbage-first heap   total 131072K, used 78666K [0xc5c00000, 0xe5c00000)
  region size 1024K, 76 young (77824K), 2 survivors (2048K)
 Metaspace       used 3343K, committed 3584K, reserved 16384K
}
Event: 8958.482 GC heap after
{Heap after GC invocations=6 (full 0):
 garbage-first heap   total 131072K, used 2890K [0xc5c00000, 0xe5c00000)
  region size 1024K, 2 young (2048K), 2 survivors (2048K)
 Metaspace       used 3343K, committed 3584K, reserved 16384K
}
Event: 11756.585 GC heap before
{Heap before GC invocations=6 (full 0):
 garbage-first heap   total 131072K, used 78666K [0xc5c00000, 0xe5c00000)
  region size 1024K, 76 young (77824K), 2 survivors (2048K)
 Metaspace       used 3376K, committed 3584K, reserved 16384K
}
Event: 11756.611 GC heap after
{Heap after GC invocations=7 (full 0):
 garbage-first heap   total 131072K, used 2839K [0xc5c00000, 0xe5c00000)
  region size 1024K, 1 young (1024K), 1 survivors (1024K)
 Metaspace       used 3376K, committed 3584K, reserved 16384K
}
Event: 14812.673 GC heap before
{Heap before GC invocations=7 (full 0):
 garbage-first heap   total 131072K, used 79639K [0xc5c00000, 0xe5c00000)
  region size 1024K, 76 young (77824K), 1 survivors (1024K)
 Metaspace       used 3385K, committed 3584K, reserved 16384K
}
Event: 14812.695 GC heap after
{Heap after GC invocations=8 (full 0):
 garbage-first heap   total 131072K, used 2993K [0xc5c00000, 0xe5c00000)
  region size 1024K, 2 young (2048K), 2 survivors (2048K)
 Metaspace       used 3385K, committed 3584K, reserved 16384K
}
Event: 17670.338 GC heap before
{Heap before GC invocations=8 (full 0):
 garbage-first heap   total 131072K, used 78769K [0xc5c00000, 0xe5c00000)
  region size 1024K, 76 young (77824K), 2 survivors (2048K)
 Metaspace       used 3398K, committed 3584K, reserved 16384K
}
Event: 17670.373 GC heap after
{Heap after GC invocations=9 (full 0):
 garbage-first heap   total 131072K, used 2942K [0xc5c00000, 0xe5c00000)
  region size 1024K, 2 young (2048K), 2 survivors (2048K)
 Metaspace       used 3398K, committed 3584K, reserved 16384K
}
Event: 20586.109 GC heap before
{Heap before GC invocations=9 (full 0):
 garbage-first heap   total 131072K, used 78718K [0xc5c00000, 0xe5c00000)
  region size 1024K, 76 young (77824K), 2 survivors (2048K)
 Metaspace       used 3423K, committed 3648K, reserved 16384K
}
Event: 20586.124 GC heap after
{Heap after GC invocations=10 (full 0):
 garbage-first heap   total 131072K, used 2891K [0xc5c00000, 0xe5c00000)
  region size 1024K, 2 young (2048K), 2 survivors (2048K)
 Metaspace       used 3423K, committed 3648K, reserved 16384K
}

