# JRE version: OpenJDK Runtime Environment Zulu17.50+19-CA (17.0.11+9) (build 17.0.11+9-LTS)
# Java VM: OpenJDK Server VM Zulu17.50+19-CA (17.0.11+9-LTS, mixed mode, sharing, tiered, g1 gc, linux-x86)
Heap:
 garbage-first heap   total 131072K, used 68370K [0xc5c00000, 0xe5c00000)
  region size 1024K, 61 young (62464K), 3 survivors (3072K)
 Metaspace       used 7791K, committed 8704K, reserved 16384K
GC Heap History (10 events):
Event: 38.604 GC heap before
{Heap before GC invocations=0 (full 0):
 garbage-first heap   total 131072K, used 12288K [0xc5c00000, 0xe5c00000)
  region size 1024K, 13 young (13312K), 0 survivors (0K)
 Metaspace       used 2661K, committed 2880K, reserved 16384K
}
Event: 38.704 GC heap after
{Heap after GC invocations=1 (full 0):
 garbage-first heap   total 131072K, used 2423K [0xc5c00000, 0xe5c00000)
  region size 1024K, 2 young (2048K), 2 survivors (2048K)
 Metaspace       used 2661K, committed 2880K, reserved 16384K
}
Event: 60.668 GC heap before
{Heap before GC invocations=1 (full 0):
 garbage-first heap   total 131072K, used 17783K [0xc5c00000, 0xe5c00000)
  region size 1024K, 18 young (18432K), 2 survivors (2048K)
 Metaspace       used 3911K, committed 4288K, reserved 16384K
}
Event: 60.684 GC heap after
{Heap after GC invocations=2 (full 0):
 garbage-first heap   total 131072K, used 3350K [0xc5c00000, 0xe5c00000)
  region size 1024K, 1 young (1024K), 1 survivors (1024K)
 Metaspace       used 3911K, committed 4288K, reserved 16384K
}
Event: 241.962 GC heap before
{Heap before GC invocations=2 (full 0):
 garbage-first heap   total 131072K, used 80150K [0xc5c00000, 0xe5c00000)
  region size 1024K, 76 young (77824K), 1 survivors (1024K)
 Metaspace       used 6150K, committed 6848K, reserved 16384K
}
Event: 242.006 GC heap after
{Heap after GC invocations=3 (full 0):
 garbage-first heap   total 131072K, used 7108K [0xc5c00000, 0xe5c00000)
  region size 1024K, 5 young (5120K), 5 survivors (5120K)
 Metaspace       used 6150K, committed 6848K, reserved 16384K
}
Event: 1114.307 GC heap before
{Heap before GC invocations=3 (full 0):
 garbage-first heap   total 131072K, used 79812K [0xc5c00000, 0xe5c00000)
  region size 1024K, 76 young (77824K), 5 survivors (5120K)
 Metaspace       used 7771K, committed 8704K, reserved 16384K
}
Event: 1114.373 GC heap after
{Heap after GC invocations=4 (full 0):
 garbage-first heap   total 131072K, used 10451K [0xc5c00000, 0xe5c00000)
  region size 1024K, 8 young (8192K), 8 survivors (8192K)
 Metaspace       used 7771K, committed 8704K, reserved 16384K
}
Event: 14577.051 GC heap before
{Heap before GC invocations=4 (full 0):
 garbage-first heap   total 131072K, used 80083K [0xc5c00000, 0xe5c00000)
  region size 1024K, 76 young (77824K), 8 survivors (8192K)
 Metaspace       used 7788K, committed 8704K, reserved 16384K
}
Event: 14577.124 GC heap after
{Heap after GC invocations=5 (full 0):
 garbage-first heap   total 131072K, used 10000K [0xc5c00000, 0xe5c00000)
  region size 1024K, 3 young (3072K), 3 survivors (3072K)
 Metaspace       used 7788K, committed 8704K, reserved 16384K
}

