# JRE version: OpenJDK Runtime Environment Zulu17.50+19-CA (17.0.11+9) (build 17.0.11+9-LTS)
# Java VM: OpenJDK Server VM Zulu17.50+19-CA (17.0.11+9-LTS, mixed mode, sharing, tiered, g1 gc, linux-x86)
Heap:
 garbage-first heap   total 131072K, used 56797K [0xc5c00000, 0xe5c00000)
  region size 1024K, 40 young (40960K), 7 survivors (7168K)
 Metaspace       used 10288K, committed 11840K, reserved 16384K
GC Heap History (20 events):
Event: 129.381 GC heap before
{Heap before GC invocations=2 (full 0):
 garbage-first heap   total 131072K, used 79442K [0xc5c00000, 0xe5c00000)
  region size 1024K, 76 young (77824K), 2 survivors (2048K)
 Metaspace       used 5186K, committed 5824K, reserved 16384K
}
Event: 129.394 GC heap after
{Heap after GC invocations=3 (full 0):
 garbage-first heap   total 131072K, used 6218K [0xc5c00000, 0xe5c00000)
  region size 1024K, 4 young (4096K), 4 survivors (4096K)
 Metaspace       used 5186K, committed 5824K, reserved 16384K
}
Event: 142.635 GC heap before
{Heap before GC invocations=3 (full 0):
 garbage-first heap   total 131072K, used 79946K [0xc5c00000, 0xe5c00000)
  region size 1024K, 76 young (77824K), 4 survivors (4096K)
 Metaspace       used 5655K, committed 6400K, reserved 16384K
}
Event: 142.644 GC heap after
{Heap after GC invocations=4 (full 0):
 garbage-first heap   total 131072K, used 7693K [0xc5c00000, 0xe5c00000)
  region size 1024K, 6 young (6144K), 6 survivors (6144K)
 Metaspace       used 5655K, committed 6400K, reserved 16384K
}
Event: 155.164 GC heap before
{Heap before GC invocations=4 (full 0):
 garbage-first heap   total 131072K, used 79373K [0xc5c00000, 0xe5c00000)
  region size 1024K, 76 young (77824K), 6 survivors (6144K)
 Metaspace       used 6239K, committed 7104K, reserved 16384K
}
Event: 155.234 GC heap after
{Heap after GC invocations=5 (full 0):
 garbage-first heap   total 131072K, used 8792K [0xc5c00000, 0xe5c00000)
  region size 1024K, 7 young (7168K), 7 survivors (7168K)
 Metaspace       used 6239K, committed 7104K, reserved 16384K
}
Event: 221.097 GC heap before
{Heap before GC invocations=5 (full 0):
 garbage-first heap   total 131072K, used 79448K [0xc5c00000, 0xe5c00000)
  region size 1024K, 76 young (77824K), 7 survivors (7168K)
 Metaspace       used 7122K, committed 8064K, reserved 16384K
}
Event: 221.235 GC heap after
{Heap after GC invocations=6 (full 0):
 garbage-first heap   total 131072K, used 10458K [0xc5c00000, 0xe5c00000)
  region size 1024K, 7 young (7168K), 7 survivors (7168K)
 Metaspace       used 7122K, committed 8064K, reserved 16384K
}
Event: 332.338 GC heap before
{Heap before GC invocations=6 (full 0):
 garbage-first heap   total 131072K, used 81114K [0xc5c00000, 0xe5c00000)
  region size 1024K, 76 young (77824K), 7 survivors (7168K)
 Metaspace       used 7402K, committed 8384K, reserved 16384K
}
Event: 332.411 GC heap after
{Heap after GC invocations=7 (full 0):
 garbage-first heap   total 131072K, used 12908K [0xc5c00000, 0xe5c00000)
  region size 1024K, 7 young (7168K), 7 survivors (7168K)
 Metaspace       used 7402K, committed 8384K, reserved 16384K
}
Event: 343.066 GC heap before
{Heap before GC invocations=7 (full 0):
 garbage-first heap   total 131072K, used 83564K [0xc5c00000, 0xe5c00000)
  region size 1024K, 76 young (77824K), 7 survivors (7168K)
 Metaspace       used 7867K, committed 8960K, reserved 16384K
}
Event: 343.120 GC heap after
{Heap after GC invocations=8 (full 0):
 garbage-first heap   total 131072K, used 14381K [0xc5c00000, 0xe5c00000)
  region size 1024K, 7 young (7168K), 7 survivors (7168K)
 Metaspace       used 7867K, committed 8960K, reserved 16384K
}
Event: 441.205 GC heap before
{Heap before GC invocations=8 (full 0):
 garbage-first heap   total 131072K, used 85037K [0xc5c00000, 0xe5c00000)
  region size 1024K, 76 young (77824K), 7 survivors (7168K)
 Metaspace       used 8854K, committed 10112K, reserved 16384K
}
Event: 441.436 GC heap after
{Heap after GC invocations=9 (full 0):
 garbage-first heap   total 131072K, used 17202K [0xc5c00000, 0xe5c00000)
  region size 1024K, 9 young (9216K), 9 survivors (9216K)
 Metaspace       used 8854K, committed 10112K, reserved 16384K
}
Event: 531.052 GC heap before
{Heap before GC invocations=9 (full 0):
 garbage-first heap   total 131072K, used 85810K [0xc5c00000, 0xe5c00000)
  region size 1024K, 76 young (77824K), 9 survivors (9216K)
 Metaspace       used 8955K, committed 10240K, reserved 16384K
}
Event: 531.103 GC heap after
{Heap after GC invocations=10 (full 0):
 garbage-first heap   total 131072K, used 18429K [0xc5c00000, 0xe5c00000)
  region size 1024K, 6 young (6144K), 6 survivors (6144K)
 Metaspace       used 8955K, committed 10240K, reserved 16384K
}
Event: 697.752 GC heap before
{Heap before GC invocations=10 (full 0):
 garbage-first heap   total 131072K, used 90109K [0xc5c00000, 0xe5c00000)
  region size 1024K, 76 young (77824K), 6 survivors (6144K)
 Metaspace       used 9285K, committed 10624K, reserved 16384K
}
Event: 697.797 GC heap after
{Heap after GC invocations=11 (full 0):
 garbage-first heap   total 131072K, used 21613K [0xc5c00000, 0xe5c00000)
  region size 1024K, 8 young (8192K), 8 survivors (8192K)
 Metaspace       used 9285K, committed 10624K, reserved 16384K
}
Event: 768.019 GC heap before
{Heap before GC invocations=11 (full 0):
 garbage-first heap   total 131072K, used 91245K [0xc5c00000, 0xe5c00000)
  region size 1024K, 76 young (77824K), 8 survivors (8192K)
 Metaspace       used 9731K, committed 11200K, reserved 16384K
}
Event: 768.270 GC heap after
{Heap after GC invocations=12 (full 0):
 garbage-first heap   total 131072K, used 24027K [0xc5c00000, 0xe5c00000)
  region size 1024K, 7 young (7168K), 7 survivors (7168K)
 Metaspace       used 9731K, committed 11200K, reserved 16384K
}

