# JRE version: OpenJDK Runtime Environment Zulu17.50+19-CA (17.0.11+9) (build 17.0.11+9-LTS)
# Java VM: OpenJDK Server VM Zulu17.50+19-CA (17.0.11+9-LTS, mixed mode, sharing, tiered, g1 gc, linux-x86)
Heap:
 garbage-first heap   total 131072K, used 47498K [0xc5c00000, 0xe5c00000)
  region size 1024K, 34 young (34816K), 7 survivors (7168K)
 Metaspace       used 9489K, committed 11008K, reserved 16384K
GC Heap History (20 events):
Event: 65.994 GC heap before
{Heap before GC invocations=0 (full 0):
 garbage-first heap   total 131072K, used 12288K [0xc5c00000, 0xe5c00000)
  region size 1024K, 13 young (13312K), 0 survivors (0K)
 Metaspace       used 2459K, committed 2688K, reserved 16384K
}
Event: 66.061 GC heap after
{Heap after GC invocations=1 (full 0):
 garbage-first heap   total 131072K, used 2220K [0xc5c00000, 0xe5c00000)
  region size 1024K, 2 young (2048K), 2 survivors (2048K)
 Metaspace       used 2459K, committed 2688K, reserved 16384K
}
Event: 109.799 GC heap before
{Heap before GC invocations=1 (full 0):
 garbage-first heap   total 131072K, used 18604K [0xc5c00000, 0xe5c00000)
  region size 1024K, 18 young (18432K), 2 survivors (2048K)
 Metaspace       used 3971K, committed 4352K, reserved 16384K
}
Event: 109.854 GC heap after
{Heap after GC invocations=2 (full 0):
 garbage-first heap   total 131072K, used 3602K [0xc5c00000, 0xe5c00000)
  region size 1024K, 2 young (2048K), 2 survivors (2048K)
 Metaspace       used 3971K, committed 4352K, reserved 16384K
}
Event: 130.478 GC heap before
{Heap before GC invocations=2 (full 0):
 garbage-first heap   total 131072K, used 38418K [0xc5c00000, 0xe5c00000)
  region size 1024K, 36 young (36864K), 2 survivors (2048K)
 Metaspace       used 4882K, committed 5440K, reserved 16384K
}
Event: 130.531 GC heap after
{Heap after GC invocations=3 (full 0):
 garbage-first heap   total 131072K, used 5059K [0xc5c00000, 0xe5c00000)
  region size 1024K, 3 young (3072K), 3 survivors (3072K)
 Metaspace       used 4882K, committed 5440K, reserved 16384K
}
Event: 170.057 GC heap before
{Heap before GC invocations=3 (full 0):
 garbage-first heap   total 131072K, used 79811K [0xc5c00000, 0xe5c00000)
  region size 1024K, 76 young (77824K), 3 survivors (3072K)
 Metaspace       used 5792K, committed 6592K, reserved 16384K
}
Event: 170.152 GC heap after
{Heap after GC invocations=4 (full 0):
 garbage-first heap   total 131072K, used 7896K [0xc5c00000, 0xe5c00000)
  region size 1024K, 6 young (6144K), 6 survivors (6144K)
 Metaspace       used 5792K, committed 6592K, reserved 16384K
}
Event: 206.245 GC heap before
{Heap before GC invocations=4 (full 0):
 garbage-first heap   total 131072K, used 79576K [0xc5c00000, 0xe5c00000)
  region size 1024K, 76 young (77824K), 6 survivors (6144K)
 Metaspace       used 6637K, committed 7680K, reserved 16384K
}
Event: 206.273 GC heap after
{Heap after GC invocations=5 (full 0):
 garbage-first heap   total 131072K, used 10116K [0xc5c00000, 0xe5c00000)
  region size 1024K, 7 young (7168K), 7 survivors (7168K)
 Metaspace       used 6637K, committed 7680K, reserved 16384K
}
Event: 217.570 GC heap before
{Heap before GC invocations=5 (full 0):
 garbage-first heap   total 131072K, used 80772K [0xc5c00000, 0xe5c00000)
  region size 1024K, 76 young (77824K), 7 survivors (7168K)
 Metaspace       used 7331K, committed 8448K, reserved 16384K
}
Event: 217.593 GC heap after
{Heap after GC invocations=6 (full 0):
 garbage-first heap   total 131072K, used 12089K [0xc5c00000, 0xe5c00000)
  region size 1024K, 7 young (7168K), 7 survivors (7168K)
 Metaspace       used 7331K, committed 8448K, reserved 16384K
}
Event: 268.987 GC heap before
{Heap before GC invocations=6 (full 0):
 garbage-first heap   total 131072K, used 82745K [0xc5c00000, 0xe5c00000)
  region size 1024K, 76 young (77824K), 7 survivors (7168K)
 Metaspace       used 7882K, committed 9088K, reserved 16384K
}
Event: 269.027 GC heap after
{Heap after GC invocations=7 (full 0):
 garbage-first heap   total 131072K, used 14709K [0xc5c00000, 0xe5c00000)
  region size 1024K, 7 young (7168K), 7 survivors (7168K)
 Metaspace       used 7882K, committed 9088K, reserved 16384K
}
Event: 278.894 GC heap before
{Heap before GC invocations=7 (full 0):
 garbage-first heap   total 131072K, used 85365K [0xc5c00000, 0xe5c00000)
  region size 1024K, 76 young (77824K), 7 survivors (7168K)
 Metaspace       used 8620K, committed 9984K, reserved 16384K
}
Event: 278.938 GC heap after
{Heap after GC invocations=8 (full 0):
 garbage-first heap   total 131072K, used 16210K [0xc5c00000, 0xe5c00000)
  region size 1024K, 6 young (6144K), 6 survivors (6144K)
 Metaspace       used 8620K, committed 9984K, reserved 16384K
}
Event: 326.754 GC heap before
{Heap before GC invocations=8 (full 0):
 garbage-first heap   total 131072K, used 87890K [0xc5c00000, 0xe5c00000)
  region size 1024K, 76 young (77824K), 6 survivors (6144K)
 Metaspace       used 8925K, committed 10368K, reserved 16384K
}
Event: 326.822 GC heap after
{Heap after GC invocations=9 (full 0):
 garbage-first heap   total 131072K, used 18630K [0xc5c00000, 0xe5c00000)
  region size 1024K, 7 young (7168K), 7 survivors (7168K)
 Metaspace       used 8925K, committed 10368K, reserved 16384K
}
Event: 392.084 GC heap before
{Heap before GC invocations=9 (full 0):
 garbage-first heap   total 131072K, used 89286K [0xc5c00000, 0xe5c00000)
  region size 1024K, 76 young (77824K), 7 survivors (7168K)
 Metaspace       used 9429K, committed 10944K, reserved 16384K
}
Event: 392.139 GC heap after
{Heap after GC invocations=10 (full 0):
 garbage-first heap   total 131072K, used 20872K [0xc5c00000, 0xe5c00000)
  region size 1024K, 7 young (7168K), 7 survivors (7168K)
 Metaspace       used 9429K, committed 10944K, reserved 16384K
}

