# JRE version: OpenJDK Runtime Environment Zulu17.50+19-CA (17.0.11+9) (build 17.0.11+9-LTS)
# Java VM: OpenJDK Server VM Zulu17.50+19-CA (17.0.11+9-LTS, mixed mode, sharing, tiered, g1 gc, linux-x86)
Heap:
 garbage-first heap   total 131072K, used 57578K [0xc5c00000, 0xe5c00000)
  region size 1024K, 48 young (49152K), 6 survivors (6144K)
 Metaspace       used 4820K, committed 5312K, reserved 16384K
GC Heap History (8 events):
Event: 180.422 GC heap before
{Heap before GC invocations=0 (full 0):
 garbage-first heap   total 131072K, used 12288K [0xc5c00000, 0xe5c00000)
  region size 1024K, 13 young (13312K), 0 survivors (0K)
 Metaspace       used 2417K, committed 2560K, reserved 16384K
}
Event: 180.489 GC heap after
{Heap after GC invocations=1 (full 0):
 garbage-first heap   total 131072K, used 2042K [0xc5c00000, 0xe5c00000)
  region size 1024K, 2 young (2048K), 2 survivors (2048K)
 Metaspace       used 2417K, committed 2560K, reserved 16384K
}
Event: 196.423 GC heap before
{Heap before GC invocations=1 (full 0):
 garbage-first heap   total 131072K, used 17402K [0xc5c00000, 0xe5c00000)
  region size 1024K, 18 young (18432K), 2 survivors (2048K)
 Metaspace       used 3965K, committed 4288K, reserved 16384K
}
Event: 196.449 GC heap after
{Heap after GC invocations=2 (full 0):
 garbage-first heap   total 131072K, used 3496K [0xc5c00000, 0xe5c00000)
  region size 1024K, 2 young (2048K), 2 survivors (2048K)
 Metaspace       used 3965K, committed 4288K, reserved 16384K
}
Event: 416.302 GC heap before
{Heap before GC invocations=2 (full 0):
 garbage-first heap   total 131072K, used 79272K [0xc5c00000, 0xe5c00000)
  region size 1024K, 76 young (77824K), 2 survivors (2048K)
 Metaspace       used 4792K, committed 5248K, reserved 16384K
}
Event: 416.344 GC heap after
{Heap after GC invocations=3 (full 0):
 garbage-first heap   total 131072K, used 9042K [0xc5c00000, 0xe5c00000)
  region size 1024K, 7 young (7168K), 7 survivors (7168K)
 Metaspace       used 4792K, committed 5248K, reserved 16384K
}
Event: 1170.522 GC heap before
{Heap before GC invocations=3 (full 0):
 garbage-first heap   total 131072K, used 79698K [0xc5c00000, 0xe5c00000)
  region size 1024K, 76 young (77824K), 7 survivors (7168K)
 Metaspace       used 4811K, committed 5248K, reserved 16384K
}
Event: 1170.662 GC heap after
{Heap after GC invocations=4 (full 0):
 garbage-first heap   total 131072K, used 14570K [0xc5c00000, 0xe5c00000)
  region size 1024K, 6 young (6144K), 6 survivors (6144K)
 Metaspace       used 4811K, committed 5248K, reserved 16384K
}

