# JRE version: OpenJDK Runtime Environment Zulu17.50+19-CA (17.0.11+9) (build 17.0.11+9-LTS)
# Java VM: OpenJDK Server VM Zulu17.50+19-CA (17.0.11+9-LTS, mixed mode, sharing, tiered, g1 gc, linux-x86)
Heap:
 garbage-first heap   total 131072K, used 66168K [0xc5c00000, 0xe5c00000)
  region size 1024K, 47 young (48128K), 8 survivors (8192K)
 Metaspace       used 10513K, committed 12160K, reserved 16384K
GC Heap History (20 events):
Event: 118.178 GC heap before
{Heap before GC invocations=3 (full 0):
 garbage-first heap   total 131072K, used 79918K [0xc5c00000, 0xe5c00000)
  region size 1024K, 76 young (77824K), 3 survivors (3072K)
 Metaspace       used 5388K, committed 6080K, reserved 16384K
}
Event: 118.201 GC heap after
{Heap after GC invocations=4 (full 0):
 garbage-first heap   total 131072K, used 7354K [0xc5c00000, 0xe5c00000)
  region size 1024K, 5 young (5120K), 5 survivors (5120K)
 Metaspace       used 5388K, committed 6080K, reserved 16384K
}
Event: 130.566 GC heap before
{Heap before GC invocations=4 (full 0):
 garbage-first heap   total 131072K, used 80058K [0xc5c00000, 0xe5c00000)
  region size 1024K, 76 young (77824K), 5 survivors (5120K)
 Metaspace       used 5951K, committed 6656K, reserved 16384K
}
Event: 130.587 GC heap after
{Heap after GC invocations=5 (full 0):
 garbage-first heap   total 131072K, used 8469K [0xc5c00000, 0xe5c00000)
  region size 1024K, 6 young (6144K), 6 survivors (6144K)
 Metaspace       used 5951K, committed 6656K, reserved 16384K
}
Event: 192.506 GC heap before
{Heap before GC invocations=5 (full 0):
 garbage-first heap   total 131072K, used 80149K [0xc5c00000, 0xe5c00000)
  region size 1024K, 76 young (77824K), 6 survivors (6144K)
 Metaspace       used 7034K, committed 7936K, reserved 16384K
}
Event: 192.548 GC heap after
{Heap after GC invocations=6 (full 0):
 garbage-first heap   total 131072K, used 10362K [0xc5c00000, 0xe5c00000)
  region size 1024K, 7 young (7168K), 7 survivors (7168K)
 Metaspace       used 7034K, committed 7936K, reserved 16384K
}
Event: 283.202 GC heap before
{Heap before GC invocations=6 (full 0):
 garbage-first heap   total 131072K, used 81018K [0xc5c00000, 0xe5c00000)
  region size 1024K, 76 young (77824K), 7 survivors (7168K)
 Metaspace       used 7396K, committed 8384K, reserved 16384K
}
Event: 283.231 GC heap after
{Heap after GC invocations=7 (full 0):
 garbage-first heap   total 131072K, used 12869K [0xc5c00000, 0xe5c00000)
  region size 1024K, 8 young (8192K), 8 survivors (8192K)
 Metaspace       used 7396K, committed 8384K, reserved 16384K
}
Event: 294.622 GC heap before
{Heap before GC invocations=7 (full 0):
 garbage-first heap   total 131072K, used 82501K [0xc5c00000, 0xe5c00000)
  region size 1024K, 76 young (77824K), 8 survivors (8192K)
 Metaspace       used 7748K, committed 8832K, reserved 16384K
}
Event: 294.652 GC heap after
{Heap after GC invocations=8 (full 0):
 garbage-first heap   total 131072K, used 13780K [0xc5c00000, 0xe5c00000)
  region size 1024K, 7 young (7168K), 7 survivors (7168K)
 Metaspace       used 7748K, committed 8832K, reserved 16384K
}
Event: 311.534 GC heap before
{Heap before GC invocations=8 (full 0):
 garbage-first heap   total 131072K, used 84436K [0xc5c00000, 0xe5c00000)
  region size 1024K, 76 young (77824K), 7 survivors (7168K)
 Metaspace       used 8258K, committed 9408K, reserved 16384K
}
Event: 311.578 GC heap after
{Heap after GC invocations=9 (full 0):
 garbage-first heap   total 131072K, used 15613K [0xc5c00000, 0xe5c00000)
  region size 1024K, 7 young (7168K), 7 survivors (7168K)
 Metaspace       used 8258K, committed 9408K, reserved 16384K
}
Event: 415.571 GC heap before
{Heap before GC invocations=9 (full 0):
 garbage-first heap   total 131072K, used 86269K [0xc5c00000, 0xe5c00000)
  region size 1024K, 76 young (77824K), 7 survivors (7168K)
 Metaspace       used 8928K, committed 10176K, reserved 16384K
}
Event: 415.625 GC heap after
{Heap after GC invocations=10 (full 0):
 garbage-first heap   total 131072K, used 18252K [0xc5c00000, 0xe5c00000)
  region size 1024K, 6 young (6144K), 6 survivors (6144K)
 Metaspace       used 8928K, committed 10176K, reserved 16384K
}
Event: 539.903 GC heap before
{Heap before GC invocations=10 (full 0):
 garbage-first heap   total 131072K, used 89932K [0xc5c00000, 0xe5c00000)
  region size 1024K, 76 young (77824K), 6 survivors (6144K)
 Metaspace       used 9236K, committed 10560K, reserved 16384K
}
Event: 539.947 GC heap after
{Heap after GC invocations=11 (full 0):
 garbage-first heap   total 131072K, used 21034K [0xc5c00000, 0xe5c00000)
  region size 1024K, 8 young (8192K), 8 survivors (8192K)
 Metaspace       used 9236K, committed 10560K, reserved 16384K
}
Event: 581.311 GC heap before
{Heap before GC invocations=11 (full 0):
 garbage-first heap   total 131072K, used 90666K [0xc5c00000, 0xe5c00000)
  region size 1024K, 76 young (77824K), 8 survivors (8192K)
 Metaspace       used 9615K, committed 11008K, reserved 16384K
}
Event: 581.372 GC heap after
{Heap after GC invocations=12 (full 0):
 garbage-first heap   total 131072K, used 22225K [0xc5c00000, 0xe5c00000)
  region size 1024K, 7 young (7168K), 7 survivors (7168K)
 Metaspace       used 9615K, committed 11008K, reserved 16384K
}
Event: 1218.151 GC heap before
{Heap before GC invocations=12 (full 0):
 garbage-first heap   total 131072K, used 92881K [0xc5c00000, 0xe5c00000)
  region size 1024K, 76 young (77824K), 7 survivors (7168K)
 Metaspace       used 10462K, committed 12096K, reserved 16384K
}
Event: 1218.255 GC heap after
{Heap after GC invocations=13 (full 0):
 garbage-first heap   total 131072K, used 26232K [0xc5c00000, 0xe5c00000)
  region size 1024K, 8 young (8192K), 8 survivors (8192K)
 Metaspace       used 10462K, committed 12096K, reserved 16384K
}

