# JRE version: OpenJDK Runtime Environment Zulu17.50+19-CA (17.0.11+9) (build 17.0.11+9-LTS)
# Java VM: OpenJDK Server VM Zulu17.50+19-CA (17.0.11+9-LTS, mixed mode, sharing, tiered, g1 gc, linux-x86)
Heap:
 garbage-first heap   total 131072K, used 52714K [0xc5c00000, 0xe5c00000)
  region size 1024K, 51 young (52224K), 2 survivors (2048K)
 Metaspace       used 3499K, committed 3776K, reserved 16384K
GC Heap History (10 events):
Event: 33.686 GC heap before
{Heap before GC invocations=0 (full 0):
 garbage-first heap   total 131072K, used 12288K [0xc5c00000, 0xe5c00000)
  region size 1024K, 13 young (13312K), 0 survivors (0K)
 Metaspace       used 2053K, committed 2240K, reserved 16384K
}
Event: 33.844 GC heap after
{Heap after GC invocations=1 (full 0):
 garbage-first heap   total 131072K, used 1984K [0xc5c00000, 0xe5c00000)
  region size 1024K, 2 young (2048K), 2 survivors (2048K)
 Metaspace       used 2053K, committed 2240K, reserved 16384K
}
Event: 550.502 GC heap before
{Heap before GC invocations=1 (full 0):
 garbage-first heap   total 131072K, used 18368K [0xc5c00000, 0xe5c00000)
  region size 1024K, 18 young (18432K), 2 survivors (2048K)
 Metaspace       used 3168K, committed 3392K, reserved 16384K
}
Event: 550.519 GC heap after
{Heap after GC invocations=2 (full 0):
 garbage-first heap   total 131072K, used 2947K [0xc5c00000, 0xe5c00000)
  region size 1024K, 1 young (1024K), 1 survivors (1024K)
 Metaspace       used 3168K, committed 3392K, reserved 16384K
}
Event: 1945.504 GC heap before
{Heap before GC invocations=2 (full 0):
 garbage-first heap   total 131072K, used 79747K [0xc5c00000, 0xe5c00000)
  region size 1024K, 76 young (77824K), 1 survivors (1024K)
 Metaspace       used 3486K, committed 3776K, reserved 16384K
}
Event: 1945.534 GC heap after
{Heap after GC invocations=3 (full 0):
 garbage-first heap   total 131072K, used 3405K [0xc5c00000, 0xe5c00000)
  region size 1024K, 2 young (2048K), 2 survivors (2048K)
 Metaspace       used 3486K, committed 3776K, reserved 16384K
}
Event: 2869.790 GC heap before
{Heap before GC invocations=3 (full 0):
 garbage-first heap   total 131072K, used 79181K [0xc5c00000, 0xe5c00000)
  region size 1024K, 76 young (77824K), 2 survivors (2048K)
 Metaspace       used 3491K, committed 3776K, reserved 16384K
}
Event: 2869.812 GC heap after
{Heap after GC invocations=4 (full 0):
 garbage-first heap   total 131072K, used 3390K [0xc5c00000, 0xe5c00000)
  region size 1024K, 2 young (2048K), 2 survivors (2048K)
 Metaspace       used 3491K, committed 3776K, reserved 16384K
}
Event: 4060.594 GC heap before
{Heap before GC invocations=4 (full 0):
 garbage-first heap   total 131072K, used 79166K [0xc5c00000, 0xe5c00000)
  region size 1024K, 76 young (77824K), 2 survivors (2048K)
 Metaspace       used 3496K, committed 3776K, reserved 16384K
}
Event: 4060.662 GC heap after
{Heap after GC invocations=5 (full 0):
 garbage-first heap   total 131072K, used 3560K [0xc5c00000, 0xe5c00000)
  region size 1024K, 2 young (2048K), 2 survivors (2048K)
 Metaspace       used 3496K, committed 3776K, reserved 16384K
}

