# JRE version: OpenJDK Runtime Environment Zulu17.50+19-CA (17.0.11+9) (build 17.0.11+9-LTS)
# Java VM: OpenJDK Server VM Zulu17.50+19-CA (17.0.11+9-LTS, mixed mode, sharing, tiered, g1 gc, linux-x86)
Heap:
 garbage-first heap   total 131072K, used 77522K [0xc5c00000, 0xe5c00000)
  region size 1024K, 75 young (76800K), 6 survivors (6144K)
 Metaspace       used 7963K, committed 9024K, reserved 16384K
GC Heap History (8 events):
Event: 69.203 GC heap before
{Heap before GC invocations=0 (full 0):
 garbage-first heap   total 131072K, used 12288K [0xc5c00000, 0xe5c00000)
  region size 1024K, 13 young (13312K), 0 survivors (0K)
 Metaspace       used 2768K, committed 3008K, reserved 16384K
}
Event: 69.224 GC heap after
{Heap after GC invocations=1 (full 0):
 garbage-first heap   total 131072K, used 2518K [0xc5c00000, 0xe5c00000)
  region size 1024K, 2 young (2048K), 2 survivors (2048K)
 Metaspace       used 2768K, committed 3008K, reserved 16384K
}
Event: 159.793 GC heap before
{Heap before GC invocations=1 (full 0):
 garbage-first heap   total 131072K, used 18902K [0xc5c00000, 0xe5c00000)
  region size 1024K, 18 young (18432K), 2 survivors (2048K)
 Metaspace       used 4019K, committed 4416K, reserved 16384K
}
Event: 159.814 GC heap after
{Heap after GC invocations=2 (full 0):
 garbage-first heap   total 131072K, used 3992K [0xc5c00000, 0xe5c00000)
  region size 1024K, 2 young (2048K), 2 survivors (2048K)
 Metaspace       used 4019K, committed 4416K, reserved 16384K
}
Event: 274.645 GC heap before
{Heap before GC invocations=2 (full 0):
 garbage-first heap   total 131072K, used 48024K [0xc5c00000, 0xe5c00000)
  region size 1024K, 45 young (46080K), 2 survivors (2048K)
 Metaspace       used 5339K, committed 5888K, reserved 16384K
}
Event: 274.660 GC heap after
{Heap after GC invocations=3 (full 0):
 garbage-first heap   total 131072K, used 5718K [0xc5c00000, 0xe5c00000)
  region size 1024K, 4 young (4096K), 4 survivors (4096K)
 Metaspace       used 5339K, committed 5888K, reserved 16384K
}
Event: 379.773 GC heap before
{Heap before GC invocations=3 (full 0):
 garbage-first heap   total 131072K, used 79446K [0xc5c00000, 0xe5c00000)
  region size 1024K, 76 young (77824K), 4 survivors (4096K)
 Metaspace       used 6596K, committed 7360K, reserved 16384K
}
Event: 379.805 GC heap after
{Heap after GC invocations=4 (full 0):
 garbage-first heap   total 131072K, used 7888K [0xc5c00000, 0xe5c00000)
  region size 1024K, 6 young (6144K), 6 survivors (6144K)
 Metaspace       used 6596K, committed 7360K, reserved 16384K
}

