# JRE version: OpenJDK Runtime Environment Zulu17.50+19-CA (17.0.11+9) (build 17.0.11+9-LTS)
# Java VM: OpenJDK Server VM Zulu17.50+19-CA (17.0.11+9-LTS, mixed mode, sharing, tiered, g1 gc, linux-x86)
Heap:
 garbage-first heap   total 131072K, used 33626K [0xc5c00000, 0xe5c00000)
  region size 1024K, 26 young (26624K), 4 survivors (4096K)
 Metaspace       used 7825K, committed 8768K, reserved 16384K
GC Heap History (12 events):
Event: 66.420 GC heap before
{Heap before GC invocations=0 (full 0):
 garbage-first heap   total 131072K, used 12288K [0xc5c00000, 0xe5c00000)
  region size 1024K, 13 young (13312K), 0 survivors (0K)
 Metaspace       used 3203K, committed 3456K, reserved 16384K
}
Event: 66.464 GC heap after
{Heap after GC invocations=1 (full 0):
 garbage-first heap   total 131072K, used 2499K [0xc5c00000, 0xe5c00000)
  region size 1024K, 2 young (2048K), 2 survivors (2048K)
 Metaspace       used 3203K, committed 3456K, reserved 16384K
}
Event: 100.004 GC heap before
{Heap before GC invocations=1 (full 0):
 garbage-first heap   total 131072K, used 18883K [0xc5c00000, 0xe5c00000)
  region size 1024K, 18 young (18432K), 2 survivors (2048K)
 Metaspace       used 4004K, committed 4352K, reserved 16384K
}
Event: 100.032 GC heap after
{Heap after GC invocations=2 (full 0):
 garbage-first heap   total 131072K, used 3680K [0xc5c00000, 0xe5c00000)
  region size 1024K, 2 young (2048K), 2 survivors (2048K)
 Metaspace       used 4004K, committed 4352K, reserved 16384K
}
Event: 113.378 GC heap before
{Heap before GC invocations=2 (full 0):
 garbage-first heap   total 131072K, used 79456K [0xc5c00000, 0xe5c00000)
  region size 1024K, 76 young (77824K), 2 survivors (2048K)
 Metaspace       used 4812K, committed 5312K, reserved 16384K
}
Event: 113.392 GC heap after
{Heap after GC invocations=3 (full 0):
 garbage-first heap   total 131072K, used 5023K [0xc5c00000, 0xe5c00000)
  region size 1024K, 3 young (3072K), 3 survivors (3072K)
 Metaspace       used 4812K, committed 5312K, reserved 16384K
}
Event: 386.071 GC heap before
{Heap before GC invocations=3 (full 0):
 garbage-first heap   total 131072K, used 79775K [0xc5c00000, 0xe5c00000)
  region size 1024K, 76 young (77824K), 3 survivors (3072K)
 Metaspace       used 6759K, committed 7552K, reserved 16384K
}
Event: 386.143 GC heap after
{Heap after GC invocations=4 (full 0):
 garbage-first heap   total 131072K, used 8378K [0xc5c00000, 0xe5c00000)
  region size 1024K, 6 young (6144K), 6 survivors (6144K)
 Metaspace       used 6759K, committed 7552K, reserved 16384K
}
Event: 486.272 GC heap before
{Heap before GC invocations=4 (full 0):
 garbage-first heap   total 131072K, used 80058K [0xc5c00000, 0xe5c00000)
  region size 1024K, 76 young (77824K), 6 survivors (6144K)
 Metaspace       used 7552K, committed 8512K, reserved 16384K
}
Event: 486.343 GC heap after
{Heap after GC invocations=5 (full 0):
 garbage-first heap   total 131072K, used 10487K [0xc5c00000, 0xe5c00000)
  region size 1024K, 7 young (7168K), 7 survivors (7168K)
 Metaspace       used 7552K, committed 8512K, reserved 16384K
}
Event: 14975.498 GC heap before
{Heap before GC invocations=5 (full 0):
 garbage-first heap   total 131072K, used 81143K [0xc5c00000, 0xe5c00000)
  region size 1024K, 76 young (77824K), 7 survivors (7168K)
 Metaspace       used 7818K, committed 8768K, reserved 16384K
}
Event: 14975.569 GC heap after
{Heap after GC invocations=6 (full 0):
 garbage-first heap   total 131072K, used 12120K [0xc5c00000, 0xe5c00000)
  region size 1024K, 4 young (4096K), 4 survivors (4096K)
 Metaspace       used 7818K, committed 8768K, reserved 16384K
}

