# JRE version: OpenJDK Runtime Environment Zulu17.50+19-CA (17.0.11+9) (build 17.0.11+9-LTS)
# Java VM: OpenJDK Server VM Zulu17.50+19-CA (17.0.11+9-LTS, mixed mode, sharing, tiered, g1 gc, linux-x86)
Heap:
 garbage-first heap   total 131072K, used 29318K [0xc5c00000, 0xe5c00000)
  region size 1024K, 24 young (24576K), 10 survivors (10240K)
 Metaspace       used 7043K, committed 8000K, reserved 16384K
GC Heap History (12 events):
Event: 77.306 GC heap before
{Heap before GC invocations=0 (full 0):
 garbage-first heap   total 131072K, used 12288K [0xc5c00000, 0xe5c00000)
  region size 1024K, 13 young (13312K), 0 survivors (0K)
 Metaspace       used 2329K, committed 2496K, reserved 16384K
}
Event: 77.352 GC heap after
{Heap after GC invocations=1 (full 0):
 garbage-first heap   total 131072K, used 2005K [0xc5c00000, 0xe5c00000)
  region size 1024K, 2 young (2048K), 2 survivors (2048K)
 Metaspace       used 2329K, committed 2496K, reserved 16384K
}
Event: 117.485 GC heap before
{Heap before GC invocations=1 (full 0):
 garbage-first heap   total 131072K, used 18389K [0xc5c00000, 0xe5c00000)
  region size 1024K, 19 young (19456K), 2 survivors (2048K)
 Metaspace       used 4090K, committed 4416K, reserved 16384K
}
Event: 117.493 GC heap after
{Heap after GC invocations=2 (full 0):
 garbage-first heap   total 131072K, used 3441K [0xc5c00000, 0xe5c00000)
  region size 1024K, 2 young (2048K), 2 survivors (2048K)
 Metaspace       used 4090K, committed 4416K, reserved 16384K
}
Event: 292.314 GC heap before
{Heap before GC invocations=2 (full 0):
 garbage-first heap   total 131072K, used 79217K [0xc5c00000, 0xe5c00000)
  region size 1024K, 76 young (77824K), 2 survivors (2048K)
 Metaspace       used 5445K, committed 6016K, reserved 16384K
}
Event: 292.344 GC heap after
{Heap after GC invocations=3 (full 0):
 garbage-first heap   total 131072K, used 5742K [0xc5c00000, 0xe5c00000)
  region size 1024K, 4 young (4096K), 4 survivors (4096K)
 Metaspace       used 5445K, committed 6016K, reserved 16384K
}
Event: 705.284 GC heap before
{Heap before GC invocations=3 (full 0):
 garbage-first heap   total 131072K, used 79470K [0xc5c00000, 0xe5c00000)
  region size 1024K, 76 young (77824K), 4 survivors (4096K)
 Metaspace       used 5596K, committed 6208K, reserved 16384K
}
Event: 705.305 GC heap after
{Heap after GC invocations=4 (full 0):
 garbage-first heap   total 131072K, used 7038K [0xc5c00000, 0xe5c00000)
  region size 1024K, 5 young (5120K), 5 survivors (5120K)
 Metaspace       used 5596K, committed 6208K, reserved 16384K
}
Event: 727.873 GC heap before
{Heap before GC invocations=4 (full 0):
 garbage-first heap   total 131072K, used 79742K [0xc5c00000, 0xe5c00000)
  region size 1024K, 76 young (77824K), 5 survivors (5120K)
 Metaspace       used 6797K, committed 7680K, reserved 16384K
}
Event: 727.918 GC heap after
{Heap after GC invocations=5 (full 0):
 garbage-first heap   total 131072K, used 10327K [0xc5c00000, 0xe5c00000)
  region size 1024K, 9 young (9216K), 9 survivors (9216K)
 Metaspace       used 6797K, committed 7680K, reserved 16384K
}
Event: 938.550 GC heap before
{Heap before GC invocations=5 (full 0):
 garbage-first heap   total 131072K, used 78935K [0xc5c00000, 0xe5c00000)
  region size 1024K, 76 young (77824K), 9 survivors (9216K)
 Metaspace       used 7040K, committed 8000K, reserved 16384K
}
Event: 938.679 GC heap after
{Heap after GC invocations=6 (full 0):
 garbage-first heap   total 131072K, used 15492K [0xc5c00000, 0xe5c00000)
  region size 1024K, 10 young (10240K), 10 survivors (10240K)
 Metaspace       used 7040K, committed 8000K, reserved 16384K
}

