# JRE version: OpenJDK Runtime Environment Zulu17.50+19-CA (17.0.11+9) (build 17.0.11+9-LTS)
# Java VM: OpenJDK Server VM Zulu17.50+19-CA (17.0.11+9-LTS, mixed mode, sharing, tiered, g1 gc, linux-x86)
Heap:
 garbage-first heap   total 131072K, used 66202K [0xc5c00000, 0xe5c00000)
  region size 1024K, 63 young (64512K), 2 survivors (2048K)
 Metaspace       used 3574K, committed 3840K, reserved 16384K
GC Heap History (18 events):
Event: 33.931 GC heap before
{Heap before GC invocations=0 (full 0):
 garbage-first heap   total 131072K, used 12288K [0xc5c00000, 0xe5c00000)
  region size 1024K, 13 young (13312K), 0 survivors (0K)
 Metaspace       used 1903K, committed 2048K, reserved 16384K
}
Event: 33.996 GC heap after
{Heap after GC invocations=1 (full 0):
 garbage-first heap   total 131072K, used 2048K [0xc5c00000, 0xe5c00000)
  region size 1024K, 2 young (2048K), 2 survivors (2048K)
 Metaspace       used 1903K, committed 2048K, reserved 16384K
}
Event: 159.009 GC heap before
{Heap before GC invocations=1 (full 0):
 garbage-first heap   total 131072K, used 19456K [0xc5c00000, 0xe5c00000)
  region size 1024K, 19 young (19456K), 2 survivors (2048K)
 Metaspace       used 3110K, committed 3264K, reserved 16384K
}
Event: 159.121 GC heap after
{Heap after GC invocations=2 (full 0):
 garbage-first heap   total 131072K, used 3253K [0xc5c00000, 0xe5c00000)
  region size 1024K, 2 young (2048K), 2 survivors (2048K)
 Metaspace       used 3110K, committed 3264K, reserved 16384K
}
Event: 5282.506 GC heap before
{Heap before GC invocations=2 (full 0):
 garbage-first heap   total 131072K, used 78005K [0xc5c00000, 0xe5c00000)
  region size 1024K, 75 young (76800K), 2 survivors (2048K)
 Metaspace       used 3319K, committed 3520K, reserved 16384K
}
Event: 5282.553 GC heap after
{Heap after GC invocations=3 (full 0):
 garbage-first heap   total 131072K, used 3655K [0xc5c00000, 0xe5c00000)
  region size 1024K, 2 young (2048K), 2 survivors (2048K)
 Metaspace       used 3319K, committed 3520K, reserved 16384K
}
Event: 8875.537 GC heap before
{Heap before GC invocations=3 (full 0):
 garbage-first heap   total 131072K, used 79431K [0xc5c00000, 0xe5c00000)
  region size 1024K, 76 young (77824K), 2 survivors (2048K)
 Metaspace       used 3444K, committed 3648K, reserved 16384K
}
Event: 8875.562 GC heap after
{Heap after GC invocations=4 (full 0):
 garbage-first heap   total 131072K, used 3855K [0xc5c00000, 0xe5c00000)
  region size 1024K, 2 young (2048K), 2 survivors (2048K)
 Metaspace       used 3444K, committed 3648K, reserved 16384K
}
Event: 10237.596 GC heap before
{Heap before GC invocations=4 (full 0):
 garbage-first heap   total 131072K, used 79631K [0xc5c00000, 0xe5c00000)
  region size 1024K, 76 young (77824K), 2 survivors (2048K)
 Metaspace       used 3468K, committed 3712K, reserved 16384K
}
Event: 10237.643 GC heap after
{Heap after GC invocations=5 (full 0):
 garbage-first heap   total 131072K, used 3618K [0xc5c00000, 0xe5c00000)
  region size 1024K, 2 young (2048K), 2 survivors (2048K)
 Metaspace       used 3468K, committed 3712K, reserved 16384K
}
Event: 11706.233 GC heap before
{Heap before GC invocations=5 (full 0):
 garbage-first heap   total 131072K, used 79394K [0xc5c00000, 0xe5c00000)
  region size 1024K, 76 young (77824K), 2 survivors (2048K)
 Metaspace       used 3471K, committed 3712K, reserved 16384K
}
Event: 11706.262 GC heap after
{Heap after GC invocations=6 (full 0):
 garbage-first heap   total 131072K, used 3696K [0xc5c00000, 0xe5c00000)
  region size 1024K, 2 young (2048K), 2 survivors (2048K)
 Metaspace       used 3471K, committed 3712K, reserved 16384K
}
Event: 17109.130 GC heap before
{Heap before GC invocations=6 (full 0):
 garbage-first heap   total 131072K, used 79472K [0xc5c00000, 0xe5c00000)
  region size 1024K, 76 young (77824K), 2 survivors (2048K)
 Metaspace       used 3561K, committed 3840K, reserved 16384K
}
Event: 17109.192 GC heap after
{Heap after GC invocations=7 (full 0):
 garbage-first heap   total 131072K, used 3682K [0xc5c00000, 0xe5c00000)
  region size 1024K, 2 young (2048K), 2 survivors (2048K)
 Metaspace       used 3561K, committed 3840K, reserved 16384K
}
Event: 20062.374 GC heap before
{Heap before GC invocations=7 (full 0):
 garbage-first heap   total 131072K, used 79458K [0xc5c00000, 0xe5c00000)
  region size 1024K, 76 young (77824K), 2 survivors (2048K)
 Metaspace       used 3569K, committed 3840K, reserved 16384K
}
Event: 20062.408 GC heap after
{Heap after GC invocations=8 (full 0):
 garbage-first heap   total 131072K, used 3803K [0xc5c00000, 0xe5c00000)
  region size 1024K, 2 young (2048K), 2 survivors (2048K)
 Metaspace       used 3569K, committed 3840K, reserved 16384K
}
Event: 21699.225 GC heap before
{Heap before GC invocations=8 (full 0):
 garbage-first heap   total 131072K, used 79579K [0xc5c00000, 0xe5c00000)
  region size 1024K, 76 young (77824K), 2 survivors (2048K)
 Metaspace       used 3571K, committed 3840K, reserved 16384K
}
Event: 21699.255 GC heap after
{Heap after GC invocations=9 (full 0):
 garbage-first heap   total 131072K, used 3738K [0xc5c00000, 0xe5c00000)
  region size 1024K, 2 young (2048K), 2 survivors (2048K)
 Metaspace       used 3571K, committed 3840K, reserved 16384K
}

