# JRE version: OpenJDK Runtime Environment Zulu17.50+19-CA (17.0.11+9) (build 17.0.11+9-LTS)
# Java VM: OpenJDK Server VM Zulu17.50+19-CA (17.0.11+9-LTS, mixed mode, sharing, tiered, g1 gc, linux-x86)
Heap:
 garbage-first heap   total 131072K, used 42050K [0xc5c00000, 0xe5c00000)
  region size 1024K, 40 young (40960K), 8 survivors (8192K)
 Metaspace       used 7759K, committed 8640K, reserved 16384K
GC Heap History (8 events):
Event: 44.645 GC heap before
{Heap before GC invocations=0 (full 0):
 garbage-first heap   total 131072K, used 12288K [0xc5c00000, 0xe5c00000)
  region size 1024K, 13 young (13312K), 0 survivors (0K)
 Metaspace       used 2666K, committed 2880K, reserved 16384K
}
Event: 44.713 GC heap after
{Heap after GC invocations=1 (full 0):
 garbage-first heap   total 131072K, used 2435K [0xc5c00000, 0xe5c00000)
  region size 1024K, 2 young (2048K), 2 survivors (2048K)
 Metaspace       used 2666K, committed 2880K, reserved 16384K
}
Event: 64.392 GC heap before
{Heap before GC invocations=1 (full 0):
 garbage-first heap   total 131072K, used 18819K [0xc5c00000, 0xe5c00000)
  region size 1024K, 18 young (18432K), 2 survivors (2048K)
 Metaspace       used 3903K, committed 4224K, reserved 16384K
}
Event: 64.403 GC heap after
{Heap after GC invocations=2 (full 0):
 garbage-first heap   total 131072K, used 3443K [0xc5c00000, 0xe5c00000)
  region size 1024K, 1 young (1024K), 1 survivors (1024K)
 Metaspace       used 3903K, committed 4224K, reserved 16384K
}
Event: 231.537 GC heap before
{Heap before GC invocations=2 (full 0):
 garbage-first heap   total 131072K, used 80243K [0xc5c00000, 0xe5c00000)
  region size 1024K, 76 young (77824K), 1 survivors (1024K)
 Metaspace       used 6130K, committed 6784K, reserved 16384K
}
Event: 231.605 GC heap after
{Heap after GC invocations=3 (full 0):
 garbage-first heap   total 131072K, used 7157K [0xc5c00000, 0xe5c00000)
  region size 1024K, 5 young (5120K), 5 survivors (5120K)
 Metaspace       used 6130K, committed 6784K, reserved 16384K
}
Event: 987.687 GC heap before
{Heap before GC invocations=3 (full 0):
 garbage-first heap   total 131072K, used 79861K [0xc5c00000, 0xe5c00000)
  region size 1024K, 76 young (77824K), 5 survivors (5120K)
 Metaspace       used 7746K, committed 8640K, reserved 16384K
}
Event: 987.748 GC heap after
{Heap after GC invocations=4 (full 0):
 garbage-first heap   total 131072K, used 10304K [0xc5c00000, 0xe5c00000)
  region size 1024K, 8 young (8192K), 8 survivors (8192K)
 Metaspace       used 7746K, committed 8640K, reserved 16384K
}

