# JRE version: OpenJDK Runtime Environment Zulu17.50+19-CA (17.0.11+9) (build 17.0.11+9-LTS)
# Java VM: OpenJDK Server VM Zulu17.50+19-CA (17.0.11+9-LTS, mixed mode, sharing, tiered, g1 gc, linux-x86)
Heap:
 garbage-first heap   total 131072K, used 77420K [0xc5c00000, 0xe5c00000)
  region size 1024K, 74 young (75776K), 8 survivors (8192K)
 Metaspace       used 7800K, committed 8640K, reserved 16384K
GC Heap History (8 events):
Event: 45.817 GC heap before
{Heap before GC invocations=0 (full 0):
 garbage-first heap   total 131072K, used 12288K [0xc5c00000, 0xe5c00000)
  region size 1024K, 13 young (13312K), 0 survivors (0K)
 Metaspace       used 2621K, committed 2816K, reserved 16384K
}
Event: 45.838 GC heap after
{Heap after GC invocations=1 (full 0):
 garbage-first heap   total 131072K, used 2598K [0xc5c00000, 0xe5c00000)
  region size 1024K, 2 young (2048K), 2 survivors (2048K)
 Metaspace       used 2621K, committed 2816K, reserved 16384K
}
Event: 67.049 GC heap before
{Heap before GC invocations=1 (full 0):
 garbage-first heap   total 131072K, used 18982K [0xc5c00000, 0xe5c00000)
  region size 1024K, 18 young (18432K), 2 survivors (2048K)
 Metaspace       used 3882K, committed 4160K, reserved 16384K
}
Event: 67.074 GC heap after
{Heap after GC invocations=2 (full 0):
 garbage-first heap   total 131072K, used 3838K [0xc5c00000, 0xe5c00000)
  region size 1024K, 1 young (1024K), 1 survivors (1024K)
 Metaspace       used 3882K, committed 4160K, reserved 16384K
}
Event: 252.874 GC heap before
{Heap before GC invocations=2 (full 0):
 garbage-first heap   total 131072K, used 80638K [0xc5c00000, 0xe5c00000)
  region size 1024K, 76 young (77824K), 1 survivors (1024K)
 Metaspace       used 6119K, committed 6784K, reserved 16384K
}
Event: 252.901 GC heap after
{Heap after GC invocations=3 (full 0):
 garbage-first heap   total 131072K, used 7509K [0xc5c00000, 0xe5c00000)
  region size 1024K, 5 young (5120K), 5 survivors (5120K)
 Metaspace       used 6119K, committed 6784K, reserved 16384K
}
Event: 1381.563 GC heap before
{Heap before GC invocations=3 (full 0):
 garbage-first heap   total 131072K, used 80213K [0xc5c00000, 0xe5c00000)
  region size 1024K, 76 young (77824K), 5 survivors (5120K)
 Metaspace       used 7782K, committed 8640K, reserved 16384K
}
Event: 1381.666 GC heap after
{Heap after GC invocations=4 (full 0):
 garbage-first heap   total 131072K, used 10858K [0xc5c00000, 0xe5c00000)
  region size 1024K, 8 young (8192K), 8 survivors (8192K)
 Metaspace       used 7782K, committed 8640K, reserved 16384K
}

