# JRE version: OpenJDK Runtime Environment Zulu17.50+19-CA (17.0.11+9) (build 17.0.11+9-LTS)
# Java VM: OpenJDK Server VM Zulu17.50+19-CA (17.0.11+9-LTS, mixed mode, sharing, tiered, g1 gc, linux-x86)
Heap:
 garbage-first heap   total 131072K, used 39405K [0xc5c00000, 0xe5c00000)
  region size 1024K, 23 young (23552K), 7 survivors (7168K)
 Metaspace       used 10405K, committed 11968K, reserved 16384K
GC Heap History (20 events):
Event: 99.929 GC heap before
{Heap before GC invocations=2 (full 0):
 garbage-first heap   total 131072K, used 79719K [0xc5c00000, 0xe5c00000)
  region size 1024K, 76 young (77824K), 2 survivors (2048K)
 Metaspace       used 5012K, committed 5568K, reserved 16384K
}
Event: 99.967 GC heap after
{Heap after GC invocations=3 (full 0):
 garbage-first heap   total 131072K, used 5830K [0xc5c00000, 0xe5c00000)
  region size 1024K, 4 young (4096K), 4 survivors (4096K)
 Metaspace       used 5012K, committed 5568K, reserved 16384K
}
Event: 112.646 GC heap before
{Heap before GC invocations=3 (full 0):
 garbage-first heap   total 131072K, used 79558K [0xc5c00000, 0xe5c00000)
  region size 1024K, 76 young (77824K), 4 survivors (4096K)
 Metaspace       used 5653K, committed 6336K, reserved 16384K
}
Event: 112.671 GC heap after
{Heap after GC invocations=4 (full 0):
 garbage-first heap   total 131072K, used 7818K [0xc5c00000, 0xe5c00000)
  region size 1024K, 5 young (5120K), 5 survivors (5120K)
 Metaspace       used 5653K, committed 6336K, reserved 16384K
}
Event: 123.980 GC heap before
{Heap before GC invocations=4 (full 0):
 garbage-first heap   total 131072K, used 80522K [0xc5c00000, 0xe5c00000)
  region size 1024K, 76 young (77824K), 5 survivors (5120K)
 Metaspace       used 6636K, committed 7424K, reserved 16384K
}
Event: 124.013 GC heap after
{Heap after GC invocations=5 (full 0):
 garbage-first heap   total 131072K, used 9259K [0xc5c00000, 0xe5c00000)
  region size 1024K, 7 young (7168K), 7 survivors (7168K)
 Metaspace       used 6636K, committed 7424K, reserved 16384K
}
Event: 166.003 GC heap before
{Heap before GC invocations=5 (full 0):
 garbage-first heap   total 131072K, used 79915K [0xc5c00000, 0xe5c00000)
  region size 1024K, 76 young (77824K), 7 survivors (7168K)
 Metaspace       used 7181K, committed 8128K, reserved 16384K
}
Event: 166.025 GC heap after
{Heap after GC invocations=6 (full 0):
 garbage-first heap   total 131072K, used 10717K [0xc5c00000, 0xe5c00000)
  region size 1024K, 5 young (5120K), 5 survivors (5120K)
 Metaspace       used 7181K, committed 8128K, reserved 16384K
}
Event: 244.575 GC heap before
{Heap before GC invocations=6 (full 0):
 garbage-first heap   total 131072K, used 83421K [0xc5c00000, 0xe5c00000)
  region size 1024K, 76 young (77824K), 5 survivors (5120K)
 Metaspace       used 7621K, committed 8640K, reserved 16384K
}
Event: 244.598 GC heap after
{Heap after GC invocations=7 (full 0):
 garbage-first heap   total 131072K, used 12854K [0xc5c00000, 0xe5c00000)
  region size 1024K, 7 young (7168K), 7 survivors (7168K)
 Metaspace       used 7621K, committed 8640K, reserved 16384K
}
Event: 250.137 GC heap before
{Heap before GC invocations=7 (full 0):
 garbage-first heap   total 131072K, used 83510K [0xc5c00000, 0xe5c00000)
  region size 1024K, 76 young (77824K), 7 survivors (7168K)
 Metaspace       used 8001K, committed 9088K, reserved 16384K
}
Event: 250.168 GC heap after
{Heap after GC invocations=8 (full 0):
 garbage-first heap   total 131072K, used 14268K [0xc5c00000, 0xe5c00000)
  region size 1024K, 7 young (7168K), 7 survivors (7168K)
 Metaspace       used 8001K, committed 9088K, reserved 16384K
}
Event: 347.678 GC heap before
{Heap before GC invocations=8 (full 0):
 garbage-first heap   total 131072K, used 84924K [0xc5c00000, 0xe5c00000)
  region size 1024K, 76 young (77824K), 7 survivors (7168K)
 Metaspace       used 8972K, committed 10240K, reserved 16384K
}
Event: 347.708 GC heap after
{Heap after GC invocations=9 (full 0):
 garbage-first heap   total 131072K, used 17853K [0xc5c00000, 0xe5c00000)
  region size 1024K, 9 young (9216K), 9 survivors (9216K)
 Metaspace       used 8972K, committed 10240K, reserved 16384K
}
Event: 371.072 GC heap before
{Heap before GC invocations=9 (full 0):
 garbage-first heap   total 131072K, used 86461K [0xc5c00000, 0xe5c00000)
  region size 1024K, 76 young (77824K), 9 survivors (9216K)
 Metaspace       used 9128K, committed 10432K, reserved 16384K
}
Event: 371.109 GC heap after
{Heap after GC invocations=10 (full 0):
 garbage-first heap   total 131072K, used 18559K [0xc5c00000, 0xe5c00000)
  region size 1024K, 6 young (6144K), 6 survivors (6144K)
 Metaspace       used 9128K, committed 10432K, reserved 16384K
}
Event: 468.215 GC heap before
{Heap before GC invocations=10 (full 0):
 garbage-first heap   total 131072K, used 90239K [0xc5c00000, 0xe5c00000)
  region size 1024K, 76 young (77824K), 6 survivors (6144K)
 Metaspace       used 9396K, committed 10816K, reserved 16384K
}
Event: 468.255 GC heap after
{Heap after GC invocations=11 (full 0):
 garbage-first heap   total 131072K, used 20997K [0xc5c00000, 0xe5c00000)
  region size 1024K, 7 young (7168K), 7 survivors (7168K)
 Metaspace       used 9396K, committed 10816K, reserved 16384K
}
Event: 511.974 GC heap before
{Heap before GC invocations=11 (full 0):
 garbage-first heap   total 131072K, used 91653K [0xc5c00000, 0xe5c00000)
  region size 1024K, 76 young (77824K), 7 survivors (7168K)
 Metaspace       used 10379K, committed 11968K, reserved 16384K
}
Event: 512.030 GC heap after
{Heap after GC invocations=12 (full 0):
 garbage-first heap   total 131072K, used 24043K [0xc5c00000, 0xe5c00000)
  region size 1024K, 7 young (7168K), 7 survivors (7168K)
 Metaspace       used 10379K, committed 11968K, reserved 16384K
}

