# JRE version: OpenJDK Runtime Environment Zulu17.50+19-CA (17.0.11+9) (build 17.0.11+9-LTS)
# Java VM: OpenJDK Server VM Zulu17.50+19-CA (17.0.11+9-LTS, mixed mode, sharing, tiered, g1 gc, linux-x86)
Heap:
 garbage-first heap   total 131072K, used 39732K [0xc5c00000, 0xe5c00000)
  region size 1024K, 26 young (26624K), 5 survivors (5120K)
 Metaspace       used 8777K, committed 9792K, reserved 16384K
GC Heap History (16 events):
Event: 50.798 GC heap before
{Heap before GC invocations=0 (full 0):
 garbage-first heap   total 131072K, used 12288K [0xc5c00000, 0xe5c00000)
  region size 1024K, 13 young (13312K), 0 survivors (0K)
 Metaspace       used 1848K, committed 1920K, reserved 16384K
}
Event: 50.813 GC heap after
{Heap after GC invocations=1 (full 0):
 garbage-first heap   total 131072K, used 2048K [0xc5c00000, 0xe5c00000)
  region size 1024K, 2 young (2048K), 2 survivors (2048K)
 Metaspace       used 1848K, committed 1920K, reserved 16384K
}
Event: 57.772 GC heap before
{Heap before GC invocations=1 (full 0):
 garbage-first heap   total 131072K, used 19456K [0xc5c00000, 0xe5c00000)
  region size 1024K, 19 young (19456K), 2 survivors (2048K)
 Metaspace       used 3324K, committed 3520K, reserved 16384K
}
Event: 57.801 GC heap after
{Heap after GC invocations=2 (full 0):
 garbage-first heap   total 131072K, used 2936K [0xc5c00000, 0xe5c00000)
  region size 1024K, 1 young (1024K), 1 survivors (1024K)
 Metaspace       used 3324K, committed 3520K, reserved 16384K
}
Event: 85.049 GC heap before
{Heap before GC invocations=2 (full 0):
 garbage-first heap   total 131072K, used 79736K [0xc5c00000, 0xe5c00000)
  region size 1024K, 76 young (77824K), 1 survivors (1024K)
 Metaspace       used 5700K, committed 6208K, reserved 16384K
}
Event: 85.095 GC heap after
{Heap after GC invocations=3 (full 0):
 garbage-first heap   total 131072K, used 6831K [0xc5c00000, 0xe5c00000)
  region size 1024K, 5 young (5120K), 5 survivors (5120K)
 Metaspace       used 5700K, committed 6208K, reserved 16384K
}
Event: 162.957 GC heap before
{Heap before GC invocations=3 (full 0):
 garbage-first heap   total 131072K, used 79535K [0xc5c00000, 0xe5c00000)
  region size 1024K, 76 young (77824K), 5 survivors (5120K)
 Metaspace       used 7457K, committed 8256K, reserved 16384K
}
Event: 163.019 GC heap after
{Heap after GC invocations=4 (full 0):
 garbage-first heap   total 131072K, used 10479K [0xc5c00000, 0xe5c00000)
  region size 1024K, 9 young (9216K), 9 survivors (9216K)
 Metaspace       used 7457K, committed 8256K, reserved 16384K
}
Event: 283.861 GC heap before
{Heap before GC invocations=4 (full 0):
 garbage-first heap   total 131072K, used 79087K [0xc5c00000, 0xe5c00000)
  region size 1024K, 76 young (77824K), 9 survivors (9216K)
 Metaspace       used 8240K, committed 9152K, reserved 16384K
}
Event: 283.905 GC heap after
{Heap after GC invocations=5 (full 0):
 garbage-first heap   total 131072K, used 13535K [0xc5c00000, 0xe5c00000)
  region size 1024K, 7 young (7168K), 7 survivors (7168K)
 Metaspace       used 8240K, committed 9152K, reserved 16384K
}
Event: 493.391 GC heap before
{Heap before GC invocations=5 (full 0):
 garbage-first heap   total 131072K, used 84191K [0xc5c00000, 0xe5c00000)
  region size 1024K, 76 young (77824K), 7 survivors (7168K)
 Metaspace       used 8637K, committed 9600K, reserved 16384K
}
Event: 493.483 GC heap after
{Heap after GC invocations=6 (full 0):
 garbage-first heap   total 131072K, used 15820K [0xc5c00000, 0xe5c00000)
  region size 1024K, 6 young (6144K), 6 survivors (6144K)
 Metaspace       used 8637K, committed 9600K, reserved 16384K
}
Event: 1020.955 GC heap before
{Heap before GC invocations=6 (full 0):
 garbage-first heap   total 131072K, used 87500K [0xc5c00000, 0xe5c00000)
  region size 1024K, 76 young (77824K), 6 survivors (6144K)
 Metaspace       used 8736K, committed 9728K, reserved 16384K
}
Event: 1021.017 GC heap after
{Heap after GC invocations=7 (full 0):
 garbage-first heap   total 131072K, used 18247K [0xc5c00000, 0xe5c00000)
  region size 1024K, 5 young (5120K), 5 survivors (5120K)
 Metaspace       used 8736K, committed 9728K, reserved 16384K
}
Event: 4523.942 GC heap before
{Heap before GC invocations=7 (full 0):
 garbage-first heap   total 131072K, used 90951K [0xc5c00000, 0xe5c00000)
  region size 1024K, 76 young (77824K), 5 survivors (5120K)
 Metaspace       used 8770K, committed 9792K, reserved 16384K
}
Event: 4523.999 GC heap after
{Heap after GC invocations=8 (full 0):
 garbage-first heap   total 131072K, used 18228K [0xc5c00000, 0xe5c00000)
  region size 1024K, 5 young (5120K), 5 survivors (5120K)
 Metaspace       used 8770K, committed 9792K, reserved 16384K
}

