# JRE version: OpenJDK Runtime Environment Zulu17.50+19-CA (17.0.11+9) (build 17.0.11+9-LTS)
# Java VM: OpenJDK Server VM Zulu17.50+19-CA (17.0.11+9-LTS, mixed mode, sharing, tiered, g1 gc, linux-x86)
Heap:
 garbage-first heap   total 131072K, used 14189K [0xc5c00000, 0xe5c00000)
  region size 1024K, 13 young (13312K), 2 survivors (2048K)
 Metaspace       used 3368K, committed 3584K, reserved 16384K
GC Heap History (8 events):
Event: 34.640 GC heap before
{Heap before GC invocations=0 (full 0):
 garbage-first heap   total 131072K, used 12288K [0xc5c00000, 0xe5c00000)
  region size 1024K, 13 young (13312K), 0 survivors (0K)
 Metaspace       used 1907K, committed 2048K, reserved 16384K
}
Event: 34.715 GC heap after
{Heap after GC invocations=1 (full 0):
 garbage-first heap   total 131072K, used 1855K [0xc5c00000, 0xe5c00000)
  region size 1024K, 2 young (2048K), 2 survivors (2048K)
 Metaspace       used 1907K, committed 2048K, reserved 16384K
}
Event: 379.386 GC heap before
{Heap before GC invocations=1 (full 0):
 garbage-first heap   total 131072K, used 19263K [0xc5c00000, 0xe5c00000)
  region size 1024K, 19 young (19456K), 2 survivors (2048K)
 Metaspace       used 3081K, committed 3264K, reserved 16384K
}
Event: 379.436 GC heap after
{Heap after GC invocations=2 (full 0):
 garbage-first heap   total 131072K, used 2722K [0xc5c00000, 0xe5c00000)
  region size 1024K, 1 young (1024K), 1 survivors (1024K)
 Metaspace       used 3081K, committed 3264K, reserved 16384K
}
Event: 935.902 GC heap before
{Heap before GC invocations=2 (full 0):
 garbage-first heap   total 131072K, used 37538K [0xc5c00000, 0xe5c00000)
  region size 1024K, 35 young (35840K), 1 survivors (1024K)
 Metaspace       used 3118K, committed 3328K, reserved 16384K
}
Event: 935.920 GC heap after
{Heap after GC invocations=3 (full 0):
 garbage-first heap   total 131072K, used 2731K [0xc5c00000, 0xe5c00000)
  region size 1024K, 1 young (1024K), 1 survivors (1024K)
 Metaspace       used 3118K, committed 3328K, reserved 16384K
}
Event: 3733.552 GC heap before
{Heap before GC invocations=3 (full 0):
 garbage-first heap   total 131072K, used 79531K [0xc5c00000, 0xe5c00000)
  region size 1024K, 76 young (77824K), 1 survivors (1024K)
 Metaspace       used 3358K, committed 3584K, reserved 16384K
}
Event: 3733.567 GC heap after
{Heap after GC invocations=4 (full 0):
 garbage-first heap   total 131072K, used 2925K [0xc5c00000, 0xe5c00000)
  region size 1024K, 2 young (2048K), 2 survivors (2048K)
 Metaspace       used 3358K, committed 3584K, reserved 16384K
}

