# JRE version: OpenJDK Runtime Environment Zulu17.50+19-CA (17.0.11+9) (build 17.0.11+9-LTS)
# Java VM: OpenJDK Server VM Zulu17.50+19-CA (17.0.11+9-LTS, mixed mode, sharing, tiered, g1 gc, linux-x86)
Heap:
 garbage-first heap   total 131072K, used 58816K [0xc5c00000, 0xe5c00000)
  region size 1024K, 56 young (57344K), 1 survivors (1024K)
 Metaspace       used 3559K, committed 3840K, reserved 16384K
GC Heap History (20 events):
Event: 11544.815 GC heap before
{Heap before GC invocations=9 (full 0):
 garbage-first heap   total 131072K, used 79366K [0xc5c00000, 0xe5c00000)
  region size 1024K, 76 young (77824K), 2 survivors (2048K)
 Metaspace       used 3539K, committed 3840K, reserved 16384K
}
Event: 11544.841 GC heap after
{Heap after GC invocations=10 (full 0):
 garbage-first heap   total 131072K, used 3769K [0xc5c00000, 0xe5c00000)
  region size 1024K, 2 young (2048K), 2 survivors (2048K)
 Metaspace       used 3539K, committed 3840K, reserved 16384K
}
Event: 13156.194 GC heap before
{Heap before GC invocations=10 (full 0):
 garbage-first heap   total 131072K, used 79545K [0xc5c00000, 0xe5c00000)
  region size 1024K, 76 young (77824K), 2 survivors (2048K)
 Metaspace       used 3542K, committed 3840K, reserved 16384K
}
Event: 13156.269 GC heap after
{Heap after GC invocations=11 (full 0):
 garbage-first heap   total 131072K, used 3766K [0xc5c00000, 0xe5c00000)
  region size 1024K, 2 young (2048K), 2 survivors (2048K)
 Metaspace       used 3542K, committed 3840K, reserved 16384K
}
Event: 14714.876 GC heap before
{Heap before GC invocations=11 (full 0):
 garbage-first heap   total 131072K, used 79542K [0xc5c00000, 0xe5c00000)
  region size 1024K, 76 young (77824K), 2 survivors (2048K)
 Metaspace       used 3542K, committed 3840K, reserved 16384K
}
Event: 14714.925 GC heap after
{Heap after GC invocations=12 (full 0):
 garbage-first heap   total 131072K, used 3606K [0xc5c00000, 0xe5c00000)
  region size 1024K, 2 young (2048K), 2 survivors (2048K)
 Metaspace       used 3542K, committed 3840K, reserved 16384K
}
Event: 16537.756 GC heap before
{Heap before GC invocations=12 (full 0):
 garbage-first heap   total 131072K, used 79382K [0xc5c00000, 0xe5c00000)
  region size 1024K, 76 young (77824K), 2 survivors (2048K)
 Metaspace       used 3542K, committed 3840K, reserved 16384K
}
Event: 16537.780 GC heap after
{Heap after GC invocations=13 (full 0):
 garbage-first heap   total 131072K, used 3677K [0xc5c00000, 0xe5c00000)
  region size 1024K, 2 young (2048K), 2 survivors (2048K)
 Metaspace       used 3542K, committed 3840K, reserved 16384K
}
Event: 18287.778 GC heap before
{Heap before GC invocations=13 (full 0):
 garbage-first heap   total 131072K, used 79453K [0xc5c00000, 0xe5c00000)
  region size 1024K, 76 young (77824K), 2 survivors (2048K)
 Metaspace       used 3546K, committed 3840K, reserved 16384K
}
Event: 18287.790 GC heap after
{Heap after GC invocations=14 (full 0):
 garbage-first heap   total 131072K, used 3751K [0xc5c00000, 0xe5c00000)
  region size 1024K, 2 young (2048K), 2 survivors (2048K)
 Metaspace       used 3546K, committed 3840K, reserved 16384K
}
Event: 20378.176 GC heap before
{Heap before GC invocations=14 (full 0):
 garbage-first heap   total 131072K, used 79527K [0xc5c00000, 0xe5c00000)
  region size 1024K, 76 young (77824K), 2 survivors (2048K)
 Metaspace       used 3546K, committed 3840K, reserved 16384K
}
Event: 20378.239 GC heap after
{Heap after GC invocations=15 (full 0):
 garbage-first heap   total 131072K, used 3594K [0xc5c00000, 0xe5c00000)
  region size 1024K, 2 young (2048K), 2 survivors (2048K)
 Metaspace       used 3546K, committed 3840K, reserved 16384K
}
Event: 22622.461 GC heap before
{Heap before GC invocations=15 (full 0):
 garbage-first heap   total 131072K, used 79370K [0xc5c00000, 0xe5c00000)
  region size 1024K, 76 young (77824K), 2 survivors (2048K)
 Metaspace       used 3546K, committed 3840K, reserved 16384K
}
Event: 22622.469 GC heap after
{Heap after GC invocations=16 (full 0):
 garbage-first heap   total 131072K, used 3585K [0xc5c00000, 0xe5c00000)
  region size 1024K, 2 young (2048K), 2 survivors (2048K)
 Metaspace       used 3546K, committed 3840K, reserved 16384K
}
Event: 24840.619 GC heap before
{Heap before GC invocations=16 (full 0):
 garbage-first heap   total 131072K, used 79361K [0xc5c00000, 0xe5c00000)
  region size 1024K, 76 young (77824K), 2 survivors (2048K)
 Metaspace       used 3546K, committed 3840K, reserved 16384K
}
Event: 24840.648 GC heap after
{Heap after GC invocations=17 (full 0):
 garbage-first heap   total 131072K, used 3504K [0xc5c00000, 0xe5c00000)
  region size 1024K, 1 young (1024K), 1 survivors (1024K)
 Metaspace       used 3546K, committed 3840K, reserved 16384K
}
Event: 27257.210 GC heap before
{Heap before GC invocations=17 (full 0):
 garbage-first heap   total 131072K, used 80304K [0xc5c00000, 0xe5c00000)
  region size 1024K, 76 young (77824K), 1 survivors (1024K)
 Metaspace       used 3557K, committed 3840K, reserved 16384K
}
Event: 27257.254 GC heap after
{Heap after GC invocations=18 (full 0):
 garbage-first heap   total 131072K, used 3588K [0xc5c00000, 0xe5c00000)
  region size 1024K, 1 young (1024K), 1 survivors (1024K)
 Metaspace       used 3557K, committed 3840K, reserved 16384K
}
Event: 30029.358 GC heap before
{Heap before GC invocations=18 (full 0):
 garbage-first heap   total 131072K, used 80388K [0xc5c00000, 0xe5c00000)
  region size 1024K, 76 young (77824K), 1 survivors (1024K)
 Metaspace       used 3557K, committed 3840K, reserved 16384K
}
Event: 30029.387 GC heap after
{Heap after GC invocations=19 (full 0):
 garbage-first heap   total 131072K, used 3518K [0xc5c00000, 0xe5c00000)
  region size 1024K, 1 young (1024K), 1 survivors (1024K)
 Metaspace       used 3557K, committed 3840K, reserved 16384K
}

