# JRE version: OpenJDK Runtime Environment Zulu17.50+19-CA (17.0.11+9) (build 17.0.11+9-LTS)
# Java VM: OpenJDK Server VM Zulu17.50+19-CA (17.0.11+9-LTS, mixed mode, sharing, tiered, g1 gc, linux-x86)
Heap:
 garbage-first heap   total 131072K, used 22025K [0xc5c00000, 0xe5c00000)
  region size 1024K, 21 young (21504K), 6 survivors (6144K)
 Metaspace       used 5738K, committed 6464K, reserved 16384K
GC Heap History (8 events):
Event: 72.460 GC heap before
{Heap before GC invocations=0 (full 0):
 garbage-first heap   total 131072K, used 12288K [0xc5c00000, 0xe5c00000)
  region size 1024K, 13 young (13312K), 0 survivors (0K)
 Metaspace       used 2119K, committed 2304K, reserved 16384K
}
Event: 72.536 GC heap after
{Heap after GC invocations=1 (full 0):
 garbage-first heap   total 131072K, used 1828K [0xc5c00000, 0xe5c00000)
  region size 1024K, 2 young (2048K), 2 survivors (2048K)
 Metaspace       used 2119K, committed 2304K, reserved 16384K
}
Event: 111.482 GC heap before
{Heap before GC invocations=1 (full 0):
 garbage-first heap   total 131072K, used 19236K [0xc5c00000, 0xe5c00000)
  region size 1024K, 19 young (19456K), 2 survivors (2048K)
 Metaspace       used 3526K, committed 3776K, reserved 16384K
}
Event: 111.524 GC heap after
{Heap after GC invocations=2 (full 0):
 garbage-first heap   total 131072K, used 3213K [0xc5c00000, 0xe5c00000)
  region size 1024K, 2 young (2048K), 2 survivors (2048K)
 Metaspace       used 3526K, committed 3776K, reserved 16384K
}
Event: 211.893 GC heap before
{Heap before GC invocations=2 (full 0):
 garbage-first heap   total 131072K, used 78989K [0xc5c00000, 0xe5c00000)
  region size 1024K, 76 young (77824K), 2 survivors (2048K)
 Metaspace       used 4841K, committed 5504K, reserved 16384K
}
Event: 211.909 GC heap after
{Heap after GC invocations=3 (full 0):
 garbage-first heap   total 131072K, used 5843K [0xc5c00000, 0xe5c00000)
  region size 1024K, 4 young (4096K), 4 survivors (4096K)
 Metaspace       used 4841K, committed 5504K, reserved 16384K
}
Event: 540.200 GC heap before
{Heap before GC invocations=3 (full 0):
 garbage-first heap   total 131072K, used 79571K [0xc5c00000, 0xe5c00000)
  region size 1024K, 76 young (77824K), 4 survivors (4096K)
 Metaspace       used 5726K, committed 6464K, reserved 16384K
}
Event: 540.268 GC heap after
{Heap after GC invocations=4 (full 0):
 garbage-first heap   total 131072K, used 7687K [0xc5c00000, 0xe5c00000)
  region size 1024K, 6 young (6144K), 6 survivors (6144K)
 Metaspace       used 5726K, committed 6464K, reserved 16384K
}

