# JRE version: OpenJDK Runtime Environment Zulu17.50+19-CA (17.0.11+9) (build 17.0.11+9-LTS)
# Java VM: OpenJDK Server VM Zulu17.50+19-CA (17.0.11+9-LTS, mixed mode, sharing, tiered, g1 gc, linux-x86)
Heap:
 garbage-first heap   total 131072K, used 64463K [0xc5c00000, 0xe5c00000)
  region size 1024K, 56 young (57344K), 5 survivors (5120K)
 Metaspace       used 8206K, committed 9280K, reserved 16384K
GC Heap History (14 events):
Event: 84.244 GC heap before
{Heap before GC invocations=0 (full 0):
 garbage-first heap   total 131072K, used 12288K [0xc5c00000, 0xe5c00000)
  region size 1024K, 13 young (13312K), 0 survivors (0K)
 Metaspace       used 2896K, committed 3136K, reserved 16384K
}
Event: 84.272 GC heap after
{Heap after GC invocations=1 (full 0):
 garbage-first heap   total 131072K, used 2456K [0xc5c00000, 0xe5c00000)
  region size 1024K, 2 young (2048K), 2 survivors (2048K)
 Metaspace       used 2896K, committed 3136K, reserved 16384K
}
Event: 114.598 GC heap before
{Heap before GC invocations=1 (full 0):
 garbage-first heap   total 131072K, used 18840K [0xc5c00000, 0xe5c00000)
  region size 1024K, 18 young (18432K), 2 survivors (2048K)
 Metaspace       used 4083K, committed 4416K, reserved 16384K
}
Event: 114.611 GC heap after
{Heap after GC invocations=2 (full 0):
 garbage-first heap   total 131072K, used 3555K [0xc5c00000, 0xe5c00000)
  region size 1024K, 2 young (2048K), 2 survivors (2048K)
 Metaspace       used 4083K, committed 4416K, reserved 16384K
}
Event: 187.519 GC heap before
{Heap before GC invocations=2 (full 0):
 garbage-first heap   total 131072K, used 39395K [0xc5c00000, 0xe5c00000)
  region size 1024K, 37 young (37888K), 2 survivors (2048K)
 Metaspace       used 4711K, committed 5184K, reserved 16384K
}
Event: 187.540 GC heap after
{Heap after GC invocations=3 (full 0):
 garbage-first heap   total 131072K, used 5071K [0xc5c00000, 0xe5c00000)
  region size 1024K, 3 young (3072K), 3 survivors (3072K)
 Metaspace       used 4711K, committed 5184K, reserved 16384K
}
Event: 253.979 GC heap before
{Heap before GC invocations=3 (full 0):
 garbage-first heap   total 131072K, used 79823K [0xc5c00000, 0xe5c00000)
  region size 1024K, 76 young (77824K), 3 survivors (3072K)
 Metaspace       used 5851K, committed 6464K, reserved 16384K
}
Event: 254.023 GC heap after
{Heap after GC invocations=4 (full 0):
 garbage-first heap   total 131072K, used 7702K [0xc5c00000, 0xe5c00000)
  region size 1024K, 6 young (6144K), 6 survivors (6144K)
 Metaspace       used 5851K, committed 6464K, reserved 16384K
}
Event: 265.395 GC heap before
{Heap before GC invocations=4 (full 0):
 garbage-first heap   total 131072K, used 79382K [0xc5c00000, 0xe5c00000)
  region size 1024K, 76 young (77824K), 6 survivors (6144K)
 Metaspace       used 6431K, committed 7168K, reserved 16384K
}
Event: 265.412 GC heap after
{Heap after GC invocations=5 (full 0):
 garbage-first heap   total 131072K, used 8945K [0xc5c00000, 0xe5c00000)
  region size 1024K, 7 young (7168K), 7 survivors (7168K)
 Metaspace       used 6431K, committed 7168K, reserved 16384K
}
Event: 381.585 GC heap before
{Heap before GC invocations=5 (full 0):
 garbage-first heap   total 131072K, used 79601K [0xc5c00000, 0xe5c00000)
  region size 1024K, 76 young (77824K), 7 survivors (7168K)
 Metaspace       used 7513K, committed 8448K, reserved 16384K
}
Event: 381.619 GC heap after
{Heap after GC invocations=6 (full 0):
 garbage-first heap   total 131072K, used 11195K [0xc5c00000, 0xe5c00000)
  region size 1024K, 8 young (8192K), 8 survivors (8192K)
 Metaspace       used 7513K, committed 8448K, reserved 16384K
}
Event: 395.538 GC heap before
{Heap before GC invocations=6 (full 0):
 garbage-first heap   total 131072K, used 80827K [0xc5c00000, 0xe5c00000)
  region size 1024K, 76 young (77824K), 8 survivors (8192K)
 Metaspace       used 7845K, committed 8832K, reserved 16384K
}
Event: 395.574 GC heap after
{Heap after GC invocations=7 (full 0):
 garbage-first heap   total 131072K, used 12239K [0xc5c00000, 0xe5c00000)
  region size 1024K, 5 young (5120K), 5 survivors (5120K)
 Metaspace       used 7845K, committed 8832K, reserved 16384K
}

