# JRE version: OpenJDK Runtime Environment Zulu17.50+19-CA (17.0.11+9) (build 17.0.11+9-LTS)
# Java VM: OpenJDK Server VM Zulu17.50+19-CA (17.0.11+9-LTS, mixed mode, sharing, tiered, g1 gc, linux-x86)
Heap:
 garbage-first heap   total 131072K, used 29612K [0xc5c00000, 0xe5c00000)
  region size 1024K, 11 young (11264K), 7 survivors (7168K)
 Metaspace       used 10557K, committed 12032K, reserved 16384K
GC Heap History (20 events):
Event: 117.679 GC heap before
{Heap before GC invocations=3 (full 0):
 garbage-first heap   total 131072K, used 80246K [0xc5c00000, 0xe5c00000)
  region size 1024K, 76 young (77824K), 4 survivors (4096K)
 Metaspace       used 5659K, committed 6336K, reserved 16384K
}
Event: 117.778 GC heap after
{Heap after GC invocations=4 (full 0):
 garbage-first heap   total 131072K, used 7562K [0xc5c00000, 0xe5c00000)
  region size 1024K, 5 young (5120K), 5 survivors (5120K)
 Metaspace       used 5659K, committed 6336K, reserved 16384K
}
Event: 133.733 GC heap before
{Heap before GC invocations=4 (full 0):
 garbage-first heap   total 131072K, used 80266K [0xc5c00000, 0xe5c00000)
  region size 1024K, 76 young (77824K), 5 survivors (5120K)
 Metaspace       used 6378K, committed 7232K, reserved 16384K
}
Event: 133.770 GC heap after
{Heap after GC invocations=5 (full 0):
 garbage-first heap   total 131072K, used 9281K [0xc5c00000, 0xe5c00000)
  region size 1024K, 7 young (7168K), 7 survivors (7168K)
 Metaspace       used 6378K, committed 7232K, reserved 16384K
}
Event: 200.850 GC heap before
{Heap before GC invocations=5 (full 0):
 garbage-first heap   total 131072K, used 79937K [0xc5c00000, 0xe5c00000)
  region size 1024K, 76 young (77824K), 7 survivors (7168K)
 Metaspace       used 8205K, committed 9280K, reserved 16384K
}
Event: 200.881 GC heap after
{Heap after GC invocations=6 (full 0):
 garbage-first heap   total 131072K, used 13150K [0xc5c00000, 0xe5c00000)
  region size 1024K, 9 young (9216K), 9 survivors (9216K)
 Metaspace       used 8205K, committed 9280K, reserved 16384K
}
Event: 306.677 GC heap before
{Heap before GC invocations=6 (full 0):
 garbage-first heap   total 131072K, used 81758K [0xc5c00000, 0xe5c00000)
  region size 1024K, 76 young (77824K), 9 survivors (9216K)
 Metaspace       used 8383K, committed 9472K, reserved 16384K
}
Event: 306.795 GC heap after
{Heap after GC invocations=7 (full 0):
 garbage-first heap   total 131072K, used 15954K [0xc5c00000, 0xe5c00000)
  region size 1024K, 7 young (7168K), 7 survivors (7168K)
 Metaspace       used 8383K, committed 9472K, reserved 16384K
}
Event: 339.674 GC heap before
{Heap before GC invocations=7 (full 0):
 garbage-first heap   total 131072K, used 86610K [0xc5c00000, 0xe5c00000)
  region size 1024K, 76 young (77824K), 7 survivors (7168K)
 Metaspace       used 9081K, committed 10368K, reserved 16384K
}
Event: 339.711 GC heap after
{Heap after GC invocations=8 (full 0):
 garbage-first heap   total 131072K, used 17111K [0xc5c00000, 0xe5c00000)
  region size 1024K, 4 young (4096K), 4 survivors (4096K)
 Metaspace       used 9081K, committed 10368K, reserved 16384K
}
Event: 416.452 GC heap before
{Heap before GC invocations=8 (full 0):
 garbage-first heap   total 131072K, used 90839K [0xc5c00000, 0xe5c00000)
  region size 1024K, 76 young (77824K), 4 survivors (4096K)
 Metaspace       used 9424K, committed 10752K, reserved 16384K
}
Event: 416.484 GC heap after
{Heap after GC invocations=9 (full 0):
 garbage-first heap   total 131072K, used 19159K [0xc5c00000, 0xe5c00000)
  region size 1024K, 6 young (6144K), 6 survivors (6144K)
 Metaspace       used 9424K, committed 10752K, reserved 16384K
}
Event: 428.555 GC heap before
{Heap before GC invocations=9 (full 0):
 garbage-first heap   total 131072K, used 90839K [0xc5c00000, 0xe5c00000)
  region size 1024K, 76 young (77824K), 6 survivors (6144K)
 Metaspace       used 9563K, committed 10944K, reserved 16384K
}
Event: 428.618 GC heap after
{Heap after GC invocations=10 (full 0):
 garbage-first heap   total 131072K, used 19536K [0xc5c00000, 0xe5c00000)
  region size 1024K, 5 young (5120K), 5 survivors (5120K)
 Metaspace       used 9563K, committed 10944K, reserved 16384K
}
Event: 441.737 GC heap before
{Heap before GC invocations=10 (full 0):
 garbage-first heap   total 131072K, used 92240K [0xc5c00000, 0xe5c00000)
  region size 1024K, 76 young (77824K), 5 survivors (5120K)
 Metaspace       used 10027K, committed 11456K, reserved 16384K
}
Event: 441.749 GC heap after
{Heap after GC invocations=11 (full 0):
 garbage-first heap   total 131072K, used 20735K [0xc5c00000, 0xe5c00000)
  region size 1024K, 6 young (6144K), 6 survivors (6144K)
 Metaspace       used 10027K, committed 11456K, reserved 16384K
}
Event: 535.268 GC heap before
{Heap before GC invocations=11 (full 0):
 garbage-first heap   total 131072K, used 92415K [0xc5c00000, 0xe5c00000)
  region size 1024K, 76 young (77824K), 6 survivors (6144K)
 Metaspace       used 10352K, committed 11776K, reserved 16384K
}
Event: 535.304 GC heap after
{Heap after GC invocations=12 (full 0):
 garbage-first heap   total 131072K, used 24828K [0xc5c00000, 0xe5c00000)
  region size 1024K, 8 young (8192K), 8 survivors (8192K)
 Metaspace       used 10352K, committed 11776K, reserved 16384K
}
Event: 3914.697 GC heap before
{Heap before GC invocations=12 (full 0):
 garbage-first heap   total 131072K, used 94460K [0xc5c00000, 0xe5c00000)
  region size 1024K, 76 young (77824K), 8 survivors (8192K)
 Metaspace       used 10555K, committed 12032K, reserved 16384K
}
Event: 3914.735 GC heap after
{Heap after GC invocations=13 (full 0):
 garbage-first heap   total 131072K, used 26538K [0xc5c00000, 0xe5c00000)
  region size 1024K, 7 young (7168K), 7 survivors (7168K)
 Metaspace       used 10555K, committed 12032K, reserved 16384K
}

