# JRE version: OpenJDK Runtime Environment Zulu17.50+19-CA (17.0.11+9) (build 17.0.11+9-LTS)
# Java VM: OpenJDK Server VM Zulu17.50+19-CA (17.0.11+9-LTS, mixed mode, sharing, tiered, g1 gc, linux-x86)
Heap:
 garbage-first heap   total 131072K, used 12864K [0xc5c00000, 0xe5c00000)
  region size 1024K, 10 young (10240K), 8 survivors (8192K)
 Metaspace       used 7746K, committed 8640K, reserved 16384K
GC Heap History (8 events):
Event: 46.664 GC heap before
{Heap before GC invocations=0 (full 0):
 garbage-first heap   total 131072K, used 12288K [0xc5c00000, 0xe5c00000)
  region size 1024K, 13 young (13312K), 0 survivors (0K)
 Metaspace       used 2994K, committed 3200K, reserved 16384K
}
Event: 46.687 GC heap after
{Heap after GC invocations=1 (full 0):
 garbage-first heap   total 131072K, used 2506K [0xc5c00000, 0xe5c00000)
  region size 1024K, 2 young (2048K), 2 survivors (2048K)
 Metaspace       used 2994K, committed 3200K, reserved 16384K
}
Event: 65.015 GC heap before
{Heap before GC invocations=1 (full 0):
 garbage-first heap   total 131072K, used 16842K [0xc5c00000, 0xe5c00000)
  region size 1024K, 17 young (17408K), 2 survivors (2048K)
 Metaspace       used 3860K, committed 4160K, reserved 16384K
}
Event: 65.031 GC heap after
{Heap after GC invocations=2 (full 0):
 garbage-first heap   total 131072K, used 3797K [0xc5c00000, 0xe5c00000)
  region size 1024K, 1 young (1024K), 1 survivors (1024K)
 Metaspace       used 3860K, committed 4160K, reserved 16384K
}
Event: 251.186 GC heap before
{Heap before GC invocations=2 (full 0):
 garbage-first heap   total 131072K, used 80597K [0xc5c00000, 0xe5c00000)
  region size 1024K, 76 young (77824K), 1 survivors (1024K)
 Metaspace       used 6093K, committed 6784K, reserved 16384K
}
Event: 251.231 GC heap after
{Heap after GC invocations=3 (full 0):
 garbage-first heap   total 131072K, used 7313K [0xc5c00000, 0xe5c00000)
  region size 1024K, 5 young (5120K), 5 survivors (5120K)
 Metaspace       used 6093K, committed 6784K, reserved 16384K
}
Event: 4367.557 GC heap before
{Heap before GC invocations=3 (full 0):
 garbage-first heap   total 131072K, used 80017K [0xc5c00000, 0xe5c00000)
  region size 1024K, 76 young (77824K), 5 survivors (5120K)
 Metaspace       used 7743K, committed 8640K, reserved 16384K
}
Event: 4367.604 GC heap after
{Heap after GC invocations=4 (full 0):
 garbage-first heap   total 131072K, used 10816K [0xc5c00000, 0xe5c00000)
  region size 1024K, 8 young (8192K), 8 survivors (8192K)
 Metaspace       used 7743K, committed 8640K, reserved 16384K
}

