# JRE version: OpenJDK Runtime Environment Zulu17.50+19-CA (17.0.11+9) (build 17.0.11+9-LTS)
# Java VM: OpenJDK Server VM Zulu17.50+19-CA (17.0.11+9-LTS, mixed mode, sharing, tiered, g1 gc, linux-x86)
Heap:
 garbage-first heap   total 131072K, used 50834K [0xc5c00000, 0xe5c00000)
  region size 1024K, 40 young (40960K), 6 survivors (6144K)
 Metaspace       used 5136K, committed 5568K, reserved 16384K
GC Heap History (8 events):
Event: 137.648 GC heap before
{Heap before GC invocations=0 (full 0):
 garbage-first heap   total 131072K, used 12288K [0xc5c00000, 0xe5c00000)
  region size 1024K, 13 young (13312K), 0 survivors (0K)
 Metaspace       used 2918K, committed 3136K, reserved 16384K
}
Event: 137.691 GC heap after
{Heap after GC invocations=1 (full 0):
 garbage-first heap   total 131072K, used 2645K [0xc5c00000, 0xe5c00000)
  region size 1024K, 2 young (2048K), 2 survivors (2048K)
 Metaspace       used 2918K, committed 3136K, reserved 16384K
}
Event: 162.070 GC heap before
{Heap before GC invocations=1 (full 0):
 garbage-first heap   total 131072K, used 18005K [0xc5c00000, 0xe5c00000)
  region size 1024K, 17 young (17408K), 2 survivors (2048K)
 Metaspace       used 4356K, committed 4672K, reserved 16384K
}
Event: 162.090 GC heap after
{Heap after GC invocations=2 (full 0):
 garbage-first heap   total 131072K, used 4312K [0xc5c00000, 0xe5c00000)
  region size 1024K, 2 young (2048K), 2 survivors (2048K)
 Metaspace       used 4356K, committed 4672K, reserved 16384K
}
Event: 507.026 GC heap before
{Heap before GC invocations=2 (full 0):
 garbage-first heap   total 131072K, used 70872K [0xc5c00000, 0xe5c00000)
  region size 1024K, 67 young (68608K), 2 survivors (2048K)
 Metaspace       used 5073K, committed 5504K, reserved 16384K
}
Event: 507.076 GC heap after
{Heap after GC invocations=3 (full 0):
 garbage-first heap   total 131072K, used 11077K [0xc5c00000, 0xe5c00000)
  region size 1024K, 9 young (9216K), 9 survivors (9216K)
 Metaspace       used 5073K, committed 5504K, reserved 16384K
}
Event: 4282.047 GC heap before
{Heap before GC invocations=3 (full 0):
 garbage-first heap   total 131072K, used 79685K [0xc5c00000, 0xe5c00000)
  region size 1024K, 76 young (77824K), 9 survivors (9216K)
 Metaspace       used 5111K, committed 5504K, reserved 16384K
}
Event: 4282.119 GC heap after
{Heap after GC invocations=4 (full 0):
 garbage-first heap   total 131072K, used 17040K [0xc5c00000, 0xe5c00000)
  region size 1024K, 6 young (6144K), 6 survivors (6144K)
 Metaspace       used 5111K, committed 5504K, reserved 16384K
}

