# JRE version: OpenJDK Runtime Environment Zulu17.50+19-CA (17.0.11+9) (build 17.0.11+9-LTS)
# Java VM: OpenJDK Server VM Zulu17.50+19-CA (17.0.11+9-LTS, mixed mode, sharing, tiered, g1 gc, linux-x86)
Heap:
 garbage-first heap   total 131072K, used 23993K [0xc5c00000, 0xe5c00000)
  region size 1024K, 23 young (23552K), 2 survivors (2048K)
 Metaspace       used 3313K, committed 3520K, reserved 16384K
GC Heap History (8 events):
Event: 26.764 GC heap before
{Heap before GC invocations=0 (full 0):
 garbage-first heap   total 131072K, used 12288K [0xc5c00000, 0xe5c00000)
  region size 1024K, 13 young (13312K), 0 survivors (0K)
 Metaspace       used 1896K, committed 2048K, reserved 16384K
}
Event: 26.903 GC heap after
{Heap after GC invocations=1 (full 0):
 garbage-first heap   total 131072K, used 2253K [0xc5c00000, 0xe5c00000)
  region size 1024K, 2 young (2048K), 2 survivors (2048K)
 Metaspace       used 1896K, committed 2048K, reserved 16384K
}
Event: 184.525 GC heap before
{Heap before GC invocations=1 (full 0):
 garbage-first heap   total 131072K, used 18637K [0xc5c00000, 0xe5c00000)
  region size 1024K, 18 young (18432K), 2 survivors (2048K)
 Metaspace       used 3081K, committed 3264K, reserved 16384K
}
Event: 184.543 GC heap after
{Heap after GC invocations=2 (full 0):
 garbage-first heap   total 131072K, used 3089K [0xc5c00000, 0xe5c00000)
  region size 1024K, 2 young (2048K), 2 survivors (2048K)
 Metaspace       used 3081K, committed 3264K, reserved 16384K
}
Event: 8755.809 GC heap before
{Heap before GC invocations=2 (full 0):
 garbage-first heap   total 131072K, used 78865K [0xc5c00000, 0xe5c00000)
  region size 1024K, 76 young (77824K), 2 survivors (2048K)
 Metaspace       used 3306K, committed 3456K, reserved 16384K
}
Event: 8755.846 GC heap after
{Heap after GC invocations=3 (full 0):
 garbage-first heap   total 131072K, used 3568K [0xc5c00000, 0xe5c00000)
  region size 1024K, 2 young (2048K), 2 survivors (2048K)
 Metaspace       used 3306K, committed 3456K, reserved 16384K
}
Event: 21474.176 GC heap before
{Heap before GC invocations=3 (full 0):
 garbage-first heap   total 131072K, used 79344K [0xc5c00000, 0xe5c00000)
  region size 1024K, 76 young (77824K), 2 survivors (2048K)
 Metaspace       used 3309K, committed 3520K, reserved 16384K
}
Event: 21474.251 GC heap after
{Heap after GC invocations=4 (full 0):
 garbage-first heap   total 131072K, used 3511K [0xc5c00000, 0xe5c00000)
  region size 1024K, 2 young (2048K), 2 survivors (2048K)
 Metaspace       used 3309K, committed 3520K, reserved 16384K
}

