# JRE version: OpenJDK Runtime Environment Zulu17.50+19-CA (17.0.11+9) (build 17.0.11+9-LTS)
# Java VM: OpenJDK Server VM Zulu17.50+19-CA (17.0.11+9-LTS, mixed mode, sharing, tiered, g1 gc, linux-x86)
Heap:
 garbage-first heap   total 131072K, used 45462K [0xc5c00000, 0xe5c00000)
  region size 1024K, 29 young (29696K), 1 survivors (1024K)
 Metaspace       used 7095K, committed 7936K, reserved 16384K
GC Heap History (20 events):
Event: 77.308 GC heap before
{Heap before GC invocations=0 (full 0):
 garbage-first heap   total 131072K, used 12288K [0xc5c00000, 0xe5c00000)
  region size 1024K, 13 young (13312K), 0 survivors (0K)
 Metaspace       used 2339K, committed 2560K, reserved 16384K
}
Event: 77.375 GC heap after
{Heap after GC invocations=1 (full 0):
 garbage-first heap   total 131072K, used 1957K [0xc5c00000, 0xe5c00000)
  region size 1024K, 2 young (2048K), 2 survivors (2048K)
 Metaspace       used 2339K, committed 2560K, reserved 16384K
}
Event: 108.488 GC heap before
{Heap before GC invocations=1 (full 0):
 garbage-first heap   total 131072K, used 18341K [0xc5c00000, 0xe5c00000)
  region size 1024K, 19 young (19456K), 2 survivors (2048K)
 Metaspace       used 4093K, committed 4416K, reserved 16384K
}
Event: 108.513 GC heap after
{Heap after GC invocations=2 (full 0):
 garbage-first heap   total 131072K, used 3626K [0xc5c00000, 0xe5c00000)
  region size 1024K, 2 young (2048K), 2 survivors (2048K)
 Metaspace       used 4093K, committed 4416K, reserved 16384K
}
Event: 272.683 GC heap before
{Heap before GC invocations=2 (full 0):
 garbage-first heap   total 131072K, used 79402K [0xc5c00000, 0xe5c00000)
  region size 1024K, 76 young (77824K), 2 survivors (2048K)
 Metaspace       used 5471K, committed 6080K, reserved 16384K
}
Event: 272.722 GC heap after
{Heap after GC invocations=3 (full 0):
 garbage-first heap   total 131072K, used 5804K [0xc5c00000, 0xe5c00000)
  region size 1024K, 4 young (4096K), 4 survivors (4096K)
 Metaspace       used 5471K, committed 6080K, reserved 16384K
}
Event: 592.790 GC heap before
{Heap before GC invocations=3 (full 0):
 garbage-first heap   total 131072K, used 79532K [0xc5c00000, 0xe5c00000)
  region size 1024K, 76 young (77824K), 4 survivors (4096K)
 Metaspace       used 5625K, committed 6272K, reserved 16384K
}
Event: 592.815 GC heap after
{Heap after GC invocations=4 (full 0):
 garbage-first heap   total 131072K, used 7188K [0xc5c00000, 0xe5c00000)
  region size 1024K, 6 young (6144K), 6 survivors (6144K)
 Metaspace       used 5625K, committed 6272K, reserved 16384K
}
Event: 614.640 GC heap before
{Heap before GC invocations=4 (full 0):
 garbage-first heap   total 131072K, used 78868K [0xc5c00000, 0xe5c00000)
  region size 1024K, 76 young (77824K), 6 survivors (6144K)
 Metaspace       used 6814K, committed 7616K, reserved 16384K
}
Event: 614.724 GC heap after
{Heap after GC invocations=5 (full 0):
 garbage-first heap   total 131072K, used 11810K [0xc5c00000, 0xe5c00000)
  region size 1024K, 10 young (10240K), 10 survivors (10240K)
 Metaspace       used 6814K, committed 7616K, reserved 16384K
}
Event: 823.122 GC heap before
{Heap before GC invocations=5 (full 0):
 garbage-first heap   total 131072K, used 79394K [0xc5c00000, 0xe5c00000)
  region size 1024K, 76 young (77824K), 10 survivors (10240K)
 Metaspace       used 7060K, committed 7936K, reserved 16384K
}
Event: 823.207 GC heap after
{Heap after GC invocations=6 (full 0):
 garbage-first heap   total 131072K, used 16975K [0xc5c00000, 0xe5c00000)
  region size 1024K, 10 young (10240K), 10 survivors (10240K)
 Metaspace       used 7060K, committed 7936K, reserved 16384K
}
Event: 2395.151 GC heap before
{Heap before GC invocations=6 (full 0):
 garbage-first heap   total 131072K, used 84559K [0xc5c00000, 0xe5c00000)
  region size 1024K, 76 young (77824K), 10 survivors (10240K)
 Metaspace       used 7075K, committed 7936K, reserved 16384K
}
Event: 2395.218 GC heap after
{Heap after GC invocations=7 (full 0):
 garbage-first heap   total 131072K, used 18046K [0xc5c00000, 0xe5c00000)
  region size 1024K, 6 young (6144K), 6 survivors (6144K)
 Metaspace       used 7075K, committed 7936K, reserved 16384K
}
Event: 4458.964 GC heap before
{Heap before GC invocations=7 (full 0):
 garbage-first heap   total 131072K, used 89726K [0xc5c00000, 0xe5c00000)
  region size 1024K, 76 young (77824K), 6 survivors (6144K)
 Metaspace       used 7086K, committed 7936K, reserved 16384K
}
Event: 4459.031 GC heap after
{Heap after GC invocations=8 (full 0):
 garbage-first heap   total 131072K, used 18667K [0xc5c00000, 0xe5c00000)
  region size 1024K, 2 young (2048K), 2 survivors (2048K)
 Metaspace       used 7086K, committed 7936K, reserved 16384K
}
Event: 6632.011 GC heap before
{Heap before GC invocations=8 (full 0):
 garbage-first heap   total 131072K, used 94443K [0xc5c00000, 0xe5c00000)
  region size 1024K, 76 young (77824K), 2 survivors (2048K)
 Metaspace       used 7094K, committed 7936K, reserved 16384K
}
Event: 6632.044 GC heap after
{Heap after GC invocations=9 (full 0):
 garbage-first heap   total 131072K, used 17962K [0xc5c00000, 0xe5c00000)
  region size 1024K, 1 young (1024K), 1 survivors (1024K)
 Metaspace       used 7094K, committed 7936K, reserved 16384K
}
Event: 8841.025 GC heap before
{Heap before GC invocations=9 (full 0):
 garbage-first heap   total 131072K, used 94762K [0xc5c00000, 0xe5c00000)
  region size 1024K, 76 young (77824K), 1 survivors (1024K)
 Metaspace       used 7094K, committed 7936K, reserved 16384K
}
Event: 8841.101 GC heap after
{Heap after GC invocations=10 (full 0):
 garbage-first heap   total 131072K, used 17812K [0xc5c00000, 0xe5c00000)
  region size 1024K, 1 young (1024K), 1 survivors (1024K)
 Metaspace       used 7094K, committed 7936K, reserved 16384K
}

