# JRE version: OpenJDK Runtime Environment Zulu17.50+19-CA (17.0.11+9) (build 17.0.11+9-LTS)
# Java VM: OpenJDK Server VM Zulu17.50+19-CA (17.0.11+9-LTS, mixed mode, sharing, tiered, g1 gc, linux-x86)
Heap:
 garbage-first heap   total 131072K, used 50618K [0xc5c00000, 0xe5c00000)
  region size 1024K, 39 young (39936K), 5 survivors (5120K)
 Metaspace       used 8697K, committed 9920K, reserved 16384K
GC Heap History (20 events):
Event: 90.273 GC heap before
{Heap before GC invocations=0 (full 0):
 garbage-first heap   total 131072K, used 12288K [0xc5c00000, 0xe5c00000)
  region size 1024K, 13 young (13312K), 0 survivors (0K)
 Metaspace       used 2897K, committed 3136K, reserved 16384K
}
Event: 90.282 GC heap after
{Heap after GC invocations=1 (full 0):
 garbage-first heap   total 131072K, used 2448K [0xc5c00000, 0xe5c00000)
  region size 1024K, 2 young (2048K), 2 survivors (2048K)
 Metaspace       used 2897K, committed 3136K, reserved 16384K
}
Event: 126.773 GC heap before
{Heap before GC invocations=1 (full 0):
 garbage-first heap   total 131072K, used 18832K [0xc5c00000, 0xe5c00000)
  region size 1024K, 18 young (18432K), 2 survivors (2048K)
 Metaspace       used 4101K, committed 4416K, reserved 16384K
}
Event: 126.785 GC heap after
{Heap after GC invocations=2 (full 0):
 garbage-first heap   total 131072K, used 3725K [0xc5c00000, 0xe5c00000)
  region size 1024K, 2 young (2048K), 2 survivors (2048K)
 Metaspace       used 4101K, committed 4416K, reserved 16384K
}
Event: 224.364 GC heap before
{Heap before GC invocations=2 (full 0):
 garbage-first heap   total 131072K, used 40589K [0xc5c00000, 0xe5c00000)
  region size 1024K, 38 young (38912K), 2 survivors (2048K)
 Metaspace       used 5056K, committed 5504K, reserved 16384K
}
Event: 224.378 GC heap after
{Heap after GC invocations=3 (full 0):
 garbage-first heap   total 131072K, used 5297K [0xc5c00000, 0xe5c00000)
  region size 1024K, 3 young (3072K), 3 survivors (3072K)
 Metaspace       used 5056K, committed 5504K, reserved 16384K
}
Event: 301.067 GC heap before
{Heap before GC invocations=3 (full 0):
 garbage-first heap   total 131072K, used 80049K [0xc5c00000, 0xe5c00000)
  region size 1024K, 76 young (77824K), 3 survivors (3072K)
 Metaspace       used 5863K, committed 6464K, reserved 16384K
}
Event: 301.148 GC heap after
{Heap after GC invocations=4 (full 0):
 garbage-first heap   total 131072K, used 7894K [0xc5c00000, 0xe5c00000)
  region size 1024K, 6 young (6144K), 6 survivors (6144K)
 Metaspace       used 5863K, committed 6464K, reserved 16384K
}
Event: 314.703 GC heap before
{Heap before GC invocations=4 (full 0):
 garbage-first heap   total 131072K, used 79574K [0xc5c00000, 0xe5c00000)
  region size 1024K, 76 young (77824K), 6 survivors (6144K)
 Metaspace       used 6448K, committed 7232K, reserved 16384K
}
Event: 314.748 GC heap after
{Heap after GC invocations=5 (full 0):
 garbage-first heap   total 131072K, used 9129K [0xc5c00000, 0xe5c00000)
  region size 1024K, 7 young (7168K), 7 survivors (7168K)
 Metaspace       used 6448K, committed 7232K, reserved 16384K
}
Event: 444.975 GC heap before
{Heap before GC invocations=5 (full 0):
 garbage-first heap   total 131072K, used 79785K [0xc5c00000, 0xe5c00000)
  region size 1024K, 76 young (77824K), 7 survivors (7168K)
 Metaspace       used 7525K, committed 8512K, reserved 16384K
}
Event: 445.016 GC heap after
{Heap after GC invocations=6 (full 0):
 garbage-first heap   total 131072K, used 11666K [0xc5c00000, 0xe5c00000)
  region size 1024K, 8 young (8192K), 8 survivors (8192K)
 Metaspace       used 7525K, committed 8512K, reserved 16384K
}
Event: 459.734 GC heap before
{Heap before GC invocations=6 (full 0):
 garbage-first heap   total 131072K, used 81298K [0xc5c00000, 0xe5c00000)
  region size 1024K, 76 young (77824K), 8 survivors (8192K)
 Metaspace       used 7854K, committed 8896K, reserved 16384K
}
Event: 459.759 GC heap after
{Heap after GC invocations=7 (full 0):
 garbage-first heap   total 131072K, used 12740K [0xc5c00000, 0xe5c00000)
  region size 1024K, 5 young (5120K), 5 survivors (5120K)
 Metaspace       used 7854K, committed 8896K, reserved 16384K
}
Event: 7621.587 GC heap before
{Heap before GC invocations=7 (full 0):
 garbage-first heap   total 131072K, used 85444K [0xc5c00000, 0xe5c00000)
  region size 1024K, 76 young (77824K), 5 survivors (5120K)
 Metaspace       used 8262K, committed 9408K, reserved 16384K
}
Event: 7621.608 GC heap after
{Heap after GC invocations=8 (full 0):
 garbage-first heap   total 131072K, used 15279K [0xc5c00000, 0xe5c00000)
  region size 1024K, 8 young (8192K), 8 survivors (8192K)
 Metaspace       used 8262K, committed 9408K, reserved 16384K
}
Event: 9323.539 GC heap before
{Heap before GC invocations=8 (full 0):
 garbage-first heap   total 131072K, used 84911K [0xc5c00000, 0xe5c00000)
  region size 1024K, 76 young (77824K), 8 survivors (8192K)
 Metaspace       used 8692K, committed 9920K, reserved 16384K
}
Event: 9323.657 GC heap after
{Heap after GC invocations=9 (full 0):
 garbage-first heap   total 131072K, used 17046K [0xc5c00000, 0xe5c00000)
  region size 1024K, 6 young (6144K), 6 survivors (6144K)
 Metaspace       used 8692K, committed 9920K, reserved 16384K
}
Event: 9519.450 GC heap before
{Heap before GC invocations=9 (full 0):
 garbage-first heap   total 131072K, used 88726K [0xc5c00000, 0xe5c00000)
  region size 1024K, 76 young (77824K), 6 survivors (6144K)
 Metaspace       used 8696K, committed 9920K, reserved 16384K
}
Event: 9519.487 GC heap after
{Heap after GC invocations=10 (full 0):
 garbage-first heap   total 131072K, used 16824K [0xc5c00000, 0xe5c00000)
  region size 1024K, 5 young (5120K), 5 survivors (5120K)
 Metaspace       used 8696K, committed 9920K, reserved 16384K
}

