# JRE version: OpenJDK Runtime Environment Zulu17.50+19-CA (17.0.11+9) (build 17.0.11+9-LTS)
# Java VM: OpenJDK Server VM Zulu17.50+19-CA (17.0.11+9-LTS, mixed mode, sharing, tiered, g1 gc, linux-x86)
Heap:
 garbage-first heap   total 131072K, used 36477K [0xc5c00000, 0xe5c00000)
  region size 1024K, 34 young (34816K), 9 survivors (9216K)
 Metaspace       used 7473K, committed 8448K, reserved 16384K
GC Heap History (10 events):
Event: 53.475 GC heap before
{Heap before GC invocations=0 (full 0):
 garbage-first heap   total 131072K, used 12288K [0xc5c00000, 0xe5c00000)
  region size 1024K, 13 young (13312K), 0 survivors (0K)
 Metaspace       used 2757K, committed 2944K, reserved 16384K
}
Event: 53.497 GC heap after
{Heap after GC invocations=1 (full 0):
 garbage-first heap   total 131072K, used 2257K [0xc5c00000, 0xe5c00000)
  region size 1024K, 2 young (2048K), 2 survivors (2048K)
 Metaspace       used 2757K, committed 2944K, reserved 16384K
}
Event: 140.768 GC heap before
{Heap before GC invocations=1 (full 0):
 garbage-first heap   total 131072K, used 18641K [0xc5c00000, 0xe5c00000)
  region size 1024K, 18 young (18432K), 2 survivors (2048K)
 Metaspace       used 4445K, committed 4800K, reserved 16384K
}
Event: 140.800 GC heap after
{Heap after GC invocations=2 (full 0):
 garbage-first heap   total 131072K, used 3962K [0xc5c00000, 0xe5c00000)
  region size 1024K, 2 young (2048K), 2 survivors (2048K)
 Metaspace       used 4445K, committed 4800K, reserved 16384K
}
Event: 224.524 GC heap before
{Heap before GC invocations=2 (full 0):
 garbage-first heap   total 131072K, used 36730K [0xc5c00000, 0xe5c00000)
  region size 1024K, 34 young (34816K), 2 survivors (2048K)
 Metaspace       used 5341K, committed 5888K, reserved 16384K
}
Event: 224.539 GC heap after
{Heap after GC invocations=3 (full 0):
 garbage-first heap   total 131072K, used 5246K [0xc5c00000, 0xe5c00000)
  region size 1024K, 3 young (3072K), 3 survivors (3072K)
 Metaspace       used 5341K, committed 5888K, reserved 16384K
}
Event: 324.839 GC heap before
{Heap before GC invocations=3 (full 0):
 garbage-first heap   total 131072K, used 79998K [0xc5c00000, 0xe5c00000)
  region size 1024K, 76 young (77824K), 3 survivors (3072K)
 Metaspace       used 6598K, committed 7360K, reserved 16384K
}
Event: 324.929 GC heap after
{Heap after GC invocations=4 (full 0):
 garbage-first heap   total 131072K, used 7498K [0xc5c00000, 0xe5c00000)
  region size 1024K, 6 young (6144K), 6 survivors (6144K)
 Metaspace       used 6598K, committed 7360K, reserved 16384K
}
Event: 601.145 GC heap before
{Heap before GC invocations=4 (full 0):
 garbage-first heap   total 131072K, used 79178K [0xc5c00000, 0xe5c00000)
  region size 1024K, 76 young (77824K), 6 survivors (6144K)
 Metaspace       used 7434K, committed 8384K, reserved 16384K
}
Event: 601.269 GC heap after
{Heap after GC invocations=5 (full 0):
 garbage-first heap   total 131072K, used 10877K [0xc5c00000, 0xe5c00000)
  region size 1024K, 9 young (9216K), 9 survivors (9216K)
 Metaspace       used 7434K, committed 8384K, reserved 16384K
}

