# JRE version: OpenJDK Runtime Environment Zulu17.50+19-CA (17.0.11+9) (build 17.0.11+9-LTS)
# Java VM: OpenJDK Server VM Zulu17.50+19-CA (17.0.11+9-LTS, mixed mode, sharing, tiered, g1 gc, linux-x86)
Heap:
 garbage-first heap   total 131072K, used 15242K [0xc5c00000, 0xe5c00000)
  region size 1024K, 14 young (14336K), 3 survivors (3072K)
 Metaspace       used 3630K, committed 3904K, reserved 16384K
GC Heap History (10 events):
Event: 27.594 GC heap before
{Heap before GC invocations=0 (full 0):
 garbage-first heap   total 131072K, used 12288K [0xc5c00000, 0xe5c00000)
  region size 1024K, 13 young (13312K), 0 survivors (0K)
 Metaspace       used 1873K, committed 2048K, reserved 16384K
}
Event: 27.632 GC heap after
{Heap after GC invocations=1 (full 0):
 garbage-first heap   total 131072K, used 2270K [0xc5c00000, 0xe5c00000)
  region size 1024K, 2 young (2048K), 2 survivors (2048K)
 Metaspace       used 1873K, committed 2048K, reserved 16384K
}
Event: 30.720 GC heap before
{Heap before GC invocations=1 (full 0):
 garbage-first heap   total 131072K, used 18654K [0xc5c00000, 0xe5c00000)
  region size 1024K, 18 young (18432K), 2 survivors (2048K)
 Metaspace       used 2126K, committed 2240K, reserved 16384K
}
Event: 30.754 GC heap after
{Heap after GC invocations=2 (full 0):
 garbage-first heap   total 131072K, used 2347K [0xc5c00000, 0xe5c00000)
  region size 1024K, 1 young (1024K), 1 survivors (1024K)
 Metaspace       used 2126K, committed 2240K, reserved 16384K
}
Event: 1223.161 GC heap before
{Heap before GC invocations=2 (full 0):
 garbage-first heap   total 131072K, used 79147K [0xc5c00000, 0xe5c00000)
  region size 1024K, 76 young (77824K), 1 survivors (1024K)
 Metaspace       used 3478K, committed 3712K, reserved 16384K
}
Event: 1223.205 GC heap after
{Heap after GC invocations=3 (full 0):
 garbage-first heap   total 131072K, used 4004K [0xc5c00000, 0xe5c00000)
  region size 1024K, 3 young (3072K), 3 survivors (3072K)
 Metaspace       used 3478K, committed 3712K, reserved 16384K
}
Event: 2356.931 GC heap before
{Heap before GC invocations=3 (full 0):
 garbage-first heap   total 131072K, used 78756K [0xc5c00000, 0xe5c00000)
  region size 1024K, 76 young (77824K), 3 survivors (3072K)
 Metaspace       used 3518K, committed 3776K, reserved 16384K
}
Event: 2356.968 GC heap after
{Heap after GC invocations=4 (full 0):
 garbage-first heap   total 131072K, used 3968K [0xc5c00000, 0xe5c00000)
  region size 1024K, 3 young (3072K), 3 survivors (3072K)
 Metaspace       used 3518K, committed 3776K, reserved 16384K
}
Event: 3195.378 GC heap before
{Heap before GC invocations=4 (full 0):
 garbage-first heap   total 131072K, used 78720K [0xc5c00000, 0xe5c00000)
  region size 1024K, 76 young (77824K), 3 survivors (3072K)
 Metaspace       used 3533K, committed 3776K, reserved 16384K
}
Event: 3195.449 GC heap after
{Heap after GC invocations=5 (full 0):
 garbage-first heap   total 131072K, used 3978K [0xc5c00000, 0xe5c00000)
  region size 1024K, 3 young (3072K), 3 survivors (3072K)
 Metaspace       used 3533K, committed 3776K, reserved 16384K
}

