# JRE version: OpenJDK Runtime Environment Zulu17.50+19-CA (17.0.11+9) (build 17.0.11+9-LTS)
# Java VM: OpenJDK Server VM Zulu17.50+19-CA (17.0.11+9-LTS, mixed mode, sharing, tiered, g1 gc, linux-x86)
Heap:
 garbage-first heap   total 131072K, used 55127K [0xc5c00000, 0xe5c00000)
  region size 1024K, 53 young (54272K), 2 survivors (2048K)
 Metaspace       used 3602K, committed 3840K, reserved 16384K
GC Heap History (14 events):
Event: 29.496 GC heap before
{Heap before GC invocations=0 (full 0):
 garbage-first heap   total 131072K, used 12288K [0xc5c00000, 0xe5c00000)
  region size 1024K, 13 young (13312K), 0 survivors (0K)
 Metaspace       used 2082K, committed 2240K, reserved 16384K
}
Event: 29.792 GC heap after
{Heap after GC invocations=1 (full 0):
 garbage-first heap   total 131072K, used 2289K [0xc5c00000, 0xe5c00000)
  region size 1024K, 2 young (2048K), 2 survivors (2048K)
 Metaspace       used 2082K, committed 2240K, reserved 16384K
}
Event: 126.931 GC heap before
{Heap before GC invocations=1 (full 0):
 garbage-first heap   total 131072K, used 18673K [0xc5c00000, 0xe5c00000)
  region size 1024K, 18 young (18432K), 2 survivors (2048K)
 Metaspace       used 3203K, committed 3392K, reserved 16384K
}
Event: 126.954 GC heap after
{Heap after GC invocations=2 (full 0):
 garbage-first heap   total 131072K, used 3355K [0xc5c00000, 0xe5c00000)
  region size 1024K, 2 young (2048K), 2 survivors (2048K)
 Metaspace       used 3203K, committed 3392K, reserved 16384K
}
Event: 4020.012 GC heap before
{Heap before GC invocations=2 (full 0):
 garbage-first heap   total 131072K, used 67867K [0xc5c00000, 0xe5c00000)
  region size 1024K, 65 young (66560K), 2 survivors (2048K)
 Metaspace       used 3458K, committed 3648K, reserved 16384K
}
Event: 4020.039 GC heap after
{Heap after GC invocations=3 (full 0):
 garbage-first heap   total 131072K, used 3739K [0xc5c00000, 0xe5c00000)
  region size 1024K, 2 young (2048K), 2 survivors (2048K)
 Metaspace       used 3458K, committed 3648K, reserved 16384K
}
Event: 10023.437 GC heap before
{Heap before GC invocations=3 (full 0):
 garbage-first heap   total 131072K, used 79515K [0xc5c00000, 0xe5c00000)
  region size 1024K, 76 young (77824K), 2 survivors (2048K)
 Metaspace       used 3591K, committed 3840K, reserved 16384K
}
Event: 10023.457 GC heap after
{Heap after GC invocations=4 (full 0):
 garbage-first heap   total 131072K, used 3851K [0xc5c00000, 0xe5c00000)
  region size 1024K, 2 young (2048K), 2 survivors (2048K)
 Metaspace       used 3591K, committed 3840K, reserved 16384K
}
Event: 15939.189 GC heap before
{Heap before GC invocations=4 (full 0):
 garbage-first heap   total 131072K, used 79627K [0xc5c00000, 0xe5c00000)
  region size 1024K, 76 young (77824K), 2 survivors (2048K)
 Metaspace       used 3596K, committed 3840K, reserved 16384K
}
Event: 15939.212 GC heap after
{Heap after GC invocations=5 (full 0):
 garbage-first heap   total 131072K, used 3818K [0xc5c00000, 0xe5c00000)
  region size 1024K, 2 young (2048K), 2 survivors (2048K)
 Metaspace       used 3596K, committed 3840K, reserved 16384K
}
Event: 21862.814 GC heap before
{Heap before GC invocations=5 (full 0):
 garbage-first heap   total 131072K, used 79594K [0xc5c00000, 0xe5c00000)
  region size 1024K, 76 young (77824K), 2 survivors (2048K)
 Metaspace       used 3600K, committed 3840K, reserved 16384K
}
Event: 21862.842 GC heap after
{Heap after GC invocations=6 (full 0):
 garbage-first heap   total 131072K, used 3924K [0xc5c00000, 0xe5c00000)
  region size 1024K, 2 young (2048K), 2 survivors (2048K)
 Metaspace       used 3600K, committed 3840K, reserved 16384K
}
Event: 28041.084 GC heap before
{Heap before GC invocations=6 (full 0):
 garbage-first heap   total 131072K, used 79700K [0xc5c00000, 0xe5c00000)
  region size 1024K, 76 young (77824K), 2 survivors (2048K)
 Metaspace       used 3600K, committed 3840K, reserved 16384K
}
Event: 28041.123 GC heap after
{Heap after GC invocations=7 (full 0):
 garbage-first heap   total 131072K, used 3925K [0xc5c00000, 0xe5c00000)
  region size 1024K, 2 young (2048K), 2 survivors (2048K)
 Metaspace       used 3600K, committed 3840K, reserved 16384K
}

