# JRE version: OpenJDK Runtime Environment Zulu17.50+19-CA (17.0.11+9) (build 17.0.11+9-LTS)
# Java VM: OpenJDK Server VM Zulu17.50+19-CA (17.0.11+9-LTS, mixed mode, sharing, tiered, g1 gc, linux-x86)
Heap:
 garbage-first heap   total 131072K, used 42866K [0xc5c00000, 0xe5c00000)
  region size 1024K, 41 young (41984K), 2 survivors (2048K)
 Metaspace       used 3345K, committed 3584K, reserved 16384K
GC Heap History (8 events):
Event: 28.187 GC heap before
{Heap before GC invocations=0 (full 0):
 garbage-first heap   total 131072K, used 12288K [0xc5c00000, 0xe5c00000)
  region size 1024K, 13 young (13312K), 0 survivors (0K)
 Metaspace       used 1900K, committed 2048K, reserved 16384K
}
Event: 28.404 GC heap after
{Heap after GC invocations=1 (full 0):
 garbage-first heap   total 131072K, used 1827K [0xc5c00000, 0xe5c00000)
  region size 1024K, 2 young (2048K), 2 survivors (2048K)
 Metaspace       used 1900K, committed 2048K, reserved 16384K
}
Event: 358.275 GC heap before
{Heap before GC invocations=1 (full 0):
 garbage-first heap   total 131072K, used 19235K [0xc5c00000, 0xe5c00000)
  region size 1024K, 19 young (19456K), 2 survivors (2048K)
 Metaspace       used 3059K, committed 3200K, reserved 16384K
}
Event: 358.383 GC heap after
{Heap after GC invocations=2 (full 0):
 garbage-first heap   total 131072K, used 2665K [0xc5c00000, 0xe5c00000)
  region size 1024K, 1 young (1024K), 1 survivors (1024K)
 Metaspace       used 3059K, committed 3200K, reserved 16384K
}
Event: 795.378 GC heap before
{Heap before GC invocations=2 (full 0):
 garbage-first heap   total 131072K, used 35433K [0xc5c00000, 0xe5c00000)
  region size 1024K, 33 young (33792K), 1 survivors (1024K)
 Metaspace       used 3086K, committed 3328K, reserved 16384K
}
Event: 795.414 GC heap after
{Heap after GC invocations=3 (full 0):
 garbage-first heap   total 131072K, used 2839K [0xc5c00000, 0xe5c00000)
  region size 1024K, 1 young (1024K), 1 survivors (1024K)
 Metaspace       used 3086K, committed 3328K, reserved 16384K
}
Event: 3191.668 GC heap before
{Heap before GC invocations=3 (full 0):
 garbage-first heap   total 131072K, used 79639K [0xc5c00000, 0xe5c00000)
  region size 1024K, 76 young (77824K), 1 survivors (1024K)
 Metaspace       used 3327K, committed 3584K, reserved 16384K
}
Event: 3191.697 GC heap after
{Heap after GC invocations=4 (full 0):
 garbage-first heap   total 131072K, used 2930K [0xc5c00000, 0xe5c00000)
  region size 1024K, 2 young (2048K), 2 survivors (2048K)
 Metaspace       used 3327K, committed 3584K, reserved 16384K
}

