# JRE version: OpenJDK Runtime Environment Zulu17.50+19-CA (17.0.11+9) (build 17.0.11+9-LTS)
# Java VM: OpenJDK Server VM Zulu17.50+19-CA (17.0.11+9-LTS, mixed mode, sharing, tiered, g1 gc, linux-x86)
Heap:
 garbage-first heap   total 131072K, used 33848K [0xc5c00000, 0xe5c00000)
  region size 1024K, 25 young (25600K), 6 survivors (6144K)
 Metaspace       used 4816K, committed 5248K, reserved 16384K
GC Heap History (8 events):
Event: 165.984 GC heap before
{Heap before GC invocations=0 (full 0):
 garbage-first heap   total 131072K, used 12288K [0xc5c00000, 0xe5c00000)
  region size 1024K, 13 young (13312K), 0 survivors (0K)
 Metaspace       used 2438K, committed 2624K, reserved 16384K
}
Event: 166.017 GC heap after
{Heap after GC invocations=1 (full 0):
 garbage-first heap   total 131072K, used 2046K [0xc5c00000, 0xe5c00000)
  region size 1024K, 2 young (2048K), 2 survivors (2048K)
 Metaspace       used 2438K, committed 2624K, reserved 16384K
}
Event: 183.882 GC heap before
{Heap before GC invocations=1 (full 0):
 garbage-first heap   total 131072K, used 18430K [0xc5c00000, 0xe5c00000)
  region size 1024K, 19 young (19456K), 2 survivors (2048K)
 Metaspace       used 4001K, committed 4288K, reserved 16384K
}
Event: 183.895 GC heap after
{Heap after GC invocations=2 (full 0):
 garbage-first heap   total 131072K, used 3570K [0xc5c00000, 0xe5c00000)
  region size 1024K, 2 young (2048K), 2 survivors (2048K)
 Metaspace       used 4001K, committed 4288K, reserved 16384K
}
Event: 376.889 GC heap before
{Heap before GC invocations=2 (full 0):
 garbage-first heap   total 131072K, used 79346K [0xc5c00000, 0xe5c00000)
  region size 1024K, 76 young (77824K), 2 survivors (2048K)
 Metaspace       used 4791K, committed 5184K, reserved 16384K
}
Event: 376.953 GC heap after
{Heap after GC invocations=3 (full 0):
 garbage-first heap   total 131072K, used 9196K [0xc5c00000, 0xe5c00000)
  region size 1024K, 7 young (7168K), 7 survivors (7168K)
 Metaspace       used 4791K, committed 5184K, reserved 16384K
}
Event: 1165.947 GC heap before
{Heap before GC invocations=3 (full 0):
 garbage-first heap   total 131072K, used 79852K [0xc5c00000, 0xe5c00000)
  region size 1024K, 76 young (77824K), 7 survivors (7168K)
 Metaspace       used 4810K, committed 5248K, reserved 16384K
}
Event: 1166.013 GC heap after
{Heap after GC invocations=4 (full 0):
 garbage-first heap   total 131072K, used 14392K [0xc5c00000, 0xe5c00000)
  region size 1024K, 6 young (6144K), 6 survivors (6144K)
 Metaspace       used 4810K, committed 5248K, reserved 16384K
}

