# JRE version: OpenJDK Runtime Environment Zulu17.50+19-CA (17.0.11+9) (build 17.0.11+9-LTS)
# Java VM: OpenJDK Server VM Zulu17.50+19-CA (17.0.11+9-LTS, mixed mode, sharing, tiered, g1 gc, linux-x86)
Heap:
 garbage-first heap   total 131072K, used 32392K [0xc5c00000, 0xe5c00000)
  region size 1024K, 30 young (30720K), 2 survivors (2048K)
 Metaspace       used 3437K, committed 3648K, reserved 16384K
GC Heap History (8 events):
Event: 22.364 GC heap before
{Heap before GC invocations=0 (full 0):
 garbage-first heap   total 131072K, used 12288K [0xc5c00000, 0xe5c00000)
  region size 1024K, 13 young (13312K), 0 survivors (0K)
 Metaspace       used 1909K, committed 2048K, reserved 16384K
}
Event: 22.580 GC heap after
{Heap after GC invocations=1 (full 0):
 garbage-first heap   total 131072K, used 2048K [0xc5c00000, 0xe5c00000)
  region size 1024K, 2 young (2048K), 2 survivors (2048K)
 Metaspace       used 1909K, committed 2048K, reserved 16384K
}
Event: 145.566 GC heap before
{Heap before GC invocations=1 (full 0):
 garbage-first heap   total 131072K, used 19456K [0xc5c00000, 0xe5c00000)
  region size 1024K, 19 young (19456K), 2 survivors (2048K)
 Metaspace       used 3095K, committed 3264K, reserved 16384K
}
Event: 145.623 GC heap after
{Heap after GC invocations=2 (full 0):
 garbage-first heap   total 131072K, used 3274K [0xc5c00000, 0xe5c00000)
  region size 1024K, 2 young (2048K), 2 survivors (2048K)
 Metaspace       used 3095K, committed 3264K, reserved 16384K
}
Event: 6319.516 GC heap before
{Heap before GC invocations=2 (full 0):
 garbage-first heap   total 131072K, used 79050K [0xc5c00000, 0xe5c00000)
  region size 1024K, 76 young (77824K), 2 survivors (2048K)
 Metaspace       used 3321K, committed 3520K, reserved 16384K
}
Event: 6319.588 GC heap after
{Heap after GC invocations=3 (full 0):
 garbage-first heap   total 131072K, used 3580K [0xc5c00000, 0xe5c00000)
  region size 1024K, 2 young (2048K), 2 survivors (2048K)
 Metaspace       used 3321K, committed 3520K, reserved 16384K
}
Event: 9015.538 GC heap before
{Heap before GC invocations=3 (full 0):
 garbage-first heap   total 131072K, used 79356K [0xc5c00000, 0xe5c00000)
  region size 1024K, 76 young (77824K), 2 survivors (2048K)
 Metaspace       used 3435K, committed 3648K, reserved 16384K
}
Event: 9015.615 GC heap after
{Heap after GC invocations=4 (full 0):
 garbage-first heap   total 131072K, used 3720K [0xc5c00000, 0xe5c00000)
  region size 1024K, 2 young (2048K), 2 survivors (2048K)
 Metaspace       used 3435K, committed 3648K, reserved 16384K
}

