# JRE version: OpenJDK Runtime Environment Zulu17.50+19-CA (17.0.11+9) (build 17.0.11+9-LTS)
# Java VM: OpenJDK Server VM Zulu17.50+19-CA (17.0.11+9-LTS, mixed mode, sharing, tiered, g1 gc, linux-x86)
Heap:
 garbage-first heap   total 131072K, used 29255K [0xc5c00000, 0xe5c00000)
  region size 1024K, 28 young (28672K), 2 survivors (2048K)
 Metaspace       used 3617K, committed 3904K, reserved 16384K
GC Heap History (20 events):
Event: 5496.843 GC heap before
{Heap before GC invocations=2 (full 0):
 garbage-first heap   total 131072K, used 75934K [0xc5c00000, 0xe5c00000)
  region size 1024K, 73 young (74752K), 2 survivors (2048K)
 Metaspace       used 3407K, committed 3648K, reserved 16384K
}
Event: 5496.870 GC heap after
{Heap after GC invocations=3 (full 0):
 garbage-first heap   total 131072K, used 3597K [0xc5c00000, 0xe5c00000)
  region size 1024K, 2 young (2048K), 2 survivors (2048K)
 Metaspace       used 3407K, committed 3648K, reserved 16384K
}
Event: 8902.637 GC heap before
{Heap before GC invocations=3 (full 0):
 garbage-first heap   total 131072K, used 79373K [0xc5c00000, 0xe5c00000)
  region size 1024K, 76 young (77824K), 2 survivors (2048K)
 Metaspace       used 3527K, committed 3776K, reserved 16384K
}
Event: 8902.659 GC heap after
{Heap after GC invocations=4 (full 0):
 garbage-first heap   total 131072K, used 3663K [0xc5c00000, 0xe5c00000)
  region size 1024K, 2 young (2048K), 2 survivors (2048K)
 Metaspace       used 3527K, committed 3776K, reserved 16384K
}
Event: 10761.240 GC heap before
{Heap before GC invocations=4 (full 0):
 garbage-first heap   total 131072K, used 79439K [0xc5c00000, 0xe5c00000)
  region size 1024K, 76 young (77824K), 2 survivors (2048K)
 Metaspace       used 3554K, committed 3776K, reserved 16384K
}
Event: 10761.255 GC heap after
{Heap after GC invocations=5 (full 0):
 garbage-first heap   total 131072K, used 3644K [0xc5c00000, 0xe5c00000)
  region size 1024K, 2 young (2048K), 2 survivors (2048K)
 Metaspace       used 3554K, committed 3776K, reserved 16384K
}
Event: 11687.459 GC heap before
{Heap before GC invocations=5 (full 0):
 garbage-first heap   total 131072K, used 79420K [0xc5c00000, 0xe5c00000)
  region size 1024K, 76 young (77824K), 2 survivors (2048K)
 Metaspace       used 3559K, committed 3840K, reserved 16384K
}
Event: 11687.511 GC heap after
{Heap after GC invocations=6 (full 0):
 garbage-first heap   total 131072K, used 3643K [0xc5c00000, 0xe5c00000)
  region size 1024K, 2 young (2048K), 2 survivors (2048K)
 Metaspace       used 3559K, committed 3840K, reserved 16384K
}
Event: 19129.909 GC heap before
{Heap before GC invocations=6 (full 0):
 garbage-first heap   total 131072K, used 79419K [0xc5c00000, 0xe5c00000)
  region size 1024K, 76 young (77824K), 2 survivors (2048K)
 Metaspace       used 3573K, committed 3904K, reserved 16384K
}
Event: 19129.934 GC heap after
{Heap after GC invocations=7 (full 0):
 garbage-first heap   total 131072K, used 3636K [0xc5c00000, 0xe5c00000)
  region size 1024K, 2 young (2048K), 2 survivors (2048K)
 Metaspace       used 3573K, committed 3904K, reserved 16384K
}
Event: 20013.265 GC heap before
{Heap before GC invocations=7 (full 0):
 garbage-first heap   total 131072K, used 79412K [0xc5c00000, 0xe5c00000)
  region size 1024K, 76 young (77824K), 2 survivors (2048K)
 Metaspace       used 3584K, committed 3904K, reserved 16384K
}
Event: 20013.278 GC heap after
{Heap after GC invocations=8 (full 0):
 garbage-first heap   total 131072K, used 3739K [0xc5c00000, 0xe5c00000)
  region size 1024K, 2 young (2048K), 2 survivors (2048K)
 Metaspace       used 3584K, committed 3904K, reserved 16384K
}
Event: 21249.403 GC heap before
{Heap before GC invocations=8 (full 0):
 garbage-first heap   total 131072K, used 79515K [0xc5c00000, 0xe5c00000)
  region size 1024K, 76 young (77824K), 2 survivors (2048K)
 Metaspace       used 3589K, committed 3904K, reserved 16384K
}
Event: 21249.424 GC heap after
{Heap after GC invocations=9 (full 0):
 garbage-first heap   total 131072K, used 3794K [0xc5c00000, 0xe5c00000)
  region size 1024K, 2 young (2048K), 2 survivors (2048K)
 Metaspace       used 3589K, committed 3904K, reserved 16384K
}
Event: 23173.161 GC heap before
{Heap before GC invocations=9 (full 0):
 garbage-first heap   total 131072K, used 79570K [0xc5c00000, 0xe5c00000)
  region size 1024K, 76 young (77824K), 2 survivors (2048K)
 Metaspace       used 3604K, committed 3904K, reserved 16384K
}
Event: 23173.197 GC heap after
{Heap after GC invocations=10 (full 0):
 garbage-first heap   total 131072K, used 3712K [0xc5c00000, 0xe5c00000)
  region size 1024K, 2 young (2048K), 2 survivors (2048K)
 Metaspace       used 3604K, committed 3904K, reserved 16384K
}
Event: 29927.025 GC heap before
{Heap before GC invocations=10 (full 0):
 garbage-first heap   total 131072K, used 79488K [0xc5c00000, 0xe5c00000)
  region size 1024K, 76 young (77824K), 2 survivors (2048K)
 Metaspace       used 3608K, committed 3904K, reserved 16384K
}
Event: 29927.041 GC heap after
{Heap after GC invocations=11 (full 0):
 garbage-first heap   total 131072K, used 3644K [0xc5c00000, 0xe5c00000)
  region size 1024K, 2 young (2048K), 2 survivors (2048K)
 Metaspace       used 3608K, committed 3904K, reserved 16384K
}
Event: 31391.786 GC heap before
{Heap before GC invocations=11 (full 0):
 garbage-first heap   total 131072K, used 79420K [0xc5c00000, 0xe5c00000)
  region size 1024K, 76 young (77824K), 2 survivors (2048K)
 Metaspace       used 3611K, committed 3904K, reserved 16384K
}
Event: 31391.806 GC heap after
{Heap after GC invocations=12 (full 0):
 garbage-first heap   total 131072K, used 3653K [0xc5c00000, 0xe5c00000)
  region size 1024K, 2 young (2048K), 2 survivors (2048K)
 Metaspace       used 3611K, committed 3904K, reserved 16384K
}

