# JRE version: OpenJDK Runtime Environment Zulu17.50+19-CA (17.0.11+9) (build 17.0.11+9-LTS)
# Java VM: OpenJDK Server VM Zulu17.50+19-CA (17.0.11+9-LTS, mixed mode, sharing, tiered, g1 gc, linux-x86)
Heap:
 garbage-first heap   total 131072K, used 28681K [0xc5c00000, 0xe5c00000)
  region size 1024K, 20 young (20480K), 4 survivors (4096K)
 Metaspace       used 7827K, committed 8768K, reserved 16384K
GC Heap History (12 events):
Event: 74.373 GC heap before
{Heap before GC invocations=0 (full 0):
 garbage-first heap   total 131072K, used 12288K [0xc5c00000, 0xe5c00000)
  region size 1024K, 13 young (13312K), 0 survivors (0K)
 Metaspace       used 3184K, committed 3392K, reserved 16384K
}
Event: 74.462 GC heap after
{Heap after GC invocations=1 (full 0):
 garbage-first heap   total 131072K, used 2543K [0xc5c00000, 0xe5c00000)
  region size 1024K, 2 young (2048K), 2 survivors (2048K)
 Metaspace       used 3184K, committed 3392K, reserved 16384K
}
Event: 115.924 GC heap before
{Heap before GC invocations=1 (full 0):
 garbage-first heap   total 131072K, used 17903K [0xc5c00000, 0xe5c00000)
  region size 1024K, 17 young (17408K), 2 survivors (2048K)
 Metaspace       used 3974K, committed 4352K, reserved 16384K
}
Event: 115.944 GC heap after
{Heap after GC invocations=2 (full 0):
 garbage-first heap   total 131072K, used 3800K [0xc5c00000, 0xe5c00000)
  region size 1024K, 2 young (2048K), 2 survivors (2048K)
 Metaspace       used 3974K, committed 4352K, reserved 16384K
}
Event: 131.490 GC heap before
{Heap before GC invocations=2 (full 0):
 garbage-first heap   total 131072K, used 79576K [0xc5c00000, 0xe5c00000)
  region size 1024K, 76 young (77824K), 2 survivors (2048K)
 Metaspace       used 4846K, committed 5376K, reserved 16384K
}
Event: 131.499 GC heap after
{Heap after GC invocations=3 (full 0):
 garbage-first heap   total 131072K, used 5155K [0xc5c00000, 0xe5c00000)
  region size 1024K, 3 young (3072K), 3 survivors (3072K)
 Metaspace       used 4846K, committed 5376K, reserved 16384K
}
Event: 454.235 GC heap before
{Heap before GC invocations=3 (full 0):
 garbage-first heap   total 131072K, used 79907K [0xc5c00000, 0xe5c00000)
  region size 1024K, 76 young (77824K), 3 survivors (3072K)
 Metaspace       used 6779K, committed 7552K, reserved 16384K
}
Event: 454.258 GC heap after
{Heap after GC invocations=4 (full 0):
 garbage-first heap   total 131072K, used 8466K [0xc5c00000, 0xe5c00000)
  region size 1024K, 6 young (6144K), 6 survivors (6144K)
 Metaspace       used 6779K, committed 7552K, reserved 16384K
}
Event: 552.906 GC heap before
{Heap before GC invocations=4 (full 0):
 garbage-first heap   total 131072K, used 80146K [0xc5c00000, 0xe5c00000)
  region size 1024K, 76 young (77824K), 6 survivors (6144K)
 Metaspace       used 7533K, committed 8512K, reserved 16384K
}
Event: 552.982 GC heap after
{Heap after GC invocations=5 (full 0):
 garbage-first heap   total 131072K, used 10722K [0xc5c00000, 0xe5c00000)
  region size 1024K, 7 young (7168K), 7 survivors (7168K)
 Metaspace       used 7533K, committed 8512K, reserved 16384K
}
Event: 15168.848 GC heap before
{Heap before GC invocations=5 (full 0):
 garbage-first heap   total 131072K, used 81378K [0xc5c00000, 0xe5c00000)
  region size 1024K, 76 young (77824K), 7 survivors (7168K)
 Metaspace       used 7822K, committed 8768K, reserved 16384K
}
Event: 15168.927 GC heap after
{Heap after GC invocations=6 (full 0):
 garbage-first heap   total 131072K, used 12297K [0xc5c00000, 0xe5c00000)
  region size 1024K, 4 young (4096K), 4 survivors (4096K)
 Metaspace       used 7822K, committed 8768K, reserved 16384K
}

