# JRE version: OpenJDK Runtime Environment Zulu17.50+19-CA (17.0.11+9) (build 17.0.11+9-LTS)
# Java VM: OpenJDK Server VM Zulu17.50+19-CA (17.0.11+9-LTS, mixed mode, sharing, tiered, g1 gc, linux-x86)
Heap:
 garbage-first heap   total 131072K, used 43281K [0xc5c00000, 0xe5c00000)
  region size 1024K, 35 young (35840K), 7 survivors (7168K)
 Metaspace       used 5147K, committed 5568K, reserved 16384K
GC Heap History (8 events):
Event: 143.697 GC heap before
{Heap before GC invocations=0 (full 0):
 garbage-first heap   total 131072K, used 12288K [0xc5c00000, 0xe5c00000)
  region size 1024K, 13 young (13312K), 0 survivors (0K)
 Metaspace       used 2385K, committed 2560K, reserved 16384K
}
Event: 143.762 GC heap after
{Heap after GC invocations=1 (full 0):
 garbage-first heap   total 131072K, used 1977K [0xc5c00000, 0xe5c00000)
  region size 1024K, 2 young (2048K), 2 survivors (2048K)
 Metaspace       used 2385K, committed 2560K, reserved 16384K
}
Event: 294.674 GC heap before
{Heap before GC invocations=1 (full 0):
 garbage-first heap   total 131072K, used 19385K [0xc5c00000, 0xe5c00000)
  region size 1024K, 19 young (19456K), 2 survivors (2048K)
 Metaspace       used 4300K, committed 4608K, reserved 16384K
}
Event: 294.700 GC heap after
{Heap after GC invocations=2 (full 0):
 garbage-first heap   total 131072K, used 3648K [0xc5c00000, 0xe5c00000)
  region size 1024K, 2 young (2048K), 2 survivors (2048K)
 Metaspace       used 4300K, committed 4608K, reserved 16384K
}
Event: 371.147 GC heap before
{Heap before GC invocations=2 (full 0):
 garbage-first heap   total 131072K, used 57920K [0xc5c00000, 0xe5c00000)
  region size 1024K, 55 young (56320K), 2 survivors (2048K)
 Metaspace       used 5102K, committed 5568K, reserved 16384K
}
Event: 371.199 GC heap after
{Heap after GC invocations=3 (full 0):
 garbage-first heap   total 131072K, used 8905K [0xc5c00000, 0xe5c00000)
  region size 1024K, 7 young (7168K), 7 survivors (7168K)
 Metaspace       used 5102K, committed 5568K, reserved 16384K
}
Event: 8384.864 GC heap before
{Heap before GC invocations=3 (full 0):
 garbage-first heap   total 131072K, used 79561K [0xc5c00000, 0xe5c00000)
  region size 1024K, 76 young (77824K), 7 survivors (7168K)
 Metaspace       used 5144K, committed 5568K, reserved 16384K
}
Event: 8384.919 GC heap after
{Heap after GC invocations=4 (full 0):
 garbage-first heap   total 131072K, used 15631K [0xc5c00000, 0xe5c00000)
  region size 1024K, 7 young (7168K), 7 survivors (7168K)
 Metaspace       used 5144K, committed 5568K, reserved 16384K
}

