# JRE version: OpenJDK Runtime Environment Zulu17.50+19-CA (17.0.11+9) (build 17.0.11+9-LTS)
# Java VM: OpenJDK Server VM Zulu17.50+19-CA (17.0.11+9-LTS, mixed mode, sharing, tiered, g1 gc, linux-x86)
Heap:
 garbage-first heap   total 131072K, used 40630K [0xc5c00000, 0xe5c00000)
  region size 1024K, 37 young (37888K), 6 survivors (6144K)
 Metaspace       used 5796K, committed 6528K, reserved 16384K
GC Heap History (10 events):
Event: 71.848 GC heap before
{Heap before GC invocations=0 (full 0):
 garbage-first heap   total 131072K, used 12288K [0xc5c00000, 0xe5c00000)
  region size 1024K, 13 young (13312K), 0 survivors (0K)
 Metaspace       used 2129K, committed 2304K, reserved 16384K
}
Event: 71.857 GC heap after
{Heap after GC invocations=1 (full 0):
 garbage-first heap   total 131072K, used 1824K [0xc5c00000, 0xe5c00000)
  region size 1024K, 2 young (2048K), 2 survivors (2048K)
 Metaspace       used 2129K, committed 2304K, reserved 16384K
}
Event: 111.399 GC heap before
{Heap before GC invocations=1 (full 0):
 garbage-first heap   total 131072K, used 19232K [0xc5c00000, 0xe5c00000)
  region size 1024K, 19 young (19456K), 2 survivors (2048K)
 Metaspace       used 3499K, committed 3776K, reserved 16384K
}
Event: 111.435 GC heap after
{Heap after GC invocations=2 (full 0):
 garbage-first heap   total 131072K, used 3413K [0xc5c00000, 0xe5c00000)
  region size 1024K, 2 young (2048K), 2 survivors (2048K)
 Metaspace       used 3499K, committed 3776K, reserved 16384K
}
Event: 211.865 GC heap before
{Heap before GC invocations=2 (full 0):
 garbage-first heap   total 131072K, used 79189K [0xc5c00000, 0xe5c00000)
  region size 1024K, 76 young (77824K), 2 survivors (2048K)
 Metaspace       used 4825K, committed 5440K, reserved 16384K
}
Event: 211.894 GC heap after
{Heap after GC invocations=3 (full 0):
 garbage-first heap   total 131072K, used 6072K [0xc5c00000, 0xe5c00000)
  region size 1024K, 4 young (4096K), 4 survivors (4096K)
 Metaspace       used 4825K, committed 5440K, reserved 16384K
}
Event: 515.589 GC heap before
{Heap before GC invocations=3 (full 0):
 garbage-first heap   total 131072K, used 79800K [0xc5c00000, 0xe5c00000)
  region size 1024K, 76 young (77824K), 4 survivors (4096K)
 Metaspace       used 5735K, committed 6464K, reserved 16384K
}
Event: 515.661 GC heap after
{Heap after GC invocations=4 (full 0):
 garbage-first heap   total 131072K, used 7715K [0xc5c00000, 0xe5c00000)
  region size 1024K, 6 young (6144K), 6 survivors (6144K)
 Metaspace       used 5735K, committed 6464K, reserved 16384K
}
Event: 14167.537 GC heap before
{Heap before GC invocations=4 (full 0):
 garbage-first heap   total 131072K, used 79395K [0xc5c00000, 0xe5c00000)
  region size 1024K, 76 young (77824K), 6 survivors (6144K)
 Metaspace       used 5794K, committed 6528K, reserved 16384K
}
Event: 14167.583 GC heap after
{Heap after GC invocations=5 (full 0):
 garbage-first heap   total 131072K, used 8886K [0xc5c00000, 0xe5c00000)
  region size 1024K, 6 young (6144K), 6 survivors (6144K)
 Metaspace       used 5794K, committed 6528K, reserved 16384K
}

