# JRE version: OpenJDK Runtime Environment Zulu17.50+19-CA (17.0.11+9) (build 17.0.11+9-LTS)
# Java VM: OpenJDK Server VM Zulu17.50+19-CA (17.0.11+9-LTS, mixed mode, sharing, tiered, g1 gc, linux-x86)
Heap:
 garbage-first heap   total 131072K, used 15939K [0xc5c00000, 0xe5c00000)
  region size 1024K, 12 young (12288K), 8 survivors (8192K)
 Metaspace       used 8072K, committed 9088K, reserved 16384K
GC Heap History (10 events):
Event: 68.400 GC heap before
{Heap before GC invocations=0 (full 0):
 garbage-first heap   total 131072K, used 12288K [0xc5c00000, 0xe5c00000)
  region size 1024K, 13 young (13312K), 0 survivors (0K)
 Metaspace       used 3075K, committed 3264K, reserved 16384K
}
Event: 68.470 GC heap after
{Heap after GC invocations=1 (full 0):
 garbage-first heap   total 131072K, used 2633K [0xc5c00000, 0xe5c00000)
  region size 1024K, 2 young (2048K), 2 survivors (2048K)
 Metaspace       used 3075K, committed 3264K, reserved 16384K
}
Event: 148.109 GC heap before
{Heap before GC invocations=1 (full 0):
 garbage-first heap   total 131072K, used 17993K [0xc5c00000, 0xe5c00000)
  region size 1024K, 17 young (17408K), 2 survivors (2048K)
 Metaspace       used 4019K, committed 4416K, reserved 16384K
}
Event: 148.152 GC heap after
{Heap after GC invocations=2 (full 0):
 garbage-first heap   total 131072K, used 3886K [0xc5c00000, 0xe5c00000)
  region size 1024K, 2 young (2048K), 2 survivors (2048K)
 Metaspace       used 4019K, committed 4416K, reserved 16384K
}
Event: 336.467 GC heap before
{Heap before GC invocations=2 (full 0):
 garbage-first heap   total 131072K, used 79662K [0xc5c00000, 0xe5c00000)
  region size 1024K, 76 young (77824K), 2 survivors (2048K)
 Metaspace       used 6001K, committed 6720K, reserved 16384K
}
Event: 336.499 GC heap after
{Heap after GC invocations=3 (full 0):
 garbage-first heap   total 131072K, used 7038K [0xc5c00000, 0xe5c00000)
  region size 1024K, 5 young (5120K), 5 survivors (5120K)
 Metaspace       used 6001K, committed 6720K, reserved 16384K
}
Event: 392.702 GC heap before
{Heap before GC invocations=3 (full 0):
 garbage-first heap   total 131072K, used 79742K [0xc5c00000, 0xe5c00000)
  region size 1024K, 76 young (77824K), 5 survivors (5120K)
 Metaspace       used 7089K, committed 7936K, reserved 16384K
}
Event: 392.738 GC heap after
{Heap after GC invocations=4 (full 0):
 garbage-first heap   total 131072K, used 9114K [0xc5c00000, 0xe5c00000)
  region size 1024K, 7 young (7168K), 7 survivors (7168K)
 Metaspace       used 7089K, committed 7936K, reserved 16384K
}
Event: 3510.737 GC heap before
{Heap before GC invocations=4 (full 0):
 garbage-first heap   total 131072K, used 79770K [0xc5c00000, 0xe5c00000)
  region size 1024K, 76 young (77824K), 7 survivors (7168K)
 Metaspace       used 8070K, committed 9088K, reserved 16384K
}
Event: 3510.832 GC heap after
{Heap after GC invocations=5 (full 0):
 garbage-first heap   total 131072K, used 11843K [0xc5c00000, 0xe5c00000)
  region size 1024K, 8 young (8192K), 8 survivors (8192K)
 Metaspace       used 8070K, committed 9088K, reserved 16384K
}

