# JRE version: OpenJDK Runtime Environment Zulu17.50+19-CA (17.0.11+9) (build 17.0.11+9-LTS)
# Java VM: OpenJDK Server VM Zulu17.50+19-CA (17.0.11+9-LTS, mixed mode, sharing, tiered, g1 gc, linux-x86)
Heap:
 garbage-first heap   total 131072K, used 47559K [0xc5c00000, 0xe5c00000)
  region size 1024K, 45 young (46080K), 8 survivors (8192K)
 Metaspace       used 7807K, committed 8768K, reserved 16384K
GC Heap History (10 events):
Event: 51.546 GC heap before
{Heap before GC invocations=0 (full 0):
 garbage-first heap   total 131072K, used 12288K [0xc5c00000, 0xe5c00000)
  region size 1024K, 13 young (13312K), 0 survivors (0K)
 Metaspace       used 2762K, committed 3008K, reserved 16384K
}
Event: 51.693 GC heap after
{Heap after GC invocations=1 (full 0):
 garbage-first heap   total 131072K, used 2420K [0xc5c00000, 0xe5c00000)
  region size 1024K, 2 young (2048K), 2 survivors (2048K)
 Metaspace       used 2762K, committed 3008K, reserved 16384K
}
Event: 92.892 GC heap before
{Heap before GC invocations=1 (full 0):
 garbage-first heap   total 131072K, used 16756K [0xc5c00000, 0xe5c00000)
  region size 1024K, 16 young (16384K), 2 survivors (2048K)
 Metaspace       used 3915K, committed 4288K, reserved 16384K
}
Event: 92.906 GC heap after
{Heap after GC invocations=2 (full 0):
 garbage-first heap   total 131072K, used 3350K [0xc5c00000, 0xe5c00000)
  region size 1024K, 1 young (1024K), 1 survivors (1024K)
 Metaspace       used 3915K, committed 4288K, reserved 16384K
}
Event: 110.945 GC heap before
{Heap before GC invocations=2 (full 0):
 garbage-first heap   total 131072K, used 80150K [0xc5c00000, 0xe5c00000)
  region size 1024K, 76 young (77824K), 1 survivors (1024K)
 Metaspace       used 4825K, committed 5376K, reserved 16384K
}
Event: 110.981 GC heap after
{Heap after GC invocations=3 (full 0):
 garbage-first heap   total 131072K, used 4927K [0xc5c00000, 0xe5c00000)
  region size 1024K, 3 young (3072K), 3 survivors (3072K)
 Metaspace       used 4825K, committed 5376K, reserved 16384K
}
Event: 440.448 GC heap before
{Heap before GC invocations=3 (full 0):
 garbage-first heap   total 131072K, used 79679K [0xc5c00000, 0xe5c00000)
  region size 1024K, 76 young (77824K), 3 survivors (3072K)
 Metaspace       used 6775K, committed 7616K, reserved 16384K
}
Event: 440.502 GC heap after
{Heap after GC invocations=4 (full 0):
 garbage-first heap   total 131072K, used 8400K [0xc5c00000, 0xe5c00000)
  region size 1024K, 6 young (6144K), 6 survivors (6144K)
 Metaspace       used 6775K, committed 7616K, reserved 16384K
}
Event: 559.477 GC heap before
{Heap before GC invocations=4 (full 0):
 garbage-first heap   total 131072K, used 80080K [0xc5c00000, 0xe5c00000)
  region size 1024K, 76 young (77824K), 6 survivors (6144K)
 Metaspace       used 7549K, committed 8512K, reserved 16384K
}
Event: 559.528 GC heap after
{Heap after GC invocations=5 (full 0):
 garbage-first heap   total 131072K, used 10693K [0xc5c00000, 0xe5c00000)
  region size 1024K, 8 young (8192K), 8 survivors (8192K)
 Metaspace       used 7549K, committed 8512K, reserved 16384K
}

