# JRE version: OpenJDK Runtime Environment Zulu17.50+19-CA (17.0.11+9) (build 17.0.11+9-LTS)
# Java VM: OpenJDK Server VM Zulu17.50+19-CA (17.0.11+9-LTS, mixed mode, sharing, tiered, g1 gc, linux-x86)
Heap:
 garbage-first heap   total 131072K, used 61811K [0xc5c00000, 0xe5c00000)
  region size 1024K, 40 young (40960K), 8 survivors (8192K)
 Metaspace       used 12636K, committed 14656K, reserved 32768K
GC Heap History (20 events):
Event: 165.982 GC heap before
{Heap before GC invocations=4 (full 0):
 garbage-first heap   total 131072K, used 79460K [0xc5c00000, 0xe5c00000)
  region size 1024K, 76 young (77824K), 6 survivors (6144K)
 Metaspace       used 6617K, committed 7680K, reserved 16384K
}
Event: 166.001 GC heap after
{Heap after GC invocations=5 (full 0):
 garbage-first heap   total 131072K, used 10096K [0xc5c00000, 0xe5c00000)
  region size 1024K, 7 young (7168K), 7 survivors (7168K)
 Metaspace       used 6617K, committed 7680K, reserved 16384K
}
Event: 177.041 GC heap before
{Heap before GC invocations=5 (full 0):
 garbage-first heap   total 131072K, used 80752K [0xc5c00000, 0xe5c00000)
  region size 1024K, 76 young (77824K), 7 survivors (7168K)
 Metaspace       used 6991K, committed 8064K, reserved 16384K
}
Event: 177.086 GC heap after
{Heap after GC invocations=6 (full 0):
 garbage-first heap   total 131072K, used 11699K [0xc5c00000, 0xe5c00000)
  region size 1024K, 7 young (7168K), 7 survivors (7168K)
 Metaspace       used 6991K, committed 8064K, reserved 16384K
}
Event: 215.905 GC heap before
{Heap before GC invocations=6 (full 0):
 garbage-first heap   total 131072K, used 82355K [0xc5c00000, 0xe5c00000)
  region size 1024K, 76 young (77824K), 7 survivors (7168K)
 Metaspace       used 7895K, committed 9088K, reserved 16384K
}
Event: 215.948 GC heap after
{Heap after GC invocations=7 (full 0):
 garbage-first heap   total 131072K, used 14112K [0xc5c00000, 0xe5c00000)
  region size 1024K, 7 young (7168K), 7 survivors (7168K)
 Metaspace       used 7895K, committed 9088K, reserved 16384K
}
Event: 224.686 GC heap before
{Heap before GC invocations=7 (full 0):
 garbage-first heap   total 131072K, used 84768K [0xc5c00000, 0xe5c00000)
  region size 1024K, 76 young (77824K), 7 survivors (7168K)
 Metaspace       used 8623K, committed 9984K, reserved 16384K
}
Event: 224.703 GC heap after
{Heap after GC invocations=8 (full 0):
 garbage-first heap   total 131072K, used 16182K [0xc5c00000, 0xe5c00000)
  region size 1024K, 6 young (6144K), 6 survivors (6144K)
 Metaspace       used 8623K, committed 9984K, reserved 16384K
}
Event: 265.129 GC heap before
{Heap before GC invocations=8 (full 0):
 garbage-first heap   total 131072K, used 87862K [0xc5c00000, 0xe5c00000)
  region size 1024K, 76 young (77824K), 6 survivors (6144K)
 Metaspace       used 8938K, committed 10368K, reserved 16384K
}
Event: 265.170 GC heap after
{Heap after GC invocations=9 (full 0):
 garbage-first heap   total 131072K, used 18670K [0xc5c00000, 0xe5c00000)
  region size 1024K, 7 young (7168K), 7 survivors (7168K)
 Metaspace       used 8938K, committed 10368K, reserved 16384K
}
Event: 302.528 GC heap before
{Heap before GC invocations=9 (full 0):
 garbage-first heap   total 131072K, used 89326K [0xc5c00000, 0xe5c00000)
  region size 1024K, 76 young (77824K), 7 survivors (7168K)
 Metaspace       used 9398K, committed 10944K, reserved 16384K
}
Event: 302.542 GC heap after
{Heap after GC invocations=10 (full 0):
 garbage-first heap   total 131072K, used 20764K [0xc5c00000, 0xe5c00000)
  region size 1024K, 7 young (7168K), 7 survivors (7168K)
 Metaspace       used 9398K, committed 10944K, reserved 16384K
}
Event: 362.903 GC heap before
{Heap before GC invocations=10 (full 0):
 garbage-first heap   total 131072K, used 91420K [0xc5c00000, 0xe5c00000)
  region size 1024K, 76 young (77824K), 7 survivors (7168K)
 Metaspace       used 9849K, committed 11520K, reserved 16384K
}
Event: 362.924 GC heap after
{Heap after GC invocations=11 (full 0):
 garbage-first heap   total 131072K, used 22855K [0xc5c00000, 0xe5c00000)
  region size 1024K, 7 young (7168K), 7 survivors (7168K)
 Metaspace       used 9849K, committed 11520K, reserved 16384K
}
Event: 369.544 GC heap before
{Heap before GC invocations=11 (full 0):
 garbage-first heap   total 131072K, used 93511K [0xc5c00000, 0xe5c00000)
  region size 1024K, 76 young (77824K), 7 survivors (7168K)
 Metaspace       used 10713K, committed 12480K, reserved 16384K
}
Event: 369.566 GC heap after
{Heap after GC invocations=12 (full 0):
 garbage-first heap   total 131072K, used 24531K [0xc5c00000, 0xe5c00000)
  region size 1024K, 6 young (6144K), 6 survivors (6144K)
 Metaspace       used 10713K, committed 12480K, reserved 16384K
}
Event: 383.489 GC heap before
{Heap before GC invocations=12 (full 0):
 garbage-first heap   total 131072K, used 96211K [0xc5c00000, 0xe5c00000)
  region size 1024K, 76 young (77824K), 6 survivors (6144K)
 Metaspace       used 11301K, committed 13184K, reserved 16384K
}
Event: 383.508 GC heap after
{Heap after GC invocations=13 (full 0):
 garbage-first heap   total 131072K, used 26438K [0xc5c00000, 0xe5c00000)
  region size 1024K, 6 young (6144K), 6 survivors (6144K)
 Metaspace       used 11301K, committed 13184K, reserved 16384K
}
Event: 503.656 GC heap before
{Heap before GC invocations=13 (full 0):
 garbage-first heap   total 131072K, used 98118K [0xc5c00000, 0xe5c00000)
  region size 1024K, 76 young (77824K), 6 survivors (6144K)
 Metaspace       used 12446K, committed 14528K, reserved 32768K
}
Event: 503.732 GC heap after
{Heap after GC invocations=14 (full 0):
 garbage-first heap   total 131072K, used 30065K [0xc5c00000, 0xe5c00000)
  region size 1024K, 8 young (8192K), 8 survivors (8192K)
 Metaspace       used 12446K, committed 14528K, reserved 32768K
}

