# JRE version: OpenJDK Runtime Environment Zulu17.50+19-CA (17.0.11+9) (build 17.0.11+9-LTS)
# Java VM: OpenJDK Server VM Zulu17.50+19-CA (17.0.11+9-LTS, mixed mode, sharing, tiered, g1 gc, linux-x86)
Heap:
 garbage-first heap   total 131072K, used 76498K [0xc5c00000, 0xe5c00000)
  region size 1024K, 68 young (69632K), 5 survivors (5120K)
 Metaspace       used 7957K, committed 8960K, reserved 16384K
GC Heap History (14 events):
Event: 91.927 GC heap before
{Heap before GC invocations=0 (full 0):
 garbage-first heap   total 131072K, used 12288K [0xc5c00000, 0xe5c00000)
  region size 1024K, 13 young (13312K), 0 survivors (0K)
 Metaspace       used 2903K, committed 3136K, reserved 16384K
}
Event: 91.970 GC heap after
{Heap after GC invocations=1 (full 0):
 garbage-first heap   total 131072K, used 2454K [0xc5c00000, 0xe5c00000)
  region size 1024K, 2 young (2048K), 2 survivors (2048K)
 Metaspace       used 2903K, committed 3136K, reserved 16384K
}
Event: 122.496 GC heap before
{Heap before GC invocations=1 (full 0):
 garbage-first heap   total 131072K, used 17814K [0xc5c00000, 0xe5c00000)
  region size 1024K, 17 young (17408K), 2 survivors (2048K)
 Metaspace       used 4057K, committed 4352K, reserved 16384K
}
Event: 122.530 GC heap after
{Heap after GC invocations=2 (full 0):
 garbage-first heap   total 131072K, used 3920K [0xc5c00000, 0xe5c00000)
  region size 1024K, 2 young (2048K), 2 survivors (2048K)
 Metaspace       used 4057K, committed 4352K, reserved 16384K
}
Event: 203.910 GC heap before
{Heap before GC invocations=2 (full 0):
 garbage-first heap   total 131072K, used 37712K [0xc5c00000, 0xe5c00000)
  region size 1024K, 35 young (35840K), 2 survivors (2048K)
 Metaspace       used 4740K, committed 5184K, reserved 16384K
}
Event: 203.917 GC heap after
{Heap after GC invocations=3 (full 0):
 garbage-first heap   total 131072K, used 5361K [0xc5c00000, 0xe5c00000)
  region size 1024K, 3 young (3072K), 3 survivors (3072K)
 Metaspace       used 4740K, committed 5184K, reserved 16384K
}
Event: 277.827 GC heap before
{Heap before GC invocations=3 (full 0):
 garbage-first heap   total 131072K, used 80113K [0xc5c00000, 0xe5c00000)
  region size 1024K, 76 young (77824K), 3 survivors (3072K)
 Metaspace       used 5860K, committed 6400K, reserved 16384K
}
Event: 277.898 GC heap after
{Heap after GC invocations=4 (full 0):
 garbage-first heap   total 131072K, used 7957K [0xc5c00000, 0xe5c00000)
  region size 1024K, 6 young (6144K), 6 survivors (6144K)
 Metaspace       used 5860K, committed 6400K, reserved 16384K
}
Event: 291.359 GC heap before
{Heap before GC invocations=4 (full 0):
 garbage-first heap   total 131072K, used 79637K [0xc5c00000, 0xe5c00000)
  region size 1024K, 76 young (77824K), 6 survivors (6144K)
 Metaspace       used 6387K, committed 7104K, reserved 16384K
}
Event: 291.370 GC heap after
{Heap after GC invocations=5 (full 0):
 garbage-first heap   total 131072K, used 9090K [0xc5c00000, 0xe5c00000)
  region size 1024K, 7 young (7168K), 7 survivors (7168K)
 Metaspace       used 6387K, committed 7104K, reserved 16384K
}
Event: 422.887 GC heap before
{Heap before GC invocations=5 (full 0):
 garbage-first heap   total 131072K, used 79746K [0xc5c00000, 0xe5c00000)
  region size 1024K, 76 young (77824K), 7 survivors (7168K)
 Metaspace       used 7488K, committed 8384K, reserved 16384K
}
Event: 422.933 GC heap after
{Heap after GC invocations=6 (full 0):
 garbage-first heap   total 131072K, used 11672K [0xc5c00000, 0xe5c00000)
  region size 1024K, 7 young (7168K), 7 survivors (7168K)
 Metaspace       used 7488K, committed 8384K, reserved 16384K
}
Event: 436.973 GC heap before
{Heap before GC invocations=6 (full 0):
 garbage-first heap   total 131072K, used 82328K [0xc5c00000, 0xe5c00000)
  region size 1024K, 76 young (77824K), 7 survivors (7168K)
 Metaspace       used 7649K, committed 8576K, reserved 16384K
}
Event: 436.996 GC heap after
{Heap after GC invocations=7 (full 0):
 garbage-first heap   total 131072K, used 12496K [0xc5c00000, 0xe5c00000)
  region size 1024K, 5 young (5120K), 5 survivors (5120K)
 Metaspace       used 7649K, committed 8576K, reserved 16384K
}

