# JRE version: OpenJDK Runtime Environment Zulu17.50+19-CA (17.0.11+9) (build 17.0.11+9-LTS)
# Java VM: OpenJDK Server VM Zulu17.50+19-CA (17.0.11+9-LTS, mixed mode, sharing, tiered, g1 gc, linux-x86)
Heap:
 garbage-first heap   total 131072K, used 67967K [0xc5c00000, 0xe5c00000)
  region size 1024K, 65 young (66560K), 8 survivors (8192K)
 Metaspace       used 6623K, committed 7424K, reserved 16384K
GC Heap History (8 events):
Event: 45.180 GC heap before
{Heap before GC invocations=0 (full 0):
 garbage-first heap   total 131072K, used 12288K [0xc5c00000, 0xe5c00000)
  region size 1024K, 13 young (13312K), 0 survivors (0K)
 Metaspace       used 2749K, committed 3008K, reserved 16384K
}
Event: 45.240 GC heap after
{Heap after GC invocations=1 (full 0):
 garbage-first heap   total 131072K, used 2529K [0xc5c00000, 0xe5c00000)
  region size 1024K, 2 young (2048K), 2 survivors (2048K)
 Metaspace       used 2749K, committed 3008K, reserved 16384K
}
Event: 125.159 GC heap before
{Heap before GC invocations=1 (full 0):
 garbage-first heap   total 131072K, used 17889K [0xc5c00000, 0xe5c00000)
  region size 1024K, 17 young (17408K), 2 survivors (2048K)
 Metaspace       used 4192K, committed 4544K, reserved 16384K
}
Event: 125.184 GC heap after
{Heap after GC invocations=2 (full 0):
 garbage-first heap   total 131072K, used 3966K [0xc5c00000, 0xe5c00000)
  region size 1024K, 2 young (2048K), 2 survivors (2048K)
 Metaspace       used 4192K, committed 4544K, reserved 16384K
}
Event: 230.339 GC heap before
{Heap before GC invocations=2 (full 0):
 garbage-first heap   total 131072K, used 79742K [0xc5c00000, 0xe5c00000)
  region size 1024K, 76 young (77824K), 2 survivors (2048K)
 Metaspace       used 5907K, committed 6592K, reserved 16384K
}
Event: 230.361 GC heap after
{Heap after GC invocations=3 (full 0):
 garbage-first heap   total 131072K, used 6975K [0xc5c00000, 0xe5c00000)
  region size 1024K, 5 young (5120K), 5 survivors (5120K)
 Metaspace       used 5907K, committed 6592K, reserved 16384K
}
Event: 485.407 GC heap before
{Heap before GC invocations=3 (full 0):
 garbage-first heap   total 131072K, used 79679K [0xc5c00000, 0xe5c00000)
  region size 1024K, 76 young (77824K), 5 survivors (5120K)
 Metaspace       used 6324K, committed 7040K, reserved 16384K
}
Event: 485.482 GC heap after
{Heap after GC invocations=4 (full 0):
 garbage-first heap   total 131072K, used 10621K [0xc5c00000, 0xe5c00000)
  region size 1024K, 8 young (8192K), 8 survivors (8192K)
 Metaspace       used 6324K, committed 7040K, reserved 16384K
}

