# JRE version: OpenJDK Runtime Environment Zulu17.50+19-CA (17.0.11+9) (build 17.0.11+9-LTS)
# Java VM: OpenJDK Server VM Zulu17.50+19-CA (17.0.11+9-LTS, mixed mode, sharing, tiered, g1 gc, linux-x86)
Heap:
 garbage-first heap   total 131072K, used 58595K [0xc5c00000, 0xe5c00000)
  region size 1024K, 53 young (54272K), 10 survivors (10240K)
 Metaspace       used 4933K, committed 5376K, reserved 16384K
GC Heap History (8 events):
Event: 161.749 GC heap before
{Heap before GC invocations=0 (full 0):
 garbage-first heap   total 131072K, used 12288K [0xc5c00000, 0xe5c00000)
  region size 1024K, 13 young (13312K), 0 survivors (0K)
 Metaspace       used 2603K, committed 2816K, reserved 16384K
}
Event: 161.771 GC heap after
{Heap after GC invocations=1 (full 0):
 garbage-first heap   total 131072K, used 2495K [0xc5c00000, 0xe5c00000)
  region size 1024K, 2 young (2048K), 2 survivors (2048K)
 Metaspace       used 2603K, committed 2816K, reserved 16384K
}
Event: 192.897 GC heap before
{Heap before GC invocations=1 (full 0):
 garbage-first heap   total 131072K, used 17855K [0xc5c00000, 0xe5c00000)
  region size 1024K, 18 young (18432K), 2 survivors (2048K)
 Metaspace       used 4003K, committed 4352K, reserved 16384K
}
Event: 192.955 GC heap after
{Heap after GC invocations=2 (full 0):
 garbage-first heap   total 131072K, used 4172K [0xc5c00000, 0xe5c00000)
  region size 1024K, 2 young (2048K), 2 survivors (2048K)
 Metaspace       used 4003K, committed 4352K, reserved 16384K
}
Event: 366.871 GC heap before
{Heap before GC invocations=2 (full 0):
 garbage-first heap   total 131072K, used 41036K [0xc5c00000, 0xe5c00000)
  region size 1024K, 38 young (38912K), 2 survivors (2048K)
 Metaspace       used 4862K, committed 5312K, reserved 16384K
}
Event: 366.916 GC heap after
{Heap after GC invocations=3 (full 0):
 garbage-first heap   total 131072K, used 8468K [0xc5c00000, 0xe5c00000)
  region size 1024K, 5 young (5120K), 5 survivors (5120K)
 Metaspace       used 4862K, committed 5312K, reserved 16384K
}
Event: 966.653 GC heap before
{Heap before GC invocations=3 (full 0):
 garbage-first heap   total 131072K, used 78100K [0xc5c00000, 0xe5c00000)
  region size 1024K, 73 young (74752K), 5 survivors (5120K)
 Metaspace       used 4912K, committed 5376K, reserved 16384K
}
Event: 966.744 GC heap after
{Heap after GC invocations=4 (full 0):
 garbage-first heap   total 131072K, used 14563K [0xc5c00000, 0xe5c00000)
  region size 1024K, 10 young (10240K), 10 survivors (10240K)
 Metaspace       used 4912K, committed 5376K, reserved 16384K
}

