# JRE version: OpenJDK Runtime Environment Zulu17.50+19-CA (17.0.11+9) (build 17.0.11+9-LTS)
# Java VM: OpenJDK Server VM Zulu17.50+19-CA (17.0.11+9-LTS, mixed mode, sharing, tiered, g1 gc, linux-x86)
Heap:
 garbage-first heap   total 131072K, used 52967K [0xc5c00000, 0xe5c00000)
  region size 1024K, 51 young (52224K), 6 survivors (6144K)
 Metaspace       used 6340K, committed 7040K, reserved 16384K
GC Heap History (8 events):
Event: 59.946 GC heap before
{Heap before GC invocations=0 (full 0):
 garbage-first heap   total 131072K, used 12288K [0xc5c00000, 0xe5c00000)
  region size 1024K, 13 young (13312K), 0 survivors (0K)
 Metaspace       used 2847K, committed 3008K, reserved 16384K
}
Event: 59.985 GC heap after
{Heap after GC invocations=1 (full 0):
 garbage-first heap   total 131072K, used 2482K [0xc5c00000, 0xe5c00000)
  region size 1024K, 2 young (2048K), 2 survivors (2048K)
 Metaspace       used 2847K, committed 3008K, reserved 16384K
}
Event: 72.893 GC heap before
{Heap before GC invocations=1 (full 0):
 garbage-first heap   total 131072K, used 16818K [0xc5c00000, 0xe5c00000)
  region size 1024K, 16 young (16384K), 2 survivors (2048K)
 Metaspace       used 3890K, committed 4288K, reserved 16384K
}
Event: 72.924 GC heap after
{Heap after GC invocations=2 (full 0):
 garbage-first heap   total 131072K, used 3924K [0xc5c00000, 0xe5c00000)
  region size 1024K, 2 young (2048K), 2 survivors (2048K)
 Metaspace       used 3890K, committed 4288K, reserved 16384K
}
Event: 126.013 GC heap before
{Heap before GC invocations=2 (full 0):
 garbage-first heap   total 131072K, used 30548K [0xc5c00000, 0xe5c00000)
  region size 1024K, 28 young (28672K), 2 survivors (2048K)
 Metaspace       used 4776K, committed 5248K, reserved 16384K
}
Event: 126.088 GC heap after
{Heap after GC invocations=3 (full 0):
 garbage-first heap   total 131072K, used 5246K [0xc5c00000, 0xe5c00000)
  region size 1024K, 3 young (3072K), 3 survivors (3072K)
 Metaspace       used 4776K, committed 5248K, reserved 16384K
}
Event: 313.202 GC heap before
{Heap before GC invocations=3 (full 0):
 garbage-first heap   total 131072K, used 79998K [0xc5c00000, 0xe5c00000)
  region size 1024K, 76 young (77824K), 3 survivors (3072K)
 Metaspace       used 6188K, committed 6848K, reserved 16384K
}
Event: 313.259 GC heap after
{Heap after GC invocations=4 (full 0):
 garbage-first heap   total 131072K, used 7909K [0xc5c00000, 0xe5c00000)
  region size 1024K, 6 young (6144K), 6 survivors (6144K)
 Metaspace       used 6188K, committed 6848K, reserved 16384K
}

