# JRE version: OpenJDK Runtime Environment Zulu17.50+19-CA (17.0.11+9) (build 17.0.11+9-LTS)
# Java VM: OpenJDK Server VM Zulu17.50+19-CA (17.0.11+9-LTS, mixed mode, sharing, tiered, g1 gc, linux-x86)
Heap:
 garbage-first heap   total 131072K, used 60325K [0xc5c00000, 0xe5c00000)
  region size 1024K, 58 young (59392K), 6 survivors (6144K)
 Metaspace       used 6349K, committed 7104K, reserved 16384K
GC Heap History (8 events):
Event: 60.797 GC heap before
{Heap before GC invocations=0 (full 0):
 garbage-first heap   total 131072K, used 12288K [0xc5c00000, 0xe5c00000)
  region size 1024K, 13 young (13312K), 0 survivors (0K)
 Metaspace       used 2511K, committed 2752K, reserved 16384K
}
Event: 60.825 GC heap after
{Heap after GC invocations=1 (full 0):
 garbage-first heap   total 131072K, used 2400K [0xc5c00000, 0xe5c00000)
  region size 1024K, 2 young (2048K), 2 survivors (2048K)
 Metaspace       used 2511K, committed 2752K, reserved 16384K
}
Event: 73.867 GC heap before
{Heap before GC invocations=1 (full 0):
 garbage-first heap   total 131072K, used 18784K [0xc5c00000, 0xe5c00000)
  region size 1024K, 18 young (18432K), 2 survivors (2048K)
 Metaspace       used 3970K, committed 4352K, reserved 16384K
}
Event: 73.884 GC heap after
{Heap after GC invocations=2 (full 0):
 garbage-first heap   total 131072K, used 3503K [0xc5c00000, 0xe5c00000)
  region size 1024K, 2 young (2048K), 2 survivors (2048K)
 Metaspace       used 3970K, committed 4352K, reserved 16384K
}
Event: 150.517 GC heap before
{Heap before GC invocations=2 (full 0):
 garbage-first heap   total 131072K, used 39343K [0xc5c00000, 0xe5c00000)
  region size 1024K, 37 young (37888K), 2 survivors (2048K)
 Metaspace       used 5144K, committed 5632K, reserved 16384K
}
Event: 150.541 GC heap after
{Heap after GC invocations=3 (full 0):
 garbage-first heap   total 131072K, used 5321K [0xc5c00000, 0xe5c00000)
  region size 1024K, 3 young (3072K), 3 survivors (3072K)
 Metaspace       used 5144K, committed 5632K, reserved 16384K
}
Event: 416.391 GC heap before
{Heap before GC invocations=3 (full 0):
 garbage-first heap   total 131072K, used 80073K [0xc5c00000, 0xe5c00000)
  region size 1024K, 76 young (77824K), 3 survivors (3072K)
 Metaspace       used 6254K, committed 6976K, reserved 16384K
}
Event: 416.550 GC heap after
{Heap after GC invocations=4 (full 0):
 garbage-first heap   total 131072K, used 8099K [0xc5c00000, 0xe5c00000)
  region size 1024K, 6 young (6144K), 6 survivors (6144K)
 Metaspace       used 6254K, committed 6976K, reserved 16384K
}

