# JRE version: OpenJDK Runtime Environment Zulu17.50+19-CA (17.0.11+9) (build 17.0.11+9-LTS)
# Java VM: OpenJDK Server VM Zulu17.50+19-CA (17.0.11+9-LTS, mixed mode, sharing, tiered, g1 gc, linux-x86)
Heap:
 garbage-first heap   total 131072K, used 82013K [0xc5c00000, 0xe5c00000)
  region size 1024K, 74 young (75776K), 3 survivors (3072K)
 Metaspace       used 7796K, committed 8704K, reserved 16384K
GC Heap History (10 events):
Event: 52.375 GC heap before
{Heap before GC invocations=0 (full 0):
 garbage-first heap   total 131072K, used 12288K [0xc5c00000, 0xe5c00000)
  region size 1024K, 13 young (13312K), 0 survivors (0K)
 Metaspace       used 2681K, committed 2880K, reserved 16384K
}
Event: 52.440 GC heap after
{Heap after GC invocations=1 (full 0):
 garbage-first heap   total 131072K, used 2426K [0xc5c00000, 0xe5c00000)
  region size 1024K, 2 young (2048K), 2 survivors (2048K)
 Metaspace       used 2681K, committed 2880K, reserved 16384K
}
Event: 74.311 GC heap before
{Heap before GC invocations=1 (full 0):
 garbage-first heap   total 131072K, used 17786K [0xc5c00000, 0xe5c00000)
  region size 1024K, 17 young (17408K), 2 survivors (2048K)
 Metaspace       used 3898K, committed 4288K, reserved 16384K
}
Event: 74.328 GC heap after
{Heap after GC invocations=2 (full 0):
 garbage-first heap   total 131072K, used 3739K [0xc5c00000, 0xe5c00000)
  region size 1024K, 1 young (1024K), 1 survivors (1024K)
 Metaspace       used 3898K, committed 4288K, reserved 16384K
}
Event: 287.501 GC heap before
{Heap before GC invocations=2 (full 0):
 garbage-first heap   total 131072K, used 80539K [0xc5c00000, 0xe5c00000)
  region size 1024K, 76 young (77824K), 1 survivors (1024K)
 Metaspace       used 6109K, committed 6848K, reserved 16384K
}
Event: 287.516 GC heap after
{Heap after GC invocations=3 (full 0):
 garbage-first heap   total 131072K, used 7379K [0xc5c00000, 0xe5c00000)
  region size 1024K, 5 young (5120K), 5 survivors (5120K)
 Metaspace       used 6109K, committed 6848K, reserved 16384K
}
Event: 1043.082 GC heap before
{Heap before GC invocations=3 (full 0):
 garbage-first heap   total 131072K, used 80083K [0xc5c00000, 0xe5c00000)
  region size 1024K, 76 young (77824K), 5 survivors (5120K)
 Metaspace       used 7777K, committed 8704K, reserved 16384K
}
Event: 1043.123 GC heap after
{Heap after GC invocations=4 (full 0):
 garbage-first heap   total 131072K, used 10601K [0xc5c00000, 0xe5c00000)
  region size 1024K, 8 young (8192K), 8 survivors (8192K)
 Metaspace       used 7777K, committed 8704K, reserved 16384K
}
Event: 10556.089 GC heap before
{Heap before GC invocations=4 (full 0):
 garbage-first heap   total 131072K, used 80233K [0xc5c00000, 0xe5c00000)
  region size 1024K, 76 young (77824K), 8 survivors (8192K)
 Metaspace       used 7791K, committed 8704K, reserved 16384K
}
Event: 10556.175 GC heap after
{Heap after GC invocations=5 (full 0):
 garbage-first heap   total 131072K, used 10331K [0xc5c00000, 0xe5c00000)
  region size 1024K, 3 young (3072K), 3 survivors (3072K)
 Metaspace       used 7791K, committed 8704K, reserved 16384K
}

