# JRE version: OpenJDK Runtime Environment Zulu17.50+19-CA (17.0.11+9) (build 17.0.11+9-LTS)
# Java VM: OpenJDK Server VM Zulu17.50+19-CA (17.0.11+9-LTS, mixed mode, sharing, tiered, g1 gc, linux-x86)
Heap:
 garbage-first heap   total 131072K, used 40859K [0xc5c00000, 0xe5c00000)
  region size 1024K, 21 young (21504K), 8 survivors (8192K)
 Metaspace       used 10639K, committed 12160K, reserved 16384K
GC Heap History (20 events):
Event: 112.299 GC heap before
{Heap before GC invocations=3 (full 0):
 garbage-first heap   total 131072K, used 80297K [0xc5c00000, 0xe5c00000)
  region size 1024K, 76 young (77824K), 4 survivors (4096K)
 Metaspace       used 5660K, committed 6272K, reserved 16384K
}
Event: 112.312 GC heap after
{Heap after GC invocations=4 (full 0):
 garbage-first heap   total 131072K, used 7618K [0xc5c00000, 0xe5c00000)
  region size 1024K, 5 young (5120K), 5 survivors (5120K)
 Metaspace       used 5660K, committed 6272K, reserved 16384K
}
Event: 127.509 GC heap before
{Heap before GC invocations=4 (full 0):
 garbage-first heap   total 131072K, used 80322K [0xc5c00000, 0xe5c00000)
  region size 1024K, 76 young (77824K), 5 survivors (5120K)
 Metaspace       used 6401K, committed 7232K, reserved 16384K
}
Event: 127.524 GC heap after
{Heap after GC invocations=5 (full 0):
 garbage-first heap   total 131072K, used 9560K [0xc5c00000, 0xe5c00000)
  region size 1024K, 7 young (7168K), 7 survivors (7168K)
 Metaspace       used 6401K, committed 7232K, reserved 16384K
}
Event: 199.842 GC heap before
{Heap before GC invocations=5 (full 0):
 garbage-first heap   total 131072K, used 80216K [0xc5c00000, 0xe5c00000)
  region size 1024K, 76 young (77824K), 7 survivors (7168K)
 Metaspace       used 8193K, committed 9280K, reserved 16384K
}
Event: 199.873 GC heap after
{Heap after GC invocations=6 (full 0):
 garbage-first heap   total 131072K, used 13522K [0xc5c00000, 0xe5c00000)
  region size 1024K, 10 young (10240K), 10 survivors (10240K)
 Metaspace       used 8193K, committed 9280K, reserved 16384K
}
Event: 318.154 GC heap before
{Heap before GC invocations=6 (full 0):
 garbage-first heap   total 131072K, used 81106K [0xc5c00000, 0xe5c00000)
  region size 1024K, 76 young (77824K), 10 survivors (10240K)
 Metaspace       used 8362K, committed 9472K, reserved 16384K
}
Event: 318.185 GC heap after
{Heap after GC invocations=7 (full 0):
 garbage-first heap   total 131072K, used 15607K [0xc5c00000, 0xe5c00000)
  region size 1024K, 7 young (7168K), 7 survivors (7168K)
 Metaspace       used 8362K, committed 9472K, reserved 16384K
}
Event: 350.987 GC heap before
{Heap before GC invocations=7 (full 0):
 garbage-first heap   total 131072K, used 86263K [0xc5c00000, 0xe5c00000)
  region size 1024K, 76 young (77824K), 7 survivors (7168K)
 Metaspace       used 9075K, committed 10304K, reserved 16384K
}
Event: 351.041 GC heap after
{Heap after GC invocations=8 (full 0):
 garbage-first heap   total 131072K, used 17298K [0xc5c00000, 0xe5c00000)
  region size 1024K, 4 young (4096K), 4 survivors (4096K)
 Metaspace       used 9075K, committed 10304K, reserved 16384K
}
Event: 439.090 GC heap before
{Heap before GC invocations=8 (full 0):
 garbage-first heap   total 131072K, used 91026K [0xc5c00000, 0xe5c00000)
  region size 1024K, 76 young (77824K), 4 survivors (4096K)
 Metaspace       used 9415K, committed 10752K, reserved 16384K
}
Event: 439.141 GC heap after
{Heap after GC invocations=9 (full 0):
 garbage-first heap   total 131072K, used 19346K [0xc5c00000, 0xe5c00000)
  region size 1024K, 6 young (6144K), 6 survivors (6144K)
 Metaspace       used 9415K, committed 10752K, reserved 16384K
}
Event: 453.617 GC heap before
{Heap before GC invocations=9 (full 0):
 garbage-first heap   total 131072K, used 91026K [0xc5c00000, 0xe5c00000)
  region size 1024K, 76 young (77824K), 6 survivors (6144K)
 Metaspace       used 9587K, committed 11008K, reserved 16384K
}
Event: 453.653 GC heap after
{Heap after GC invocations=10 (full 0):
 garbage-first heap   total 131072K, used 20402K [0xc5c00000, 0xe5c00000)
  region size 1024K, 5 young (5120K), 5 survivors (5120K)
 Metaspace       used 9587K, committed 11008K, reserved 16384K
}
Event: 464.741 GC heap before
{Heap before GC invocations=10 (full 0):
 garbage-first heap   total 131072K, used 93106K [0xc5c00000, 0xe5c00000)
  region size 1024K, 76 young (77824K), 5 survivors (5120K)
 Metaspace       used 10017K, committed 11456K, reserved 16384K
}
Event: 464.750 GC heap after
{Heap after GC invocations=11 (full 0):
 garbage-first heap   total 131072K, used 21322K [0xc5c00000, 0xe5c00000)
  region size 1024K, 6 young (6144K), 6 survivors (6144K)
 Metaspace       used 10017K, committed 11456K, reserved 16384K
}
Event: 582.472 GC heap before
{Heap before GC invocations=11 (full 0):
 garbage-first heap   total 131072K, used 93002K [0xc5c00000, 0xe5c00000)
  region size 1024K, 76 young (77824K), 6 survivors (6144K)
 Metaspace       used 10359K, committed 11840K, reserved 16384K
}
Event: 582.559 GC heap after
{Heap after GC invocations=12 (full 0):
 garbage-first heap   total 131072K, used 25004K [0xc5c00000, 0xe5c00000)
  region size 1024K, 8 young (8192K), 8 survivors (8192K)
 Metaspace       used 10359K, committed 11840K, reserved 16384K
}
Event: 4095.388 GC heap before
{Heap before GC invocations=12 (full 0):
 garbage-first heap   total 131072K, used 94636K [0xc5c00000, 0xe5c00000)
  region size 1024K, 76 young (77824K), 8 survivors (8192K)
 Metaspace       used 10621K, committed 12160K, reserved 16384K
}
Event: 4095.445 GC heap after
{Heap after GC invocations=13 (full 0):
 garbage-first heap   total 131072K, used 27547K [0xc5c00000, 0xe5c00000)
  region size 1024K, 8 young (8192K), 8 survivors (8192K)
 Metaspace       used 10621K, committed 12160K, reserved 16384K
}

