# JRE version: OpenJDK Runtime Environment Zulu17.50+19-CA (17.0.11+9) (build 17.0.11+9-LTS)
# Java VM: OpenJDK Server VM Zulu17.50+19-CA (17.0.11+9-LTS, mixed mode, sharing, tiered, g1 gc, linux-x86)
Heap:
 garbage-first heap   total 131072K, used 55496K [0xc5c00000, 0xe5c00000)
  region size 1024K, 53 young (54272K), 8 survivors (8192K)
 Metaspace       used 6623K, committed 7424K, reserved 16384K
GC Heap History (8 events):
Event: 40.105 GC heap before
{Heap before GC invocations=0 (full 0):
 garbage-first heap   total 131072K, used 12288K [0xc5c00000, 0xe5c00000)
  region size 1024K, 13 young (13312K), 0 survivors (0K)
 Metaspace       used 2757K, committed 3008K, reserved 16384K
}
Event: 40.241 GC heap after
{Heap after GC invocations=1 (full 0):
 garbage-first heap   total 131072K, used 2525K [0xc5c00000, 0xe5c00000)
  region size 1024K, 2 young (2048K), 2 survivors (2048K)
 Metaspace       used 2757K, committed 3008K, reserved 16384K
}
Event: 138.356 GC heap before
{Heap before GC invocations=1 (full 0):
 garbage-first heap   total 131072K, used 17885K [0xc5c00000, 0xe5c00000)
  region size 1024K, 17 young (17408K), 2 survivors (2048K)
 Metaspace       used 4200K, committed 4608K, reserved 16384K
}
Event: 138.389 GC heap after
{Heap after GC invocations=2 (full 0):
 garbage-first heap   total 131072K, used 3611K [0xc5c00000, 0xe5c00000)
  region size 1024K, 2 young (2048K), 2 survivors (2048K)
 Metaspace       used 4200K, committed 4608K, reserved 16384K
}
Event: 257.362 GC heap before
{Heap before GC invocations=2 (full 0):
 garbage-first heap   total 131072K, used 79387K [0xc5c00000, 0xe5c00000)
  region size 1024K, 76 young (77824K), 2 survivors (2048K)
 Metaspace       used 5902K, committed 6592K, reserved 16384K
}
Event: 257.392 GC heap after
{Heap after GC invocations=3 (full 0):
 garbage-first heap   total 131072K, used 6872K [0xc5c00000, 0xe5c00000)
  region size 1024K, 5 young (5120K), 5 survivors (5120K)
 Metaspace       used 5902K, committed 6592K, reserved 16384K
}
Event: 558.241 GC heap before
{Heap before GC invocations=3 (full 0):
 garbage-first heap   total 131072K, used 79576K [0xc5c00000, 0xe5c00000)
  region size 1024K, 76 young (77824K), 5 survivors (5120K)
 Metaspace       used 6326K, committed 7040K, reserved 16384K
}
Event: 558.318 GC heap after
{Heap after GC invocations=4 (full 0):
 garbage-first heap   total 131072K, used 10438K [0xc5c00000, 0xe5c00000)
  region size 1024K, 8 young (8192K), 8 survivors (8192K)
 Metaspace       used 6326K, committed 7040K, reserved 16384K
}

