# JRE version: OpenJDK Runtime Environment Zulu17.50+19-CA (17.0.11+9) (build 17.0.11+9-LTS)
# Java VM: OpenJDK Server VM Zulu17.50+19-CA (17.0.11+9-LTS, mixed mode, sharing, tiered, g1 gc, linux-x86)
Heap:
 garbage-first heap   total 131072K, used 20761K [0xc5c00000, 0xe5c00000)
  region size 1024K, 12 young (12288K), 8 survivors (8192K)
 Metaspace       used 4819K, committed 5248K, reserved 16384K
GC Heap History (10 events):
Event: 147.878 GC heap before
{Heap before GC invocations=0 (full 0):
 garbage-first heap   total 131072K, used 12288K [0xc5c00000, 0xe5c00000)
  region size 1024K, 13 young (13312K), 0 survivors (0K)
 Metaspace       used 2413K, committed 2560K, reserved 16384K
}
Event: 147.943 GC heap after
{Heap after GC invocations=1 (full 0):
 garbage-first heap   total 131072K, used 2048K [0xc5c00000, 0xe5c00000)
  region size 1024K, 2 young (2048K), 2 survivors (2048K)
 Metaspace       used 2413K, committed 2560K, reserved 16384K
}
Event: 165.285 GC heap before
{Heap before GC invocations=1 (full 0):
 garbage-first heap   total 131072K, used 18432K [0xc5c00000, 0xe5c00000)
  region size 1024K, 19 young (19456K), 2 survivors (2048K)
 Metaspace       used 3971K, committed 4352K, reserved 16384K
}
Event: 165.312 GC heap after
{Heap after GC invocations=2 (full 0):
 garbage-first heap   total 131072K, used 3576K [0xc5c00000, 0xe5c00000)
  region size 1024K, 2 young (2048K), 2 survivors (2048K)
 Metaspace       used 3971K, committed 4352K, reserved 16384K
}
Event: 344.284 GC heap before
{Heap before GC invocations=2 (full 0):
 garbage-first heap   total 131072K, used 79352K [0xc5c00000, 0xe5c00000)
  region size 1024K, 76 young (77824K), 2 survivors (2048K)
 Metaspace       used 4785K, committed 5248K, reserved 16384K
}
Event: 344.308 GC heap after
{Heap after GC invocations=3 (full 0):
 garbage-first heap   total 131072K, used 9196K [0xc5c00000, 0xe5c00000)
  region size 1024K, 7 young (7168K), 7 survivors (7168K)
 Metaspace       used 4785K, committed 5248K, reserved 16384K
}
Event: 1076.162 GC heap before
{Heap before GC invocations=3 (full 0):
 garbage-first heap   total 131072K, used 79852K [0xc5c00000, 0xe5c00000)
  region size 1024K, 76 young (77824K), 7 survivors (7168K)
 Metaspace       used 4804K, committed 5248K, reserved 16384K
}
Event: 1076.295 GC heap after
{Heap after GC invocations=4 (full 0):
 garbage-first heap   total 131072K, used 14387K [0xc5c00000, 0xe5c00000)
  region size 1024K, 6 young (6144K), 6 survivors (6144K)
 Metaspace       used 4804K, committed 5248K, reserved 16384K
}
Event: 30857.461 GC heap before
{Heap before GC invocations=4 (full 0):
 garbage-first heap   total 131072K, used 86067K [0xc5c00000, 0xe5c00000)
  region size 1024K, 76 young (77824K), 6 survivors (6144K)
 Metaspace       used 4818K, committed 5248K, reserved 16384K
}
Event: 30857.535 GC heap after
{Heap after GC invocations=5 (full 0):
 garbage-first heap   total 131072K, used 16665K [0xc5c00000, 0xe5c00000)
  region size 1024K, 8 young (8192K), 8 survivors (8192K)
 Metaspace       used 4818K, committed 5248K, reserved 16384K
}

