# JRE version: OpenJDK Runtime Environment Zulu17.50+19-CA (17.0.11+9) (build 17.0.11+9-LTS)
# Java VM: OpenJDK Server VM Zulu17.50+19-CA (17.0.11+9-LTS, mixed mode, sharing, tiered, g1 gc, linux-x86)
Heap:
 garbage-first heap   total 131072K, used 76573K [0xc5c00000, 0xe5c00000)
  region size 1024K, 72 young (73728K), 6 survivors (6144K)
 Metaspace       used 6374K, committed 7104K, reserved 16384K
GC Heap History (10 events):
Event: 54.384 GC heap before
{Heap before GC invocations=0 (full 0):
 garbage-first heap   total 131072K, used 12288K [0xc5c00000, 0xe5c00000)
  region size 1024K, 13 young (13312K), 0 survivors (0K)
 Metaspace       used 2499K, committed 2752K, reserved 16384K
}
Event: 54.409 GC heap after
{Heap after GC invocations=1 (full 0):
 garbage-first heap   total 131072K, used 2404K [0xc5c00000, 0xe5c00000)
  region size 1024K, 2 young (2048K), 2 survivors (2048K)
 Metaspace       used 2499K, committed 2752K, reserved 16384K
}
Event: 67.443 GC heap before
{Heap before GC invocations=1 (full 0):
 garbage-first heap   total 131072K, used 17764K [0xc5c00000, 0xe5c00000)
  region size 1024K, 18 young (18432K), 2 survivors (2048K)
 Metaspace       used 3968K, committed 4352K, reserved 16384K
}
Event: 67.451 GC heap after
{Heap after GC invocations=2 (full 0):
 garbage-first heap   total 131072K, used 3546K [0xc5c00000, 0xe5c00000)
  region size 1024K, 2 young (2048K), 2 survivors (2048K)
 Metaspace       used 3968K, committed 4352K, reserved 16384K
}
Event: 132.883 GC heap before
{Heap before GC invocations=2 (full 0):
 garbage-first heap   total 131072K, used 40410K [0xc5c00000, 0xe5c00000)
  region size 1024K, 38 young (38912K), 2 survivors (2048K)
 Metaspace       used 5136K, committed 5632K, reserved 16384K
}
Event: 132.901 GC heap after
{Heap after GC invocations=3 (full 0):
 garbage-first heap   total 131072K, used 5211K [0xc5c00000, 0xe5c00000)
  region size 1024K, 3 young (3072K), 3 survivors (3072K)
 Metaspace       used 5136K, committed 5632K, reserved 16384K
}
Event: 387.967 GC heap before
{Heap before GC invocations=3 (full 0):
 garbage-first heap   total 131072K, used 79963K [0xc5c00000, 0xe5c00000)
  region size 1024K, 76 young (77824K), 3 survivors (3072K)
 Metaspace       used 6273K, committed 6976K, reserved 16384K
}
Event: 388.029 GC heap after
{Heap after GC invocations=4 (full 0):
 garbage-first heap   total 131072K, used 8052K [0xc5c00000, 0xe5c00000)
  region size 1024K, 6 young (6144K), 6 survivors (6144K)
 Metaspace       used 6273K, committed 6976K, reserved 16384K
}
Event: 16114.950 GC heap before
{Heap before GC invocations=4 (full 0):
 garbage-first heap   total 131072K, used 79732K [0xc5c00000, 0xe5c00000)
  region size 1024K, 76 young (77824K), 6 survivors (6144K)
 Metaspace       used 6368K, committed 7104K, reserved 16384K
}
Event: 16115.015 GC heap after
{Heap after GC invocations=5 (full 0):
 garbage-first heap   total 131072K, used 8989K [0xc5c00000, 0xe5c00000)
  region size 1024K, 6 young (6144K), 6 survivors (6144K)
 Metaspace       used 6368K, committed 7104K, reserved 16384K
}

