# JRE version: OpenJDK Runtime Environment Zulu17.50+19-CA (17.0.11+9) (build 17.0.11+9-LTS)
# Java VM: OpenJDK Server VM Zulu17.50+19-CA (17.0.11+9-LTS, mixed mode, sharing, tiered, g1 gc, linux-x86)
Heap:
 garbage-first heap   total 131072K, used 28752K [0xc5c00000, 0xe5c00000)
  region size 1024K, 27 young (27648K), 3 survivors (3072K)
 Metaspace       used 3933K, committed 4224K, reserved 16384K
GC Heap History (8 events):
Event: 20.388 GC heap before
{Heap before GC invocations=0 (full 0):
 garbage-first heap   total 131072K, used 12288K [0xc5c00000, 0xe5c00000)
  region size 1024K, 13 young (13312K), 0 survivors (0K)
 Metaspace       used 2226K, committed 2368K, reserved 16384K
}
Event: 20.726 GC heap after
{Heap after GC invocations=1 (full 0):
 garbage-first heap   total 131072K, used 2809K [0xc5c00000, 0xe5c00000)
  region size 1024K, 2 young (2048K), 2 survivors (2048K)
 Metaspace       used 2226K, committed 2368K, reserved 16384K
}
Event: 28.418 GC heap before
{Heap before GC invocations=1 (full 0):
 garbage-first heap   total 131072K, used 18169K [0xc5c00000, 0xe5c00000)
  region size 1024K, 17 young (17408K), 2 survivors (2048K)
 Metaspace       used 2484K, committed 2688K, reserved 16384K
}
Event: 28.447 GC heap after
{Heap after GC invocations=2 (full 0):
 garbage-first heap   total 131072K, used 2387K [0xc5c00000, 0xe5c00000)
  region size 1024K, 1 young (1024K), 1 survivors (1024K)
 Metaspace       used 2484K, committed 2688K, reserved 16384K
}
Event: 1254.543 GC heap before
{Heap before GC invocations=2 (full 0):
 garbage-first heap   total 131072K, used 79187K [0xc5c00000, 0xe5c00000)
  region size 1024K, 76 young (77824K), 1 survivors (1024K)
 Metaspace       used 3874K, committed 4160K, reserved 16384K
}
Event: 1254.559 GC heap after
{Heap after GC invocations=3 (full 0):
 garbage-first heap   total 131072K, used 4238K [0xc5c00000, 0xe5c00000)
  region size 1024K, 3 young (3072K), 3 survivors (3072K)
 Metaspace       used 3874K, committed 4160K, reserved 16384K
}
Event: 3459.701 GC heap before
{Heap before GC invocations=3 (full 0):
 garbage-first heap   total 131072K, used 78990K [0xc5c00000, 0xe5c00000)
  region size 1024K, 76 young (77824K), 3 survivors (3072K)
 Metaspace       used 3896K, committed 4160K, reserved 16384K
}
Event: 3459.747 GC heap after
{Heap after GC invocations=4 (full 0):
 garbage-first heap   total 131072K, used 4176K [0xc5c00000, 0xe5c00000)
  region size 1024K, 3 young (3072K), 3 survivors (3072K)
 Metaspace       used 3896K, committed 4160K, reserved 16384K
}

