# JRE version: OpenJDK Runtime Environment Zulu17.50+19-CA (17.0.11+9) (build 17.0.11+9-LTS)
# Java VM: OpenJDK Server VM Zulu17.50+19-CA (17.0.11+9-LTS, mixed mode, sharing, tiered, g1 gc, linux-x86)
Heap:
 garbage-first heap   total 131072K, used 36355K [0xc5c00000, 0xe5c00000)
  region size 1024K, 18 young (18432K), 7 survivors (7168K)
 Metaspace       used 10483K, committed 12096K, reserved 16384K
GC Heap History (20 events):
Event: 139.485 GC heap before
{Heap before GC invocations=3 (full 0):
 garbage-first heap   total 131072K, used 79514K [0xc5c00000, 0xe5c00000)
  region size 1024K, 76 young (77824K), 3 survivors (3072K)
 Metaspace       used 5471K, committed 6144K, reserved 16384K
}
Event: 139.524 GC heap after
{Heap after GC invocations=4 (full 0):
 garbage-first heap   total 131072K, used 7132K [0xc5c00000, 0xe5c00000)
  region size 1024K, 5 young (5120K), 5 survivors (5120K)
 Metaspace       used 5471K, committed 6144K, reserved 16384K
}
Event: 152.748 GC heap before
{Heap before GC invocations=4 (full 0):
 garbage-first heap   total 131072K, used 79836K [0xc5c00000, 0xe5c00000)
  region size 1024K, 76 young (77824K), 5 survivors (5120K)
 Metaspace       used 5944K, committed 6656K, reserved 16384K
}
Event: 152.769 GC heap after
{Heap after GC invocations=5 (full 0):
 garbage-first heap   total 131072K, used 7969K [0xc5c00000, 0xe5c00000)
  region size 1024K, 6 young (6144K), 6 survivors (6144K)
 Metaspace       used 5944K, committed 6656K, reserved 16384K
}
Event: 207.045 GC heap before
{Heap before GC invocations=5 (full 0):
 garbage-first heap   total 131072K, used 79649K [0xc5c00000, 0xe5c00000)
  region size 1024K, 76 young (77824K), 6 survivors (6144K)
 Metaspace       used 6997K, committed 7872K, reserved 16384K
}
Event: 207.078 GC heap after
{Heap after GC invocations=6 (full 0):
 garbage-first heap   total 131072K, used 10548K [0xc5c00000, 0xe5c00000)
  region size 1024K, 7 young (7168K), 7 survivors (7168K)
 Metaspace       used 6997K, committed 7872K, reserved 16384K
}
Event: 322.617 GC heap before
{Heap before GC invocations=6 (full 0):
 garbage-first heap   total 131072K, used 81204K [0xc5c00000, 0xe5c00000)
  region size 1024K, 76 young (77824K), 7 survivors (7168K)
 Metaspace       used 7375K, committed 8320K, reserved 16384K
}
Event: 322.645 GC heap after
{Heap after GC invocations=7 (full 0):
 garbage-first heap   total 131072K, used 12211K [0xc5c00000, 0xe5c00000)
  region size 1024K, 8 young (8192K), 8 survivors (8192K)
 Metaspace       used 7375K, committed 8320K, reserved 16384K
}
Event: 335.834 GC heap before
{Heap before GC invocations=7 (full 0):
 garbage-first heap   total 131072K, used 81843K [0xc5c00000, 0xe5c00000)
  region size 1024K, 76 young (77824K), 8 survivors (8192K)
 Metaspace       used 7732K, committed 8832K, reserved 16384K
}
Event: 335.863 GC heap after
{Heap after GC invocations=8 (full 0):
 garbage-first heap   total 131072K, used 13207K [0xc5c00000, 0xe5c00000)
  region size 1024K, 6 young (6144K), 6 survivors (6144K)
 Metaspace       used 7732K, committed 8832K, reserved 16384K
}
Event: 355.259 GC heap before
{Heap before GC invocations=8 (full 0):
 garbage-first heap   total 131072K, used 84887K [0xc5c00000, 0xe5c00000)
  region size 1024K, 76 young (77824K), 6 survivors (6144K)
 Metaspace       used 8258K, committed 9408K, reserved 16384K
}
Event: 355.318 GC heap after
{Heap after GC invocations=9 (full 0):
 garbage-first heap   total 131072K, used 15658K [0xc5c00000, 0xe5c00000)
  region size 1024K, 8 young (8192K), 8 survivors (8192K)
 Metaspace       used 8258K, committed 9408K, reserved 16384K
}
Event: 501.648 GC heap before
{Heap before GC invocations=9 (full 0):
 garbage-first heap   total 131072K, used 85290K [0xc5c00000, 0xe5c00000)
  region size 1024K, 76 young (77824K), 8 survivors (8192K)
 Metaspace       used 8919K, committed 10176K, reserved 16384K
}
Event: 501.736 GC heap after
{Heap after GC invocations=10 (full 0):
 garbage-first heap   total 131072K, used 18416K [0xc5c00000, 0xe5c00000)
  region size 1024K, 6 young (6144K), 6 survivors (6144K)
 Metaspace       used 8919K, committed 10176K, reserved 16384K
}
Event: 671.529 GC heap before
{Heap before GC invocations=10 (full 0):
 garbage-first heap   total 131072K, used 90096K [0xc5c00000, 0xe5c00000)
  region size 1024K, 76 young (77824K), 6 survivors (6144K)
 Metaspace       used 9228K, committed 10560K, reserved 16384K
}
Event: 671.584 GC heap after
{Heap after GC invocations=11 (full 0):
 garbage-first heap   total 131072K, used 21234K [0xc5c00000, 0xe5c00000)
  region size 1024K, 8 young (8192K), 8 survivors (8192K)
 Metaspace       used 9228K, committed 10560K, reserved 16384K
}
Event: 730.536 GC heap before
{Heap before GC invocations=11 (full 0):
 garbage-first heap   total 131072K, used 90866K [0xc5c00000, 0xe5c00000)
  region size 1024K, 76 young (77824K), 8 survivors (8192K)
 Metaspace       used 9468K, committed 10880K, reserved 16384K
}
Event: 730.555 GC heap after
{Heap after GC invocations=12 (full 0):
 garbage-first heap   total 131072K, used 22725K [0xc5c00000, 0xe5c00000)
  region size 1024K, 5 young (5120K), 5 survivors (5120K)
 Metaspace       used 9468K, committed 10880K, reserved 16384K
}
Event: 2273.495 GC heap before
{Heap before GC invocations=12 (full 0):
 garbage-first heap   total 131072K, used 95429K [0xc5c00000, 0xe5c00000)
  region size 1024K, 76 young (77824K), 5 survivors (5120K)
 Metaspace       used 10469K, committed 12032K, reserved 16384K
}
Event: 2273.566 GC heap after
{Heap after GC invocations=13 (full 0):
 garbage-first heap   total 131072K, used 25091K [0xc5c00000, 0xe5c00000)
  region size 1024K, 7 young (7168K), 7 survivors (7168K)
 Metaspace       used 10469K, committed 12032K, reserved 16384K
}

