# JRE version: OpenJDK Runtime Environment Zulu17.50+19-CA (17.0.11+9) (build 17.0.11+9-LTS)
# Java VM: OpenJDK Server VM Zulu17.50+19-CA (17.0.11+9-LTS, mixed mode, sharing, tiered, g1 gc, linux-x86)
Heap:
 garbage-first heap   total 131072K, used 16995K [0xc5c00000, 0xe5c00000)
  region size 1024K, 12 young (12288K), 10 survivors (10240K)
 Metaspace       used 5142K, committed 5568K, reserved 16384K
GC Heap History (8 events):
Event: 144.293 GC heap before
{Heap before GC invocations=0 (full 0):
 garbage-first heap   total 131072K, used 12288K [0xc5c00000, 0xe5c00000)
  region size 1024K, 13 young (13312K), 0 survivors (0K)
 Metaspace       used 2408K, committed 2560K, reserved 16384K
}
Event: 144.337 GC heap after
{Heap after GC invocations=1 (full 0):
 garbage-first heap   total 131072K, used 1953K [0xc5c00000, 0xe5c00000)
  region size 1024K, 2 young (2048K), 2 survivors (2048K)
 Metaspace       used 2408K, committed 2560K, reserved 16384K
}
Event: 306.588 GC heap before
{Heap before GC invocations=1 (full 0):
 garbage-first heap   total 131072K, used 18337K [0xc5c00000, 0xe5c00000)
  region size 1024K, 18 young (18432K), 2 survivors (2048K)
 Metaspace       used 4261K, committed 4544K, reserved 16384K
}
Event: 306.636 GC heap after
{Heap after GC invocations=2 (full 0):
 garbage-first heap   total 131072K, used 3723K [0xc5c00000, 0xe5c00000)
  region size 1024K, 2 young (2048K), 2 survivors (2048K)
 Metaspace       used 4261K, committed 4544K, reserved 16384K
}
Event: 380.720 GC heap before
{Heap before GC invocations=2 (full 0):
 garbage-first heap   total 131072K, used 54923K [0xc5c00000, 0xe5c00000)
  region size 1024K, 52 young (53248K), 2 survivors (2048K)
 Metaspace       used 5099K, committed 5568K, reserved 16384K
}
Event: 380.763 GC heap after
{Heap after GC invocations=3 (full 0):
 garbage-first heap   total 131072K, used 8473K [0xc5c00000, 0xe5c00000)
  region size 1024K, 7 young (7168K), 7 survivors (7168K)
 Metaspace       used 5099K, committed 5568K, reserved 16384K
}
Event: 4325.676 GC heap before
{Heap before GC invocations=3 (full 0):
 garbage-first heap   total 131072K, used 79129K [0xc5c00000, 0xe5c00000)
  region size 1024K, 76 young (77824K), 7 survivors (7168K)
 Metaspace       used 5140K, committed 5568K, reserved 16384K
}
Event: 4325.769 GC heap after
{Heap after GC invocations=4 (full 0):
 garbage-first heap   total 131072K, used 14947K [0xc5c00000, 0xe5c00000)
  region size 1024K, 10 young (10240K), 10 survivors (10240K)
 Metaspace       used 5140K, committed 5568K, reserved 16384K
}

