# JRE version: OpenJDK Runtime Environment Zulu17.50+19-CA (17.0.11+9) (build 17.0.11+9-LTS)
# Java VM: OpenJDK Server VM Zulu17.50+19-CA (17.0.11+9-LTS, mixed mode, sharing, tiered, g1 gc, linux-x86)
Heap:
 garbage-first heap   total 131072K, used 11858K [0xc5c00000, 0xe5c00000)
  region size 1024K, 10 young (10240K), 2 survivors (2048K)
 Metaspace       used 3558K, committed 3776K, reserved 16384K
GC Heap History (14 events):
Event: 24.835 GC heap before
{Heap before GC invocations=0 (full 0):
 garbage-first heap   total 131072K, used 12288K [0xc5c00000, 0xe5c00000)
  region size 1024K, 13 young (13312K), 0 survivors (0K)
 Metaspace       used 1918K, committed 2048K, reserved 16384K
}
Event: 24.850 GC heap after
{Heap after GC invocations=1 (full 0):
 garbage-first heap   total 131072K, used 2245K [0xc5c00000, 0xe5c00000)
  region size 1024K, 2 young (2048K), 2 survivors (2048K)
 Metaspace       used 1918K, committed 2048K, reserved 16384K
}
Event: 216.001 GC heap before
{Heap before GC invocations=1 (full 0):
 garbage-first heap   total 131072K, used 19653K [0xc5c00000, 0xe5c00000)
  region size 1024K, 19 young (19456K), 2 survivors (2048K)
 Metaspace       used 3246K, committed 3456K, reserved 16384K
}
Event: 216.016 GC heap after
{Heap after GC invocations=2 (full 0):
 garbage-first heap   total 131072K, used 3253K [0xc5c00000, 0xe5c00000)
  region size 1024K, 2 young (2048K), 2 survivors (2048K)
 Metaspace       used 3246K, committed 3456K, reserved 16384K
}
Event: 4789.860 GC heap before
{Heap before GC invocations=2 (full 0):
 garbage-first heap   total 131072K, used 75957K [0xc5c00000, 0xe5c00000)
  region size 1024K, 73 young (74752K), 2 survivors (2048K)
 Metaspace       used 3387K, committed 3584K, reserved 16384K
}
Event: 4789.908 GC heap after
{Heap after GC invocations=3 (full 0):
 garbage-first heap   total 131072K, used 3628K [0xc5c00000, 0xe5c00000)
  region size 1024K, 2 young (2048K), 2 survivors (2048K)
 Metaspace       used 3387K, committed 3584K, reserved 16384K
}
Event: 9080.999 GC heap before
{Heap before GC invocations=3 (full 0):
 garbage-first heap   total 131072K, used 79404K [0xc5c00000, 0xe5c00000)
  region size 1024K, 76 young (77824K), 2 survivors (2048K)
 Metaspace       used 3495K, committed 3776K, reserved 16384K
}
Event: 9081.033 GC heap after
{Heap after GC invocations=4 (full 0):
 garbage-first heap   total 131072K, used 3621K [0xc5c00000, 0xe5c00000)
  region size 1024K, 2 young (2048K), 2 survivors (2048K)
 Metaspace       used 3495K, committed 3776K, reserved 16384K
}
Event: 10846.803 GC heap before
{Heap before GC invocations=4 (full 0):
 garbage-first heap   total 131072K, used 79397K [0xc5c00000, 0xe5c00000)
  region size 1024K, 76 young (77824K), 2 survivors (2048K)
 Metaspace       used 3534K, committed 3776K, reserved 16384K
}
Event: 10846.832 GC heap after
{Heap after GC invocations=5 (full 0):
 garbage-first heap   total 131072K, used 3591K [0xc5c00000, 0xe5c00000)
  region size 1024K, 2 young (2048K), 2 survivors (2048K)
 Metaspace       used 3534K, committed 3776K, reserved 16384K
}
Event: 15930.321 GC heap before
{Heap before GC invocations=5 (full 0):
 garbage-first heap   total 131072K, used 79367K [0xc5c00000, 0xe5c00000)
  region size 1024K, 76 young (77824K), 2 survivors (2048K)
 Metaspace       used 3551K, committed 3776K, reserved 16384K
}
Event: 15930.339 GC heap after
{Heap after GC invocations=6 (full 0):
 garbage-first heap   total 131072K, used 3516K [0xc5c00000, 0xe5c00000)
  region size 1024K, 2 young (2048K), 2 survivors (2048K)
 Metaspace       used 3551K, committed 3776K, reserved 16384K
}
Event: 19641.154 GC heap before
{Heap before GC invocations=6 (full 0):
 garbage-first heap   total 131072K, used 79292K [0xc5c00000, 0xe5c00000)
  region size 1024K, 76 young (77824K), 2 survivors (2048K)
 Metaspace       used 3557K, committed 3776K, reserved 16384K
}
Event: 19641.229 GC heap after
{Heap after GC invocations=7 (full 0):
 garbage-first heap   total 131072K, used 3666K [0xc5c00000, 0xe5c00000)
  region size 1024K, 2 young (2048K), 2 survivors (2048K)
 Metaspace       used 3557K, committed 3776K, reserved 16384K
}

