# JRE version: OpenJDK Runtime Environment Zulu17.50+19-CA (17.0.11+9) (build 17.0.11+9-LTS)
# Java VM: OpenJDK Server VM Zulu17.50+19-CA (17.0.11+9-LTS, mixed mode, sharing, tiered, g1 gc, linux-x86)
Heap:
 garbage-first heap   total 131072K, used 29314K [0xc5c00000, 0xe5c00000)
  region size 1024K, 16 young (16384K), 6 survivors (6144K)
 Metaspace       used 8797K, committed 9792K, reserved 16384K
GC Heap History (16 events):
Event: 52.428 GC heap before
{Heap before GC invocations=0 (full 0):
 garbage-first heap   total 131072K, used 12288K [0xc5c00000, 0xe5c00000)
  region size 1024K, 13 young (13312K), 0 survivors (0K)
 Metaspace       used 1821K, committed 1984K, reserved 16384K
}
Event: 52.532 GC heap after
{Heap after GC invocations=1 (full 0):
 garbage-first heap   total 131072K, used 1991K [0xc5c00000, 0xe5c00000)
  region size 1024K, 2 young (2048K), 2 survivors (2048K)
 Metaspace       used 1821K, committed 1984K, reserved 16384K
}
Event: 60.960 GC heap before
{Heap before GC invocations=1 (full 0):
 garbage-first heap   total 131072K, used 20423K [0xc5c00000, 0xe5c00000)
  region size 1024K, 19 young (19456K), 2 survivors (2048K)
 Metaspace       used 3449K, committed 3648K, reserved 16384K
}
Event: 60.997 GC heap after
{Heap after GC invocations=2 (full 0):
 garbage-first heap   total 131072K, used 2933K [0xc5c00000, 0xe5c00000)
  region size 1024K, 2 young (2048K), 2 survivors (2048K)
 Metaspace       used 3449K, committed 3648K, reserved 16384K
}
Event: 95.297 GC heap before
{Heap before GC invocations=2 (full 0):
 garbage-first heap   total 131072K, used 78709K [0xc5c00000, 0xe5c00000)
  region size 1024K, 76 young (77824K), 2 survivors (2048K)
 Metaspace       used 5749K, committed 6272K, reserved 16384K
}
Event: 95.337 GC heap after
{Heap after GC invocations=3 (full 0):
 garbage-first heap   total 131072K, used 6960K [0xc5c00000, 0xe5c00000)
  region size 1024K, 5 young (5120K), 5 survivors (5120K)
 Metaspace       used 5749K, committed 6272K, reserved 16384K
}
Event: 171.995 GC heap before
{Heap before GC invocations=3 (full 0):
 garbage-first heap   total 131072K, used 79664K [0xc5c00000, 0xe5c00000)
  region size 1024K, 76 young (77824K), 5 survivors (5120K)
 Metaspace       used 7440K, committed 8256K, reserved 16384K
}
Event: 172.027 GC heap after
{Heap after GC invocations=4 (full 0):
 garbage-first heap   total 131072K, used 10619K [0xc5c00000, 0xe5c00000)
  region size 1024K, 9 young (9216K), 9 survivors (9216K)
 Metaspace       used 7440K, committed 8256K, reserved 16384K
}
Event: 316.591 GC heap before
{Heap before GC invocations=4 (full 0):
 garbage-first heap   total 131072K, used 79227K [0xc5c00000, 0xe5c00000)
  region size 1024K, 76 young (77824K), 9 survivors (9216K)
 Metaspace       used 8236K, committed 9152K, reserved 16384K
}
Event: 316.671 GC heap after
{Heap after GC invocations=5 (full 0):
 garbage-first heap   total 131072K, used 13356K [0xc5c00000, 0xe5c00000)
  region size 1024K, 7 young (7168K), 7 survivors (7168K)
 Metaspace       used 8236K, committed 9152K, reserved 16384K
}
Event: 552.594 GC heap before
{Heap before GC invocations=5 (full 0):
 garbage-first heap   total 131072K, used 84012K [0xc5c00000, 0xe5c00000)
  region size 1024K, 76 young (77824K), 7 survivors (7168K)
 Metaspace       used 8526K, committed 9536K, reserved 16384K
}
Event: 552.656 GC heap after
{Heap after GC invocations=6 (full 0):
 garbage-first heap   total 131072K, used 16138K [0xc5c00000, 0xe5c00000)
  region size 1024K, 6 young (6144K), 6 survivors (6144K)
 Metaspace       used 8526K, committed 9536K, reserved 16384K
}
Event: 806.266 GC heap before
{Heap before GC invocations=6 (full 0):
 garbage-first heap   total 131072K, used 87818K [0xc5c00000, 0xe5c00000)
  region size 1024K, 76 young (77824K), 6 survivors (6144K)
 Metaspace       used 8765K, committed 9792K, reserved 16384K
}
Event: 806.333 GC heap after
{Heap after GC invocations=7 (full 0):
 garbage-first heap   total 131072K, used 18592K [0xc5c00000, 0xe5c00000)
  region size 1024K, 5 young (5120K), 5 survivors (5120K)
 Metaspace       used 8765K, committed 9792K, reserved 16384K
}
Event: 3566.255 GC heap before
{Heap before GC invocations=7 (full 0):
 garbage-first heap   total 131072K, used 91296K [0xc5c00000, 0xe5c00000)
  region size 1024K, 76 young (77824K), 5 survivors (5120K)
 Metaspace       used 8796K, committed 9792K, reserved 16384K
}
Event: 3566.299 GC heap after
{Heap after GC invocations=8 (full 0):
 garbage-first heap   total 131072K, used 19074K [0xc5c00000, 0xe5c00000)
  region size 1024K, 6 young (6144K), 6 survivors (6144K)
 Metaspace       used 8796K, committed 9792K, reserved 16384K
}

