# JRE version: OpenJDK Runtime Environment Zulu17.50+19-CA (17.0.11+9) (build 17.0.11+9-LTS)
# Java VM: OpenJDK Server VM Zulu17.50+19-CA (17.0.11+9-LTS, mixed mode, sharing, tiered, g1 gc, linux-x86)
Heap:
 garbage-first heap   total 131072K, used 20760K [0xc5c00000, 0xe5c00000)
  region size 1024K, 14 young (14336K), 4 survivors (4096K)
 Metaspace       used 7317K, committed 8256K, reserved 16384K
GC Heap History (20 events):
Event: 340.812 GC heap before
{Heap before GC invocations=3 (full 0):
 garbage-first heap   total 131072K, used 79919K [0xc5c00000, 0xe5c00000)
  region size 1024K, 76 young (77824K), 5 survivors (5120K)
 Metaspace       used 7057K, committed 7936K, reserved 16384K
}
Event: 340.878 GC heap after
{Heap after GC invocations=4 (full 0):
 garbage-first heap   total 131072K, used 9351K [0xc5c00000, 0xe5c00000)
  region size 1024K, 7 young (7168K), 7 survivors (7168K)
 Metaspace       used 7057K, committed 7936K, reserved 16384K
}
Event: 1545.408 GC heap before
{Heap before GC invocations=4 (full 0):
 garbage-first heap   total 131072K, used 80007K [0xc5c00000, 0xe5c00000)
  region size 1024K, 76 young (77824K), 7 survivors (7168K)
 Metaspace       used 7296K, committed 8192K, reserved 16384K
}
Event: 1545.484 GC heap after
{Heap after GC invocations=5 (full 0):
 garbage-first heap   total 131072K, used 11667K [0xc5c00000, 0xe5c00000)
  region size 1024K, 8 young (8192K), 8 survivors (8192K)
 Metaspace       used 7296K, committed 8192K, reserved 16384K
}
Event: 4277.415 GC heap before
{Heap before GC invocations=5 (full 0):
 garbage-first heap   total 131072K, used 81299K [0xc5c00000, 0xe5c00000)
  region size 1024K, 76 young (77824K), 8 survivors (8192K)
 Metaspace       used 7302K, committed 8256K, reserved 16384K
}
Event: 4277.477 GC heap after
{Heap after GC invocations=6 (full 0):
 garbage-first heap   total 131072K, used 10875K [0xc5c00000, 0xe5c00000)
  region size 1024K, 4 young (4096K), 4 survivors (4096K)
 Metaspace       used 7302K, committed 8256K, reserved 16384K
}
Event: 7165.252 GC heap before
{Heap before GC invocations=6 (full 0):
 garbage-first heap   total 131072K, used 84603K [0xc5c00000, 0xe5c00000)
  region size 1024K, 76 young (77824K), 4 survivors (4096K)
 Metaspace       used 7311K, committed 8256K, reserved 16384K
}
Event: 7165.279 GC heap after
{Heap after GC invocations=7 (full 0):
 garbage-first heap   total 131072K, used 10608K [0xc5c00000, 0xe5c00000)
  region size 1024K, 4 young (4096K), 4 survivors (4096K)
 Metaspace       used 7311K, committed 8256K, reserved 16384K
}
Event: 10026.384 GC heap before
{Heap before GC invocations=7 (full 0):
 garbage-first heap   total 131072K, used 84336K [0xc5c00000, 0xe5c00000)
  region size 1024K, 76 young (77824K), 4 survivors (4096K)
 Metaspace       used 7311K, committed 8256K, reserved 16384K
}
Event: 10026.407 GC heap after
{Heap after GC invocations=8 (full 0):
 garbage-first heap   total 131072K, used 10717K [0xc5c00000, 0xe5c00000)
  region size 1024K, 4 young (4096K), 4 survivors (4096K)
 Metaspace       used 7311K, committed 8256K, reserved 16384K
}
Event: 12880.415 GC heap before
{Heap before GC invocations=8 (full 0):
 garbage-first heap   total 131072K, used 84445K [0xc5c00000, 0xe5c00000)
  region size 1024K, 76 young (77824K), 4 survivors (4096K)
 Metaspace       used 7311K, committed 8256K, reserved 16384K
}
Event: 12880.437 GC heap after
{Heap after GC invocations=9 (full 0):
 garbage-first heap   total 131072K, used 10858K [0xc5c00000, 0xe5c00000)
  region size 1024K, 4 young (4096K), 4 survivors (4096K)
 Metaspace       used 7311K, committed 8256K, reserved 16384K
}
Event: 15684.432 GC heap before
{Heap before GC invocations=9 (full 0):
 garbage-first heap   total 131072K, used 84586K [0xc5c00000, 0xe5c00000)
  region size 1024K, 76 young (77824K), 4 survivors (4096K)
 Metaspace       used 7314K, committed 8256K, reserved 16384K
}
Event: 15684.488 GC heap after
{Heap after GC invocations=10 (full 0):
 garbage-first heap   total 131072K, used 10686K [0xc5c00000, 0xe5c00000)
  region size 1024K, 4 young (4096K), 4 survivors (4096K)
 Metaspace       used 7314K, committed 8256K, reserved 16384K
}
Event: 18482.267 GC heap before
{Heap before GC invocations=10 (full 0):
 garbage-first heap   total 131072K, used 84414K [0xc5c00000, 0xe5c00000)
  region size 1024K, 76 young (77824K), 4 survivors (4096K)
 Metaspace       used 7316K, committed 8256K, reserved 16384K
}
Event: 18482.295 GC heap after
{Heap after GC invocations=11 (full 0):
 garbage-first heap   total 131072K, used 10684K [0xc5c00000, 0xe5c00000)
  region size 1024K, 4 young (4096K), 4 survivors (4096K)
 Metaspace       used 7316K, committed 8256K, reserved 16384K
}
Event: 21242.300 GC heap before
{Heap before GC invocations=11 (full 0):
 garbage-first heap   total 131072K, used 84412K [0xc5c00000, 0xe5c00000)
  region size 1024K, 76 young (77824K), 4 survivors (4096K)
 Metaspace       used 7316K, committed 8256K, reserved 16384K
}
Event: 21242.340 GC heap after
{Heap after GC invocations=12 (full 0):
 garbage-first heap   total 131072K, used 10684K [0xc5c00000, 0xe5c00000)
  region size 1024K, 4 young (4096K), 4 survivors (4096K)
 Metaspace       used 7316K, committed 8256K, reserved 16384K
}
Event: 23991.363 GC heap before
{Heap before GC invocations=12 (full 0):
 garbage-first heap   total 131072K, used 84412K [0xc5c00000, 0xe5c00000)
  region size 1024K, 76 young (77824K), 4 survivors (4096K)
 Metaspace       used 7316K, committed 8256K, reserved 16384K
}
Event: 23991.407 GC heap after
{Heap after GC invocations=13 (full 0):
 garbage-first heap   total 131072K, used 10520K [0xc5c00000, 0xe5c00000)
  region size 1024K, 4 young (4096K), 4 survivors (4096K)
 Metaspace       used 7316K, committed 8256K, reserved 16384K
}

