# JRE version: OpenJDK Runtime Environment Zulu17.50+19-CA (17.0.11+9) (build 17.0.11+9-LTS)
# Java VM: OpenJDK Server VM Zulu17.50+19-CA (17.0.11+9-LTS, mixed mode, sharing, tiered, g1 gc, linux-x86)
Heap:
 garbage-first heap   total 131072K, used 26996K [0xc5c00000, 0xe5c00000)
  region size 1024K, 25 young (25600K), 8 survivors (8192K)
 Metaspace       used 6422K, committed 7168K, reserved 16384K
GC Heap History (8 events):
Event: 40.868 GC heap before
{Heap before GC invocations=0 (full 0):
 garbage-first heap   total 131072K, used 12288K [0xc5c00000, 0xe5c00000)
  region size 1024K, 13 young (13312K), 0 survivors (0K)
 Metaspace       used 2750K, committed 3008K, reserved 16384K
}
Event: 40.934 GC heap after
{Heap after GC invocations=1 (full 0):
 garbage-first heap   total 131072K, used 2529K [0xc5c00000, 0xe5c00000)
  region size 1024K, 2 young (2048K), 2 survivors (2048K)
 Metaspace       used 2750K, committed 3008K, reserved 16384K
}
Event: 145.988 GC heap before
{Heap before GC invocations=1 (full 0):
 garbage-first heap   total 131072K, used 18913K [0xc5c00000, 0xe5c00000)
  region size 1024K, 18 young (18432K), 2 survivors (2048K)
 Metaspace       used 4206K, committed 4608K, reserved 16384K
}
Event: 146.013 GC heap after
{Heap after GC invocations=2 (full 0):
 garbage-first heap   total 131072K, used 3884K [0xc5c00000, 0xe5c00000)
  region size 1024K, 2 young (2048K), 2 survivors (2048K)
 Metaspace       used 4206K, committed 4608K, reserved 16384K
}
Event: 274.168 GC heap before
{Heap before GC invocations=2 (full 0):
 garbage-first heap   total 131072K, used 79660K [0xc5c00000, 0xe5c00000)
  region size 1024K, 76 young (77824K), 2 survivors (2048K)
 Metaspace       used 5903K, committed 6592K, reserved 16384K
}
Event: 274.305 GC heap after
{Heap after GC invocations=3 (full 0):
 garbage-first heap   total 131072K, used 6814K [0xc5c00000, 0xe5c00000)
  region size 1024K, 5 young (5120K), 5 survivors (5120K)
 Metaspace       used 5903K, committed 6592K, reserved 16384K
}
Event: 600.151 GC heap before
{Heap before GC invocations=3 (full 0):
 garbage-first heap   total 131072K, used 79518K [0xc5c00000, 0xe5c00000)
  region size 1024K, 76 young (77824K), 5 survivors (5120K)
 Metaspace       used 6316K, committed 7040K, reserved 16384K
}
Event: 600.223 GC heap after
{Heap after GC invocations=4 (full 0):
 garbage-first heap   total 131072K, used 10610K [0xc5c00000, 0xe5c00000)
  region size 1024K, 8 young (8192K), 8 survivors (8192K)
 Metaspace       used 6316K, committed 7040K, reserved 16384K
}

