# JRE version: OpenJDK Runtime Environment Zulu17.50+19-CA (17.0.11+9) (build 17.0.11+9-LTS)
# Java VM: OpenJDK Server VM Zulu17.50+19-CA (17.0.11+9-LTS, mixed mode, sharing, tiered, g1 gc, linux-x86)
Heap:
 garbage-first heap   total 131072K, used 40295K [0xc5c00000, 0xe5c00000)
  region size 1024K, 27 young (27648K), 6 survivors (6144K)
 Metaspace       used 8805K, committed 9792K, reserved 16384K
GC Heap History (16 events):
Event: 62.076 GC heap before
{Heap before GC invocations=0 (full 0):
 garbage-first heap   total 131072K, used 12288K [0xc5c00000, 0xe5c00000)
  region size 1024K, 13 young (13312K), 0 survivors (0K)
 Metaspace       used 1828K, committed 1984K, reserved 16384K
}
Event: 62.142 GC heap after
{Heap after GC invocations=1 (full 0):
 garbage-first heap   total 131072K, used 1989K [0xc5c00000, 0xe5c00000)
  region size 1024K, 2 young (2048K), 2 survivors (2048K)
 Metaspace       used 1828K, committed 1984K, reserved 16384K
}
Event: 73.190 GC heap before
{Heap before GC invocations=1 (full 0):
 garbage-first heap   total 131072K, used 20421K [0xc5c00000, 0xe5c00000)
  region size 1024K, 19 young (19456K), 2 survivors (2048K)
 Metaspace       used 3461K, committed 3712K, reserved 16384K
}
Event: 73.221 GC heap after
{Heap after GC invocations=2 (full 0):
 garbage-first heap   total 131072K, used 3004K [0xc5c00000, 0xe5c00000)
  region size 1024K, 2 young (2048K), 2 survivors (2048K)
 Metaspace       used 3461K, committed 3712K, reserved 16384K
}
Event: 101.951 GC heap before
{Heap before GC invocations=2 (full 0):
 garbage-first heap   total 131072K, used 78780K [0xc5c00000, 0xe5c00000)
  region size 1024K, 76 young (77824K), 2 survivors (2048K)
 Metaspace       used 5730K, committed 6208K, reserved 16384K
}
Event: 102.064 GC heap after
{Heap after GC invocations=3 (full 0):
 garbage-first heap   total 131072K, used 6755K [0xc5c00000, 0xe5c00000)
  region size 1024K, 5 young (5120K), 5 survivors (5120K)
 Metaspace       used 5730K, committed 6208K, reserved 16384K
}
Event: 178.565 GC heap before
{Heap before GC invocations=3 (full 0):
 garbage-first heap   total 131072K, used 79459K [0xc5c00000, 0xe5c00000)
  region size 1024K, 76 young (77824K), 5 survivors (5120K)
 Metaspace       used 7370K, committed 8192K, reserved 16384K
}
Event: 178.599 GC heap after
{Heap after GC invocations=4 (full 0):
 garbage-first heap   total 131072K, used 10406K [0xc5c00000, 0xe5c00000)
  region size 1024K, 9 young (9216K), 9 survivors (9216K)
 Metaspace       used 7370K, committed 8192K, reserved 16384K
}
Event: 330.294 GC heap before
{Heap before GC invocations=4 (full 0):
 garbage-first heap   total 131072K, used 79014K [0xc5c00000, 0xe5c00000)
  region size 1024K, 76 young (77824K), 9 survivors (9216K)
 Metaspace       used 8243K, committed 9152K, reserved 16384K
}
Event: 330.405 GC heap after
{Heap after GC invocations=5 (full 0):
 garbage-first heap   total 131072K, used 13847K [0xc5c00000, 0xe5c00000)
  region size 1024K, 7 young (7168K), 7 survivors (7168K)
 Metaspace       used 8243K, committed 9152K, reserved 16384K
}
Event: 611.815 GC heap before
{Heap before GC invocations=5 (full 0):
 garbage-first heap   total 131072K, used 84503K [0xc5c00000, 0xe5c00000)
  region size 1024K, 76 young (77824K), 7 survivors (7168K)
 Metaspace       used 8458K, committed 9408K, reserved 16384K
}
Event: 611.853 GC heap after
{Heap after GC invocations=6 (full 0):
 garbage-first heap   total 131072K, used 15860K [0xc5c00000, 0xe5c00000)
  region size 1024K, 6 young (6144K), 6 survivors (6144K)
 Metaspace       used 8458K, committed 9408K, reserved 16384K
}
Event: 795.533 GC heap before
{Heap before GC invocations=6 (full 0):
 garbage-first heap   total 131072K, used 87540K [0xc5c00000, 0xe5c00000)
  region size 1024K, 76 young (77824K), 6 survivors (6144K)
 Metaspace       used 8771K, committed 9792K, reserved 16384K
}
Event: 795.593 GC heap after
{Heap after GC invocations=7 (full 0):
 garbage-first heap   total 131072K, used 17858K [0xc5c00000, 0xe5c00000)
  region size 1024K, 5 young (5120K), 5 survivors (5120K)
 Metaspace       used 8771K, committed 9792K, reserved 16384K
}
Event: 3502.205 GC heap before
{Heap before GC invocations=7 (full 0):
 garbage-first heap   total 131072K, used 90562K [0xc5c00000, 0xe5c00000)
  region size 1024K, 76 young (77824K), 5 survivors (5120K)
 Metaspace       used 8800K, committed 9792K, reserved 16384K
}
Event: 3502.277 GC heap after
{Heap after GC invocations=8 (full 0):
 garbage-first heap   total 131072K, used 18791K [0xc5c00000, 0xe5c00000)
  region size 1024K, 6 young (6144K), 6 survivors (6144K)
 Metaspace       used 8800K, committed 9792K, reserved 16384K
}

