# JRE version: OpenJDK Runtime Environment Zulu17.50+19-CA (17.0.11+9) (build 17.0.11+9-LTS)
# Java VM: OpenJDK Server VM Zulu17.50+19-CA (17.0.11+9-LTS, mixed mode, sharing, tiered, g1 gc, linux-x86)
Heap:
 garbage-first heap   total 131072K, used 4000K [0xc5c00000, 0xe5c00000)
  region size 1024K, 4 young (4096K), 2 survivors (2048K)
 Metaspace       used 3380K, committed 3648K, reserved 16384K
GC Heap History (8 events):
Event: 33.464 GC heap before
{Heap before GC invocations=0 (full 0):
 garbage-first heap   total 131072K, used 12288K [0xc5c00000, 0xe5c00000)
  region size 1024K, 13 young (13312K), 0 survivors (0K)
 Metaspace       used 1903K, committed 2048K, reserved 16384K
}
Event: 33.475 GC heap after
{Heap after GC invocations=1 (full 0):
 garbage-first heap   total 131072K, used 1813K [0xc5c00000, 0xe5c00000)
  region size 1024K, 2 young (2048K), 2 survivors (2048K)
 Metaspace       used 1903K, committed 2048K, reserved 16384K
}
Event: 362.474 GC heap before
{Heap before GC invocations=1 (full 0):
 garbage-first heap   total 131072K, used 19221K [0xc5c00000, 0xe5c00000)
  region size 1024K, 19 young (19456K), 2 survivors (2048K)
 Metaspace       used 3064K, committed 3264K, reserved 16384K
}
Event: 362.541 GC heap after
{Heap after GC invocations=2 (full 0):
 garbage-first heap   total 131072K, used 2748K [0xc5c00000, 0xe5c00000)
  region size 1024K, 1 young (1024K), 1 survivors (1024K)
 Metaspace       used 3064K, committed 3264K, reserved 16384K
}
Event: 940.449 GC heap before
{Heap before GC invocations=2 (full 0):
 garbage-first heap   total 131072K, used 35516K [0xc5c00000, 0xe5c00000)
  region size 1024K, 33 young (33792K), 1 survivors (1024K)
 Metaspace       used 3099K, committed 3328K, reserved 16384K
}
Event: 940.473 GC heap after
{Heap after GC invocations=3 (full 0):
 garbage-first heap   total 131072K, used 2809K [0xc5c00000, 0xe5c00000)
  region size 1024K, 1 young (1024K), 1 survivors (1024K)
 Metaspace       used 3099K, committed 3328K, reserved 16384K
}
Event: 3019.534 GC heap before
{Heap before GC invocations=3 (full 0):
 garbage-first heap   total 131072K, used 79609K [0xc5c00000, 0xe5c00000)
  region size 1024K, 76 young (77824K), 1 survivors (1024K)
 Metaspace       used 3376K, committed 3584K, reserved 16384K
}
Event: 3019.701 GC heap after
{Heap after GC invocations=4 (full 0):
 garbage-first heap   total 131072K, used 2974K [0xc5c00000, 0xe5c00000)
  region size 1024K, 2 young (2048K), 2 survivors (2048K)
 Metaspace       used 3376K, committed 3584K, reserved 16384K
}

