# JRE version: OpenJDK Runtime Environment Zulu17.50+19-CA (17.0.11+9) (build 17.0.11+9-LTS)
# Java VM: OpenJDK Server VM Zulu17.50+19-CA (17.0.11+9-LTS, mixed mode, sharing, tiered, g1 gc, linux-x86)
Heap:
 garbage-first heap   total 131072K, used 47224K [0xc5c00000, 0xe5c00000)
  region size 1024K, 44 young (45056K), 7 survivors (7168K)
 Metaspace       used 6448K, committed 7232K, reserved 16384K
GC Heap History (8 events):
Event: 52.559 GC heap before
{Heap before GC invocations=0 (full 0):
 garbage-first heap   total 131072K, used 12288K [0xc5c00000, 0xe5c00000)
  region size 1024K, 13 young (13312K), 0 survivors (0K)
 Metaspace       used 2760K, committed 3008K, reserved 16384K
}
Event: 52.586 GC heap after
{Heap after GC invocations=1 (full 0):
 garbage-first heap   total 131072K, used 2526K [0xc5c00000, 0xe5c00000)
  region size 1024K, 2 young (2048K), 2 survivors (2048K)
 Metaspace       used 2760K, committed 3008K, reserved 16384K
}
Event: 155.798 GC heap before
{Heap before GC invocations=1 (full 0):
 garbage-first heap   total 131072K, used 18910K [0xc5c00000, 0xe5c00000)
  region size 1024K, 18 young (18432K), 2 survivors (2048K)
 Metaspace       used 4242K, committed 4672K, reserved 16384K
}
Event: 155.824 GC heap after
{Heap after GC invocations=2 (full 0):
 garbage-first heap   total 131072K, used 3718K [0xc5c00000, 0xe5c00000)
  region size 1024K, 2 young (2048K), 2 survivors (2048K)
 Metaspace       used 4242K, committed 4672K, reserved 16384K
}
Event: 280.562 GC heap before
{Heap before GC invocations=2 (full 0):
 garbage-first heap   total 131072K, used 59014K [0xc5c00000, 0xe5c00000)
  region size 1024K, 56 young (57344K), 2 survivors (2048K)
 Metaspace       used 5750K, committed 6400K, reserved 16384K
}
Event: 280.585 GC heap after
{Heap after GC invocations=3 (full 0):
 garbage-first heap   total 131072K, used 6817K [0xc5c00000, 0xe5c00000)
  region size 1024K, 5 young (5120K), 5 survivors (5120K)
 Metaspace       used 5750K, committed 6400K, reserved 16384K
}
Event: 524.093 GC heap before
{Heap before GC invocations=3 (full 0):
 garbage-first heap   total 131072K, used 79521K [0xc5c00000, 0xe5c00000)
  region size 1024K, 76 young (77824K), 5 survivors (5120K)
 Metaspace       used 6261K, committed 6976K, reserved 16384K
}
Event: 524.140 GC heap after
{Heap after GC invocations=4 (full 0):
 garbage-first heap   total 131072K, used 9336K [0xc5c00000, 0xe5c00000)
  region size 1024K, 7 young (7168K), 7 survivors (7168K)
 Metaspace       used 6261K, committed 6976K, reserved 16384K
}

