# JRE version: OpenJDK Runtime Environment Zulu17.50+19-CA (17.0.11+9) (build 17.0.11+9-LTS)
# Java VM: OpenJDK Server VM Zulu17.50+19-CA (17.0.11+9-LTS, mixed mode, sharing, tiered, g1 gc, linux-x86)
Heap:
 garbage-first heap   total 131072K, used 69043K [0xc5c00000, 0xe5c00000)
  region size 1024K, 66 young (67584K), 2 survivors (2048K)
 Metaspace       used 3312K, committed 3520K, reserved 16384K
GC Heap History (8 events):
Event: 31.302 GC heap before
{Heap before GC invocations=0 (full 0):
 garbage-first heap   total 131072K, used 12288K [0xc5c00000, 0xe5c00000)
  region size 1024K, 13 young (13312K), 0 survivors (0K)
 Metaspace       used 1882K, committed 2048K, reserved 16384K
}
Event: 31.449 GC heap after
{Heap after GC invocations=1 (full 0):
 garbage-first heap   total 131072K, used 2254K [0xc5c00000, 0xe5c00000)
  region size 1024K, 2 young (2048K), 2 survivors (2048K)
 Metaspace       used 1882K, committed 2048K, reserved 16384K
}
Event: 181.584 GC heap before
{Heap before GC invocations=1 (full 0):
 garbage-first heap   total 131072K, used 18638K [0xc5c00000, 0xe5c00000)
  region size 1024K, 18 young (18432K), 2 survivors (2048K)
 Metaspace       used 3068K, committed 3264K, reserved 16384K
}
Event: 181.648 GC heap after
{Heap after GC invocations=2 (full 0):
 garbage-first heap   total 131072K, used 2997K [0xc5c00000, 0xe5c00000)
  region size 1024K, 1 young (1024K), 1 survivors (1024K)
 Metaspace       used 3068K, committed 3264K, reserved 16384K
}
Event: 9184.968 GC heap before
{Heap before GC invocations=2 (full 0):
 garbage-first heap   total 131072K, used 79797K [0xc5c00000, 0xe5c00000)
  region size 1024K, 76 young (77824K), 1 survivors (1024K)
 Metaspace       used 3303K, committed 3520K, reserved 16384K
}
Event: 9184.987 GC heap after
{Heap after GC invocations=3 (full 0):
 garbage-first heap   total 131072K, used 3599K [0xc5c00000, 0xe5c00000)
  region size 1024K, 2 young (2048K), 2 survivors (2048K)
 Metaspace       used 3303K, committed 3520K, reserved 16384K
}
Event: 23004.430 GC heap before
{Heap before GC invocations=3 (full 0):
 garbage-first heap   total 131072K, used 79375K [0xc5c00000, 0xe5c00000)
  region size 1024K, 76 young (77824K), 2 survivors (2048K)
 Metaspace       used 3306K, committed 3520K, reserved 16384K
}
Event: 23004.449 GC heap after
{Heap after GC invocations=4 (full 0):
 garbage-first heap   total 131072K, used 3507K [0xc5c00000, 0xe5c00000)
  region size 1024K, 2 young (2048K), 2 survivors (2048K)
 Metaspace       used 3306K, committed 3520K, reserved 16384K
}

