# JRE version: OpenJDK Runtime Environment Zulu17.50+19-CA (17.0.11+9) (build 17.0.11+9-LTS)
# Java VM: OpenJDK Server VM Zulu17.50+19-CA (17.0.11+9-LTS, mixed mode, sharing, tiered, g1 gc, linux-x86)
Heap:
 garbage-first heap   total 131072K, used 32044K [0xc5c00000, 0xe5c00000)
  region size 1024K, 24 young (24576K), 6 survivors (6144K)
 Metaspace       used 4803K, committed 5184K, reserved 16384K
GC Heap History (8 events):
Event: 158.787 GC heap before
{Heap before GC invocations=0 (full 0):
 garbage-first heap   total 131072K, used 12288K [0xc5c00000, 0xe5c00000)
  region size 1024K, 13 young (13312K), 0 survivors (0K)
 Metaspace       used 2393K, committed 2560K, reserved 16384K
}
Event: 158.854 GC heap after
{Heap after GC invocations=1 (full 0):
 garbage-first heap   total 131072K, used 2048K [0xc5c00000, 0xe5c00000)
  region size 1024K, 2 young (2048K), 2 survivors (2048K)
 Metaspace       used 2393K, committed 2560K, reserved 16384K
}
Event: 174.809 GC heap before
{Heap before GC invocations=1 (full 0):
 garbage-first heap   total 131072K, used 18432K [0xc5c00000, 0xe5c00000)
  region size 1024K, 19 young (19456K), 2 survivors (2048K)
 Metaspace       used 3986K, committed 4288K, reserved 16384K
}
Event: 174.849 GC heap after
{Heap after GC invocations=2 (full 0):
 garbage-first heap   total 131072K, used 3560K [0xc5c00000, 0xe5c00000)
  region size 1024K, 2 young (2048K), 2 survivors (2048K)
 Metaspace       used 3986K, committed 4288K, reserved 16384K
}
Event: 355.461 GC heap before
{Heap before GC invocations=2 (full 0):
 garbage-first heap   total 131072K, used 79336K [0xc5c00000, 0xe5c00000)
  region size 1024K, 76 young (77824K), 2 survivors (2048K)
 Metaspace       used 4773K, committed 5184K, reserved 16384K
}
Event: 355.538 GC heap after
{Heap after GC invocations=3 (full 0):
 garbage-first heap   total 131072K, used 9167K [0xc5c00000, 0xe5c00000)
  region size 1024K, 7 young (7168K), 7 survivors (7168K)
 Metaspace       used 4773K, committed 5184K, reserved 16384K
}
Event: 1086.867 GC heap before
{Heap before GC invocations=3 (full 0):
 garbage-first heap   total 131072K, used 79823K [0xc5c00000, 0xe5c00000)
  region size 1024K, 76 young (77824K), 7 survivors (7168K)
 Metaspace       used 4797K, committed 5184K, reserved 16384K
}
Event: 1086.949 GC heap after
{Heap after GC invocations=4 (full 0):
 garbage-first heap   total 131072K, used 14634K [0xc5c00000, 0xe5c00000)
  region size 1024K, 6 young (6144K), 6 survivors (6144K)
 Metaspace       used 4797K, committed 5184K, reserved 16384K
}

