# JRE version: OpenJDK Runtime Environment Zulu17.50+19-CA (17.0.11+9) (build 17.0.11+9-LTS)
# Java VM: OpenJDK Server VM Zulu17.50+19-CA (17.0.11+9-LTS, mixed mode, sharing, tiered, g1 gc, linux-x86)
Heap:
 garbage-first heap   total 131072K, used 41469K [0xc5c00000, 0xe5c00000)
  region size 1024K, 24 young (24576K), 7 survivors (7168K)
 Metaspace       used 10441K, committed 12032K, reserved 16384K
GC Heap History (20 events):
Event: 130.301 GC heap before
{Heap before GC invocations=3 (full 0):
 garbage-first heap   total 131072K, used 79668K [0xc5c00000, 0xe5c00000)
  region size 1024K, 76 young (77824K), 3 survivors (3072K)
 Metaspace       used 5419K, committed 6080K, reserved 16384K
}
Event: 130.322 GC heap after
{Heap after GC invocations=4 (full 0):
 garbage-first heap   total 131072K, used 7337K [0xc5c00000, 0xe5c00000)
  region size 1024K, 5 young (5120K), 5 survivors (5120K)
 Metaspace       used 5419K, committed 6080K, reserved 16384K
}
Event: 142.840 GC heap before
{Heap before GC invocations=4 (full 0):
 garbage-first heap   total 131072K, used 80041K [0xc5c00000, 0xe5c00000)
  region size 1024K, 76 young (77824K), 5 survivors (5120K)
 Metaspace       used 5907K, committed 6656K, reserved 16384K
}
Event: 142.888 GC heap after
{Heap after GC invocations=5 (full 0):
 garbage-first heap   total 131072K, used 8366K [0xc5c00000, 0xe5c00000)
  region size 1024K, 6 young (6144K), 6 survivors (6144K)
 Metaspace       used 5907K, committed 6656K, reserved 16384K
}
Event: 194.664 GC heap before
{Heap before GC invocations=5 (full 0):
 garbage-first heap   total 131072K, used 80046K [0xc5c00000, 0xe5c00000)
  region size 1024K, 76 young (77824K), 6 survivors (6144K)
 Metaspace       used 6981K, committed 7872K, reserved 16384K
}
Event: 194.689 GC heap after
{Heap after GC invocations=6 (full 0):
 garbage-first heap   total 131072K, used 10297K [0xc5c00000, 0xe5c00000)
  region size 1024K, 7 young (7168K), 7 survivors (7168K)
 Metaspace       used 6981K, committed 7872K, reserved 16384K
}
Event: 305.799 GC heap before
{Heap before GC invocations=6 (full 0):
 garbage-first heap   total 131072K, used 80953K [0xc5c00000, 0xe5c00000)
  region size 1024K, 76 young (77824K), 7 survivors (7168K)
 Metaspace       used 7374K, committed 8320K, reserved 16384K
}
Event: 305.856 GC heap after
{Heap after GC invocations=7 (full 0):
 garbage-first heap   total 131072K, used 12500K [0xc5c00000, 0xe5c00000)
  region size 1024K, 8 young (8192K), 8 survivors (8192K)
 Metaspace       used 7374K, committed 8320K, reserved 16384K
}
Event: 315.336 GC heap before
{Heap before GC invocations=7 (full 0):
 garbage-first heap   total 131072K, used 82132K [0xc5c00000, 0xe5c00000)
  region size 1024K, 76 young (77824K), 8 survivors (8192K)
 Metaspace       used 7729K, committed 8768K, reserved 16384K
}
Event: 315.379 GC heap after
{Heap after GC invocations=8 (full 0):
 garbage-first heap   total 131072K, used 13557K [0xc5c00000, 0xe5c00000)
  region size 1024K, 7 young (7168K), 7 survivors (7168K)
 Metaspace       used 7729K, committed 8768K, reserved 16384K
}
Event: 332.703 GC heap before
{Heap before GC invocations=8 (full 0):
 garbage-first heap   total 131072K, used 84213K [0xc5c00000, 0xe5c00000)
  region size 1024K, 76 young (77824K), 7 survivors (7168K)
 Metaspace       used 8233K, committed 9344K, reserved 16384K
}
Event: 332.751 GC heap after
{Heap after GC invocations=9 (full 0):
 garbage-first heap   total 131072K, used 15946K [0xc5c00000, 0xe5c00000)
  region size 1024K, 8 young (8192K), 8 survivors (8192K)
 Metaspace       used 8233K, committed 9344K, reserved 16384K
}
Event: 466.099 GC heap before
{Heap before GC invocations=9 (full 0):
 garbage-first heap   total 131072K, used 85578K [0xc5c00000, 0xe5c00000)
  region size 1024K, 76 young (77824K), 8 survivors (8192K)
 Metaspace       used 8926K, committed 10176K, reserved 16384K
}
Event: 466.143 GC heap after
{Heap after GC invocations=10 (full 0):
 garbage-first heap   total 131072K, used 18396K [0xc5c00000, 0xe5c00000)
  region size 1024K, 6 young (6144K), 6 survivors (6144K)
 Metaspace       used 8926K, committed 10176K, reserved 16384K
}
Event: 611.668 GC heap before
{Heap before GC invocations=10 (full 0):
 garbage-first heap   total 131072K, used 90076K [0xc5c00000, 0xe5c00000)
  region size 1024K, 76 young (77824K), 6 survivors (6144K)
 Metaspace       used 9233K, committed 10496K, reserved 16384K
}
Event: 611.726 GC heap after
{Heap after GC invocations=11 (full 0):
 garbage-first heap   total 131072K, used 21396K [0xc5c00000, 0xe5c00000)
  region size 1024K, 8 young (8192K), 8 survivors (8192K)
 Metaspace       used 9233K, committed 10496K, reserved 16384K
}
Event: 655.059 GC heap before
{Heap before GC invocations=11 (full 0):
 garbage-first heap   total 131072K, used 91028K [0xc5c00000, 0xe5c00000)
  region size 1024K, 76 young (77824K), 8 survivors (8192K)
 Metaspace       used 9512K, committed 10880K, reserved 16384K
}
Event: 655.104 GC heap after
{Heap after GC invocations=12 (full 0):
 garbage-first heap   total 131072K, used 22361K [0xc5c00000, 0xe5c00000)
  region size 1024K, 5 young (5120K), 5 survivors (5120K)
 Metaspace       used 9512K, committed 10880K, reserved 16384K
}
Event: 1672.635 GC heap before
{Heap before GC invocations=12 (full 0):
 garbage-first heap   total 131072K, used 95065K [0xc5c00000, 0xe5c00000)
  region size 1024K, 76 young (77824K), 5 survivors (5120K)
 Metaspace       used 10435K, committed 12032K, reserved 16384K
}
Event: 1672.737 GC heap after
{Heap after GC invocations=13 (full 0):
 garbage-first heap   total 131072K, used 25083K [0xc5c00000, 0xe5c00000)
  region size 1024K, 7 young (7168K), 7 survivors (7168K)
 Metaspace       used 10435K, committed 12032K, reserved 16384K
}

