# JRE version: OpenJDK Runtime Environment Zulu17.50+19-CA (17.0.11+9) (build 17.0.11+9-LTS)
# Java VM: OpenJDK Server VM Zulu17.50+19-CA (17.0.11+9-LTS, mixed mode, sharing, tiered, g1 gc, linux-x86)
Heap:
 garbage-first heap   total 131072K, used 14262K [0xc5c00000, 0xe5c00000)
  region size 1024K, 13 young (13312K), 2 survivors (2048K)
 Metaspace       used 3462K, committed 3712K, reserved 16384K
GC Heap History (20 events):
Event: 42.709 GC heap before
{Heap before GC invocations=0 (full 0):
 garbage-first heap   total 131072K, used 12288K [0xc5c00000, 0xe5c00000)
  region size 1024K, 13 young (13312K), 0 survivors (0K)
 Metaspace       used 1906K, committed 2048K, reserved 16384K
}
Event: 42.718 GC heap after
{Heap after GC invocations=1 (full 0):
 garbage-first heap   total 131072K, used 1831K [0xc5c00000, 0xe5c00000)
  region size 1024K, 2 young (2048K), 2 survivors (2048K)
 Metaspace       used 1906K, committed 2048K, reserved 16384K
}
Event: 387.282 GC heap before
{Heap before GC invocations=1 (full 0):
 garbage-first heap   total 131072K, used 19239K [0xc5c00000, 0xe5c00000)
  region size 1024K, 19 young (19456K), 2 survivors (2048K)
 Metaspace       used 3062K, committed 3264K, reserved 16384K
}
Event: 387.312 GC heap after
{Heap after GC invocations=2 (full 0):
 garbage-first heap   total 131072K, used 2710K [0xc5c00000, 0xe5c00000)
  region size 1024K, 1 young (1024K), 1 survivors (1024K)
 Metaspace       used 3062K, committed 3264K, reserved 16384K
}
Event: 1132.250 GC heap before
{Heap before GC invocations=2 (full 0):
 garbage-first heap   total 131072K, used 39574K [0xc5c00000, 0xe5c00000)
  region size 1024K, 37 young (37888K), 1 survivors (1024K)
 Metaspace       used 3285K, committed 3456K, reserved 16384K
}
Event: 1132.272 GC heap after
{Heap after GC invocations=3 (full 0):
 garbage-first heap   total 131072K, used 2928K [0xc5c00000, 0xe5c00000)
  region size 1024K, 2 young (2048K), 2 survivors (2048K)
 Metaspace       used 3285K, committed 3456K, reserved 16384K
}
Event: 3693.087 GC heap before
{Heap before GC invocations=3 (full 0):
 garbage-first heap   total 131072K, used 78704K [0xc5c00000, 0xe5c00000)
  region size 1024K, 76 young (77824K), 2 survivors (2048K)
 Metaspace       used 3373K, committed 3648K, reserved 16384K
}
Event: 3693.122 GC heap after
{Heap after GC invocations=4 (full 0):
 garbage-first heap   total 131072K, used 2888K [0xc5c00000, 0xe5c00000)
  region size 1024K, 2 young (2048K), 2 survivors (2048K)
 Metaspace       used 3373K, committed 3648K, reserved 16384K
}
Event: 6949.849 GC heap before
{Heap before GC invocations=4 (full 0):
 garbage-first heap   total 131072K, used 78664K [0xc5c00000, 0xe5c00000)
  region size 1024K, 76 young (77824K), 2 survivors (2048K)
 Metaspace       used 3420K, committed 3712K, reserved 16384K
}
Event: 6949.873 GC heap after
{Heap after GC invocations=5 (full 0):
 garbage-first heap   total 131072K, used 2941K [0xc5c00000, 0xe5c00000)
  region size 1024K, 2 young (2048K), 2 survivors (2048K)
 Metaspace       used 3420K, committed 3712K, reserved 16384K
}
Event: 10140.015 GC heap before
{Heap before GC invocations=5 (full 0):
 garbage-first heap   total 131072K, used 78717K [0xc5c00000, 0xe5c00000)
  region size 1024K, 76 young (77824K), 2 survivors (2048K)
 Metaspace       used 3430K, committed 3712K, reserved 16384K
}
Event: 10140.039 GC heap after
{Heap after GC invocations=6 (full 0):
 garbage-first heap   total 131072K, used 2995K [0xc5c00000, 0xe5c00000)
  region size 1024K, 2 young (2048K), 2 survivors (2048K)
 Metaspace       used 3430K, committed 3712K, reserved 16384K
}
Event: 13273.860 GC heap before
{Heap before GC invocations=6 (full 0):
 garbage-first heap   total 131072K, used 78771K [0xc5c00000, 0xe5c00000)
  region size 1024K, 76 young (77824K), 2 survivors (2048K)
 Metaspace       used 3440K, committed 3712K, reserved 16384K
}
Event: 13273.889 GC heap after
{Heap after GC invocations=7 (full 0):
 garbage-first heap   total 131072K, used 3049K [0xc5c00000, 0xe5c00000)
  region size 1024K, 2 young (2048K), 2 survivors (2048K)
 Metaspace       used 3440K, committed 3712K, reserved 16384K
}
Event: 16492.734 GC heap before
{Heap before GC invocations=7 (full 0):
 garbage-first heap   total 131072K, used 78825K [0xc5c00000, 0xe5c00000)
  region size 1024K, 76 young (77824K), 2 survivors (2048K)
 Metaspace       used 3450K, committed 3712K, reserved 16384K
}
Event: 16492.777 GC heap after
{Heap after GC invocations=8 (full 0):
 garbage-first heap   total 131072K, used 2943K [0xc5c00000, 0xe5c00000)
  region size 1024K, 2 young (2048K), 2 survivors (2048K)
 Metaspace       used 3450K, committed 3712K, reserved 16384K
}
Event: 20084.492 GC heap before
{Heap before GC invocations=8 (full 0):
 garbage-first heap   total 131072K, used 78719K [0xc5c00000, 0xe5c00000)
  region size 1024K, 76 young (77824K), 2 survivors (2048K)
 Metaspace       used 3452K, committed 3712K, reserved 16384K
}
Event: 20084.507 GC heap after
{Heap after GC invocations=9 (full 0):
 garbage-first heap   total 131072K, used 2942K [0xc5c00000, 0xe5c00000)
  region size 1024K, 2 young (2048K), 2 survivors (2048K)
 Metaspace       used 3452K, committed 3712K, reserved 16384K
}
Event: 23778.121 GC heap before
{Heap before GC invocations=9 (full 0):
 garbage-first heap   total 131072K, used 78718K [0xc5c00000, 0xe5c00000)
  region size 1024K, 76 young (77824K), 2 survivors (2048K)
 Metaspace       used 3460K, committed 3712K, reserved 16384K
}
Event: 23778.135 GC heap after
{Heap after GC invocations=10 (full 0):
 garbage-first heap   total 131072K, used 2998K [0xc5c00000, 0xe5c00000)
  region size 1024K, 2 young (2048K), 2 survivors (2048K)
 Metaspace       used 3460K, committed 3712K, reserved 16384K
}

