# JRE version: OpenJDK Runtime Environment Zulu17.50+19-CA (17.0.11+9) (build 17.0.11+9-LTS)
# Java VM: OpenJDK Server VM Zulu17.50+19-CA (17.0.11+9-LTS, mixed mode, sharing, tiered, g1 gc, linux-x86)
Heap:
 garbage-first heap   total 131072K, used 26412K [0xc5c00000, 0xe5c00000)
  region size 1024K, 24 young (24576K), 6 survivors (6144K)
 Metaspace       used 6332K, committed 7040K, reserved 16384K
GC Heap History (8 events):
Event: 53.834 GC heap before
{Heap before GC invocations=0 (full 0):
 garbage-first heap   total 131072K, used 12288K [0xc5c00000, 0xe5c00000)
  region size 1024K, 13 young (13312K), 0 survivors (0K)
 Metaspace       used 2516K, committed 2752K, reserved 16384K
}
Event: 53.870 GC heap after
{Heap after GC invocations=1 (full 0):
 garbage-first heap   total 131072K, used 2404K [0xc5c00000, 0xe5c00000)
  region size 1024K, 2 young (2048K), 2 survivors (2048K)
 Metaspace       used 2516K, committed 2752K, reserved 16384K
}
Event: 65.662 GC heap before
{Heap before GC invocations=1 (full 0):
 garbage-first heap   total 131072K, used 17764K [0xc5c00000, 0xe5c00000)
  region size 1024K, 18 young (18432K), 2 survivors (2048K)
 Metaspace       used 3964K, committed 4352K, reserved 16384K
}
Event: 65.673 GC heap after
{Heap after GC invocations=2 (full 0):
 garbage-first heap   total 131072K, used 3513K [0xc5c00000, 0xe5c00000)
  region size 1024K, 2 young (2048K), 2 survivors (2048K)
 Metaspace       used 3964K, committed 4352K, reserved 16384K
}
Event: 133.074 GC heap before
{Heap before GC invocations=2 (full 0):
 garbage-first heap   total 131072K, used 40377K [0xc5c00000, 0xe5c00000)
  region size 1024K, 38 young (38912K), 2 survivors (2048K)
 Metaspace       used 5140K, committed 5632K, reserved 16384K
}
Event: 133.109 GC heap after
{Heap after GC invocations=3 (full 0):
 garbage-first heap   total 131072K, used 5224K [0xc5c00000, 0xe5c00000)
  region size 1024K, 3 young (3072K), 3 survivors (3072K)
 Metaspace       used 5140K, committed 5632K, reserved 16384K
}
Event: 375.902 GC heap before
{Heap before GC invocations=3 (full 0):
 garbage-first heap   total 131072K, used 79976K [0xc5c00000, 0xe5c00000)
  region size 1024K, 76 young (77824K), 3 survivors (3072K)
 Metaspace       used 6269K, committed 6976K, reserved 16384K
}
Event: 375.961 GC heap after
{Heap after GC invocations=4 (full 0):
 garbage-first heap   total 131072K, used 7980K [0xc5c00000, 0xe5c00000)
  region size 1024K, 6 young (6144K), 6 survivors (6144K)
 Metaspace       used 6269K, committed 6976K, reserved 16384K
}

