# JRE version: OpenJDK Runtime Environment Zulu17.50+19-CA (17.0.11+9) (build 17.0.11+9-LTS)
# Java VM: OpenJDK Server VM Zulu17.50+19-CA (17.0.11+9-LTS, mixed mode, sharing, tiered, g1 gc, linux-x86)
Heap:
 garbage-first heap   total 131072K, used 11606K [0xc5c00000, 0xe5c00000)
  region size 1024K, 9 young (9216K), 8 survivors (8192K)
 Metaspace       used 6329K, committed 7104K, reserved 16384K
GC Heap History (8 events):
Event: 45.565 GC heap before
{Heap before GC invocations=0 (full 0):
 garbage-first heap   total 131072K, used 12288K [0xc5c00000, 0xe5c00000)
  region size 1024K, 13 young (13312K), 0 survivors (0K)
 Metaspace       used 2771K, committed 3008K, reserved 16384K
}
Event: 45.591 GC heap after
{Heap after GC invocations=1 (full 0):
 garbage-first heap   total 131072K, used 2529K [0xc5c00000, 0xe5c00000)
  region size 1024K, 2 young (2048K), 2 survivors (2048K)
 Metaspace       used 2771K, committed 3008K, reserved 16384K
}
Event: 130.446 GC heap before
{Heap before GC invocations=1 (full 0):
 garbage-first heap   total 131072K, used 18913K [0xc5c00000, 0xe5c00000)
  region size 1024K, 18 young (18432K), 2 survivors (2048K)
 Metaspace       used 4225K, committed 4672K, reserved 16384K
}
Event: 130.472 GC heap after
{Heap after GC invocations=2 (full 0):
 garbage-first heap   total 131072K, used 3705K [0xc5c00000, 0xe5c00000)
  region size 1024K, 2 young (2048K), 2 survivors (2048K)
 Metaspace       used 4225K, committed 4672K, reserved 16384K
}
Event: 228.395 GC heap before
{Heap before GC invocations=2 (full 0):
 garbage-first heap   total 131072K, used 79481K [0xc5c00000, 0xe5c00000)
  region size 1024K, 76 young (77824K), 2 survivors (2048K)
 Metaspace       used 5933K, committed 6656K, reserved 16384K
}
Event: 228.417 GC heap after
{Heap after GC invocations=3 (full 0):
 garbage-first heap   total 131072K, used 6713K [0xc5c00000, 0xe5c00000)
  region size 1024K, 5 young (5120K), 5 survivors (5120K)
 Metaspace       used 5933K, committed 6656K, reserved 16384K
}
Event: 478.199 GC heap before
{Heap before GC invocations=3 (full 0):
 garbage-first heap   total 131072K, used 79417K [0xc5c00000, 0xe5c00000)
  region size 1024K, 76 young (77824K), 5 survivors (5120K)
 Metaspace       used 6328K, committed 7104K, reserved 16384K
}
Event: 478.260 GC heap after
{Heap after GC invocations=4 (full 0):
 garbage-first heap   total 131072K, used 10582K [0xc5c00000, 0xe5c00000)
  region size 1024K, 8 young (8192K), 8 survivors (8192K)
 Metaspace       used 6328K, committed 7104K, reserved 16384K
}

