# JRE version: OpenJDK Runtime Environment Zulu17.50+19-CA (17.0.11+9) (build 17.0.11+9-LTS)
# Java VM: OpenJDK Server VM Zulu17.50+19-CA (17.0.11+9-LTS, mixed mode, sharing, tiered, g1 gc, linux-x86)
Heap:
 garbage-first heap   total 131072K, used 36998K [0xc5c00000, 0xe5c00000)
  region size 1024K, 35 young (35840K), 6 survivors (6144K)
 Metaspace       used 6338K, committed 7104K, reserved 16384K
GC Heap History (8 events):
Event: 52.492 GC heap before
{Heap before GC invocations=0 (full 0):
 garbage-first heap   total 131072K, used 12288K [0xc5c00000, 0xe5c00000)
  region size 1024K, 13 young (13312K), 0 survivors (0K)
 Metaspace       used 2513K, committed 2752K, reserved 16384K
}
Event: 52.504 GC heap after
{Heap after GC invocations=1 (full 0):
 garbage-first heap   total 131072K, used 2397K [0xc5c00000, 0xe5c00000)
  region size 1024K, 2 young (2048K), 2 survivors (2048K)
 Metaspace       used 2513K, committed 2752K, reserved 16384K
}
Event: 72.965 GC heap before
{Heap before GC invocations=1 (full 0):
 garbage-first heap   total 131072K, used 17757K [0xc5c00000, 0xe5c00000)
  region size 1024K, 18 young (18432K), 2 survivors (2048K)
 Metaspace       used 3980K, committed 4352K, reserved 16384K
}
Event: 72.979 GC heap after
{Heap after GC invocations=2 (full 0):
 garbage-first heap   total 131072K, used 4097K [0xc5c00000, 0xe5c00000)
  region size 1024K, 2 young (2048K), 2 survivors (2048K)
 Metaspace       used 3980K, committed 4352K, reserved 16384K
}
Event: 162.377 GC heap before
{Heap before GC invocations=2 (full 0):
 garbage-first heap   total 131072K, used 39937K [0xc5c00000, 0xe5c00000)
  region size 1024K, 37 young (37888K), 2 survivors (2048K)
 Metaspace       used 5121K, committed 5632K, reserved 16384K
}
Event: 162.395 GC heap after
{Heap after GC invocations=3 (full 0):
 garbage-first heap   total 131072K, used 5594K [0xc5c00000, 0xe5c00000)
  region size 1024K, 3 young (3072K), 3 survivors (3072K)
 Metaspace       used 5121K, committed 5632K, reserved 16384K
}
Event: 481.319 GC heap before
{Heap before GC invocations=3 (full 0):
 garbage-first heap   total 131072K, used 80346K [0xc5c00000, 0xe5c00000)
  region size 1024K, 76 young (77824K), 3 survivors (3072K)
 Metaspace       used 6259K, committed 7040K, reserved 16384K
}
Event: 481.358 GC heap after
{Heap after GC invocations=4 (full 0):
 garbage-first heap   total 131072K, used 8324K [0xc5c00000, 0xe5c00000)
  region size 1024K, 6 young (6144K), 6 survivors (6144K)
 Metaspace       used 6259K, committed 7040K, reserved 16384K
}

