# JRE version: OpenJDK Runtime Environment Zulu17.50+19-CA (17.0.11+9) (build 17.0.11+9-LTS)
# Java VM: OpenJDK Server VM Zulu17.50+19-CA (17.0.11+9-LTS, mixed mode, sharing, tiered, g1 gc, linux-x86)
Heap:
 garbage-first heap   total 131072K, used 81308K [0xc5c00000, 0xe5c00000)
  region size 1024K, 53 young (54272K), 1 survivors (1024K)
 Metaspace       used 11663K, committed 13376K, reserved 16384K
GC Heap History (20 events):
Event: 23016.462 GC heap before
{Heap before GC invocations=36 (full 0):
 garbage-first heap   total 131072K, used 104835K [0xc5c00000, 0xe5c00000)
  region size 1024K, 76 young (77824K), 2 survivors (2048K)
 Metaspace       used 11580K, committed 13248K, reserved 16384K
}
Event: 23016.473 GC heap after
{Heap after GC invocations=37 (full 0):
 garbage-first heap   total 131072K, used 28979K [0xc5c00000, 0xe5c00000)
  region size 1024K, 2 young (2048K), 2 survivors (2048K)
 Metaspace       used 11580K, committed 13248K, reserved 16384K
}
Event: 23212.453 GC heap before
{Heap before GC invocations=37 (full 0):
 garbage-first heap   total 131072K, used 104755K [0xc5c00000, 0xe5c00000)
  region size 1024K, 76 young (77824K), 2 survivors (2048K)
 Metaspace       used 11581K, committed 13248K, reserved 16384K
}
Event: 23212.488 GC heap after
{Heap after GC invocations=38 (full 0):
 garbage-first heap   total 131072K, used 28908K [0xc5c00000, 0xe5c00000)
  region size 1024K, 2 young (2048K), 2 survivors (2048K)
 Metaspace       used 11581K, committed 13248K, reserved 16384K
}
Event: 23401.384 GC heap before
{Heap before GC invocations=38 (full 0):
 garbage-first heap   total 131072K, used 104684K [0xc5c00000, 0xe5c00000)
  region size 1024K, 76 young (77824K), 2 survivors (2048K)
 Metaspace       used 11581K, committed 13248K, reserved 16384K
}
Event: 23401.415 GC heap after
{Heap after GC invocations=39 (full 0):
 garbage-first heap   total 131072K, used 29003K [0xc5c00000, 0xe5c00000)
  region size 1024K, 2 young (2048K), 2 survivors (2048K)
 Metaspace       used 11581K, committed 13248K, reserved 16384K
}
Event: 23597.425 GC heap before
{Heap before GC invocations=39 (full 0):
 garbage-first heap   total 131072K, used 104779K [0xc5c00000, 0xe5c00000)
  region size 1024K, 76 young (77824K), 2 survivors (2048K)
 Metaspace       used 11581K, committed 13248K, reserved 16384K
}
Event: 23597.442 GC heap after
{Heap after GC invocations=40 (full 0):
 garbage-first heap   total 131072K, used 29047K [0xc5c00000, 0xe5c00000)
  region size 1024K, 2 young (2048K), 2 survivors (2048K)
 Metaspace       used 11581K, committed 13248K, reserved 16384K
}
Event: 23913.333 GC heap before
{Heap before GC invocations=40 (full 0):
 garbage-first heap   total 131072K, used 104823K [0xc5c00000, 0xe5c00000)
  region size 1024K, 76 young (77824K), 2 survivors (2048K)
 Metaspace       used 11588K, committed 13248K, reserved 16384K
}
Event: 23913.355 GC heap after
{Heap after GC invocations=41 (full 0):
 garbage-first heap   total 131072K, used 29341K [0xc5c00000, 0xe5c00000)
  region size 1024K, 2 young (2048K), 2 survivors (2048K)
 Metaspace       used 11588K, committed 13248K, reserved 16384K
}
Event: 24351.398 GC heap before
{Heap before GC invocations=41 (full 0):
 garbage-first heap   total 131072K, used 105117K [0xc5c00000, 0xe5c00000)
  region size 1024K, 76 young (77824K), 2 survivors (2048K)
 Metaspace       used 11598K, committed 13312K, reserved 16384K
}
Event: 24351.441 GC heap after
{Heap after GC invocations=42 (full 0):
 garbage-first heap   total 131072K, used 29591K [0xc5c00000, 0xe5c00000)
  region size 1024K, 2 young (2048K), 2 survivors (2048K)
 Metaspace       used 11598K, committed 13312K, reserved 16384K
}
Event: 24583.092 GC heap before
{Heap before GC invocations=42 (full 0):
 garbage-first heap   total 131072K, used 105367K [0xc5c00000, 0xe5c00000)
  region size 1024K, 76 young (77824K), 2 survivors (2048K)
 Metaspace       used 11604K, committed 13312K, reserved 16384K
}
Event: 24583.151 GC heap after
{Heap after GC invocations=43 (full 0):
 garbage-first heap   total 131072K, used 29724K [0xc5c00000, 0xe5c00000)
  region size 1024K, 3 young (3072K), 3 survivors (3072K)
 Metaspace       used 11604K, committed 13312K, reserved 16384K
}
Event: 24783.321 GC heap before
{Heap before GC invocations=43 (full 0):
 garbage-first heap   total 131072K, used 104476K [0xc5c00000, 0xe5c00000)
  region size 1024K, 76 young (77824K), 3 survivors (3072K)
 Metaspace       used 11622K, committed 13312K, reserved 16384K
}
Event: 24783.378 GC heap after
{Heap after GC invocations=44 (full 0):
 garbage-first heap   total 131072K, used 29644K [0xc5c00000, 0xe5c00000)
  region size 1024K, 2 young (2048K), 2 survivors (2048K)
 Metaspace       used 11622K, committed 13312K, reserved 16384K
}
Event: 25183.819 GC heap before
{Heap before GC invocations=44 (full 0):
 garbage-first heap   total 131072K, used 105420K [0xc5c00000, 0xe5c00000)
  region size 1024K, 76 young (77824K), 2 survivors (2048K)
 Metaspace       used 11646K, committed 13376K, reserved 16384K
}
Event: 25183.839 GC heap after
{Heap after GC invocations=45 (full 0):
 garbage-first heap   total 131072K, used 29776K [0xc5c00000, 0xe5c00000)
  region size 1024K, 3 young (3072K), 3 survivors (3072K)
 Metaspace       used 11646K, committed 13376K, reserved 16384K
}
Event: 27041.428 GC heap before
{Heap before GC invocations=45 (full 0):
 garbage-first heap   total 131072K, used 104528K [0xc5c00000, 0xe5c00000)
  region size 1024K, 76 young (77824K), 3 survivors (3072K)
 Metaspace       used 11659K, committed 13376K, reserved 16384K
}
Event: 27041.478 GC heap after
{Heap after GC invocations=46 (full 0):
 garbage-first heap   total 131072K, used 28060K [0xc5c00000, 0xe5c00000)
  region size 1024K, 1 young (1024K), 1 survivors (1024K)
 Metaspace       used 11659K, committed 13376K, reserved 16384K
}

