# JRE version: OpenJDK Runtime Environment Zulu17.50+19-CA (17.0.11+9) (build 17.0.11+9-LTS)
# Java VM: OpenJDK Server VM Zulu17.50+19-CA (17.0.11+9-LTS, mixed mode, sharing, tiered, g1 gc, linux-x86)
Heap:
 garbage-first heap   total 131072K, used 22803K [0xc5c00000, 0xe5c00000)
  region size 1024K, 21 young (21504K), 2 survivors (2048K)
 Metaspace       used 3437K, committed 3648K, reserved 16384K
GC Heap History (8 events):
Event: 25.676 GC heap before
{Heap before GC invocations=0 (full 0):
 garbage-first heap   total 131072K, used 12288K [0xc5c00000, 0xe5c00000)
  region size 1024K, 13 young (13312K), 0 survivors (0K)
 Metaspace       used 1863K, committed 2048K, reserved 16384K
}
Event: 25.714 GC heap after
{Heap after GC invocations=1 (full 0):
 garbage-first heap   total 131072K, used 2177K [0xc5c00000, 0xe5c00000)
  region size 1024K, 2 young (2048K), 2 survivors (2048K)
 Metaspace       used 1863K, committed 2048K, reserved 16384K
}
Event: 268.192 GC heap before
{Heap before GC invocations=1 (full 0):
 garbage-first heap   total 131072K, used 18561K [0xc5c00000, 0xe5c00000)
  region size 1024K, 18 young (18432K), 2 survivors (2048K)
 Metaspace       used 3115K, committed 3264K, reserved 16384K
}
Event: 268.217 GC heap after
{Heap after GC invocations=2 (full 0):
 garbage-first heap   total 131072K, used 2877K [0xc5c00000, 0xe5c00000)
  region size 1024K, 1 young (1024K), 1 survivors (1024K)
 Metaspace       used 3115K, committed 3264K, reserved 16384K
}
Event: 9464.690 GC heap before
{Heap before GC invocations=2 (full 0):
 garbage-first heap   total 131072K, used 76605K [0xc5c00000, 0xe5c00000)
  region size 1024K, 73 young (74752K), 1 survivors (1024K)
 Metaspace       used 3432K, committed 3648K, reserved 16384K
}
Event: 9464.706 GC heap after
{Heap after GC invocations=3 (full 0):
 garbage-first heap   total 131072K, used 3424K [0xc5c00000, 0xe5c00000)
  region size 1024K, 2 young (2048K), 2 survivors (2048K)
 Metaspace       used 3432K, committed 3648K, reserved 16384K
}
Event: 21461.627 GC heap before
{Heap before GC invocations=3 (full 0):
 garbage-first heap   total 131072K, used 79200K [0xc5c00000, 0xe5c00000)
  region size 1024K, 76 young (77824K), 2 survivors (2048K)
 Metaspace       used 3436K, committed 3648K, reserved 16384K
}
Event: 21461.662 GC heap after
{Heap after GC invocations=4 (full 0):
 garbage-first heap   total 131072K, used 3347K [0xc5c00000, 0xe5c00000)
  region size 1024K, 2 young (2048K), 2 survivors (2048K)
 Metaspace       used 3436K, committed 3648K, reserved 16384K
}

