# JRE version: OpenJDK Runtime Environment Zulu17.50+19-CA (17.0.11+9) (build 17.0.11+9-LTS)
# Java VM: OpenJDK Server VM Zulu17.50+19-CA (17.0.11+9-LTS, mixed mode, sharing, tiered, g1 gc, linux-x86)
Heap:
 garbage-first heap   total 131072K, used 33844K [0xc5c00000, 0xe5c00000)
  region size 1024K, 31 young (31744K), 8 survivors (8192K)
 Metaspace       used 6603K, committed 7424K, reserved 16384K
GC Heap History (8 events):
Event: 53.027 GC heap before
{Heap before GC invocations=0 (full 0):
 garbage-first heap   total 131072K, used 12288K [0xc5c00000, 0xe5c00000)
  region size 1024K, 13 young (13312K), 0 survivors (0K)
 Metaspace       used 2752K, committed 3008K, reserved 16384K
}
Event: 53.079 GC heap after
{Heap after GC invocations=1 (full 0):
 garbage-first heap   total 131072K, used 2533K [0xc5c00000, 0xe5c00000)
  region size 1024K, 2 young (2048K), 2 survivors (2048K)
 Metaspace       used 2752K, committed 3008K, reserved 16384K
}
Event: 148.392 GC heap before
{Heap before GC invocations=1 (full 0):
 garbage-first heap   total 131072K, used 17893K [0xc5c00000, 0xe5c00000)
  region size 1024K, 17 young (17408K), 2 survivors (2048K)
 Metaspace       used 4206K, committed 4608K, reserved 16384K
}
Event: 148.407 GC heap after
{Heap after GC invocations=2 (full 0):
 garbage-first heap   total 131072K, used 3650K [0xc5c00000, 0xe5c00000)
  region size 1024K, 2 young (2048K), 2 survivors (2048K)
 Metaspace       used 4206K, committed 4608K, reserved 16384K
}
Event: 277.313 GC heap before
{Heap before GC invocations=2 (full 0):
 garbage-first heap   total 131072K, used 79426K [0xc5c00000, 0xe5c00000)
  region size 1024K, 76 young (77824K), 2 survivors (2048K)
 Metaspace       used 5925K, committed 6656K, reserved 16384K
}
Event: 277.336 GC heap after
{Heap after GC invocations=3 (full 0):
 garbage-first heap   total 131072K, used 6807K [0xc5c00000, 0xe5c00000)
  region size 1024K, 5 young (5120K), 5 survivors (5120K)
 Metaspace       used 5925K, committed 6656K, reserved 16384K
}
Event: 600.928 GC heap before
{Heap before GC invocations=3 (full 0):
 garbage-first heap   total 131072K, used 79511K [0xc5c00000, 0xe5c00000)
  region size 1024K, 76 young (77824K), 5 survivors (5120K)
 Metaspace       used 6330K, committed 7040K, reserved 16384K
}
Event: 601.019 GC heap after
{Heap after GC invocations=4 (full 0):
 garbage-first heap   total 131072K, used 10292K [0xc5c00000, 0xe5c00000)
  region size 1024K, 8 young (8192K), 8 survivors (8192K)
 Metaspace       used 6330K, committed 7040K, reserved 16384K
}

