# JRE version: OpenJDK Runtime Environment Zulu17.50+19-CA (17.0.11+9) (build 17.0.11+9-LTS)
# Java VM: OpenJDK Server VM Zulu17.50+19-CA (17.0.11+9-LTS, mixed mode, sharing, tiered, g1 gc, linux-x86)
Heap:
 garbage-first heap   total 131072K, used 69927K [0xc5c00000, 0xe5c00000)
  region size 1024K, 53 young (54272K), 4 survivors (4096K)
 Metaspace       used 10314K, committed 11712K, reserved 16384K
GC Heap History (16 events):
Event: 69.658 GC heap before
{Heap before GC invocations=0 (full 0):
 garbage-first heap   total 131072K, used 12288K [0xc5c00000, 0xe5c00000)
  region size 1024K, 13 young (13312K), 0 survivors (0K)
 Metaspace       used 2337K, committed 2496K, reserved 16384K
}
Event: 69.679 GC heap after
{Heap after GC invocations=1 (full 0):
 garbage-first heap   total 131072K, used 1979K [0xc5c00000, 0xe5c00000)
  region size 1024K, 2 young (2048K), 2 survivors (2048K)
 Metaspace       used 2337K, committed 2496K, reserved 16384K
}
Event: 96.466 GC heap before
{Heap before GC invocations=1 (full 0):
 garbage-first heap   total 131072K, used 18363K [0xc5c00000, 0xe5c00000)
  region size 1024K, 19 young (19456K), 2 survivors (2048K)
 Metaspace       used 4065K, committed 4416K, reserved 16384K
}
Event: 96.481 GC heap after
{Heap after GC invocations=2 (full 0):
 garbage-first heap   total 131072K, used 3436K [0xc5c00000, 0xe5c00000)
  region size 1024K, 2 young (2048K), 2 survivors (2048K)
 Metaspace       used 4065K, committed 4416K, reserved 16384K
}
Event: 222.833 GC heap before
{Heap before GC invocations=2 (full 0):
 garbage-first heap   total 131072K, used 79212K [0xc5c00000, 0xe5c00000)
  region size 1024K, 76 young (77824K), 2 survivors (2048K)
 Metaspace       used 5461K, committed 6080K, reserved 16384K
}
Event: 222.854 GC heap after
{Heap after GC invocations=3 (full 0):
 garbage-first heap   total 131072K, used 5753K [0xc5c00000, 0xe5c00000)
  region size 1024K, 4 young (4096K), 4 survivors (4096K)
 Metaspace       used 5461K, committed 6080K, reserved 16384K
}
Event: 520.347 GC heap before
{Heap before GC invocations=3 (full 0):
 garbage-first heap   total 131072K, used 79481K [0xc5c00000, 0xe5c00000)
  region size 1024K, 76 young (77824K), 4 survivors (4096K)
 Metaspace       used 5730K, committed 6400K, reserved 16384K
}
Event: 520.426 GC heap after
{Heap after GC invocations=4 (full 0):
 garbage-first heap   total 131072K, used 7179K [0xc5c00000, 0xe5c00000)
  region size 1024K, 6 young (6144K), 6 survivors (6144K)
 Metaspace       used 5730K, committed 6400K, reserved 16384K
}
Event: 542.481 GC heap before
{Heap before GC invocations=4 (full 0):
 garbage-first heap   total 131072K, used 78859K [0xc5c00000, 0xe5c00000)
  region size 1024K, 76 young (77824K), 6 survivors (6144K)
 Metaspace       used 6788K, committed 7680K, reserved 16384K
}
Event: 542.510 GC heap after
{Heap after GC invocations=5 (full 0):
 garbage-first heap   total 131072K, used 12031K [0xc5c00000, 0xe5c00000)
  region size 1024K, 10 young (10240K), 10 survivors (10240K)
 Metaspace       used 6788K, committed 7680K, reserved 16384K
}
Event: 752.249 GC heap before
{Heap before GC invocations=5 (full 0):
 garbage-first heap   total 131072K, used 79615K [0xc5c00000, 0xe5c00000)
  region size 1024K, 76 young (77824K), 10 survivors (10240K)
 Metaspace       used 7054K, committed 7872K, reserved 16384K
}
Event: 752.294 GC heap after
{Heap after GC invocations=6 (full 0):
 garbage-first heap   total 131072K, used 16813K [0xc5c00000, 0xe5c00000)
  region size 1024K, 10 young (10240K), 10 survivors (10240K)
 Metaspace       used 7054K, committed 7872K, reserved 16384K
}
Event: 1200.159 GC heap before
{Heap before GC invocations=6 (full 0):
 garbage-first heap   total 131072K, used 84397K [0xc5c00000, 0xe5c00000)
  region size 1024K, 76 young (77824K), 10 survivors (10240K)
 Metaspace       used 9793K, committed 11072K, reserved 16384K
}
Event: 1200.242 GC heap after
{Heap after GC invocations=7 (full 0):
 garbage-first heap   total 131072K, used 19256K [0xc5c00000, 0xe5c00000)
  region size 1024K, 8 young (8192K), 8 survivors (8192K)
 Metaspace       used 9793K, committed 11072K, reserved 16384K
}
Event: 2194.145 GC heap before
{Heap before GC invocations=7 (full 0):
 garbage-first heap   total 131072K, used 88888K [0xc5c00000, 0xe5c00000)
  region size 1024K, 76 young (77824K), 8 survivors (8192K)
 Metaspace       used 10302K, committed 11648K, reserved 16384K
}
Event: 2194.219 GC heap after
{Heap after GC invocations=8 (full 0):
 garbage-first heap   total 131072K, used 20261K [0xc5c00000, 0xe5c00000)
  region size 1024K, 4 young (4096K), 4 survivors (4096K)
 Metaspace       used 10302K, committed 11648K, reserved 16384K
}

