# JRE version: OpenJDK Runtime Environment Zulu17.50+19-CA (17.0.11+9) (build 17.0.11+9-LTS)
# Java VM: OpenJDK Server VM Zulu17.50+19-CA (17.0.11+9-LTS, mixed mode, sharing, tiered, g1 gc, linux-x86)
Heap:
 garbage-first heap   total 131072K, used 56091K [0xc5c00000, 0xe5c00000)
  region size 1024K, 53 young (54272K), 2 survivors (2048K)
 Metaspace       used 3533K, committed 3776K, reserved 16384K
GC Heap History (8 events):
Event: 35.579 GC heap before
{Heap before GC invocations=0 (full 0):
 garbage-first heap   total 131072K, used 12288K [0xc5c00000, 0xe5c00000)
  region size 1024K, 13 young (13312K), 0 survivors (0K)
 Metaspace       used 1881K, committed 2048K, reserved 16384K
}
Event: 35.709 GC heap after
{Heap after GC invocations=1 (full 0):
 garbage-first heap   total 131072K, used 2137K [0xc5c00000, 0xe5c00000)
  region size 1024K, 2 young (2048K), 2 survivors (2048K)
 Metaspace       used 1881K, committed 2048K, reserved 16384K
}
Event: 112.423 GC heap before
{Heap before GC invocations=1 (full 0):
 garbage-first heap   total 131072K, used 18521K [0xc5c00000, 0xe5c00000)
  region size 1024K, 18 young (18432K), 2 survivors (2048K)
 Metaspace       used 3144K, committed 3392K, reserved 16384K
}
Event: 112.454 GC heap after
{Heap after GC invocations=2 (full 0):
 garbage-first heap   total 131072K, used 3222K [0xc5c00000, 0xe5c00000)
  region size 1024K, 2 young (2048K), 2 survivors (2048K)
 Metaspace       used 3144K, committed 3392K, reserved 16384K
}
Event: 1402.014 GC heap before
{Heap before GC invocations=2 (full 0):
 garbage-first heap   total 131072K, used 78998K [0xc5c00000, 0xe5c00000)
  region size 1024K, 76 young (77824K), 2 survivors (2048K)
 Metaspace       used 3500K, committed 3776K, reserved 16384K
}
Event: 1402.028 GC heap after
{Heap after GC invocations=3 (full 0):
 garbage-first heap   total 131072K, used 3809K [0xc5c00000, 0xe5c00000)
  region size 1024K, 2 young (2048K), 2 survivors (2048K)
 Metaspace       used 3500K, committed 3776K, reserved 16384K
}
Event: 3286.058 GC heap before
{Heap before GC invocations=3 (full 0):
 garbage-first heap   total 131072K, used 79585K [0xc5c00000, 0xe5c00000)
  region size 1024K, 76 young (77824K), 2 survivors (2048K)
 Metaspace       used 3514K, committed 3776K, reserved 16384K
}
Event: 3286.089 GC heap after
{Heap after GC invocations=4 (full 0):
 garbage-first heap   total 131072K, used 3867K [0xc5c00000, 0xe5c00000)
  region size 1024K, 2 young (2048K), 2 survivors (2048K)
 Metaspace       used 3514K, committed 3776K, reserved 16384K
}

