# JRE version: OpenJDK Runtime Environment Zulu17.50+19-CA (17.0.11+9) (build 17.0.11+9-LTS)
# Java VM: OpenJDK Server VM Zulu17.50+19-CA (17.0.11+9-LTS, mixed mode, sharing, tiered, g1 gc, linux-x86)
Heap:
 garbage-first heap   total 131072K, used 61023K [0xc5c00000, 0xe5c00000)
  region size 1024K, 58 young (59392K), 8 survivors (8192K)
 Metaspace       used 6610K, committed 7424K, reserved 16384K
GC Heap History (8 events):
Event: 49.585 GC heap before
{Heap before GC invocations=0 (full 0):
 garbage-first heap   total 131072K, used 12288K [0xc5c00000, 0xe5c00000)
  region size 1024K, 13 young (13312K), 0 survivors (0K)
 Metaspace       used 2740K, committed 3008K, reserved 16384K
}
Event: 49.615 GC heap after
{Heap after GC invocations=1 (full 0):
 garbage-first heap   total 131072K, used 2543K [0xc5c00000, 0xe5c00000)
  region size 1024K, 2 young (2048K), 2 survivors (2048K)
 Metaspace       used 2740K, committed 3008K, reserved 16384K
}
Event: 132.600 GC heap before
{Heap before GC invocations=1 (full 0):
 garbage-first heap   total 131072K, used 17903K [0xc5c00000, 0xe5c00000)
  region size 1024K, 17 young (17408K), 2 survivors (2048K)
 Metaspace       used 4173K, committed 4544K, reserved 16384K
}
Event: 132.635 GC heap after
{Heap after GC invocations=2 (full 0):
 garbage-first heap   total 131072K, used 4037K [0xc5c00000, 0xe5c00000)
  region size 1024K, 2 young (2048K), 2 survivors (2048K)
 Metaspace       used 4173K, committed 4544K, reserved 16384K
}
Event: 241.624 GC heap before
{Heap before GC invocations=2 (full 0):
 garbage-first heap   total 131072K, used 79813K [0xc5c00000, 0xe5c00000)
  region size 1024K, 76 young (77824K), 2 survivors (2048K)
 Metaspace       used 5895K, committed 6592K, reserved 16384K
}
Event: 241.666 GC heap after
{Heap after GC invocations=3 (full 0):
 garbage-first heap   total 131072K, used 7040K [0xc5c00000, 0xe5c00000)
  region size 1024K, 5 young (5120K), 5 survivors (5120K)
 Metaspace       used 5895K, committed 6592K, reserved 16384K
}
Event: 499.687 GC heap before
{Heap before GC invocations=3 (full 0):
 garbage-first heap   total 131072K, used 79744K [0xc5c00000, 0xe5c00000)
  region size 1024K, 76 young (77824K), 5 survivors (5120K)
 Metaspace       used 6321K, committed 7040K, reserved 16384K
}
Event: 499.750 GC heap after
{Heap after GC invocations=4 (full 0):
 garbage-first heap   total 131072K, used 10845K [0xc5c00000, 0xe5c00000)
  region size 1024K, 8 young (8192K), 8 survivors (8192K)
 Metaspace       used 6321K, committed 7040K, reserved 16384K
}

