# JRE version: OpenJDK Runtime Environment Zulu17.50+19-CA (17.0.11+9) (build 17.0.11+9-LTS)
# Java VM: OpenJDK Server VM Zulu17.50+19-CA (17.0.11+9-LTS, mixed mode, sharing, tiered, g1 gc, linux-x86)
Heap:
 garbage-first heap   total 131072K, used 19831K [0xc5c00000, 0xe5c00000)
  region size 1024K, 19 young (19456K), 6 survivors (6144K)
 Metaspace       used 5718K, committed 6464K, reserved 16384K
GC Heap History (8 events):
Event: 83.895 GC heap before
{Heap before GC invocations=0 (full 0):
 garbage-first heap   total 131072K, used 12288K [0xc5c00000, 0xe5c00000)
  region size 1024K, 13 young (13312K), 0 survivors (0K)
 Metaspace       used 2137K, committed 2304K, reserved 16384K
}
Event: 83.922 GC heap after
{Heap after GC invocations=1 (full 0):
 garbage-first heap   total 131072K, used 1829K [0xc5c00000, 0xe5c00000)
  region size 1024K, 2 young (2048K), 2 survivors (2048K)
 Metaspace       used 2137K, committed 2304K, reserved 16384K
}
Event: 123.711 GC heap before
{Heap before GC invocations=1 (full 0):
 garbage-first heap   total 131072K, used 18213K [0xc5c00000, 0xe5c00000)
  region size 1024K, 19 young (19456K), 2 survivors (2048K)
 Metaspace       used 3531K, committed 3776K, reserved 16384K
}
Event: 123.762 GC heap after
{Heap after GC invocations=2 (full 0):
 garbage-first heap   total 131072K, used 3143K [0xc5c00000, 0xe5c00000)
  region size 1024K, 2 young (2048K), 2 survivors (2048K)
 Metaspace       used 3531K, committed 3776K, reserved 16384K
}
Event: 240.515 GC heap before
{Heap before GC invocations=2 (full 0):
 garbage-first heap   total 131072K, used 78919K [0xc5c00000, 0xe5c00000)
  region size 1024K, 76 young (77824K), 2 survivors (2048K)
 Metaspace       used 4849K, committed 5440K, reserved 16384K
}
Event: 240.538 GC heap after
{Heap after GC invocations=3 (full 0):
 garbage-first heap   total 131072K, used 5908K [0xc5c00000, 0xe5c00000)
  region size 1024K, 4 young (4096K), 4 survivors (4096K)
 Metaspace       used 4849K, committed 5440K, reserved 16384K
}
Event: 629.618 GC heap before
{Heap before GC invocations=3 (full 0):
 garbage-first heap   total 131072K, used 79636K [0xc5c00000, 0xe5c00000)
  region size 1024K, 76 young (77824K), 4 survivors (4096K)
 Metaspace       used 5699K, committed 6464K, reserved 16384K
}
Event: 629.655 GC heap after
{Heap after GC invocations=4 (full 0):
 garbage-first heap   total 131072K, used 7541K [0xc5c00000, 0xe5c00000)
  region size 1024K, 6 young (6144K), 6 survivors (6144K)
 Metaspace       used 5699K, committed 6464K, reserved 16384K
}

