# JRE version: OpenJDK Runtime Environment Zulu17.50+19-CA (17.0.11+9) (build 17.0.11+9-LTS)
# Java VM: OpenJDK Server VM Zulu17.50+19-CA (17.0.11+9-LTS, mixed mode, sharing, tiered, g1 gc, linux-x86)
Heap:
 garbage-first heap   total 131072K, used 38840K [0xc5c00000, 0xe5c00000)
  region size 1024K, 36 young (36864K), 6 survivors (6144K)
 Metaspace       used 6336K, committed 7040K, reserved 16384K
GC Heap History (8 events):
Event: 62.072 GC heap before
{Heap before GC invocations=0 (full 0):
 garbage-first heap   total 131072K, used 12288K [0xc5c00000, 0xe5c00000)
  region size 1024K, 13 young (13312K), 0 survivors (0K)
 Metaspace       used 2855K, committed 3008K, reserved 16384K
}
Event: 62.095 GC heap after
{Heap after GC invocations=1 (full 0):
 garbage-first heap   total 131072K, used 2477K [0xc5c00000, 0xe5c00000)
  region size 1024K, 2 young (2048K), 2 survivors (2048K)
 Metaspace       used 2855K, committed 3008K, reserved 16384K
}
Event: 76.516 GC heap before
{Heap before GC invocations=1 (full 0):
 garbage-first heap   total 131072K, used 18861K [0xc5c00000, 0xe5c00000)
  region size 1024K, 18 young (18432K), 2 survivors (2048K)
 Metaspace       used 3981K, committed 4352K, reserved 16384K
}
Event: 76.554 GC heap after
{Heap after GC invocations=2 (full 0):
 garbage-first heap   total 131072K, used 3541K [0xc5c00000, 0xe5c00000)
  region size 1024K, 2 young (2048K), 2 survivors (2048K)
 Metaspace       used 3981K, committed 4352K, reserved 16384K
}
Event: 157.434 GC heap before
{Heap before GC invocations=2 (full 0):
 garbage-first heap   total 131072K, used 40405K [0xc5c00000, 0xe5c00000)
  region size 1024K, 38 young (38912K), 2 survivors (2048K)
 Metaspace       used 5130K, committed 5632K, reserved 16384K
}
Event: 157.470 GC heap after
{Heap after GC invocations=3 (full 0):
 garbage-first heap   total 131072K, used 5157K [0xc5c00000, 0xe5c00000)
  region size 1024K, 3 young (3072K), 3 survivors (3072K)
 Metaspace       used 5130K, committed 5632K, reserved 16384K
}
Event: 458.614 GC heap before
{Heap before GC invocations=3 (full 0):
 garbage-first heap   total 131072K, used 79909K [0xc5c00000, 0xe5c00000)
  region size 1024K, 76 young (77824K), 3 survivors (3072K)
 Metaspace       used 6254K, committed 6976K, reserved 16384K
}
Event: 458.641 GC heap after
{Heap after GC invocations=4 (full 0):
 garbage-first heap   total 131072K, used 8120K [0xc5c00000, 0xe5c00000)
  region size 1024K, 6 young (6144K), 6 survivors (6144K)
 Metaspace       used 6254K, committed 6976K, reserved 16384K
}

