# JRE version: OpenJDK Runtime Environment Zulu17.50+19-CA (17.0.11+9) (build 17.0.11+9-LTS)
# Java VM: OpenJDK Server VM Zulu17.50+19-CA (17.0.11+9-LTS, mixed mode, sharing, tiered, g1 gc, linux-x86)
Heap:
 garbage-first heap   total 131072K, used 78594K [0xc5c00000, 0xe5c00000)
  region size 1024K, 62 young (63488K), 1 survivors (1024K)
 Metaspace       used 7099K, committed 8000K, reserved 16384K
GC Heap History (20 events):
Event: 11126.082 GC heap before
{Heap before GC invocations=10 (full 0):
 garbage-first heap   total 131072K, used 93929K [0xc5c00000, 0xe5c00000)
  region size 1024K, 76 young (77824K), 1 survivors (1024K)
 Metaspace       used 7097K, committed 8000K, reserved 16384K
}
Event: 11126.098 GC heap after
{Heap after GC invocations=11 (full 0):
 garbage-first heap   total 131072K, used 17115K [0xc5c00000, 0xe5c00000)
  region size 1024K, 1 young (1024K), 1 survivors (1024K)
 Metaspace       used 7097K, committed 8000K, reserved 16384K
}
Event: 13303.121 GC heap before
{Heap before GC invocations=11 (full 0):
 garbage-first heap   total 131072K, used 93915K [0xc5c00000, 0xe5c00000)
  region size 1024K, 76 young (77824K), 1 survivors (1024K)
 Metaspace       used 7097K, committed 8000K, reserved 16384K
}
Event: 13303.185 GC heap after
{Heap after GC invocations=12 (full 0):
 garbage-first heap   total 131072K, used 17201K [0xc5c00000, 0xe5c00000)
  region size 1024K, 1 young (1024K), 1 survivors (1024K)
 Metaspace       used 7097K, committed 8000K, reserved 16384K
}
Event: 15464.176 GC heap before
{Heap before GC invocations=12 (full 0):
 garbage-first heap   total 131072K, used 94001K [0xc5c00000, 0xe5c00000)
  region size 1024K, 76 young (77824K), 1 survivors (1024K)
 Metaspace       used 7097K, committed 8000K, reserved 16384K
}
Event: 15464.185 GC heap after
{Heap after GC invocations=13 (full 0):
 garbage-first heap   total 131072K, used 17120K [0xc5c00000, 0xe5c00000)
  region size 1024K, 1 young (1024K), 1 survivors (1024K)
 Metaspace       used 7097K, committed 8000K, reserved 16384K
}
Event: 17627.122 GC heap before
{Heap before GC invocations=13 (full 0):
 garbage-first heap   total 131072K, used 93920K [0xc5c00000, 0xe5c00000)
  region size 1024K, 76 young (77824K), 1 survivors (1024K)
 Metaspace       used 7097K, committed 8000K, reserved 16384K
}
Event: 17627.131 GC heap after
{Heap after GC invocations=14 (full 0):
 garbage-first heap   total 131072K, used 17116K [0xc5c00000, 0xe5c00000)
  region size 1024K, 1 young (1024K), 1 survivors (1024K)
 Metaspace       used 7097K, committed 8000K, reserved 16384K
}
Event: 19765.078 GC heap before
{Heap before GC invocations=14 (full 0):
 garbage-first heap   total 131072K, used 93916K [0xc5c00000, 0xe5c00000)
  region size 1024K, 76 young (77824K), 1 survivors (1024K)
 Metaspace       used 7097K, committed 8000K, reserved 16384K
}
Event: 19765.091 GC heap after
{Heap after GC invocations=15 (full 0):
 garbage-first heap   total 131072K, used 17149K [0xc5c00000, 0xe5c00000)
  region size 1024K, 1 young (1024K), 1 survivors (1024K)
 Metaspace       used 7097K, committed 8000K, reserved 16384K
}
Event: 21901.422 GC heap before
{Heap before GC invocations=15 (full 0):
 garbage-first heap   total 131072K, used 93949K [0xc5c00000, 0xe5c00000)
  region size 1024K, 76 young (77824K), 1 survivors (1024K)
 Metaspace       used 7097K, committed 8000K, reserved 16384K
}
Event: 21901.455 GC heap after
{Heap after GC invocations=16 (full 0):
 garbage-first heap   total 131072K, used 17118K [0xc5c00000, 0xe5c00000)
  region size 1024K, 1 young (1024K), 1 survivors (1024K)
 Metaspace       used 7097K, committed 8000K, reserved 16384K
}
Event: 24024.092 GC heap before
{Heap before GC invocations=16 (full 0):
 garbage-first heap   total 131072K, used 93918K [0xc5c00000, 0xe5c00000)
  region size 1024K, 76 young (77824K), 1 survivors (1024K)
 Metaspace       used 7097K, committed 8000K, reserved 16384K
}
Event: 24024.098 GC heap after
{Heap after GC invocations=17 (full 0):
 garbage-first heap   total 131072K, used 17181K [0xc5c00000, 0xe5c00000)
  region size 1024K, 1 young (1024K), 1 survivors (1024K)
 Metaspace       used 7097K, committed 8000K, reserved 16384K
}
Event: 26137.156 GC heap before
{Heap before GC invocations=17 (full 0):
 garbage-first heap   total 131072K, used 93981K [0xc5c00000, 0xe5c00000)
  region size 1024K, 76 young (77824K), 1 survivors (1024K)
 Metaspace       used 7097K, committed 8000K, reserved 16384K
}
Event: 26137.193 GC heap after
{Heap after GC invocations=18 (full 0):
 garbage-first heap   total 131072K, used 17151K [0xc5c00000, 0xe5c00000)
  region size 1024K, 1 young (1024K), 1 survivors (1024K)
 Metaspace       used 7097K, committed 8000K, reserved 16384K
}
Event: 28240.219 GC heap before
{Heap before GC invocations=18 (full 0):
 garbage-first heap   total 131072K, used 93951K [0xc5c00000, 0xe5c00000)
  region size 1024K, 76 young (77824K), 1 survivors (1024K)
 Metaspace       used 7097K, committed 8000K, reserved 16384K
}
Event: 28240.251 GC heap after
{Heap after GC invocations=19 (full 0):
 garbage-first heap   total 131072K, used 17184K [0xc5c00000, 0xe5c00000)
  region size 1024K, 1 young (1024K), 1 survivors (1024K)
 Metaspace       used 7097K, committed 8000K, reserved 16384K
}
Event: 30337.211 GC heap before
{Heap before GC invocations=19 (full 0):
 garbage-first heap   total 131072K, used 93984K [0xc5c00000, 0xe5c00000)
  region size 1024K, 76 young (77824K), 1 survivors (1024K)
 Metaspace       used 7097K, committed 8000K, reserved 16384K
}
Event: 30337.219 GC heap after
{Heap after GC invocations=20 (full 0):
 garbage-first heap   total 131072K, used 17152K [0xc5c00000, 0xe5c00000)
  region size 1024K, 1 young (1024K), 1 survivors (1024K)
 Metaspace       used 7097K, committed 8000K, reserved 16384K
}

