# JRE version: OpenJDK Runtime Environment Zulu17.50+19-CA (17.0.11+9) (build 17.0.11+9-LTS)
# Java VM: OpenJDK Server VM Zulu17.50+19-CA (17.0.11+9-LTS, mixed mode, sharing, tiered, g1 gc, linux-x86)
Heap:
 garbage-first heap   total 131072K, used 7604K [0xc5c00000, 0xe5c00000)
  region size 1024K, 6 young (6144K), 2 survivors (2048K)
 Metaspace       used 3264K, committed 3456K, reserved 16384K
GC Heap History (8 events):
Event: 40.511 GC heap before
{Heap before GC invocations=0 (full 0):
 garbage-first heap   total 131072K, used 12288K [0xc5c00000, 0xe5c00000)
  region size 1024K, 13 young (13312K), 0 survivors (0K)
 Metaspace       used 1906K, committed 2112K, reserved 16384K
}
Event: 40.564 GC heap after
{Heap after GC invocations=1 (full 0):
 garbage-first heap   total 131072K, used 2080K [0xc5c00000, 0xe5c00000)
  region size 1024K, 2 young (2048K), 2 survivors (2048K)
 Metaspace       used 1906K, committed 2112K, reserved 16384K
}
Event: 336.721 GC heap before
{Heap before GC invocations=1 (full 0):
 garbage-first heap   total 131072K, used 19488K [0xc5c00000, 0xe5c00000)
  region size 1024K, 19 young (19456K), 2 survivors (2048K)
 Metaspace       used 3040K, committed 3200K, reserved 16384K
}
Event: 336.747 GC heap after
{Heap after GC invocations=2 (full 0):
 garbage-first heap   total 131072K, used 3342K [0xc5c00000, 0xe5c00000)
  region size 1024K, 2 young (2048K), 2 survivors (2048K)
 Metaspace       used 3040K, committed 3200K, reserved 16384K
}
Event: 5845.472 GC heap before
{Heap before GC invocations=2 (full 0):
 garbage-first heap   total 131072K, used 49422K [0xc5c00000, 0xe5c00000)
  region size 1024K, 47 young (48128K), 2 survivors (2048K)
 Metaspace       used 3224K, committed 3456K, reserved 16384K
}
Event: 5845.528 GC heap after
{Heap after GC invocations=3 (full 0):
 garbage-first heap   total 131072K, used 3586K [0xc5c00000, 0xe5c00000)
  region size 1024K, 2 young (2048K), 2 survivors (2048K)
 Metaspace       used 3224K, committed 3456K, reserved 16384K
}
Event: 19444.234 GC heap before
{Heap before GC invocations=3 (full 0):
 garbage-first heap   total 131072K, used 79362K [0xc5c00000, 0xe5c00000)
  region size 1024K, 76 young (77824K), 2 survivors (2048K)
 Metaspace       used 3262K, committed 3456K, reserved 16384K
}
Event: 19444.373 GC heap after
{Heap after GC invocations=4 (full 0):
 garbage-first heap   total 131072K, used 3508K [0xc5c00000, 0xe5c00000)
  region size 1024K, 2 young (2048K), 2 survivors (2048K)
 Metaspace       used 3262K, committed 3456K, reserved 16384K
}

