# JRE version: OpenJDK Runtime Environment Zulu17.50+19-CA (17.0.11+9) (build 17.0.11+9-LTS)
# Java VM: OpenJDK Server VM Zulu17.50+19-CA (17.0.11+9-LTS, mixed mode, sharing, tiered, g1 gc, linux-x86)
Heap:
 garbage-first heap   total 131072K, used 67068K [0xc5c00000, 0xe5c00000)
  region size 1024K, 65 young (66560K), 2 survivors (2048K)
 Metaspace       used 3558K, committed 3840K, reserved 16384K
GC Heap History (16 events):
Event: 27.825 GC heap before
{Heap before GC invocations=0 (full 0):
 garbage-first heap   total 131072K, used 12288K [0xc5c00000, 0xe5c00000)
  region size 1024K, 13 young (13312K), 0 survivors (0K)
 Metaspace       used 1890K, committed 2048K, reserved 16384K
}
Event: 28.185 GC heap after
{Heap after GC invocations=1 (full 0):
 garbage-first heap   total 131072K, used 2235K [0xc5c00000, 0xe5c00000)
  region size 1024K, 2 young (2048K), 2 survivors (2048K)
 Metaspace       used 1890K, committed 2048K, reserved 16384K
}
Event: 29.879 GC heap before
{Heap before GC invocations=1 (full 0):
 garbage-first heap   total 131072K, used 18619K [0xc5c00000, 0xe5c00000)
  region size 1024K, 18 young (18432K), 2 survivors (2048K)
 Metaspace       used 2080K, committed 2240K, reserved 16384K
}
Event: 29.926 GC heap after
{Heap after GC invocations=2 (full 0):
 garbage-first heap   total 131072K, used 2284K [0xc5c00000, 0xe5c00000)
  region size 1024K, 1 young (1024K), 1 survivors (1024K)
 Metaspace       used 2080K, committed 2240K, reserved 16384K
}
Event: 2690.623 GC heap before
{Heap before GC invocations=2 (full 0):
 garbage-first heap   total 131072K, used 79084K [0xc5c00000, 0xe5c00000)
  region size 1024K, 76 young (77824K), 1 survivors (1024K)
 Metaspace       used 3359K, committed 3584K, reserved 16384K
}
Event: 2690.643 GC heap after
{Heap after GC invocations=3 (full 0):
 garbage-first heap   total 131072K, used 3477K [0xc5c00000, 0xe5c00000)
  region size 1024K, 2 young (2048K), 2 survivors (2048K)
 Metaspace       used 3359K, committed 3584K, reserved 16384K
}
Event: 7821.636 GC heap before
{Heap before GC invocations=3 (full 0):
 garbage-first heap   total 131072K, used 79253K [0xc5c00000, 0xe5c00000)
  region size 1024K, 76 young (77824K), 2 survivors (2048K)
 Metaspace       used 3386K, committed 3648K, reserved 16384K
}
Event: 7821.670 GC heap after
{Heap after GC invocations=4 (full 0):
 garbage-first heap   total 131072K, used 3517K [0xc5c00000, 0xe5c00000)
  region size 1024K, 2 young (2048K), 2 survivors (2048K)
 Metaspace       used 3386K, committed 3648K, reserved 16384K
}
Event: 12141.550 GC heap before
{Heap before GC invocations=4 (full 0):
 garbage-first heap   total 131072K, used 79293K [0xc5c00000, 0xe5c00000)
  region size 1024K, 76 young (77824K), 2 survivors (2048K)
 Metaspace       used 3390K, committed 3648K, reserved 16384K
}
Event: 12141.570 GC heap after
{Heap after GC invocations=5 (full 0):
 garbage-first heap   total 131072K, used 3437K [0xc5c00000, 0xe5c00000)
  region size 1024K, 2 young (2048K), 2 survivors (2048K)
 Metaspace       used 3390K, committed 3648K, reserved 16384K
}
Event: 15808.734 GC heap before
{Heap before GC invocations=5 (full 0):
 garbage-first heap   total 131072K, used 79213K [0xc5c00000, 0xe5c00000)
  region size 1024K, 76 young (77824K), 2 survivors (2048K)
 Metaspace       used 3524K, committed 3776K, reserved 16384K
}
Event: 15808.767 GC heap after
{Heap after GC invocations=6 (full 0):
 garbage-first heap   total 131072K, used 3655K [0xc5c00000, 0xe5c00000)
  region size 1024K, 2 young (2048K), 2 survivors (2048K)
 Metaspace       used 3524K, committed 3776K, reserved 16384K
}
Event: 17717.540 GC heap before
{Heap before GC invocations=6 (full 0):
 garbage-first heap   total 131072K, used 79431K [0xc5c00000, 0xe5c00000)
  region size 1024K, 76 young (77824K), 2 survivors (2048K)
 Metaspace       used 3547K, committed 3840K, reserved 16384K
}
Event: 17717.566 GC heap after
{Heap after GC invocations=7 (full 0):
 garbage-first heap   total 131072K, used 3662K [0xc5c00000, 0xe5c00000)
  region size 1024K, 2 young (2048K), 2 survivors (2048K)
 Metaspace       used 3547K, committed 3840K, reserved 16384K
}
Event: 19884.165 GC heap before
{Heap before GC invocations=7 (full 0):
 garbage-first heap   total 131072K, used 79438K [0xc5c00000, 0xe5c00000)
  region size 1024K, 76 young (77824K), 2 survivors (2048K)
 Metaspace       used 3553K, committed 3840K, reserved 16384K
}
Event: 19884.203 GC heap after
{Heap after GC invocations=8 (full 0):
 garbage-first heap   total 131072K, used 3578K [0xc5c00000, 0xe5c00000)
  region size 1024K, 2 young (2048K), 2 survivors (2048K)
 Metaspace       used 3553K, committed 3840K, reserved 16384K
}

