# JRE version: OpenJDK Runtime Environment Zulu17.50+19-CA (17.0.11+9) (build 17.0.11+9-LTS)
# Java VM: OpenJDK Server VM Zulu17.50+19-CA (17.0.11+9-LTS, mixed mode, sharing, tiered, g1 gc, linux-x86)
Heap:
 garbage-first heap   total 131072K, used 72583K [0xc5c00000, 0xe5c00000)
  region size 1024K, 57 young (58368K), 6 survivors (6144K)
 Metaspace       used 10214K, committed 11712K, reserved 16384K
GC Heap History (20 events):
Event: 73.236 GC heap before
{Heap before GC invocations=1 (full 0):
 garbage-first heap   total 131072K, used 18870K [0xc5c00000, 0xe5c00000)
  region size 1024K, 18 young (18432K), 2 survivors (2048K)
 Metaspace       used 3756K, committed 4096K, reserved 16384K
}
Event: 73.282 GC heap after
{Heap after GC invocations=2 (full 0):
 garbage-first heap   total 131072K, used 4054K [0xc5c00000, 0xe5c00000)
  region size 1024K, 2 young (2048K), 2 survivors (2048K)
 Metaspace       used 3756K, committed 4096K, reserved 16384K
}
Event: 136.388 GC heap before
{Heap before GC invocations=2 (full 0):
 garbage-first heap   total 131072K, used 79830K [0xc5c00000, 0xe5c00000)
  region size 1024K, 76 young (77824K), 2 survivors (2048K)
 Metaspace       used 4944K, committed 5504K, reserved 16384K
}
Event: 136.440 GC heap after
{Heap after GC invocations=3 (full 0):
 garbage-first heap   total 131072K, used 6492K [0xc5c00000, 0xe5c00000)
  region size 1024K, 4 young (4096K), 4 survivors (4096K)
 Metaspace       used 4944K, committed 5504K, reserved 16384K
}
Event: 150.990 GC heap before
{Heap before GC invocations=3 (full 0):
 garbage-first heap   total 131072K, used 80220K [0xc5c00000, 0xe5c00000)
  region size 1024K, 76 young (77824K), 4 survivors (4096K)
 Metaspace       used 5698K, committed 6336K, reserved 16384K
}
Event: 151.024 GC heap after
{Heap after GC invocations=4 (full 0):
 garbage-first heap   total 131072K, used 7833K [0xc5c00000, 0xe5c00000)
  region size 1024K, 5 young (5120K), 5 survivors (5120K)
 Metaspace       used 5698K, committed 6336K, reserved 16384K
}
Event: 167.145 GC heap before
{Heap before GC invocations=4 (full 0):
 garbage-first heap   total 131072K, used 80537K [0xc5c00000, 0xe5c00000)
  region size 1024K, 76 young (77824K), 5 survivors (5120K)
 Metaspace       used 6455K, committed 7296K, reserved 16384K
}
Event: 167.172 GC heap after
{Heap after GC invocations=5 (full 0):
 garbage-first heap   total 131072K, used 9733K [0xc5c00000, 0xe5c00000)
  region size 1024K, 7 young (7168K), 7 survivors (7168K)
 Metaspace       used 6455K, committed 7296K, reserved 16384K
}
Event: 260.581 GC heap before
{Heap before GC invocations=5 (full 0):
 garbage-first heap   total 131072K, used 80389K [0xc5c00000, 0xe5c00000)
  region size 1024K, 76 young (77824K), 7 survivors (7168K)
 Metaspace       used 8204K, committed 9344K, reserved 16384K
}
Event: 260.628 GC heap after
{Heap after GC invocations=6 (full 0):
 garbage-first heap   total 131072K, used 13174K [0xc5c00000, 0xe5c00000)
  region size 1024K, 7 young (7168K), 7 survivors (7168K)
 Metaspace       used 8204K, committed 9344K, reserved 16384K
}
Event: 452.418 GC heap before
{Heap before GC invocations=6 (full 0):
 garbage-first heap   total 131072K, used 83830K [0xc5c00000, 0xe5c00000)
  region size 1024K, 76 young (77824K), 7 survivors (7168K)
 Metaspace       used 8375K, committed 9536K, reserved 16384K
}
Event: 452.465 GC heap after
{Heap after GC invocations=7 (full 0):
 garbage-first heap   total 131072K, used 16289K [0xc5c00000, 0xe5c00000)
  region size 1024K, 7 young (7168K), 7 survivors (7168K)
 Metaspace       used 8375K, committed 9536K, reserved 16384K
}
Event: 488.843 GC heap before
{Heap before GC invocations=7 (full 0):
 garbage-first heap   total 131072K, used 86945K [0xc5c00000, 0xe5c00000)
  region size 1024K, 76 young (77824K), 7 survivors (7168K)
 Metaspace       used 8801K, committed 10048K, reserved 16384K
}
Event: 488.915 GC heap after
{Heap after GC invocations=8 (full 0):
 garbage-first heap   total 131072K, used 18204K [0xc5c00000, 0xe5c00000)
  region size 1024K, 5 young (5120K), 5 survivors (5120K)
 Metaspace       used 8801K, committed 10048K, reserved 16384K
}
Event: 626.396 GC heap before
{Heap before GC invocations=8 (full 0):
 garbage-first heap   total 131072K, used 90908K [0xc5c00000, 0xe5c00000)
  region size 1024K, 76 young (77824K), 5 survivors (5120K)
 Metaspace       used 9244K, committed 10560K, reserved 16384K
}
Event: 626.420 GC heap after
{Heap after GC invocations=9 (full 0):
 garbage-first heap   total 131072K, used 19530K [0xc5c00000, 0xe5c00000)
  region size 1024K, 7 young (7168K), 7 survivors (7168K)
 Metaspace       used 9244K, committed 10560K, reserved 16384K
}
Event: 641.218 GC heap before
{Heap before GC invocations=9 (full 0):
 garbage-first heap   total 131072K, used 90186K [0xc5c00000, 0xe5c00000)
  region size 1024K, 76 young (77824K), 7 survivors (7168K)
 Metaspace       used 9678K, committed 11072K, reserved 16384K
}
Event: 641.267 GC heap after
{Heap after GC invocations=10 (full 0):
 garbage-first heap   total 131072K, used 20413K [0xc5c00000, 0xe5c00000)
  region size 1024K, 5 young (5120K), 5 survivors (5120K)
 Metaspace       used 9678K, committed 11072K, reserved 16384K
}
Event: 654.446 GC heap before
{Heap before GC invocations=10 (full 0):
 garbage-first heap   total 131072K, used 93117K [0xc5c00000, 0xe5c00000)
  region size 1024K, 76 young (77824K), 5 survivors (5120K)
 Metaspace       used 10019K, committed 11456K, reserved 16384K
}
Event: 654.471 GC heap after
{Heap after GC invocations=11 (full 0):
 garbage-first heap   total 131072K, used 21381K [0xc5c00000, 0xe5c00000)
  region size 1024K, 6 young (6144K), 6 survivors (6144K)
 Metaspace       used 10019K, committed 11456K, reserved 16384K
}

