# JRE version: OpenJDK Runtime Environment Zulu17.50+19-CA (17.0.11+9) (build 17.0.11+9-LTS)
# Java VM: OpenJDK Server VM Zulu17.50+19-CA (17.0.11+9-LTS, mixed mode, sharing, tiered, g1 gc, linux-x86)
Heap:
 garbage-first heap   total 131072K, used 75769K [0xc5c00000, 0xe5c00000)
  region size 1024K, 73 young (74752K), 6 survivors (6144K)
 Metaspace       used 8006K, committed 8960K, reserved 16384K
GC Heap History (8 events):
Event: 70.191 GC heap before
{Heap before GC invocations=0 (full 0):
 garbage-first heap   total 131072K, used 12288K [0xc5c00000, 0xe5c00000)
  region size 1024K, 13 young (13312K), 0 survivors (0K)
 Metaspace       used 3035K, committed 3264K, reserved 16384K
}
Event: 70.258 GC heap after
{Heap after GC invocations=1 (full 0):
 garbage-first heap   total 131072K, used 2638K [0xc5c00000, 0xe5c00000)
  region size 1024K, 2 young (2048K), 2 survivors (2048K)
 Metaspace       used 3035K, committed 3264K, reserved 16384K
}
Event: 156.497 GC heap before
{Heap before GC invocations=1 (full 0):
 garbage-first heap   total 131072K, used 17998K [0xc5c00000, 0xe5c00000)
  region size 1024K, 18 young (18432K), 2 survivors (2048K)
 Metaspace       used 4054K, committed 4416K, reserved 16384K
}
Event: 156.523 GC heap after
{Heap after GC invocations=2 (full 0):
 garbage-first heap   total 131072K, used 4161K [0xc5c00000, 0xe5c00000)
  region size 1024K, 2 young (2048K), 2 survivors (2048K)
 Metaspace       used 4054K, committed 4416K, reserved 16384K
}
Event: 337.530 GC heap before
{Heap before GC invocations=2 (full 0):
 garbage-first heap   total 131072K, used 58433K [0xc5c00000, 0xe5c00000)
  region size 1024K, 55 young (56320K), 2 survivors (2048K)
 Metaspace       used 5492K, committed 6080K, reserved 16384K
}
Event: 337.562 GC heap after
{Heap after GC invocations=3 (full 0):
 garbage-first heap   total 131072K, used 6449K [0xc5c00000, 0xe5c00000)
  region size 1024K, 4 young (4096K), 4 survivors (4096K)
 Metaspace       used 5492K, committed 6080K, reserved 16384K
}
Event: 355.758 GC heap before
{Heap before GC invocations=3 (full 0):
 garbage-first heap   total 131072K, used 80177K [0xc5c00000, 0xe5c00000)
  region size 1024K, 76 young (77824K), 4 survivors (4096K)
 Metaspace       used 6712K, committed 7488K, reserved 16384K
}
Event: 355.780 GC heap after
{Heap after GC invocations=4 (full 0):
 garbage-first heap   total 131072K, used 8183K [0xc5c00000, 0xe5c00000)
  region size 1024K, 6 young (6144K), 6 survivors (6144K)
 Metaspace       used 6712K, committed 7488K, reserved 16384K
}

