# JRE version: OpenJDK Runtime Environment Zulu17.50+19-CA (17.0.11+9) (build 17.0.11+9-LTS)
# Java VM: OpenJDK Server VM Zulu17.50+19-CA (17.0.11+9-LTS, mixed mode, sharing, tiered, g1 gc, linux-x86)
Heap:
 garbage-first heap   total 131072K, used 76589K [0xc5c00000, 0xe5c00000)
  region size 1024K, 68 young (69632K), 5 survivors (5120K)
 Metaspace       used 7979K, committed 9024K, reserved 16384K
GC Heap History (14 events):
Event: 83.249 GC heap before
{Heap before GC invocations=0 (full 0):
 garbage-first heap   total 131072K, used 12288K [0xc5c00000, 0xe5c00000)
  region size 1024K, 13 young (13312K), 0 survivors (0K)
 Metaspace       used 2907K, committed 3136K, reserved 16384K
}
Event: 83.266 GC heap after
{Heap after GC invocations=1 (full 0):
 garbage-first heap   total 131072K, used 2494K [0xc5c00000, 0xe5c00000)
  region size 1024K, 2 young (2048K), 2 survivors (2048K)
 Metaspace       used 2907K, committed 3136K, reserved 16384K
}
Event: 110.556 GC heap before
{Heap before GC invocations=1 (full 0):
 garbage-first heap   total 131072K, used 17854K [0xc5c00000, 0xe5c00000)
  region size 1024K, 18 young (18432K), 2 survivors (2048K)
 Metaspace       used 4103K, committed 4416K, reserved 16384K
}
Event: 110.592 GC heap after
{Heap after GC invocations=2 (full 0):
 garbage-first heap   total 131072K, used 3954K [0xc5c00000, 0xe5c00000)
  region size 1024K, 2 young (2048K), 2 survivors (2048K)
 Metaspace       used 4103K, committed 4416K, reserved 16384K
}
Event: 180.421 GC heap before
{Heap before GC invocations=2 (full 0):
 garbage-first heap   total 131072K, used 40818K [0xc5c00000, 0xe5c00000)
  region size 1024K, 38 young (38912K), 2 survivors (2048K)
 Metaspace       used 4694K, committed 5120K, reserved 16384K
}
Event: 180.437 GC heap after
{Heap after GC invocations=3 (full 0):
 garbage-first heap   total 131072K, used 5347K [0xc5c00000, 0xe5c00000)
  region size 1024K, 3 young (3072K), 3 survivors (3072K)
 Metaspace       used 4694K, committed 5120K, reserved 16384K
}
Event: 250.291 GC heap before
{Heap before GC invocations=3 (full 0):
 garbage-first heap   total 131072K, used 80099K [0xc5c00000, 0xe5c00000)
  region size 1024K, 76 young (77824K), 3 survivors (3072K)
 Metaspace       used 5849K, committed 6400K, reserved 16384K
}
Event: 250.346 GC heap after
{Heap after GC invocations=4 (full 0):
 garbage-first heap   total 131072K, used 8044K [0xc5c00000, 0xe5c00000)
  region size 1024K, 6 young (6144K), 6 survivors (6144K)
 Metaspace       used 5849K, committed 6400K, reserved 16384K
}
Event: 262.005 GC heap before
{Heap before GC invocations=4 (full 0):
 garbage-first heap   total 131072K, used 79724K [0xc5c00000, 0xe5c00000)
  region size 1024K, 76 young (77824K), 6 survivors (6144K)
 Metaspace       used 6368K, committed 7040K, reserved 16384K
}
Event: 262.024 GC heap after
{Heap after GC invocations=5 (full 0):
 garbage-first heap   total 131072K, used 9287K [0xc5c00000, 0xe5c00000)
  region size 1024K, 7 young (7168K), 7 survivors (7168K)
 Metaspace       used 6368K, committed 7040K, reserved 16384K
}
Event: 386.666 GC heap before
{Heap before GC invocations=5 (full 0):
 garbage-first heap   total 131072K, used 79943K [0xc5c00000, 0xe5c00000)
  region size 1024K, 76 young (77824K), 7 survivors (7168K)
 Metaspace       used 7505K, committed 8384K, reserved 16384K
}
Event: 386.690 GC heap after
{Heap after GC invocations=6 (full 0):
 garbage-first heap   total 131072K, used 11531K [0xc5c00000, 0xe5c00000)
  region size 1024K, 8 young (8192K), 8 survivors (8192K)
 Metaspace       used 7505K, committed 8384K, reserved 16384K
}
Event: 401.417 GC heap before
{Heap before GC invocations=6 (full 0):
 garbage-first heap   total 131072K, used 81163K [0xc5c00000, 0xe5c00000)
  region size 1024K, 76 young (77824K), 8 survivors (8192K)
 Metaspace       used 7660K, committed 8576K, reserved 16384K
}
Event: 401.451 GC heap after
{Heap after GC invocations=7 (full 0):
 garbage-first heap   total 131072K, used 12587K [0xc5c00000, 0xe5c00000)
  region size 1024K, 5 young (5120K), 5 survivors (5120K)
 Metaspace       used 7660K, committed 8576K, reserved 16384K
}

