# JRE version: OpenJDK Runtime Environment Zulu17.50+19-CA (17.0.11+9) (build 17.0.11+9-LTS)
# Java VM: OpenJDK Server VM Zulu17.50+19-CA (17.0.11+9-LTS, mixed mode, sharing, tiered, g1 gc, linux-x86)
Heap:
 garbage-first heap   total 131072K, used 52638K [0xc5c00000, 0xe5c00000)
  region size 1024K, 51 young (52224K), 2 survivors (2048K)
 Metaspace       used 3568K, committed 3840K, reserved 16384K
GC Heap History (16 events):
Event: 29.058 GC heap before
{Heap before GC invocations=0 (full 0):
 garbage-first heap   total 131072K, used 12288K [0xc5c00000, 0xe5c00000)
  region size 1024K, 13 young (13312K), 0 survivors (0K)
 Metaspace       used 1863K, committed 2048K, reserved 16384K
}
Event: 29.070 GC heap after
{Heap after GC invocations=1 (full 0):
 garbage-first heap   total 131072K, used 2239K [0xc5c00000, 0xe5c00000)
  region size 1024K, 2 young (2048K), 2 survivors (2048K)
 Metaspace       used 1863K, committed 2048K, reserved 16384K
}
Event: 30.171 GC heap before
{Heap before GC invocations=1 (full 0):
 garbage-first heap   total 131072K, used 18623K [0xc5c00000, 0xe5c00000)
  region size 1024K, 18 young (18432K), 2 survivors (2048K)
 Metaspace       used 2071K, committed 2240K, reserved 16384K
}
Event: 30.178 GC heap after
{Heap after GC invocations=2 (full 0):
 garbage-first heap   total 131072K, used 2240K [0xc5c00000, 0xe5c00000)
  region size 1024K, 1 young (1024K), 1 survivors (1024K)
 Metaspace       used 2071K, committed 2240K, reserved 16384K
}
Event: 2594.557 GC heap before
{Heap before GC invocations=2 (full 0):
 garbage-first heap   total 131072K, used 79040K [0xc5c00000, 0xe5c00000)
  region size 1024K, 76 young (77824K), 1 survivors (1024K)
 Metaspace       used 3342K, committed 3584K, reserved 16384K
}
Event: 2594.586 GC heap after
{Heap after GC invocations=3 (full 0):
 garbage-first heap   total 131072K, used 3381K [0xc5c00000, 0xe5c00000)
  region size 1024K, 2 young (2048K), 2 survivors (2048K)
 Metaspace       used 3342K, committed 3584K, reserved 16384K
}
Event: 7308.813 GC heap before
{Heap before GC invocations=3 (full 0):
 garbage-first heap   total 131072K, used 79157K [0xc5c00000, 0xe5c00000)
  region size 1024K, 76 young (77824K), 2 survivors (2048K)
 Metaspace       used 3366K, committed 3584K, reserved 16384K
}
Event: 7308.841 GC heap after
{Heap after GC invocations=4 (full 0):
 garbage-first heap   total 131072K, used 3356K [0xc5c00000, 0xe5c00000)
  region size 1024K, 2 young (2048K), 2 survivors (2048K)
 Metaspace       used 3366K, committed 3584K, reserved 16384K
}
Event: 12263.773 GC heap before
{Heap before GC invocations=4 (full 0):
 garbage-first heap   total 131072K, used 79132K [0xc5c00000, 0xe5c00000)
  region size 1024K, 76 young (77824K), 2 survivors (2048K)
 Metaspace       used 3372K, committed 3584K, reserved 16384K
}
Event: 12263.811 GC heap after
{Heap after GC invocations=5 (full 0):
 garbage-first heap   total 131072K, used 3341K [0xc5c00000, 0xe5c00000)
  region size 1024K, 2 young (2048K), 2 survivors (2048K)
 Metaspace       used 3372K, committed 3584K, reserved 16384K
}
Event: 15534.217 GC heap before
{Heap before GC invocations=5 (full 0):
 garbage-first heap   total 131072K, used 79117K [0xc5c00000, 0xe5c00000)
  region size 1024K, 76 young (77824K), 2 survivors (2048K)
 Metaspace       used 3510K, committed 3776K, reserved 16384K
}
Event: 15534.233 GC heap after
{Heap after GC invocations=6 (full 0):
 garbage-first heap   total 131072K, used 3635K [0xc5c00000, 0xe5c00000)
  region size 1024K, 2 young (2048K), 2 survivors (2048K)
 Metaspace       used 3510K, committed 3776K, reserved 16384K
}
Event: 16583.042 GC heap before
{Heap before GC invocations=6 (full 0):
 garbage-first heap   total 131072K, used 79411K [0xc5c00000, 0xe5c00000)
  region size 1024K, 76 young (77824K), 2 survivors (2048K)
 Metaspace       used 3525K, committed 3776K, reserved 16384K
}
Event: 16583.060 GC heap after
{Heap after GC invocations=7 (full 0):
 garbage-first heap   total 131072K, used 3571K [0xc5c00000, 0xe5c00000)
  region size 1024K, 2 young (2048K), 2 survivors (2048K)
 Metaspace       used 3525K, committed 3776K, reserved 16384K
}
Event: 17672.219 GC heap before
{Heap before GC invocations=7 (full 0):
 garbage-first heap   total 131072K, used 79347K [0xc5c00000, 0xe5c00000)
  region size 1024K, 76 young (77824K), 2 survivors (2048K)
 Metaspace       used 3553K, committed 3840K, reserved 16384K
}
Event: 17672.269 GC heap after
{Heap after GC invocations=8 (full 0):
 garbage-first heap   total 131072K, used 3484K [0xc5c00000, 0xe5c00000)
  region size 1024K, 2 young (2048K), 2 survivors (2048K)
 Metaspace       used 3553K, committed 3840K, reserved 16384K
}

