# JRE version: OpenJDK Runtime Environment Zulu17.50+19-CA (17.0.11+9) (build 17.0.11+9-LTS)
# Java VM: OpenJDK Server VM Zulu17.50+19-CA (17.0.11+9-LTS, mixed mode, sharing, tiered, g1 gc, linux-x86)
Heap:
 garbage-first heap   total 131072K, used 34997K [0xc5c00000, 0xe5c00000)
  region size 1024K, 29 young (29696K), 5 survivors (5120K)
 Metaspace       used 6639K, committed 7488K, reserved 16384K
GC Heap History (10 events):
Event: 43.919 GC heap before
{Heap before GC invocations=0 (full 0):
 garbage-first heap   total 131072K, used 12288K [0xc5c00000, 0xe5c00000)
  region size 1024K, 13 young (13312K), 0 survivors (0K)
 Metaspace       used 2742K, committed 3008K, reserved 16384K
}
Event: 43.960 GC heap after
{Heap after GC invocations=1 (full 0):
 garbage-first heap   total 131072K, used 2525K [0xc5c00000, 0xe5c00000)
  region size 1024K, 2 young (2048K), 2 survivors (2048K)
 Metaspace       used 2742K, committed 3008K, reserved 16384K
}
Event: 122.218 GC heap before
{Heap before GC invocations=1 (full 0):
 garbage-first heap   total 131072K, used 18909K [0xc5c00000, 0xe5c00000)
  region size 1024K, 18 young (18432K), 2 survivors (2048K)
 Metaspace       used 4220K, committed 4672K, reserved 16384K
}
Event: 122.234 GC heap after
{Heap after GC invocations=2 (full 0):
 garbage-first heap   total 131072K, used 3949K [0xc5c00000, 0xe5c00000)
  region size 1024K, 2 young (2048K), 2 survivors (2048K)
 Metaspace       used 4220K, committed 4672K, reserved 16384K
}
Event: 215.068 GC heap before
{Heap before GC invocations=2 (full 0):
 garbage-first heap   total 131072K, used 61293K [0xc5c00000, 0xe5c00000)
  region size 1024K, 58 young (59392K), 2 survivors (2048K)
 Metaspace       used 5510K, committed 6208K, reserved 16384K
}
Event: 215.089 GC heap after
{Heap after GC invocations=3 (full 0):
 garbage-first heap   total 131072K, used 6627K [0xc5c00000, 0xe5c00000)
  region size 1024K, 4 young (4096K), 4 survivors (4096K)
 Metaspace       used 5510K, committed 6208K, reserved 16384K
}
Event: 396.179 GC heap before
{Heap before GC invocations=3 (full 0):
 garbage-first heap   total 131072K, used 80355K [0xc5c00000, 0xe5c00000)
  region size 1024K, 76 young (77824K), 4 survivors (4096K)
 Metaspace       used 6315K, committed 7040K, reserved 16384K
}
Event: 396.290 GC heap after
{Heap after GC invocations=4 (full 0):
 garbage-first heap   total 131072K, used 9630K [0xc5c00000, 0xe5c00000)
  region size 1024K, 7 young (7168K), 7 survivors (7168K)
 Metaspace       used 6315K, committed 7040K, reserved 16384K
}
Event: 23045.259 GC heap before
{Heap before GC invocations=4 (full 0):
 garbage-first heap   total 131072K, used 80286K [0xc5c00000, 0xe5c00000)
  region size 1024K, 76 young (77824K), 7 survivors (7168K)
 Metaspace       used 6637K, committed 7488K, reserved 16384K
}
Event: 23045.285 GC heap after
{Heap after GC invocations=5 (full 0):
 garbage-first heap   total 131072K, used 11443K [0xc5c00000, 0xe5c00000)
  region size 1024K, 5 young (5120K), 5 survivors (5120K)
 Metaspace       used 6637K, committed 7488K, reserved 16384K
}

