# JRE version: OpenJDK Runtime Environment Zulu17.50+19-CA (17.0.11+9) (build 17.0.11+9-LTS)
# Java VM: OpenJDK Server VM Zulu17.50+19-CA (17.0.11+9-LTS, mixed mode, sharing, tiered, g1 gc, linux-x86)
Heap:
 garbage-first heap   total 131072K, used 73110K [0xc5c00000, 0xe5c00000)
  region size 1024K, 59 young (60416K), 8 survivors (8192K)
 Metaspace       used 9627K, committed 11072K, reserved 16384K
GC Heap History (20 events):
Event: 101.396 GC heap before
{Heap before GC invocations=1 (full 0):
 garbage-first heap   total 131072K, used 18852K [0xc5c00000, 0xe5c00000)
  region size 1024K, 18 young (18432K), 2 survivors (2048K)
 Metaspace       used 3938K, committed 4288K, reserved 16384K
}
Event: 101.409 GC heap after
{Heap after GC invocations=2 (full 0):
 garbage-first heap   total 131072K, used 4189K [0xc5c00000, 0xe5c00000)
  region size 1024K, 2 young (2048K), 2 survivors (2048K)
 Metaspace       used 3938K, committed 4288K, reserved 16384K
}
Event: 135.920 GC heap before
{Heap before GC invocations=2 (full 0):
 garbage-first heap   total 131072K, used 79965K [0xc5c00000, 0xe5c00000)
  region size 1024K, 76 young (77824K), 2 survivors (2048K)
 Metaspace       used 5206K, committed 5824K, reserved 16384K
}
Event: 135.931 GC heap after
{Heap after GC invocations=3 (full 0):
 garbage-first heap   total 131072K, used 6656K [0xc5c00000, 0xe5c00000)
  region size 1024K, 4 young (4096K), 4 survivors (4096K)
 Metaspace       used 5206K, committed 5824K, reserved 16384K
}
Event: 151.952 GC heap before
{Heap before GC invocations=3 (full 0):
 garbage-first heap   total 131072K, used 80384K [0xc5c00000, 0xe5c00000)
  region size 1024K, 76 young (77824K), 4 survivors (4096K)
 Metaspace       used 5668K, committed 6400K, reserved 16384K
}
Event: 151.966 GC heap after
{Heap after GC invocations=4 (full 0):
 garbage-first heap   total 131072K, used 8059K [0xc5c00000, 0xe5c00000)
  region size 1024K, 6 young (6144K), 6 survivors (6144K)
 Metaspace       used 5668K, committed 6400K, reserved 16384K
}
Event: 167.677 GC heap before
{Heap before GC invocations=4 (full 0):
 garbage-first heap   total 131072K, used 79739K [0xc5c00000, 0xe5c00000)
  region size 1024K, 76 young (77824K), 6 survivors (6144K)
 Metaspace       used 6282K, committed 7104K, reserved 16384K
}
Event: 167.692 GC heap after
{Heap after GC invocations=5 (full 0):
 garbage-first heap   total 131072K, used 9606K [0xc5c00000, 0xe5c00000)
  region size 1024K, 7 young (7168K), 7 survivors (7168K)
 Metaspace       used 6282K, committed 7104K, reserved 16384K
}
Event: 229.247 GC heap before
{Heap before GC invocations=5 (full 0):
 garbage-first heap   total 131072K, used 80262K [0xc5c00000, 0xe5c00000)
  region size 1024K, 76 young (77824K), 7 survivors (7168K)
 Metaspace       used 7114K, committed 8064K, reserved 16384K
}
Event: 229.272 GC heap after
{Heap after GC invocations=6 (full 0):
 garbage-first heap   total 131072K, used 10643K [0xc5c00000, 0xe5c00000)
  region size 1024K, 4 young (4096K), 4 survivors (4096K)
 Metaspace       used 7114K, committed 8064K, reserved 16384K
}
Event: 349.592 GC heap before
{Heap before GC invocations=6 (full 0):
 garbage-first heap   total 131072K, used 84371K [0xc5c00000, 0xe5c00000)
  region size 1024K, 76 young (77824K), 4 survivors (4096K)
 Metaspace       used 7610K, committed 8576K, reserved 16384K
}
Event: 349.627 GC heap after
{Heap after GC invocations=7 (full 0):
 garbage-first heap   total 131072K, used 13112K [0xc5c00000, 0xe5c00000)
  region size 1024K, 7 young (7168K), 7 survivors (7168K)
 Metaspace       used 7610K, committed 8576K, reserved 16384K
}
Event: 354.643 GC heap before
{Heap before GC invocations=7 (full 0):
 garbage-first heap   total 131072K, used 83768K [0xc5c00000, 0xe5c00000)
  region size 1024K, 76 young (77824K), 7 survivors (7168K)
 Metaspace       used 7945K, committed 9088K, reserved 16384K
}
Event: 354.676 GC heap after
{Heap after GC invocations=8 (full 0):
 garbage-first heap   total 131072K, used 14971K [0xc5c00000, 0xe5c00000)
  region size 1024K, 7 young (7168K), 7 survivors (7168K)
 Metaspace       used 7945K, committed 9088K, reserved 16384K
}
Event: 506.648 GC heap before
{Heap before GC invocations=8 (full 0):
 garbage-first heap   total 131072K, used 85627K [0xc5c00000, 0xe5c00000)
  region size 1024K, 76 young (77824K), 7 survivors (7168K)
 Metaspace       used 8854K, committed 10112K, reserved 16384K
}
Event: 506.683 GC heap after
{Heap after GC invocations=9 (full 0):
 garbage-first heap   total 131072K, used 17765K [0xc5c00000, 0xe5c00000)
  region size 1024K, 8 young (8192K), 8 survivors (8192K)
 Metaspace       used 8854K, committed 10112K, reserved 16384K
}
Event: 556.074 GC heap before
{Heap before GC invocations=9 (full 0):
 garbage-first heap   total 131072K, used 87397K [0xc5c00000, 0xe5c00000)
  region size 1024K, 76 young (77824K), 8 survivors (8192K)
 Metaspace       used 9019K, committed 10304K, reserved 16384K
}
Event: 556.129 GC heap after
{Heap after GC invocations=10 (full 0):
 garbage-first heap   total 131072K, used 18787K [0xc5c00000, 0xe5c00000)
  region size 1024K, 6 young (6144K), 6 survivors (6144K)
 Metaspace       used 9019K, committed 10304K, reserved 16384K
}
Event: 734.584 GC heap before
{Heap before GC invocations=10 (full 0):
 garbage-first heap   total 131072K, used 90467K [0xc5c00000, 0xe5c00000)
  region size 1024K, 76 young (77824K), 6 survivors (6144K)
 Metaspace       used 9285K, committed 10624K, reserved 16384K
}
Event: 734.710 GC heap after
{Heap after GC invocations=11 (full 0):
 garbage-first heap   total 131072K, used 21908K [0xc5c00000, 0xe5c00000)
  region size 1024K, 8 young (8192K), 8 survivors (8192K)
 Metaspace       used 9285K, committed 10624K, reserved 16384K
}

