# JRE version: OpenJDK Runtime Environment Zulu17.50+19-CA (17.0.11+9) (build 17.0.11+9-LTS)
# Java VM: OpenJDK Server VM Zulu17.50+19-CA (17.0.11+9-LTS, mixed mode, sharing, tiered, g1 gc, linux-x86)
Heap:
 garbage-first heap   total 131072K, used 79588K [0xc5c00000, 0xe5c00000)
  region size 1024K, 76 young (77824K), 2 survivors (2048K)
 Metaspace       used 3569K, committed 3904K, reserved 16384K
GC Heap History (20 events):
Event: 28.640 GC heap before
{Heap before GC invocations=0 (full 0):
 garbage-first heap   total 131072K, used 12288K [0xc5c00000, 0xe5c00000)
  region size 1024K, 13 young (13312K), 0 survivors (0K)
 Metaspace       used 1898K, committed 2048K, reserved 16384K
}
Event: 28.743 GC heap after
{Heap after GC invocations=1 (full 0):
 garbage-first heap   total 131072K, used 2124K [0xc5c00000, 0xe5c00000)
  region size 1024K, 2 young (2048K), 2 survivors (2048K)
 Metaspace       used 1898K, committed 2048K, reserved 16384K
}
Event: 134.609 GC heap before
{Heap before GC invocations=1 (full 0):
 garbage-first heap   total 131072K, used 19532K [0xc5c00000, 0xe5c00000)
  region size 1024K, 19 young (19456K), 2 survivors (2048K)
 Metaspace       used 3155K, committed 3392K, reserved 16384K
}
Event: 134.666 GC heap after
{Heap after GC invocations=2 (full 0):
 garbage-first heap   total 131072K, used 3437K [0xc5c00000, 0xe5c00000)
  region size 1024K, 2 young (2048K), 2 survivors (2048K)
 Metaspace       used 3155K, committed 3392K, reserved 16384K
}
Event: 1287.636 GC heap before
{Heap before GC invocations=2 (full 0):
 garbage-first heap   total 131072K, used 46445K [0xc5c00000, 0xe5c00000)
  region size 1024K, 44 young (45056K), 2 survivors (2048K)
 Metaspace       used 3465K, committed 3712K, reserved 16384K
}
Event: 1287.647 GC heap after
{Heap after GC invocations=3 (full 0):
 garbage-first heap   total 131072K, used 3949K [0xc5c00000, 0xe5c00000)
  region size 1024K, 2 young (2048K), 2 survivors (2048K)
 Metaspace       used 3465K, committed 3712K, reserved 16384K
}
Event: 2688.170 GC heap before
{Heap before GC invocations=3 (full 0):
 garbage-first heap   total 131072K, used 79725K [0xc5c00000, 0xe5c00000)
  region size 1024K, 76 young (77824K), 2 survivors (2048K)
 Metaspace       used 3500K, committed 3712K, reserved 16384K
}
Event: 2688.203 GC heap after
{Heap after GC invocations=4 (full 0):
 garbage-first heap   total 131072K, used 3914K [0xc5c00000, 0xe5c00000)
  region size 1024K, 2 young (2048K), 2 survivors (2048K)
 Metaspace       used 3500K, committed 3712K, reserved 16384K
}
Event: 4331.915 GC heap before
{Heap before GC invocations=4 (full 0):
 garbage-first heap   total 131072K, used 79690K [0xc5c00000, 0xe5c00000)
  region size 1024K, 76 young (77824K), 2 survivors (2048K)
 Metaspace       used 3524K, committed 3840K, reserved 16384K
}
Event: 4331.962 GC heap after
{Heap after GC invocations=5 (full 0):
 garbage-first heap   total 131072K, used 3737K [0xc5c00000, 0xe5c00000)
  region size 1024K, 2 young (2048K), 2 survivors (2048K)
 Metaspace       used 3524K, committed 3840K, reserved 16384K
}
Event: 8380.465 GC heap before
{Heap before GC invocations=5 (full 0):
 garbage-first heap   total 131072K, used 79513K [0xc5c00000, 0xe5c00000)
  region size 1024K, 76 young (77824K), 2 survivors (2048K)
 Metaspace       used 3539K, committed 3840K, reserved 16384K
}
Event: 8380.537 GC heap after
{Heap after GC invocations=6 (full 0):
 garbage-first heap   total 131072K, used 3817K [0xc5c00000, 0xe5c00000)
  region size 1024K, 2 young (2048K), 2 survivors (2048K)
 Metaspace       used 3539K, committed 3840K, reserved 16384K
}
Event: 12012.004 GC heap before
{Heap before GC invocations=6 (full 0):
 garbage-first heap   total 131072K, used 79593K [0xc5c00000, 0xe5c00000)
  region size 1024K, 76 young (77824K), 2 survivors (2048K)
 Metaspace       used 3544K, committed 3840K, reserved 16384K
}
Event: 12012.020 GC heap after
{Heap after GC invocations=7 (full 0):
 garbage-first heap   total 131072K, used 3814K [0xc5c00000, 0xe5c00000)
  region size 1024K, 2 young (2048K), 2 survivors (2048K)
 Metaspace       used 3544K, committed 3840K, reserved 16384K
}
Event: 13272.814 GC heap before
{Heap before GC invocations=7 (full 0):
 garbage-first heap   total 131072K, used 79590K [0xc5c00000, 0xe5c00000)
  region size 1024K, 76 young (77824K), 2 survivors (2048K)
 Metaspace       used 3548K, committed 3840K, reserved 16384K
}
Event: 13272.851 GC heap after
{Heap after GC invocations=8 (full 0):
 garbage-first heap   total 131072K, used 3941K [0xc5c00000, 0xe5c00000)
  region size 1024K, 2 young (2048K), 2 survivors (2048K)
 Metaspace       used 3548K, committed 3840K, reserved 16384K
}
Event: 14526.595 GC heap before
{Heap before GC invocations=8 (full 0):
 garbage-first heap   total 131072K, used 79717K [0xc5c00000, 0xe5c00000)
  region size 1024K, 76 young (77824K), 2 survivors (2048K)
 Metaspace       used 3561K, committed 3904K, reserved 16384K
}
Event: 14526.631 GC heap after
{Heap after GC invocations=9 (full 0):
 garbage-first heap   total 131072K, used 3820K [0xc5c00000, 0xe5c00000)
  region size 1024K, 2 young (2048K), 2 survivors (2048K)
 Metaspace       used 3561K, committed 3904K, reserved 16384K
}
Event: 16663.595 GC heap before
{Heap before GC invocations=9 (full 0):
 garbage-first heap   total 131072K, used 79596K [0xc5c00000, 0xe5c00000)
  region size 1024K, 76 young (77824K), 2 survivors (2048K)
 Metaspace       used 3567K, committed 3904K, reserved 16384K
}
Event: 16663.616 GC heap after
{Heap after GC invocations=10 (full 0):
 garbage-first heap   total 131072K, used 3812K [0xc5c00000, 0xe5c00000)
  region size 1024K, 2 young (2048K), 2 survivors (2048K)
 Metaspace       used 3567K, committed 3904K, reserved 16384K
}

