# JRE version: OpenJDK Runtime Environment Zulu17.50+19-CA (17.0.11+9) (build 17.0.11+9-LTS)
# Java VM: OpenJDK Server VM Zulu17.50+19-CA (17.0.11+9-LTS, mixed mode, sharing, tiered, g1 gc, linux-x86)
Heap:
 garbage-first heap   total 131072K, used 39832K [0xc5c00000, 0xe5c00000)
  region size 1024K, 30 young (30720K), 7 survivors (7168K)
 Metaspace       used 7073K, committed 7936K, reserved 16384K
GC Heap History (14 events):
Event: 69.928 GC heap before
{Heap before GC invocations=0 (full 0):
 garbage-first heap   total 131072K, used 12288K [0xc5c00000, 0xe5c00000)
  region size 1024K, 13 young (13312K), 0 survivors (0K)
 Metaspace       used 2348K, committed 2496K, reserved 16384K
}
Event: 69.982 GC heap after
{Heap after GC invocations=1 (full 0):
 garbage-first heap   total 131072K, used 1946K [0xc5c00000, 0xe5c00000)
  region size 1024K, 2 young (2048K), 2 survivors (2048K)
 Metaspace       used 2348K, committed 2496K, reserved 16384K
}
Event: 104.578 GC heap before
{Heap before GC invocations=1 (full 0):
 garbage-first heap   total 131072K, used 20378K [0xc5c00000, 0xe5c00000)
  region size 1024K, 20 young (20480K), 2 survivors (2048K)
 Metaspace       used 4098K, committed 4416K, reserved 16384K
}
Event: 104.601 GC heap after
{Heap after GC invocations=2 (full 0):
 garbage-first heap   total 131072K, used 3408K [0xc5c00000, 0xe5c00000)
  region size 1024K, 2 young (2048K), 2 survivors (2048K)
 Metaspace       used 4098K, committed 4416K, reserved 16384K
}
Event: 277.274 GC heap before
{Heap before GC invocations=2 (full 0):
 garbage-first heap   total 131072K, used 79184K [0xc5c00000, 0xe5c00000)
  region size 1024K, 76 young (77824K), 2 survivors (2048K)
 Metaspace       used 5466K, committed 6016K, reserved 16384K
}
Event: 277.303 GC heap after
{Heap after GC invocations=3 (full 0):
 garbage-first heap   total 131072K, used 5780K [0xc5c00000, 0xe5c00000)
  region size 1024K, 4 young (4096K), 4 survivors (4096K)
 Metaspace       used 5466K, committed 6016K, reserved 16384K
}
Event: 672.901 GC heap before
{Heap before GC invocations=3 (full 0):
 garbage-first heap   total 131072K, used 79508K [0xc5c00000, 0xe5c00000)
  region size 1024K, 76 young (77824K), 4 survivors (4096K)
 Metaspace       used 5639K, committed 6272K, reserved 16384K
}
Event: 672.918 GC heap after
{Heap after GC invocations=4 (full 0):
 garbage-first heap   total 131072K, used 7179K [0xc5c00000, 0xe5c00000)
  region size 1024K, 6 young (6144K), 6 survivors (6144K)
 Metaspace       used 5639K, committed 6272K, reserved 16384K
}
Event: 696.089 GC heap before
{Heap before GC invocations=4 (full 0):
 garbage-first heap   total 131072K, used 78859K [0xc5c00000, 0xe5c00000)
  region size 1024K, 76 young (77824K), 6 survivors (6144K)
 Metaspace       used 6818K, committed 7616K, reserved 16384K
}
Event: 696.226 GC heap after
{Heap after GC invocations=5 (full 0):
 garbage-first heap   total 131072K, used 10545K [0xc5c00000, 0xe5c00000)
  region size 1024K, 9 young (9216K), 9 survivors (9216K)
 Metaspace       used 6818K, committed 7616K, reserved 16384K
}
Event: 906.101 GC heap before
{Heap before GC invocations=5 (full 0):
 garbage-first heap   total 131072K, used 79153K [0xc5c00000, 0xe5c00000)
  region size 1024K, 76 young (77824K), 9 survivors (9216K)
 Metaspace       used 7053K, committed 7936K, reserved 16384K
}
Event: 906.239 GC heap after
{Heap after GC invocations=6 (full 0):
 garbage-first heap   total 131072K, used 15389K [0xc5c00000, 0xe5c00000)
  region size 1024K, 10 young (10240K), 10 survivors (10240K)
 Metaspace       used 7053K, committed 7936K, reserved 16384K
}
Event: 2527.217 GC heap before
{Heap before GC invocations=6 (full 0):
 garbage-first heap   total 131072K, used 82973K [0xc5c00000, 0xe5c00000)
  region size 1024K, 76 young (77824K), 10 survivors (10240K)
 Metaspace       used 7064K, committed 7936K, reserved 16384K
}
Event: 2527.392 GC heap after
{Heap after GC invocations=7 (full 0):
 garbage-first heap   total 131072K, used 17302K [0xc5c00000, 0xe5c00000)
  region size 1024K, 7 young (7168K), 7 survivors (7168K)
 Metaspace       used 7064K, committed 7936K, reserved 16384K
}

