# JRE version: OpenJDK Runtime Environment Zulu17.50+19-CA (17.0.11+9) (build 17.0.11+9-LTS)
# Java VM: OpenJDK Server VM Zulu17.50+19-CA (17.0.11+9-LTS, mixed mode, sharing, tiered, g1 gc, linux-x86)
Heap:
 garbage-first heap   total 131072K, used 77395K [0xc5c00000, 0xe5c00000)
  region size 1024K, 74 young (75776K), 2 survivors (2048K)
 Metaspace       used 3534K, committed 3840K, reserved 16384K
GC Heap History (18 events):
Event: 32.825 GC heap before
{Heap before GC invocations=0 (full 0):
 garbage-first heap   total 131072K, used 12288K [0xc5c00000, 0xe5c00000)
  region size 1024K, 13 young (13312K), 0 survivors (0K)
 Metaspace       used 2054K, committed 2240K, reserved 16384K
}
Event: 32.920 GC heap after
{Heap after GC invocations=1 (full 0):
 garbage-first heap   total 131072K, used 1980K [0xc5c00000, 0xe5c00000)
  region size 1024K, 2 young (2048K), 2 survivors (2048K)
 Metaspace       used 2054K, committed 2240K, reserved 16384K
}
Event: 540.227 GC heap before
{Heap before GC invocations=1 (full 0):
 garbage-first heap   total 131072K, used 19388K [0xc5c00000, 0xe5c00000)
  region size 1024K, 19 young (19456K), 2 survivors (2048K)
 Metaspace       used 3169K, committed 3392K, reserved 16384K
}
Event: 540.273 GC heap after
{Heap after GC invocations=2 (full 0):
 garbage-first heap   total 131072K, used 2948K [0xc5c00000, 0xe5c00000)
  region size 1024K, 1 young (1024K), 1 survivors (1024K)
 Metaspace       used 3169K, committed 3392K, reserved 16384K
}
Event: 2039.553 GC heap before
{Heap before GC invocations=2 (full 0):
 garbage-first heap   total 131072K, used 79748K [0xc5c00000, 0xe5c00000)
  region size 1024K, 76 young (77824K), 1 survivors (1024K)
 Metaspace       used 3484K, committed 3776K, reserved 16384K
}
Event: 2039.571 GC heap after
{Heap after GC invocations=3 (full 0):
 garbage-first heap   total 131072K, used 3498K [0xc5c00000, 0xe5c00000)
  region size 1024K, 2 young (2048K), 2 survivors (2048K)
 Metaspace       used 3484K, committed 3776K, reserved 16384K
}
Event: 2797.624 GC heap before
{Heap before GC invocations=3 (full 0):
 garbage-first heap   total 131072K, used 79274K [0xc5c00000, 0xe5c00000)
  region size 1024K, 76 young (77824K), 2 survivors (2048K)
 Metaspace       used 3501K, committed 3776K, reserved 16384K
}
Event: 2797.652 GC heap after
{Heap after GC invocations=4 (full 0):
 garbage-first heap   total 131072K, used 3481K [0xc5c00000, 0xe5c00000)
  region size 1024K, 2 young (2048K), 2 survivors (2048K)
 Metaspace       used 3501K, committed 3776K, reserved 16384K
}
Event: 3331.716 GC heap before
{Heap before GC invocations=4 (full 0):
 garbage-first heap   total 131072K, used 79257K [0xc5c00000, 0xe5c00000)
  region size 1024K, 76 young (77824K), 2 survivors (2048K)
 Metaspace       used 3502K, committed 3776K, reserved 16384K
}
Event: 3331.743 GC heap after
{Heap after GC invocations=5 (full 0):
 garbage-first heap   total 131072K, used 3370K [0xc5c00000, 0xe5c00000)
  region size 1024K, 2 young (2048K), 2 survivors (2048K)
 Metaspace       used 3502K, committed 3776K, reserved 16384K
}
Event: 4199.621 GC heap before
{Heap before GC invocations=5 (full 0):
 garbage-first heap   total 131072K, used 79146K [0xc5c00000, 0xe5c00000)
  region size 1024K, 76 young (77824K), 2 survivors (2048K)
 Metaspace       used 3505K, committed 3776K, reserved 16384K
}
Event: 4199.628 GC heap after
{Heap after GC invocations=6 (full 0):
 garbage-first heap   total 131072K, used 3664K [0xc5c00000, 0xe5c00000)
  region size 1024K, 2 young (2048K), 2 survivors (2048K)
 Metaspace       used 3505K, committed 3776K, reserved 16384K
}
Event: 5167.981 GC heap before
{Heap before GC invocations=6 (full 0):
 garbage-first heap   total 131072K, used 79440K [0xc5c00000, 0xe5c00000)
  region size 1024K, 76 young (77824K), 2 survivors (2048K)
 Metaspace       used 3512K, committed 3840K, reserved 16384K
}
Event: 5167.998 GC heap after
{Heap after GC invocations=7 (full 0):
 garbage-first heap   total 131072K, used 3690K [0xc5c00000, 0xe5c00000)
  region size 1024K, 2 young (2048K), 2 survivors (2048K)
 Metaspace       used 3512K, committed 3840K, reserved 16384K
}
Event: 6693.436 GC heap before
{Heap before GC invocations=7 (full 0):
 garbage-first heap   total 131072K, used 79466K [0xc5c00000, 0xe5c00000)
  region size 1024K, 76 young (77824K), 2 survivors (2048K)
 Metaspace       used 3523K, committed 3840K, reserved 16384K
}
Event: 6693.453 GC heap after
{Heap after GC invocations=8 (full 0):
 garbage-first heap   total 131072K, used 3572K [0xc5c00000, 0xe5c00000)
  region size 1024K, 2 young (2048K), 2 survivors (2048K)
 Metaspace       used 3523K, committed 3840K, reserved 16384K
}
Event: 8380.999 GC heap before
{Heap before GC invocations=8 (full 0):
 garbage-first heap   total 131072K, used 79348K [0xc5c00000, 0xe5c00000)
  region size 1024K, 76 young (77824K), 2 survivors (2048K)
 Metaspace       used 3525K, committed 3840K, reserved 16384K
}
Event: 8381.014 GC heap after
{Heap after GC invocations=9 (full 0):
 garbage-first heap   total 131072K, used 3667K [0xc5c00000, 0xe5c00000)
  region size 1024K, 2 young (2048K), 2 survivors (2048K)
 Metaspace       used 3525K, committed 3840K, reserved 16384K
}

