# JRE version: OpenJDK Runtime Environment Zulu17.50+19-CA (17.0.11+9) (build 17.0.11+9-LTS)
# Java VM: OpenJDK Server VM Zulu17.50+19-CA (17.0.11+9-LTS, mixed mode, sharing, tiered, g1 gc, linux-x86)
Heap:
 garbage-first heap   total 131072K, used 12847K [0xc5c00000, 0xe5c00000)
  region size 1024K, 12 young (12288K), 2 survivors (2048K)
 Metaspace       used 3496K, committed 3712K, reserved 16384K
GC Heap History (8 events):
Event: 24.291 GC heap before
{Heap before GC invocations=0 (full 0):
 garbage-first heap   total 131072K, used 12288K [0xc5c00000, 0xe5c00000)
  region size 1024K, 13 young (13312K), 0 survivors (0K)
 Metaspace       used 1884K, committed 2048K, reserved 16384K
}
Event: 24.423 GC heap after
{Heap after GC invocations=1 (full 0):
 garbage-first heap   total 131072K, used 2233K [0xc5c00000, 0xe5c00000)
  region size 1024K, 2 young (2048K), 2 survivors (2048K)
 Metaspace       used 1884K, committed 2048K, reserved 16384K
}
Event: 138.785 GC heap before
{Heap before GC invocations=1 (full 0):
 garbage-first heap   total 131072K, used 17593K [0xc5c00000, 0xe5c00000)
  region size 1024K, 17 young (17408K), 2 survivors (2048K)
 Metaspace       used 3162K, committed 3392K, reserved 16384K
}
Event: 138.828 GC heap after
{Heap after GC invocations=2 (full 0):
 garbage-first heap   total 131072K, used 2997K [0xc5c00000, 0xe5c00000)
  region size 1024K, 2 young (2048K), 2 survivors (2048K)
 Metaspace       used 3162K, committed 3392K, reserved 16384K
}
Event: 3976.964 GC heap before
{Heap before GC invocations=2 (full 0):
 garbage-first heap   total 131072K, used 65461K [0xc5c00000, 0xe5c00000)
  region size 1024K, 63 young (64512K), 2 survivors (2048K)
 Metaspace       used 3365K, committed 3584K, reserved 16384K
}
Event: 3976.974 GC heap after
{Heap after GC invocations=3 (full 0):
 garbage-first heap   total 131072K, used 3423K [0xc5c00000, 0xe5c00000)
  region size 1024K, 2 young (2048K), 2 survivors (2048K)
 Metaspace       used 3365K, committed 3584K, reserved 16384K
}
Event: 9371.999 GC heap before
{Heap before GC invocations=3 (full 0):
 garbage-first heap   total 131072K, used 79199K [0xc5c00000, 0xe5c00000)
  region size 1024K, 76 young (77824K), 2 survivors (2048K)
 Metaspace       used 3494K, committed 3712K, reserved 16384K
}
Event: 9372.017 GC heap after
{Heap after GC invocations=4 (full 0):
 garbage-first heap   total 131072K, used 3629K [0xc5c00000, 0xe5c00000)
  region size 1024K, 2 young (2048K), 2 survivors (2048K)
 Metaspace       used 3494K, committed 3712K, reserved 16384K
}

