# JRE version: OpenJDK Runtime Environment Zulu17.50+19-CA (17.0.11+9) (build 17.0.11+9-LTS)
# Java VM: OpenJDK Server VM Zulu17.50+19-CA (17.0.11+9-LTS, mixed mode, sharing, tiered, g1 gc, linux-x86)
Heap:
 garbage-first heap   total 131072K, used 41851K [0xc5c00000, 0xe5c00000)
  region size 1024K, 39 young (39936K), 10 survivors (10240K)
 Metaspace       used 7005K, committed 7872K, reserved 16384K
GC Heap History (10 events):
Event: 70.418 GC heap before
{Heap before GC invocations=0 (full 0):
 garbage-first heap   total 131072K, used 12288K [0xc5c00000, 0xe5c00000)
  region size 1024K, 13 young (13312K), 0 survivors (0K)
 Metaspace       used 2339K, committed 2496K, reserved 16384K
}
Event: 70.451 GC heap after
{Heap after GC invocations=1 (full 0):
 garbage-first heap   total 131072K, used 1970K [0xc5c00000, 0xe5c00000)
  region size 1024K, 2 young (2048K), 2 survivors (2048K)
 Metaspace       used 2339K, committed 2496K, reserved 16384K
}
Event: 100.315 GC heap before
{Heap before GC invocations=1 (full 0):
 garbage-first heap   total 131072K, used 18354K [0xc5c00000, 0xe5c00000)
  region size 1024K, 19 young (19456K), 2 survivors (2048K)
 Metaspace       used 4074K, committed 4416K, reserved 16384K
}
Event: 100.327 GC heap after
{Heap after GC invocations=2 (full 0):
 garbage-first heap   total 131072K, used 3421K [0xc5c00000, 0xe5c00000)
  region size 1024K, 2 young (2048K), 2 survivors (2048K)
 Metaspace       used 4074K, committed 4416K, reserved 16384K
}
Event: 242.987 GC heap before
{Heap before GC invocations=2 (full 0):
 garbage-first heap   total 131072K, used 79197K [0xc5c00000, 0xe5c00000)
  region size 1024K, 76 young (77824K), 2 survivors (2048K)
 Metaspace       used 5472K, committed 6016K, reserved 16384K
}
Event: 243.015 GC heap after
{Heap after GC invocations=3 (full 0):
 garbage-first heap   total 131072K, used 5769K [0xc5c00000, 0xe5c00000)
  region size 1024K, 4 young (4096K), 4 survivors (4096K)
 Metaspace       used 5472K, committed 6016K, reserved 16384K
}
Event: 503.071 GC heap before
{Heap before GC invocations=3 (full 0):
 garbage-first heap   total 131072K, used 79497K [0xc5c00000, 0xe5c00000)
  region size 1024K, 76 young (77824K), 4 survivors (4096K)
 Metaspace       used 5750K, committed 6400K, reserved 16384K
}
Event: 503.086 GC heap after
{Heap after GC invocations=4 (full 0):
 garbage-first heap   total 131072K, used 7474K [0xc5c00000, 0xe5c00000)
  region size 1024K, 6 young (6144K), 6 survivors (6144K)
 Metaspace       used 5750K, committed 6400K, reserved 16384K
}
Event: 524.429 GC heap before
{Heap before GC invocations=4 (full 0):
 garbage-first heap   total 131072K, used 79154K [0xc5c00000, 0xe5c00000)
  region size 1024K, 76 young (77824K), 6 survivors (6144K)
 Metaspace       used 6800K, committed 7616K, reserved 16384K
}
Event: 524.499 GC heap after
{Heap after GC invocations=5 (full 0):
 garbage-first heap   total 131072K, used 12155K [0xc5c00000, 0xe5c00000)
  region size 1024K, 10 young (10240K), 10 survivors (10240K)
 Metaspace       used 6800K, committed 7616K, reserved 16384K
}

