# JRE version: OpenJDK Runtime Environment Zulu17.50+19-CA (17.0.11+9) (build 17.0.11+9-LTS)
# Java VM: OpenJDK Server VM Zulu17.50+19-CA (17.0.11+9-LTS, mixed mode, sharing, tiered, g1 gc, linux-x86)
Heap:
 garbage-first heap   total 131072K, used 79420K [0xc5c00000, 0xe5c00000)
  region size 1024K, 71 young (72704K), 5 survivors (5120K)
 Metaspace       used 8240K, committed 9280K, reserved 16384K
GC Heap History (14 events):
Event: 106.720 GC heap before
{Heap before GC invocations=0 (full 0):
 garbage-first heap   total 131072K, used 12288K [0xc5c00000, 0xe5c00000)
  region size 1024K, 13 young (13312K), 0 survivors (0K)
 Metaspace       used 2881K, committed 3136K, reserved 16384K
}
Event: 106.732 GC heap after
{Heap after GC invocations=1 (full 0):
 garbage-first heap   total 131072K, used 2445K [0xc5c00000, 0xe5c00000)
  region size 1024K, 2 young (2048K), 2 survivors (2048K)
 Metaspace       used 2881K, committed 3136K, reserved 16384K
}
Event: 145.289 GC heap before
{Heap before GC invocations=1 (full 0):
 garbage-first heap   total 131072K, used 18829K [0xc5c00000, 0xe5c00000)
  region size 1024K, 18 young (18432K), 2 survivors (2048K)
 Metaspace       used 4107K, committed 4416K, reserved 16384K
}
Event: 145.324 GC heap after
{Heap after GC invocations=2 (full 0):
 garbage-first heap   total 131072K, used 3895K [0xc5c00000, 0xe5c00000)
  region size 1024K, 2 young (2048K), 2 survivors (2048K)
 Metaspace       used 4107K, committed 4416K, reserved 16384K
}
Event: 242.554 GC heap before
{Heap before GC invocations=2 (full 0):
 garbage-first heap   total 131072K, used 39735K [0xc5c00000, 0xe5c00000)
  region size 1024K, 37 young (37888K), 2 survivors (2048K)
 Metaspace       used 4725K, committed 5184K, reserved 16384K
}
Event: 242.582 GC heap after
{Heap after GC invocations=3 (full 0):
 garbage-first heap   total 131072K, used 5343K [0xc5c00000, 0xe5c00000)
  region size 1024K, 3 young (3072K), 3 survivors (3072K)
 Metaspace       used 4725K, committed 5184K, reserved 16384K
}
Event: 343.980 GC heap before
{Heap before GC invocations=3 (full 0):
 garbage-first heap   total 131072K, used 80095K [0xc5c00000, 0xe5c00000)
  region size 1024K, 76 young (77824K), 3 survivors (3072K)
 Metaspace       used 5875K, committed 6464K, reserved 16384K
}
Event: 344.033 GC heap after
{Heap after GC invocations=4 (full 0):
 garbage-first heap   total 131072K, used 8137K [0xc5c00000, 0xe5c00000)
  region size 1024K, 6 young (6144K), 6 survivors (6144K)
 Metaspace       used 5875K, committed 6464K, reserved 16384K
}
Event: 363.529 GC heap before
{Heap before GC invocations=4 (full 0):
 garbage-first heap   total 131072K, used 79817K [0xc5c00000, 0xe5c00000)
  region size 1024K, 76 young (77824K), 6 survivors (6144K)
 Metaspace       used 6415K, committed 7104K, reserved 16384K
}
Event: 363.559 GC heap after
{Heap after GC invocations=5 (full 0):
 garbage-first heap   total 131072K, used 9284K [0xc5c00000, 0xe5c00000)
  region size 1024K, 7 young (7168K), 7 survivors (7168K)
 Metaspace       used 6415K, committed 7104K, reserved 16384K
}
Event: 542.866 GC heap before
{Heap before GC invocations=5 (full 0):
 garbage-first heap   total 131072K, used 79940K [0xc5c00000, 0xe5c00000)
  region size 1024K, 76 young (77824K), 7 survivors (7168K)
 Metaspace       used 7534K, committed 8448K, reserved 16384K
}
Event: 542.923 GC heap after
{Heap after GC invocations=6 (full 0):
 garbage-first heap   total 131072K, used 11370K [0xc5c00000, 0xe5c00000)
  region size 1024K, 6 young (6144K), 6 survivors (6144K)
 Metaspace       used 7534K, committed 8448K, reserved 16384K
}
Event: 563.712 GC heap before
{Heap before GC invocations=6 (full 0):
 garbage-first heap   total 131072K, used 83050K [0xc5c00000, 0xe5c00000)
  region size 1024K, 76 young (77824K), 6 survivors (6144K)
 Metaspace       used 7864K, committed 8768K, reserved 16384K
}
Event: 563.786 GC heap after
{Heap after GC invocations=7 (full 0):
 garbage-first heap   total 131072K, used 12858K [0xc5c00000, 0xe5c00000)
  region size 1024K, 5 young (5120K), 5 survivors (5120K)
 Metaspace       used 7864K, committed 8768K, reserved 16384K
}

