# JRE version: OpenJDK Runtime Environment Zulu17.50+19-CA (17.0.11+9) (build 17.0.11+9-LTS)
# Java VM: OpenJDK Server VM Zulu17.50+19-CA (17.0.11+9-LTS, mixed mode, sharing, tiered, g1 gc, linux-x86)
Heap:
 garbage-first heap   total 131072K, used 94574K [0xc5c00000, 0xe5c00000)
  region size 1024K, 71 young (72704K), 8 survivors (8192K)
 Metaspace       used 12638K, committed 14784K, reserved 32768K
GC Heap History (20 events):
Event: 179.266 GC heap before
{Heap before GC invocations=4 (full 0):
 garbage-first heap   total 131072K, used 79834K [0xc5c00000, 0xe5c00000)
  region size 1024K, 76 young (77824K), 6 survivors (6144K)
 Metaspace       used 6602K, committed 7680K, reserved 16384K
}
Event: 179.288 GC heap after
{Heap after GC invocations=5 (full 0):
 garbage-first heap   total 131072K, used 10114K [0xc5c00000, 0xe5c00000)
  region size 1024K, 7 young (7168K), 7 survivors (7168K)
 Metaspace       used 6602K, committed 7680K, reserved 16384K
}
Event: 192.208 GC heap before
{Heap before GC invocations=5 (full 0):
 garbage-first heap   total 131072K, used 80770K [0xc5c00000, 0xe5c00000)
  region size 1024K, 76 young (77824K), 7 survivors (7168K)
 Metaspace       used 6975K, committed 8064K, reserved 16384K
}
Event: 192.245 GC heap after
{Heap after GC invocations=6 (full 0):
 garbage-first heap   total 131072K, used 11741K [0xc5c00000, 0xe5c00000)
  region size 1024K, 7 young (7168K), 7 survivors (7168K)
 Metaspace       used 6975K, committed 8064K, reserved 16384K
}
Event: 238.719 GC heap before
{Heap before GC invocations=6 (full 0):
 garbage-first heap   total 131072K, used 82397K [0xc5c00000, 0xe5c00000)
  region size 1024K, 76 young (77824K), 7 survivors (7168K)
 Metaspace       used 7892K, committed 9152K, reserved 16384K
}
Event: 238.778 GC heap after
{Heap after GC invocations=7 (full 0):
 garbage-first heap   total 131072K, used 14332K [0xc5c00000, 0xe5c00000)
  region size 1024K, 7 young (7168K), 7 survivors (7168K)
 Metaspace       used 7892K, committed 9152K, reserved 16384K
}
Event: 248.084 GC heap before
{Heap before GC invocations=7 (full 0):
 garbage-first heap   total 131072K, used 84988K [0xc5c00000, 0xe5c00000)
  region size 1024K, 76 young (77824K), 7 survivors (7168K)
 Metaspace       used 8620K, committed 10048K, reserved 16384K
}
Event: 248.202 GC heap after
{Heap after GC invocations=8 (full 0):
 garbage-first heap   total 131072K, used 16330K [0xc5c00000, 0xe5c00000)
  region size 1024K, 6 young (6144K), 6 survivors (6144K)
 Metaspace       used 8620K, committed 10048K, reserved 16384K
}
Event: 291.533 GC heap before
{Heap before GC invocations=8 (full 0):
 garbage-first heap   total 131072K, used 88010K [0xc5c00000, 0xe5c00000)
  region size 1024K, 76 young (77824K), 6 survivors (6144K)
 Metaspace       used 8930K, committed 10432K, reserved 16384K
}
Event: 291.572 GC heap after
{Heap after GC invocations=9 (full 0):
 garbage-first heap   total 131072K, used 18759K [0xc5c00000, 0xe5c00000)
  region size 1024K, 7 young (7168K), 7 survivors (7168K)
 Metaspace       used 8930K, committed 10432K, reserved 16384K
}
Event: 341.413 GC heap before
{Heap before GC invocations=9 (full 0):
 garbage-first heap   total 131072K, used 89415K [0xc5c00000, 0xe5c00000)
  region size 1024K, 76 young (77824K), 7 survivors (7168K)
 Metaspace       used 9412K, committed 11008K, reserved 16384K
}
Event: 341.553 GC heap after
{Heap after GC invocations=10 (full 0):
 garbage-first heap   total 131072K, used 20793K [0xc5c00000, 0xe5c00000)
  region size 1024K, 7 young (7168K), 7 survivors (7168K)
 Metaspace       used 9412K, committed 11008K, reserved 16384K
}
Event: 408.282 GC heap before
{Heap before GC invocations=10 (full 0):
 garbage-first heap   total 131072K, used 91449K [0xc5c00000, 0xe5c00000)
  region size 1024K, 76 young (77824K), 7 survivors (7168K)
 Metaspace       used 9755K, committed 11456K, reserved 16384K
}
Event: 408.299 GC heap after
{Heap after GC invocations=11 (full 0):
 garbage-first heap   total 131072K, used 22992K [0xc5c00000, 0xe5c00000)
  region size 1024K, 7 young (7168K), 7 survivors (7168K)
 Metaspace       used 9755K, committed 11456K, reserved 16384K
}
Event: 416.385 GC heap before
{Heap before GC invocations=11 (full 0):
 garbage-first heap   total 131072K, used 93648K [0xc5c00000, 0xe5c00000)
  region size 1024K, 76 young (77824K), 7 survivors (7168K)
 Metaspace       used 10664K, committed 12480K, reserved 16384K
}
Event: 416.411 GC heap after
{Heap after GC invocations=12 (full 0):
 garbage-first heap   total 131072K, used 24324K [0xc5c00000, 0xe5c00000)
  region size 1024K, 6 young (6144K), 6 survivors (6144K)
 Metaspace       used 10664K, committed 12480K, reserved 16384K
}
Event: 429.451 GC heap before
{Heap before GC invocations=12 (full 0):
 garbage-first heap   total 131072K, used 96004K [0xc5c00000, 0xe5c00000)
  region size 1024K, 76 young (77824K), 6 survivors (6144K)
 Metaspace       used 11313K, committed 13248K, reserved 16384K
}
Event: 429.496 GC heap after
{Heap after GC invocations=13 (full 0):
 garbage-first heap   total 131072K, used 26363K [0xc5c00000, 0xe5c00000)
  region size 1024K, 6 young (6144K), 6 survivors (6144K)
 Metaspace       used 11313K, committed 13248K, reserved 16384K
}
Event: 568.570 GC heap before
{Heap before GC invocations=13 (full 0):
 garbage-first heap   total 131072K, used 98043K [0xc5c00000, 0xe5c00000)
  region size 1024K, 76 young (77824K), 6 survivors (6144K)
 Metaspace       used 12401K, committed 14464K, reserved 32768K
}
Event: 568.633 GC heap after
{Heap after GC invocations=14 (full 0):
 garbage-first heap   total 131072K, used 30062K [0xc5c00000, 0xe5c00000)
  region size 1024K, 8 young (8192K), 8 survivors (8192K)
 Metaspace       used 12401K, committed 14464K, reserved 32768K
}

