# JRE version: OpenJDK Runtime Environment Zulu17.50+19-CA (17.0.11+9) (build 17.0.11+9-LTS)
# Java VM: OpenJDK Server VM Zulu17.50+19-CA (17.0.11+9-LTS, mixed mode, sharing, tiered, g1 gc, linux-x86)
Heap:
 garbage-first heap   total 131072K, used 33108K [0xc5c00000, 0xe5c00000)
  region size 1024K, 30 young (30720K), 7 survivors (7168K)
 Metaspace       used 7753K, committed 8768K, reserved 16384K
GC Heap History (10 events):
Event: 62.875 GC heap before
{Heap before GC invocations=0 (full 0):
 garbage-first heap   total 131072K, used 12288K [0xc5c00000, 0xe5c00000)
  region size 1024K, 13 young (13312K), 0 survivors (0K)
 Metaspace       used 3169K, committed 3392K, reserved 16384K
}
Event: 62.887 GC heap after
{Heap after GC invocations=1 (full 0):
 garbage-first heap   total 131072K, used 2511K [0xc5c00000, 0xe5c00000)
  region size 1024K, 2 young (2048K), 2 survivors (2048K)
 Metaspace       used 3169K, committed 3392K, reserved 16384K
}
Event: 98.821 GC heap before
{Heap before GC invocations=1 (full 0):
 garbage-first heap   total 131072K, used 18895K [0xc5c00000, 0xe5c00000)
  region size 1024K, 18 young (18432K), 2 survivors (2048K)
 Metaspace       used 3972K, committed 4352K, reserved 16384K
}
Event: 98.834 GC heap after
{Heap after GC invocations=2 (full 0):
 garbage-first heap   total 131072K, used 3521K [0xc5c00000, 0xe5c00000)
  region size 1024K, 1 young (1024K), 1 survivors (1024K)
 Metaspace       used 3972K, committed 4352K, reserved 16384K
}
Event: 111.754 GC heap before
{Heap before GC invocations=2 (full 0):
 garbage-first heap   total 131072K, used 80321K [0xc5c00000, 0xe5c00000)
  region size 1024K, 76 young (77824K), 1 survivors (1024K)
 Metaspace       used 4777K, committed 5312K, reserved 16384K
}
Event: 111.788 GC heap after
{Heap after GC invocations=3 (full 0):
 garbage-first heap   total 131072K, used 4936K [0xc5c00000, 0xe5c00000)
  region size 1024K, 3 young (3072K), 3 survivors (3072K)
 Metaspace       used 4777K, committed 5312K, reserved 16384K
}
Event: 356.643 GC heap before
{Heap before GC invocations=3 (full 0):
 garbage-first heap   total 131072K, used 79688K [0xc5c00000, 0xe5c00000)
  region size 1024K, 76 young (77824K), 3 survivors (3072K)
 Metaspace       used 6723K, committed 7488K, reserved 16384K
}
Event: 356.673 GC heap after
{Heap after GC invocations=4 (full 0):
 garbage-first heap   total 131072K, used 8389K [0xc5c00000, 0xe5c00000)
  region size 1024K, 6 young (6144K), 6 survivors (6144K)
 Metaspace       used 6723K, committed 7488K, reserved 16384K
}
Event: 443.372 GC heap before
{Heap before GC invocations=4 (full 0):
 garbage-first heap   total 131072K, used 80069K [0xc5c00000, 0xe5c00000)
  region size 1024K, 76 young (77824K), 6 survivors (6144K)
 Metaspace       used 7642K, committed 8576K, reserved 16384K
}
Event: 443.415 GC heap after
{Heap after GC invocations=5 (full 0):
 garbage-first heap   total 131072K, used 10578K [0xc5c00000, 0xe5c00000)
  region size 1024K, 7 young (7168K), 7 survivors (7168K)
 Metaspace       used 7642K, committed 8576K, reserved 16384K
}

