# JRE version: OpenJDK Runtime Environment Zulu17.50+19-CA (17.0.11+9) (build 17.0.11+9-LTS)
# Java VM: OpenJDK Server VM Zulu17.50+19-CA (17.0.11+9-LTS, mixed mode, sharing, tiered, g1 gc, linux-x86)
Heap:
 garbage-first heap   total 131072K, used 98411K [0xc5c00000, 0xe5c00000)
  region size 1024K, 74 young (75776K), 8 survivors (8192K)
 Metaspace       used 12821K, committed 14976K, reserved 32768K
GC Heap History (20 events):
Event: 209.678 GC heap before
{Heap before GC invocations=4 (full 0):
 garbage-first heap   total 131072K, used 80060K [0xc5c00000, 0xe5c00000)
  region size 1024K, 76 young (77824K), 6 survivors (6144K)
 Metaspace       used 6654K, committed 7680K, reserved 16384K
}
Event: 209.709 GC heap after
{Heap after GC invocations=5 (full 0):
 garbage-first heap   total 131072K, used 10434K [0xc5c00000, 0xe5c00000)
  region size 1024K, 7 young (7168K), 7 survivors (7168K)
 Metaspace       used 6654K, committed 7680K, reserved 16384K
}
Event: 224.643 GC heap before
{Heap before GC invocations=5 (full 0):
 garbage-first heap   total 131072K, used 81090K [0xc5c00000, 0xe5c00000)
  region size 1024K, 76 young (77824K), 7 survivors (7168K)
 Metaspace       used 7358K, committed 8448K, reserved 16384K
}
Event: 224.664 GC heap after
{Heap after GC invocations=6 (full 0):
 garbage-first heap   total 131072K, used 12106K [0xc5c00000, 0xe5c00000)
  region size 1024K, 7 young (7168K), 7 survivors (7168K)
 Metaspace       used 7358K, committed 8448K, reserved 16384K
}
Event: 278.981 GC heap before
{Heap before GC invocations=6 (full 0):
 garbage-first heap   total 131072K, used 82762K [0xc5c00000, 0xe5c00000)
  region size 1024K, 76 young (77824K), 7 survivors (7168K)
 Metaspace       used 7902K, committed 9088K, reserved 16384K
}
Event: 279.013 GC heap after
{Heap after GC invocations=7 (full 0):
 garbage-first heap   total 131072K, used 15062K [0xc5c00000, 0xe5c00000)
  region size 1024K, 7 young (7168K), 7 survivors (7168K)
 Metaspace       used 7902K, committed 9088K, reserved 16384K
}
Event: 288.753 GC heap before
{Heap before GC invocations=7 (full 0):
 garbage-first heap   total 131072K, used 85718K [0xc5c00000, 0xe5c00000)
  region size 1024K, 76 young (77824K), 7 survivors (7168K)
 Metaspace       used 8622K, committed 10048K, reserved 16384K
}
Event: 288.793 GC heap after
{Heap after GC invocations=8 (full 0):
 garbage-first heap   total 131072K, used 16394K [0xc5c00000, 0xe5c00000)
  region size 1024K, 6 young (6144K), 6 survivors (6144K)
 Metaspace       used 8622K, committed 10048K, reserved 16384K
}
Event: 340.448 GC heap before
{Heap before GC invocations=8 (full 0):
 garbage-first heap   total 131072K, used 88074K [0xc5c00000, 0xe5c00000)
  region size 1024K, 76 young (77824K), 6 survivors (6144K)
 Metaspace       used 9130K, committed 10624K, reserved 16384K
}
Event: 340.488 GC heap after
{Heap after GC invocations=9 (full 0):
 garbage-first heap   total 131072K, used 19120K [0xc5c00000, 0xe5c00000)
  region size 1024K, 7 young (7168K), 7 survivors (7168K)
 Metaspace       used 9130K, committed 10624K, reserved 16384K
}
Event: 417.649 GC heap before
{Heap before GC invocations=9 (full 0):
 garbage-first heap   total 131072K, used 89776K [0xc5c00000, 0xe5c00000)
  region size 1024K, 76 young (77824K), 7 survivors (7168K)
 Metaspace       used 9390K, committed 11008K, reserved 16384K
}
Event: 417.687 GC heap after
{Heap after GC invocations=10 (full 0):
 garbage-first heap   total 131072K, used 21136K [0xc5c00000, 0xe5c00000)
  region size 1024K, 7 young (7168K), 7 survivors (7168K)
 Metaspace       used 9390K, committed 11008K, reserved 16384K
}
Event: 503.463 GC heap before
{Heap before GC invocations=10 (full 0):
 garbage-first heap   total 131072K, used 91792K [0xc5c00000, 0xe5c00000)
  region size 1024K, 76 young (77824K), 7 survivors (7168K)
 Metaspace       used 9743K, committed 11456K, reserved 16384K
}
Event: 503.489 GC heap after
{Heap after GC invocations=11 (full 0):
 garbage-first heap   total 131072K, used 23087K [0xc5c00000, 0xe5c00000)
  region size 1024K, 7 young (7168K), 7 survivors (7168K)
 Metaspace       used 9743K, committed 11456K, reserved 16384K
}
Event: 510.924 GC heap before
{Heap before GC invocations=11 (full 0):
 garbage-first heap   total 131072K, used 93743K [0xc5c00000, 0xe5c00000)
  region size 1024K, 76 young (77824K), 7 survivors (7168K)
 Metaspace       used 10773K, committed 12544K, reserved 16384K
}
Event: 511.109 GC heap after
{Heap after GC invocations=12 (full 0):
 garbage-first heap   total 131072K, used 24899K [0xc5c00000, 0xe5c00000)
  region size 1024K, 6 young (6144K), 6 survivors (6144K)
 Metaspace       used 10773K, committed 12544K, reserved 16384K
}
Event: 529.340 GC heap before
{Heap before GC invocations=12 (full 0):
 garbage-first heap   total 131072K, used 96579K [0xc5c00000, 0xe5c00000)
  region size 1024K, 76 young (77824K), 6 survivors (6144K)
 Metaspace       used 11306K, committed 13184K, reserved 16384K
}
Event: 529.409 GC heap after
{Heap after GC invocations=13 (full 0):
 garbage-first heap   total 131072K, used 26908K [0xc5c00000, 0xe5c00000)
  region size 1024K, 6 young (6144K), 6 survivors (6144K)
 Metaspace       used 11306K, committed 13184K, reserved 16384K
}
Event: 697.833 GC heap before
{Heap before GC invocations=13 (full 0):
 garbage-first heap   total 131072K, used 98588K [0xc5c00000, 0xe5c00000)
  region size 1024K, 76 young (77824K), 6 survivors (6144K)
 Metaspace       used 12367K, committed 14400K, reserved 32768K
}
Event: 697.891 GC heap after
{Heap after GC invocations=14 (full 0):
 garbage-first heap   total 131072K, used 30827K [0xc5c00000, 0xe5c00000)
  region size 1024K, 8 young (8192K), 8 survivors (8192K)
 Metaspace       used 12367K, committed 14400K, reserved 32768K
}

