# JRE version: OpenJDK Runtime Environment Zulu17.50+19-CA (17.0.11+9) (build 17.0.11+9-LTS)
# Java VM: OpenJDK Server VM Zulu17.50+19-CA (17.0.11+9-LTS, mixed mode, sharing, tiered, g1 gc, linux-x86)
Heap:
 garbage-first heap   total 131072K, used 72248K [0xc5c00000, 0xe5c00000)
  region size 1024K, 62 young (63488K), 7 survivors (7168K)
 Metaspace       used 7104K, committed 8000K, reserved 16384K
GC Heap History (14 events):
Event: 85.155 GC heap before
{Heap before GC invocations=0 (full 0):
 garbage-first heap   total 131072K, used 12288K [0xc5c00000, 0xe5c00000)
  region size 1024K, 13 young (13312K), 0 survivors (0K)
 Metaspace       used 2340K, committed 2560K, reserved 16384K
}
Event: 85.195 GC heap after
{Heap after GC invocations=1 (full 0):
 garbage-first heap   total 131072K, used 1954K [0xc5c00000, 0xe5c00000)
  region size 1024K, 2 young (2048K), 2 survivors (2048K)
 Metaspace       used 2340K, committed 2560K, reserved 16384K
}
Event: 120.456 GC heap before
{Heap before GC invocations=1 (full 0):
 garbage-first heap   total 131072K, used 20386K [0xc5c00000, 0xe5c00000)
  region size 1024K, 20 young (20480K), 2 survivors (2048K)
 Metaspace       used 4078K, committed 4416K, reserved 16384K
}
Event: 120.475 GC heap after
{Heap after GC invocations=2 (full 0):
 garbage-first heap   total 131072K, used 3551K [0xc5c00000, 0xe5c00000)
  region size 1024K, 2 young (2048K), 2 survivors (2048K)
 Metaspace       used 4078K, committed 4416K, reserved 16384K
}
Event: 294.280 GC heap before
{Heap before GC invocations=2 (full 0):
 garbage-first heap   total 131072K, used 79327K [0xc5c00000, 0xe5c00000)
  region size 1024K, 76 young (77824K), 2 survivors (2048K)
 Metaspace       used 5476K, committed 6016K, reserved 16384K
}
Event: 294.334 GC heap after
{Heap after GC invocations=3 (full 0):
 garbage-first heap   total 131072K, used 5721K [0xc5c00000, 0xe5c00000)
  region size 1024K, 4 young (4096K), 4 survivors (4096K)
 Metaspace       used 5476K, committed 6016K, reserved 16384K
}
Event: 664.253 GC heap before
{Heap before GC invocations=3 (full 0):
 garbage-first heap   total 131072K, used 79449K [0xc5c00000, 0xe5c00000)
  region size 1024K, 76 young (77824K), 4 survivors (4096K)
 Metaspace       used 5616K, committed 6144K, reserved 16384K
}
Event: 664.289 GC heap after
{Heap after GC invocations=4 (full 0):
 garbage-first heap   total 131072K, used 7031K [0xc5c00000, 0xe5c00000)
  region size 1024K, 5 young (5120K), 5 survivors (5120K)
 Metaspace       used 5616K, committed 6144K, reserved 16384K
}
Event: 687.657 GC heap before
{Heap before GC invocations=4 (full 0):
 garbage-first heap   total 131072K, used 79735K [0xc5c00000, 0xe5c00000)
  region size 1024K, 76 young (77824K), 5 survivors (5120K)
 Metaspace       used 6825K, committed 7680K, reserved 16384K
}
Event: 687.698 GC heap after
{Heap after GC invocations=5 (full 0):
 garbage-first heap   total 131072K, used 10322K [0xc5c00000, 0xe5c00000)
  region size 1024K, 9 young (9216K), 9 survivors (9216K)
 Metaspace       used 6825K, committed 7680K, reserved 16384K
}
Event: 897.898 GC heap before
{Heap before GC invocations=5 (full 0):
 garbage-first heap   total 131072K, used 78930K [0xc5c00000, 0xe5c00000)
  region size 1024K, 76 young (77824K), 9 survivors (9216K)
 Metaspace       used 7079K, committed 7936K, reserved 16384K
}
Event: 898.023 GC heap after
{Heap after GC invocations=6 (full 0):
 garbage-first heap   total 131072K, used 15527K [0xc5c00000, 0xe5c00000)
  region size 1024K, 10 young (10240K), 10 survivors (10240K)
 Metaspace       used 7079K, committed 7936K, reserved 16384K
}
Event: 2463.817 GC heap before
{Heap before GC invocations=6 (full 0):
 garbage-first heap   total 131072K, used 83111K [0xc5c00000, 0xe5c00000)
  region size 1024K, 76 young (77824K), 10 survivors (10240K)
 Metaspace       used 7092K, committed 7936K, reserved 16384K
}
Event: 2464.037 GC heap after
{Heap after GC invocations=7 (full 0):
 garbage-first heap   total 131072K, used 16950K [0xc5c00000, 0xe5c00000)
  region size 1024K, 7 young (7168K), 7 survivors (7168K)
 Metaspace       used 7092K, committed 7936K, reserved 16384K
}

