# JRE version: OpenJDK Runtime Environment Zulu17.50+19-CA (17.0.11+9) (build 17.0.11+9-LTS)
# Java VM: OpenJDK Server VM Zulu17.50+19-CA (17.0.11+9-LTS, mixed mode, sharing, tiered, g1 gc, linux-x86)
Heap:
 garbage-first heap   total 131072K, used 43207K [0xc5c00000, 0xe5c00000)
  region size 1024K, 40 young (40960K), 8 survivors (8192K)
 Metaspace       used 6617K, committed 7424K, reserved 16384K
GC Heap History (8 events):
Event: 46.395 GC heap before
{Heap before GC invocations=0 (full 0):
 garbage-first heap   total 131072K, used 12288K [0xc5c00000, 0xe5c00000)
  region size 1024K, 13 young (13312K), 0 survivors (0K)
 Metaspace       used 2755K, committed 3008K, reserved 16384K
}
Event: 46.407 GC heap after
{Heap after GC invocations=1 (full 0):
 garbage-first heap   total 131072K, used 2523K [0xc5c00000, 0xe5c00000)
  region size 1024K, 2 young (2048K), 2 survivors (2048K)
 Metaspace       used 2755K, committed 3008K, reserved 16384K
}
Event: 137.467 GC heap before
{Heap before GC invocations=1 (full 0):
 garbage-first heap   total 131072K, used 18907K [0xc5c00000, 0xe5c00000)
  region size 1024K, 18 young (18432K), 2 survivors (2048K)
 Metaspace       used 4204K, committed 4608K, reserved 16384K
}
Event: 137.486 GC heap after
{Heap after GC invocations=2 (full 0):
 garbage-first heap   total 131072K, used 3632K [0xc5c00000, 0xe5c00000)
  region size 1024K, 2 young (2048K), 2 survivors (2048K)
 Metaspace       used 4204K, committed 4608K, reserved 16384K
}
Event: 261.866 GC heap before
{Heap before GC invocations=2 (full 0):
 garbage-first heap   total 131072K, used 79408K [0xc5c00000, 0xe5c00000)
  region size 1024K, 76 young (77824K), 2 survivors (2048K)
 Metaspace       used 5915K, committed 6592K, reserved 16384K
}
Event: 261.879 GC heap after
{Heap after GC invocations=3 (full 0):
 garbage-first heap   total 131072K, used 6793K [0xc5c00000, 0xe5c00000)
  region size 1024K, 5 young (5120K), 5 survivors (5120K)
 Metaspace       used 5915K, committed 6592K, reserved 16384K
}
Event: 521.959 GC heap before
{Heap before GC invocations=3 (full 0):
 garbage-first heap   total 131072K, used 79497K [0xc5c00000, 0xe5c00000)
  region size 1024K, 76 young (77824K), 5 survivors (5120K)
 Metaspace       used 6321K, committed 7040K, reserved 16384K
}
Event: 522.033 GC heap after
{Heap after GC invocations=4 (full 0):
 garbage-first heap   total 131072K, used 10439K [0xc5c00000, 0xe5c00000)
  region size 1024K, 8 young (8192K), 8 survivors (8192K)
 Metaspace       used 6321K, committed 7040K, reserved 16384K
}

