# JRE version: OpenJDK Runtime Environment Zulu17.50+19-CA (17.0.11+9) (build 17.0.11+9-LTS)
# Java VM: OpenJDK Server VM Zulu17.50+19-CA (17.0.11+9-LTS, mixed mode, sharing, tiered, g1 gc, linux-x86)
Heap:
 garbage-first heap   total 131072K, used 79157K [0xc5c00000, 0xe5c00000)
  region size 1024K, 57 young (58368K), 6 survivors (6144K)
 Metaspace       used 12246K, committed 14272K, reserved 32768K
GC Heap History (20 events):
Event: 149.247 GC heap before
{Heap before GC invocations=3 (full 0):
 garbage-first heap   total 131072K, used 80246K [0xc5c00000, 0xe5c00000)
  region size 1024K, 76 young (77824K), 3 survivors (3072K)
 Metaspace       used 5800K, committed 6656K, reserved 16384K
}
Event: 149.277 GC heap after
{Heap after GC invocations=4 (full 0):
 garbage-first heap   total 131072K, used 8304K [0xc5c00000, 0xe5c00000)
  region size 1024K, 6 young (6144K), 6 survivors (6144K)
 Metaspace       used 5800K, committed 6656K, reserved 16384K
}
Event: 172.244 GC heap before
{Heap before GC invocations=4 (full 0):
 garbage-first heap   total 131072K, used 79984K [0xc5c00000, 0xe5c00000)
  region size 1024K, 76 young (77824K), 6 survivors (6144K)
 Metaspace       used 6625K, committed 7680K, reserved 16384K
}
Event: 172.259 GC heap after
{Heap after GC invocations=5 (full 0):
 garbage-first heap   total 131072K, used 10597K [0xc5c00000, 0xe5c00000)
  region size 1024K, 7 young (7168K), 7 survivors (7168K)
 Metaspace       used 6625K, committed 7680K, reserved 16384K
}
Event: 183.027 GC heap before
{Heap before GC invocations=5 (full 0):
 garbage-first heap   total 131072K, used 81253K [0xc5c00000, 0xe5c00000)
  region size 1024K, 76 young (77824K), 7 survivors (7168K)
 Metaspace       used 7004K, committed 8128K, reserved 16384K
}
Event: 183.042 GC heap after
{Heap after GC invocations=6 (full 0):
 garbage-first heap   total 131072K, used 12086K [0xc5c00000, 0xe5c00000)
  region size 1024K, 7 young (7168K), 7 survivors (7168K)
 Metaspace       used 7004K, committed 8128K, reserved 16384K
}
Event: 222.674 GC heap before
{Heap before GC invocations=6 (full 0):
 garbage-first heap   total 131072K, used 82742K [0xc5c00000, 0xe5c00000)
  region size 1024K, 76 young (77824K), 7 survivors (7168K)
 Metaspace       used 7906K, committed 9088K, reserved 16384K
}
Event: 222.718 GC heap after
{Heap after GC invocations=7 (full 0):
 garbage-first heap   total 131072K, used 14577K [0xc5c00000, 0xe5c00000)
  region size 1024K, 7 young (7168K), 7 survivors (7168K)
 Metaspace       used 7906K, committed 9088K, reserved 16384K
}
Event: 230.527 GC heap before
{Heap before GC invocations=7 (full 0):
 garbage-first heap   total 131072K, used 85233K [0xc5c00000, 0xe5c00000)
  region size 1024K, 76 young (77824K), 7 survivors (7168K)
 Metaspace       used 8551K, committed 9920K, reserved 16384K
}
Event: 230.568 GC heap after
{Heap after GC invocations=8 (full 0):
 garbage-first heap   total 131072K, used 15952K [0xc5c00000, 0xe5c00000)
  region size 1024K, 6 young (6144K), 6 survivors (6144K)
 Metaspace       used 8551K, committed 9920K, reserved 16384K
}
Event: 275.435 GC heap before
{Heap before GC invocations=8 (full 0):
 garbage-first heap   total 131072K, used 87632K [0xc5c00000, 0xe5c00000)
  region size 1024K, 76 young (77824K), 6 survivors (6144K)
 Metaspace       used 8947K, committed 10432K, reserved 16384K
}
Event: 275.471 GC heap after
{Heap after GC invocations=9 (full 0):
 garbage-first heap   total 131072K, used 18950K [0xc5c00000, 0xe5c00000)
  region size 1024K, 7 young (7168K), 7 survivors (7168K)
 Metaspace       used 8947K, committed 10432K, reserved 16384K
}
Event: 313.036 GC heap before
{Heap before GC invocations=9 (full 0):
 garbage-first heap   total 131072K, used 89606K [0xc5c00000, 0xe5c00000)
  region size 1024K, 76 young (77824K), 7 survivors (7168K)
 Metaspace       used 9404K, committed 10944K, reserved 16384K
}
Event: 313.069 GC heap after
{Heap after GC invocations=10 (full 0):
 garbage-first heap   total 131072K, used 21099K [0xc5c00000, 0xe5c00000)
  region size 1024K, 7 young (7168K), 7 survivors (7168K)
 Metaspace       used 9404K, committed 10944K, reserved 16384K
}
Event: 375.650 GC heap before
{Heap before GC invocations=10 (full 0):
 garbage-first heap   total 131072K, used 91755K [0xc5c00000, 0xe5c00000)
  region size 1024K, 76 young (77824K), 7 survivors (7168K)
 Metaspace       used 9761K, committed 11456K, reserved 16384K
}
Event: 375.705 GC heap after
{Heap after GC invocations=11 (full 0):
 garbage-first heap   total 131072K, used 23096K [0xc5c00000, 0xe5c00000)
  region size 1024K, 7 young (7168K), 7 survivors (7168K)
 Metaspace       used 9761K, committed 11456K, reserved 16384K
}
Event: 382.518 GC heap before
{Heap before GC invocations=11 (full 0):
 garbage-first heap   total 131072K, used 93752K [0xc5c00000, 0xe5c00000)
  region size 1024K, 76 young (77824K), 7 survivors (7168K)
 Metaspace       used 10718K, committed 12480K, reserved 16384K
}
Event: 382.548 GC heap after
{Heap after GC invocations=12 (full 0):
 garbage-first heap   total 131072K, used 24874K [0xc5c00000, 0xe5c00000)
  region size 1024K, 6 young (6144K), 6 survivors (6144K)
 Metaspace       used 10718K, committed 12480K, reserved 16384K
}
Event: 395.775 GC heap before
{Heap before GC invocations=12 (full 0):
 garbage-first heap   total 131072K, used 96554K [0xc5c00000, 0xe5c00000)
  region size 1024K, 76 young (77824K), 6 survivors (6144K)
 Metaspace       used 11307K, committed 13248K, reserved 16384K
}
Event: 395.815 GC heap after
{Heap after GC invocations=13 (full 0):
 garbage-first heap   total 131072K, used 26933K [0xc5c00000, 0xe5c00000)
  region size 1024K, 6 young (6144K), 6 survivors (6144K)
 Metaspace       used 11307K, committed 13248K, reserved 16384K
}

