# JRE version: OpenJDK Runtime Environment Zulu17.50+19-CA (17.0.11+9) (build 17.0.11+9-LTS)
# Java VM: OpenJDK Server VM Zulu17.50+19-CA (17.0.11+9-LTS, mixed mode, sharing, tiered, g1 gc, linux-x86)
Heap:
 garbage-first heap   total 131072K, used 16635K [0xc5c00000, 0xe5c00000)
  region size 1024K, 14 young (14336K), 8 survivors (8192K)
 Metaspace       used 7769K, committed 8704K, reserved 16384K
GC Heap History (8 events):
Event: 46.597 GC heap before
{Heap before GC invocations=0 (full 0):
 garbage-first heap   total 131072K, used 12288K [0xc5c00000, 0xe5c00000)
  region size 1024K, 13 young (13312K), 0 survivors (0K)
 Metaspace       used 2683K, committed 2880K, reserved 16384K
}
Event: 46.724 GC heap after
{Heap after GC invocations=1 (full 0):
 garbage-first heap   total 131072K, used 2422K [0xc5c00000, 0xe5c00000)
  region size 1024K, 2 young (2048K), 2 survivors (2048K)
 Metaspace       used 2683K, committed 2880K, reserved 16384K
}
Event: 69.279 GC heap before
{Heap before GC invocations=1 (full 0):
 garbage-first heap   total 131072K, used 18806K [0xc5c00000, 0xe5c00000)
  region size 1024K, 18 young (18432K), 2 survivors (2048K)
 Metaspace       used 3954K, committed 4288K, reserved 16384K
}
Event: 69.309 GC heap after
{Heap after GC invocations=2 (full 0):
 garbage-first heap   total 131072K, used 3415K [0xc5c00000, 0xe5c00000)
  region size 1024K, 1 young (1024K), 1 survivors (1024K)
 Metaspace       used 3954K, committed 4288K, reserved 16384K
}
Event: 275.359 GC heap before
{Heap before GC invocations=2 (full 0):
 garbage-first heap   total 131072K, used 80215K [0xc5c00000, 0xe5c00000)
  region size 1024K, 76 young (77824K), 1 survivors (1024K)
 Metaspace       used 6139K, committed 6848K, reserved 16384K
}
Event: 275.412 GC heap after
{Heap after GC invocations=3 (full 0):
 garbage-first heap   total 131072K, used 7202K [0xc5c00000, 0xe5c00000)
  region size 1024K, 5 young (5120K), 5 survivors (5120K)
 Metaspace       used 6139K, committed 6848K, reserved 16384K
}
Event: 4053.088 GC heap before
{Heap before GC invocations=3 (full 0):
 garbage-first heap   total 131072K, used 79906K [0xc5c00000, 0xe5c00000)
  region size 1024K, 76 young (77824K), 5 survivors (5120K)
 Metaspace       used 7765K, committed 8704K, reserved 16384K
}
Event: 4053.151 GC heap after
{Heap after GC invocations=4 (full 0):
 garbage-first heap   total 131072K, used 10491K [0xc5c00000, 0xe5c00000)
  region size 1024K, 8 young (8192K), 8 survivors (8192K)
 Metaspace       used 7765K, committed 8704K, reserved 16384K
}

