# JRE version: OpenJDK Runtime Environment Zulu17.50+19-CA (17.0.11+9) (build 17.0.11+9-LTS)
# Java VM: OpenJDK Server VM Zulu17.50+19-CA (17.0.11+9-LTS, mixed mode, sharing, tiered, g1 gc, linux-x86)
Heap:
 garbage-first heap   total 131072K, used 29854K [0xc5c00000, 0xe5c00000)
  region size 1024K, 27 young (27648K), 6 survivors (6144K)
 Metaspace       used 6341K, committed 7040K, reserved 16384K
GC Heap History (8 events):
Event: 66.428 GC heap before
{Heap before GC invocations=0 (full 0):
 garbage-first heap   total 131072K, used 12288K [0xc5c00000, 0xe5c00000)
  region size 1024K, 13 young (13312K), 0 survivors (0K)
 Metaspace       used 2469K, committed 2688K, reserved 16384K
}
Event: 66.465 GC heap after
{Heap after GC invocations=1 (full 0):
 garbage-first heap   total 131072K, used 2404K [0xc5c00000, 0xe5c00000)
  region size 1024K, 2 young (2048K), 2 survivors (2048K)
 Metaspace       used 2469K, committed 2688K, reserved 16384K
}
Event: 86.364 GC heap before
{Heap before GC invocations=1 (full 0):
 garbage-first heap   total 131072K, used 18788K [0xc5c00000, 0xe5c00000)
  region size 1024K, 18 young (18432K), 2 survivors (2048K)
 Metaspace       used 3983K, committed 4352K, reserved 16384K
}
Event: 86.381 GC heap after
{Heap after GC invocations=2 (full 0):
 garbage-first heap   total 131072K, used 4098K [0xc5c00000, 0xe5c00000)
  region size 1024K, 2 young (2048K), 2 survivors (2048K)
 Metaspace       used 3983K, committed 4352K, reserved 16384K
}
Event: 176.661 GC heap before
{Heap before GC invocations=2 (full 0):
 garbage-first heap   total 131072K, used 39938K [0xc5c00000, 0xe5c00000)
  region size 1024K, 37 young (37888K), 2 survivors (2048K)
 Metaspace       used 5146K, committed 5632K, reserved 16384K
}
Event: 176.682 GC heap after
{Heap after GC invocations=3 (full 0):
 garbage-first heap   total 131072K, used 5558K [0xc5c00000, 0xe5c00000)
  region size 1024K, 3 young (3072K), 3 survivors (3072K)
 Metaspace       used 5146K, committed 5632K, reserved 16384K
}
Event: 501.500 GC heap before
{Heap before GC invocations=3 (full 0):
 garbage-first heap   total 131072K, used 80310K [0xc5c00000, 0xe5c00000)
  region size 1024K, 76 young (77824K), 3 survivors (3072K)
 Metaspace       used 6259K, committed 6976K, reserved 16384K
}
Event: 501.544 GC heap after
{Heap after GC invocations=4 (full 0):
 garbage-first heap   total 131072K, used 8350K [0xc5c00000, 0xe5c00000)
  region size 1024K, 6 young (6144K), 6 survivors (6144K)
 Metaspace       used 6259K, committed 6976K, reserved 16384K
}

