# JRE version: OpenJDK Runtime Environment Zulu17.50+19-CA (17.0.11+9) (build 17.0.11+9-LTS)
# Java VM: OpenJDK Server VM Zulu17.50+19-CA (17.0.11+9-LTS, mixed mode, sharing, tiered, g1 gc, linux-x86)
Heap:
 garbage-first heap   total 131072K, used 73355K [0xc5c00000, 0xe5c00000)
  region size 1024K, 65 young (66560K), 5 survivors (5120K)
 Metaspace       used 8211K, committed 9216K, reserved 16384K
GC Heap History (14 events):
Event: 113.114 GC heap before
{Heap before GC invocations=0 (full 0):
 garbage-first heap   total 131072K, used 12288K [0xc5c00000, 0xe5c00000)
  region size 1024K, 13 young (13312K), 0 survivors (0K)
 Metaspace       used 2894K, committed 3136K, reserved 16384K
}
Event: 113.126 GC heap after
{Heap after GC invocations=1 (full 0):
 garbage-first heap   total 131072K, used 2535K [0xc5c00000, 0xe5c00000)
  region size 1024K, 2 young (2048K), 2 survivors (2048K)
 Metaspace       used 2894K, committed 3136K, reserved 16384K
}
Event: 150.725 GC heap before
{Heap before GC invocations=1 (full 0):
 garbage-first heap   total 131072K, used 18919K [0xc5c00000, 0xe5c00000)
  region size 1024K, 18 young (18432K), 2 survivors (2048K)
 Metaspace       used 4118K, committed 4480K, reserved 16384K
}
Event: 150.745 GC heap after
{Heap after GC invocations=2 (full 0):
 garbage-first heap   total 131072K, used 4055K [0xc5c00000, 0xe5c00000)
  region size 1024K, 2 young (2048K), 2 survivors (2048K)
 Metaspace       used 4118K, committed 4480K, reserved 16384K
}
Event: 256.071 GC heap before
{Heap before GC invocations=2 (full 0):
 garbage-first heap   total 131072K, used 39895K [0xc5c00000, 0xe5c00000)
  region size 1024K, 37 young (37888K), 2 survivors (2048K)
 Metaspace       used 5064K, committed 5504K, reserved 16384K
}
Event: 256.100 GC heap after
{Heap after GC invocations=3 (full 0):
 garbage-first heap   total 131072K, used 5541K [0xc5c00000, 0xe5c00000)
  region size 1024K, 3 young (3072K), 3 survivors (3072K)
 Metaspace       used 5064K, committed 5504K, reserved 16384K
}
Event: 356.738 GC heap before
{Heap before GC invocations=3 (full 0):
 garbage-first heap   total 131072K, used 80293K [0xc5c00000, 0xe5c00000)
  region size 1024K, 76 young (77824K), 3 survivors (3072K)
 Metaspace       used 5869K, committed 6464K, reserved 16384K
}
Event: 356.776 GC heap after
{Heap after GC invocations=4 (full 0):
 garbage-first heap   total 131072K, used 7972K [0xc5c00000, 0xe5c00000)
  region size 1024K, 6 young (6144K), 6 survivors (6144K)
 Metaspace       used 5869K, committed 6464K, reserved 16384K
}
Event: 375.570 GC heap before
{Heap before GC invocations=4 (full 0):
 garbage-first heap   total 131072K, used 79652K [0xc5c00000, 0xe5c00000)
  region size 1024K, 76 young (77824K), 6 survivors (6144K)
 Metaspace       used 6401K, committed 7168K, reserved 16384K
}
Event: 375.585 GC heap after
{Heap after GC invocations=5 (full 0):
 garbage-first heap   total 131072K, used 9535K [0xc5c00000, 0xe5c00000)
  region size 1024K, 7 young (7168K), 7 survivors (7168K)
 Metaspace       used 6401K, committed 7168K, reserved 16384K
}
Event: 569.764 GC heap before
{Heap before GC invocations=5 (full 0):
 garbage-first heap   total 131072K, used 80191K [0xc5c00000, 0xe5c00000)
  region size 1024K, 76 young (77824K), 7 survivors (7168K)
 Metaspace       used 7514K, committed 8448K, reserved 16384K
}
Event: 569.812 GC heap after
{Heap after GC invocations=6 (full 0):
 garbage-first heap   total 131072K, used 11566K [0xc5c00000, 0xe5c00000)
  region size 1024K, 8 young (8192K), 8 survivors (8192K)
 Metaspace       used 7514K, committed 8448K, reserved 16384K
}
Event: 588.701 GC heap before
{Heap before GC invocations=6 (full 0):
 garbage-first heap   total 131072K, used 81198K [0xc5c00000, 0xe5c00000)
  region size 1024K, 76 young (77824K), 8 survivors (8192K)
 Metaspace       used 7917K, committed 8896K, reserved 16384K
}
Event: 588.818 GC heap after
{Heap after GC invocations=7 (full 0):
 garbage-first heap   total 131072K, used 12937K [0xc5c00000, 0xe5c00000)
  region size 1024K, 5 young (5120K), 5 survivors (5120K)
 Metaspace       used 7917K, committed 8896K, reserved 16384K
}

