# JRE version: OpenJDK Runtime Environment Zulu17.50+19-CA (17.0.11+9) (build 17.0.11+9-LTS)
# Java VM: OpenJDK Server VM Zulu17.50+19-CA (17.0.11+9-LTS, mixed mode, sharing, tiered, g1 gc, linux-x86)
Heap:
 garbage-first heap   total 131072K, used 18889K [0xc5c00000, 0xe5c00000)
  region size 1024K, 13 young (13312K), 3 survivors (3072K)
 Metaspace       used 7767K, committed 8704K, reserved 16384K
GC Heap History (10 events):
Event: 55.128 GC heap before
{Heap before GC invocations=0 (full 0):
 garbage-first heap   total 131072K, used 12288K [0xc5c00000, 0xe5c00000)
  region size 1024K, 13 young (13312K), 0 survivors (0K)
 Metaspace       used 2659K, committed 2880K, reserved 16384K
}
Event: 55.146 GC heap after
{Heap after GC invocations=1 (full 0):
 garbage-first heap   total 131072K, used 2423K [0xc5c00000, 0xe5c00000)
  region size 1024K, 2 young (2048K), 2 survivors (2048K)
 Metaspace       used 2659K, committed 2880K, reserved 16384K
}
Event: 80.781 GC heap before
{Heap before GC invocations=1 (full 0):
 garbage-first heap   total 131072K, used 17783K [0xc5c00000, 0xe5c00000)
  region size 1024K, 18 young (18432K), 2 survivors (2048K)
 Metaspace       used 3907K, committed 4288K, reserved 16384K
}
Event: 80.798 GC heap after
{Heap after GC invocations=2 (full 0):
 garbage-first heap   total 131072K, used 3355K [0xc5c00000, 0xe5c00000)
  region size 1024K, 1 young (1024K), 1 survivors (1024K)
 Metaspace       used 3907K, committed 4288K, reserved 16384K
}
Event: 303.995 GC heap before
{Heap before GC invocations=2 (full 0):
 garbage-first heap   total 131072K, used 80155K [0xc5c00000, 0xe5c00000)
  region size 1024K, 76 young (77824K), 1 survivors (1024K)
 Metaspace       used 6090K, committed 6784K, reserved 16384K
}
Event: 304.036 GC heap after
{Heap after GC invocations=3 (full 0):
 garbage-first heap   total 131072K, used 7121K [0xc5c00000, 0xe5c00000)
  region size 1024K, 5 young (5120K), 5 survivors (5120K)
 Metaspace       used 6090K, committed 6784K, reserved 16384K
}
Event: 880.680 GC heap before
{Heap before GC invocations=3 (full 0):
 garbage-first heap   total 131072K, used 79825K [0xc5c00000, 0xe5c00000)
  region size 1024K, 76 young (77824K), 5 survivors (5120K)
 Metaspace       used 7751K, committed 8704K, reserved 16384K
}
Event: 880.715 GC heap after
{Heap after GC invocations=4 (full 0):
 garbage-first heap   total 131072K, used 10282K [0xc5c00000, 0xe5c00000)
  region size 1024K, 8 young (8192K), 8 survivors (8192K)
 Metaspace       used 7751K, committed 8704K, reserved 16384K
}
Event: 3627.702 GC heap before
{Heap before GC invocations=4 (full 0):
 garbage-first heap   total 131072K, used 79914K [0xc5c00000, 0xe5c00000)
  region size 1024K, 76 young (77824K), 8 survivors (8192K)
 Metaspace       used 7766K, committed 8704K, reserved 16384K
}
Event: 3627.768 GC heap after
{Heap after GC invocations=5 (full 0):
 garbage-first heap   total 131072K, used 9671K [0xc5c00000, 0xe5c00000)
  region size 1024K, 3 young (3072K), 3 survivors (3072K)
 Metaspace       used 7766K, committed 8704K, reserved 16384K
}

