# JRE version: OpenJDK Runtime Environment Zulu17.50+19-CA (17.0.11+9) (build 17.0.11+9-LTS)
# Java VM: OpenJDK Server VM Zulu17.50+19-CA (17.0.11+9-LTS, mixed mode, sharing, tiered, g1 gc, linux-x86)
Heap:
 garbage-first heap   total 131072K, used 6600K [0xc5c00000, 0xe5c00000)
  region size 1024K, 5 young (5120K), 2 survivors (2048K)
 Metaspace       used 3584K, committed 3904K, reserved 16384K
GC Heap History (20 events):
Event: 9498.227 GC heap before
{Heap before GC invocations=5 (full 0):
 garbage-first heap   total 131072K, used 79402K [0xc5c00000, 0xe5c00000)
  region size 1024K, 76 young (77824K), 2 survivors (2048K)
 Metaspace       used 3520K, committed 3776K, reserved 16384K
}
Event: 9498.241 GC heap after
{Heap after GC invocations=6 (full 0):
 garbage-first heap   total 131072K, used 3695K [0xc5c00000, 0xe5c00000)
  region size 1024K, 2 young (2048K), 2 survivors (2048K)
 Metaspace       used 3520K, committed 3776K, reserved 16384K
}
Event: 12180.629 GC heap before
{Heap before GC invocations=6 (full 0):
 garbage-first heap   total 131072K, used 79471K [0xc5c00000, 0xe5c00000)
  region size 1024K, 76 young (77824K), 2 survivors (2048K)
 Metaspace       used 3541K, committed 3776K, reserved 16384K
}
Event: 12180.645 GC heap after
{Heap after GC invocations=7 (full 0):
 garbage-first heap   total 131072K, used 3784K [0xc5c00000, 0xe5c00000)
  region size 1024K, 2 young (2048K), 2 survivors (2048K)
 Metaspace       used 3541K, committed 3776K, reserved 16384K
}
Event: 13975.233 GC heap before
{Heap before GC invocations=7 (full 0):
 garbage-first heap   total 131072K, used 79560K [0xc5c00000, 0xe5c00000)
  region size 1024K, 76 young (77824K), 2 survivors (2048K)
 Metaspace       used 3545K, committed 3840K, reserved 16384K
}
Event: 13975.252 GC heap after
{Heap after GC invocations=8 (full 0):
 garbage-first heap   total 131072K, used 3722K [0xc5c00000, 0xe5c00000)
  region size 1024K, 2 young (2048K), 2 survivors (2048K)
 Metaspace       used 3545K, committed 3840K, reserved 16384K
}
Event: 15831.231 GC heap before
{Heap before GC invocations=8 (full 0):
 garbage-first heap   total 131072K, used 79498K [0xc5c00000, 0xe5c00000)
  region size 1024K, 76 young (77824K), 2 survivors (2048K)
 Metaspace       used 3560K, committed 3840K, reserved 16384K
}
Event: 15831.287 GC heap after
{Heap after GC invocations=9 (full 0):
 garbage-first heap   total 131072K, used 3620K [0xc5c00000, 0xe5c00000)
  region size 1024K, 2 young (2048K), 2 survivors (2048K)
 Metaspace       used 3560K, committed 3840K, reserved 16384K
}
Event: 20120.295 GC heap before
{Heap before GC invocations=9 (full 0):
 garbage-first heap   total 131072K, used 79396K [0xc5c00000, 0xe5c00000)
  region size 1024K, 76 young (77824K), 2 survivors (2048K)
 Metaspace       used 3561K, committed 3840K, reserved 16384K
}
Event: 20120.304 GC heap after
{Heap after GC invocations=10 (full 0):
 garbage-first heap   total 131072K, used 3540K [0xc5c00000, 0xe5c00000)
  region size 1024K, 2 young (2048K), 2 survivors (2048K)
 Metaspace       used 3561K, committed 3840K, reserved 16384K
}
Event: 22918.186 GC heap before
{Heap before GC invocations=10 (full 0):
 garbage-first heap   total 131072K, used 79316K [0xc5c00000, 0xe5c00000)
  region size 1024K, 76 young (77824K), 2 survivors (2048K)
 Metaspace       used 3569K, committed 3904K, reserved 16384K
}
Event: 22918.269 GC heap after
{Heap after GC invocations=11 (full 0):
 garbage-first heap   total 131072K, used 3772K [0xc5c00000, 0xe5c00000)
  region size 1024K, 2 young (2048K), 2 survivors (2048K)
 Metaspace       used 3569K, committed 3904K, reserved 16384K
}
Event: 24585.094 GC heap before
{Heap before GC invocations=11 (full 0):
 garbage-first heap   total 131072K, used 79548K [0xc5c00000, 0xe5c00000)
  region size 1024K, 76 young (77824K), 2 survivors (2048K)
 Metaspace       used 3569K, committed 3904K, reserved 16384K
}
Event: 24585.126 GC heap after
{Heap after GC invocations=12 (full 0):
 garbage-first heap   total 131072K, used 3716K [0xc5c00000, 0xe5c00000)
  region size 1024K, 2 young (2048K), 2 survivors (2048K)
 Metaspace       used 3569K, committed 3904K, reserved 16384K
}
Event: 25684.662 GC heap before
{Heap before GC invocations=12 (full 0):
 garbage-first heap   total 131072K, used 79492K [0xc5c00000, 0xe5c00000)
  region size 1024K, 76 young (77824K), 2 survivors (2048K)
 Metaspace       used 3580K, committed 3904K, reserved 16384K
}
Event: 25684.679 GC heap after
{Heap after GC invocations=13 (full 0):
 garbage-first heap   total 131072K, used 3703K [0xc5c00000, 0xe5c00000)
  region size 1024K, 2 young (2048K), 2 survivors (2048K)
 Metaspace       used 3580K, committed 3904K, reserved 16384K
}
Event: 27909.459 GC heap before
{Heap before GC invocations=13 (full 0):
 garbage-first heap   total 131072K, used 79479K [0xc5c00000, 0xe5c00000)
  region size 1024K, 76 young (77824K), 2 survivors (2048K)
 Metaspace       used 3583K, committed 3904K, reserved 16384K
}
Event: 27909.492 GC heap after
{Heap after GC invocations=14 (full 0):
 garbage-first heap   total 131072K, used 3708K [0xc5c00000, 0xe5c00000)
  region size 1024K, 2 young (2048K), 2 survivors (2048K)
 Metaspace       used 3583K, committed 3904K, reserved 16384K
}
Event: 31863.696 GC heap before
{Heap before GC invocations=14 (full 0):
 garbage-first heap   total 131072K, used 79484K [0xc5c00000, 0xe5c00000)
  region size 1024K, 76 young (77824K), 2 survivors (2048K)
 Metaspace       used 3583K, committed 3904K, reserved 16384K
}
Event: 31863.734 GC heap after
{Heap after GC invocations=15 (full 0):
 garbage-first heap   total 131072K, used 3528K [0xc5c00000, 0xe5c00000)
  region size 1024K, 2 young (2048K), 2 survivors (2048K)
 Metaspace       used 3583K, committed 3904K, reserved 16384K
}

