# JRE version: OpenJDK Runtime Environment Zulu17.50+19-CA (17.0.11+9) (build 17.0.11+9-LTS)
# Java VM: OpenJDK Server VM Zulu17.50+19-CA (17.0.11+9-LTS, mixed mode, sharing, tiered, g1 gc, linux-x86)
Heap:
 garbage-first heap   total 131072K, used 38801K [0xc5c00000, 0xe5c00000)
  region size 1024K, 37 young (37888K), 3 survivors (3072K)
 Metaspace       used 3661K, committed 3904K, reserved 16384K
GC Heap History (20 events):
Event: 28.441 GC heap before
{Heap before GC invocations=1 (full 0):
 garbage-first heap   total 131072K, used 18653K [0xc5c00000, 0xe5c00000)
  region size 1024K, 18 young (18432K), 2 survivors (2048K)
 Metaspace       used 2127K, committed 2240K, reserved 16384K
}
Event: 28.465 GC heap after
{Heap after GC invocations=2 (full 0):
 garbage-first heap   total 131072K, used 2280K [0xc5c00000, 0xe5c00000)
  region size 1024K, 1 young (1024K), 1 survivors (1024K)
 Metaspace       used 2127K, committed 2240K, reserved 16384K
}
Event: 1277.997 GC heap before
{Heap before GC invocations=2 (full 0):
 garbage-first heap   total 131072K, used 79080K [0xc5c00000, 0xe5c00000)
  region size 1024K, 76 young (77824K), 1 survivors (1024K)
 Metaspace       used 3488K, committed 3712K, reserved 16384K
}
Event: 1278.037 GC heap after
{Heap after GC invocations=3 (full 0):
 garbage-first heap   total 131072K, used 3975K [0xc5c00000, 0xe5c00000)
  region size 1024K, 3 young (3072K), 3 survivors (3072K)
 Metaspace       used 3488K, committed 3712K, reserved 16384K
}
Event: 2537.706 GC heap before
{Heap before GC invocations=3 (full 0):
 garbage-first heap   total 131072K, used 78727K [0xc5c00000, 0xe5c00000)
  region size 1024K, 76 young (77824K), 3 survivors (3072K)
 Metaspace       used 3520K, committed 3776K, reserved 16384K
}
Event: 2537.739 GC heap after
{Heap after GC invocations=4 (full 0):
 garbage-first heap   total 131072K, used 3885K [0xc5c00000, 0xe5c00000)
  region size 1024K, 2 young (2048K), 2 survivors (2048K)
 Metaspace       used 3520K, committed 3776K, reserved 16384K
}
Event: 4715.585 GC heap before
{Heap before GC invocations=4 (full 0):
 garbage-first heap   total 131072K, used 79661K [0xc5c00000, 0xe5c00000)
  region size 1024K, 76 young (77824K), 2 survivors (2048K)
 Metaspace       used 3550K, committed 3776K, reserved 16384K
}
Event: 4715.650 GC heap after
{Heap after GC invocations=5 (full 0):
 garbage-first heap   total 131072K, used 3979K [0xc5c00000, 0xe5c00000)
  region size 1024K, 3 young (3072K), 3 survivors (3072K)
 Metaspace       used 3550K, committed 3776K, reserved 16384K
}
Event: 10633.127 GC heap before
{Heap before GC invocations=5 (full 0):
 garbage-first heap   total 131072K, used 78731K [0xc5c00000, 0xe5c00000)
  region size 1024K, 76 young (77824K), 3 survivors (3072K)
 Metaspace       used 3644K, committed 3904K, reserved 16384K
}
Event: 10633.199 GC heap after
{Heap after GC invocations=6 (full 0):
 garbage-first heap   total 131072K, used 3980K [0xc5c00000, 0xe5c00000)
  region size 1024K, 3 young (3072K), 3 survivors (3072K)
 Metaspace       used 3644K, committed 3904K, reserved 16384K
}
Event: 12880.191 GC heap before
{Heap before GC invocations=6 (full 0):
 garbage-first heap   total 131072K, used 78732K [0xc5c00000, 0xe5c00000)
  region size 1024K, 76 young (77824K), 3 survivors (3072K)
 Metaspace       used 3654K, committed 3904K, reserved 16384K
}
Event: 12880.202 GC heap after
{Heap after GC invocations=7 (full 0):
 garbage-first heap   total 131072K, used 3983K [0xc5c00000, 0xe5c00000)
  region size 1024K, 3 young (3072K), 3 survivors (3072K)
 Metaspace       used 3654K, committed 3904K, reserved 16384K
}
Event: 14546.959 GC heap before
{Heap before GC invocations=7 (full 0):
 garbage-first heap   total 131072K, used 78735K [0xc5c00000, 0xe5c00000)
  region size 1024K, 76 young (77824K), 3 survivors (3072K)
 Metaspace       used 3654K, committed 3904K, reserved 16384K
}
Event: 14547.005 GC heap after
{Heap after GC invocations=8 (full 0):
 garbage-first heap   total 131072K, used 3885K [0xc5c00000, 0xe5c00000)
  region size 1024K, 2 young (2048K), 2 survivors (2048K)
 Metaspace       used 3654K, committed 3904K, reserved 16384K
}
Event: 20235.679 GC heap before
{Heap before GC invocations=8 (full 0):
 garbage-first heap   total 131072K, used 79661K [0xc5c00000, 0xe5c00000)
  region size 1024K, 76 young (77824K), 2 survivors (2048K)
 Metaspace       used 3654K, committed 3904K, reserved 16384K
}
Event: 20235.721 GC heap after
{Heap after GC invocations=9 (full 0):
 garbage-first heap   total 131072K, used 3853K [0xc5c00000, 0xe5c00000)
  region size 1024K, 2 young (2048K), 2 survivors (2048K)
 Metaspace       used 3654K, committed 3904K, reserved 16384K
}
Event: 23072.905 GC heap before
{Heap before GC invocations=9 (full 0):
 garbage-first heap   total 131072K, used 79629K [0xc5c00000, 0xe5c00000)
  region size 1024K, 76 young (77824K), 2 survivors (2048K)
 Metaspace       used 3659K, committed 3904K, reserved 16384K
}
Event: 23072.944 GC heap after
{Heap after GC invocations=10 (full 0):
 garbage-first heap   total 131072K, used 4083K [0xc5c00000, 0xe5c00000)
  region size 1024K, 3 young (3072K), 3 survivors (3072K)
 Metaspace       used 3659K, committed 3904K, reserved 16384K
}
Event: 23915.813 GC heap before
{Heap before GC invocations=10 (full 0):
 garbage-first heap   total 131072K, used 78835K [0xc5c00000, 0xe5c00000)
  region size 1024K, 76 young (77824K), 3 survivors (3072K)
 Metaspace       used 3660K, committed 3904K, reserved 16384K
}
Event: 23915.834 GC heap after
{Heap after GC invocations=11 (full 0):
 garbage-first heap   total 131072K, used 3985K [0xc5c00000, 0xe5c00000)
  region size 1024K, 3 young (3072K), 3 survivors (3072K)
 Metaspace       used 3660K, committed 3904K, reserved 16384K
}

