# JRE version: OpenJDK Runtime Environment Zulu17.50+19-CA (17.0.11+9) (build 17.0.11+9-LTS)
# Java VM: OpenJDK Server VM Zulu17.50+19-CA (17.0.11+9-LTS, mixed mode, sharing, tiered, g1 gc, linux-x86)
Heap:
 garbage-first heap   total 131072K, used 61599K [0xc5c00000, 0xe5c00000)
  region size 1024K, 45 young (46080K), 9 survivors (9216K)
 Metaspace       used 10484K, committed 12032K, reserved 16384K
GC Heap History (20 events):
Event: 103.212 GC heap before
{Heap before GC invocations=2 (full 0):
 garbage-first heap   total 131072K, used 79715K [0xc5c00000, 0xe5c00000)
  region size 1024K, 76 young (77824K), 2 survivors (2048K)
 Metaspace       used 4899K, committed 5440K, reserved 16384K
}
Event: 103.229 GC heap after
{Heap after GC invocations=3 (full 0):
 garbage-first heap   total 131072K, used 6432K [0xc5c00000, 0xe5c00000)
  region size 1024K, 4 young (4096K), 4 survivors (4096K)
 Metaspace       used 4899K, committed 5440K, reserved 16384K
}
Event: 112.314 GC heap before
{Heap before GC invocations=3 (full 0):
 garbage-first heap   total 131072K, used 80160K [0xc5c00000, 0xe5c00000)
  region size 1024K, 76 young (77824K), 4 survivors (4096K)
 Metaspace       used 5623K, committed 6272K, reserved 16384K
}
Event: 112.322 GC heap after
{Heap after GC invocations=4 (full 0):
 garbage-first heap   total 131072K, used 7510K [0xc5c00000, 0xe5c00000)
  region size 1024K, 5 young (5120K), 5 survivors (5120K)
 Metaspace       used 5623K, committed 6272K, reserved 16384K
}
Event: 129.447 GC heap before
{Heap before GC invocations=4 (full 0):
 garbage-first heap   total 131072K, used 80214K [0xc5c00000, 0xe5c00000)
  region size 1024K, 76 young (77824K), 5 survivors (5120K)
 Metaspace       used 6264K, committed 7104K, reserved 16384K
}
Event: 129.488 GC heap after
{Heap after GC invocations=5 (full 0):
 garbage-first heap   total 131072K, used 9244K [0xc5c00000, 0xe5c00000)
  region size 1024K, 7 young (7168K), 7 survivors (7168K)
 Metaspace       used 6264K, committed 7104K, reserved 16384K
}
Event: 197.809 GC heap before
{Heap before GC invocations=5 (full 0):
 garbage-first heap   total 131072K, used 79900K [0xc5c00000, 0xe5c00000)
  region size 1024K, 76 young (77824K), 7 survivors (7168K)
 Metaspace       used 8223K, committed 9344K, reserved 16384K
}
Event: 197.837 GC heap after
{Heap after GC invocations=6 (full 0):
 garbage-first heap   total 131072K, used 13022K [0xc5c00000, 0xe5c00000)
  region size 1024K, 9 young (9216K), 9 survivors (9216K)
 Metaspace       used 8223K, committed 9344K, reserved 16384K
}
Event: 325.719 GC heap before
{Heap before GC invocations=6 (full 0):
 garbage-first heap   total 131072K, used 81630K [0xc5c00000, 0xe5c00000)
  region size 1024K, 76 young (77824K), 9 survivors (9216K)
 Metaspace       used 8648K, committed 9920K, reserved 16384K
}
Event: 325.757 GC heap after
{Heap after GC invocations=7 (full 0):
 garbage-first heap   total 131072K, used 15789K [0xc5c00000, 0xe5c00000)
  region size 1024K, 7 young (7168K), 7 survivors (7168K)
 Metaspace       used 8648K, committed 9920K, reserved 16384K
}
Event: 363.306 GC heap before
{Heap before GC invocations=7 (full 0):
 garbage-first heap   total 131072K, used 86445K [0xc5c00000, 0xe5c00000)
  region size 1024K, 76 young (77824K), 7 survivors (7168K)
 Metaspace       used 9074K, committed 10432K, reserved 16384K
}
Event: 363.348 GC heap after
{Heap after GC invocations=8 (full 0):
 garbage-first heap   total 131072K, used 17911K [0xc5c00000, 0xe5c00000)
  region size 1024K, 5 young (5120K), 5 survivors (5120K)
 Metaspace       used 9074K, committed 10432K, reserved 16384K
}
Event: 456.131 GC heap before
{Heap before GC invocations=8 (full 0):
 garbage-first heap   total 131072K, used 90615K [0xc5c00000, 0xe5c00000)
  region size 1024K, 76 young (77824K), 5 survivors (5120K)
 Metaspace       used 9509K, committed 10944K, reserved 16384K
}
Event: 456.182 GC heap after
{Heap after GC invocations=9 (full 0):
 garbage-first heap   total 131072K, used 19424K [0xc5c00000, 0xe5c00000)
  region size 1024K, 7 young (7168K), 7 survivors (7168K)
 Metaspace       used 9509K, committed 10944K, reserved 16384K
}
Event: 470.626 GC heap before
{Heap before GC invocations=9 (full 0):
 garbage-first heap   total 131072K, used 90080K [0xc5c00000, 0xe5c00000)
  region size 1024K, 76 young (77824K), 7 survivors (7168K)
 Metaspace       used 9854K, committed 11328K, reserved 16384K
}
Event: 470.694 GC heap after
{Heap after GC invocations=10 (full 0):
 garbage-first heap   total 131072K, used 20510K [0xc5c00000, 0xe5c00000)
  region size 1024K, 5 young (5120K), 5 survivors (5120K)
 Metaspace       used 9854K, committed 11328K, reserved 16384K
}
Event: 480.423 GC heap before
{Heap before GC invocations=10 (full 0):
 garbage-first heap   total 131072K, used 93214K [0xc5c00000, 0xe5c00000)
  region size 1024K, 76 young (77824K), 5 survivors (5120K)
 Metaspace       used 10032K, committed 11520K, reserved 16384K
}
Event: 480.433 GC heap after
{Heap after GC invocations=11 (full 0):
 garbage-first heap   total 131072K, used 20907K [0xc5c00000, 0xe5c00000)
  region size 1024K, 6 young (6144K), 6 survivors (6144K)
 Metaspace       used 10032K, committed 11520K, reserved 16384K
}
Event: 598.674 GC heap before
{Heap before GC invocations=11 (full 0):
 garbage-first heap   total 131072K, used 92587K [0xc5c00000, 0xe5c00000)
  region size 1024K, 76 young (77824K), 6 survivors (6144K)
 Metaspace       used 10356K, committed 11904K, reserved 16384K
}
Event: 598.708 GC heap after
{Heap after GC invocations=12 (full 0):
 garbage-first heap   total 131072K, used 24735K [0xc5c00000, 0xe5c00000)
  region size 1024K, 9 young (9216K), 9 survivors (9216K)
 Metaspace       used 10356K, committed 11904K, reserved 16384K
}

