# JRE version: OpenJDK Runtime Environment Zulu17.50+19-CA (17.0.11+9) (build 17.0.11+9-LTS)
# Java VM: OpenJDK Server VM Zulu17.50+19-CA (17.0.11+9-LTS, mixed mode, sharing, tiered, g1 gc, linux-x86)
Heap:
 garbage-first heap   total 131072K, used 46710K [0xc5c00000, 0xe5c00000)
  region size 1024K, 44 young (45056K), 2 survivors (2048K)
 Metaspace       used 3481K, committed 3712K, reserved 16384K
GC Heap History (14 events):
Event: 30.817 GC heap before
{Heap before GC invocations=0 (full 0):
 garbage-first heap   total 131072K, used 12288K [0xc5c00000, 0xe5c00000)
  region size 1024K, 13 young (13312K), 0 survivors (0K)
 Metaspace       used 1925K, committed 2048K, reserved 16384K
}
Event: 30.999 GC heap after
{Heap after GC invocations=1 (full 0):
 garbage-first heap   total 131072K, used 2056K [0xc5c00000, 0xe5c00000)
  region size 1024K, 2 young (2048K), 2 survivors (2048K)
 Metaspace       used 1925K, committed 2048K, reserved 16384K
}
Event: 168.258 GC heap before
{Heap before GC invocations=1 (full 0):
 garbage-first heap   total 131072K, used 19464K [0xc5c00000, 0xe5c00000)
  region size 1024K, 19 young (19456K), 2 survivors (2048K)
 Metaspace       used 3114K, committed 3328K, reserved 16384K
}
Event: 168.362 GC heap after
{Heap after GC invocations=2 (full 0):
 garbage-first heap   total 131072K, used 3406K [0xc5c00000, 0xe5c00000)
  region size 1024K, 2 young (2048K), 2 survivors (2048K)
 Metaspace       used 3114K, committed 3328K, reserved 16384K
}
Event: 5735.978 GC heap before
{Heap before GC invocations=2 (full 0):
 garbage-first heap   total 131072K, used 65870K [0xc5c00000, 0xe5c00000)
  region size 1024K, 63 young (64512K), 2 survivors (2048K)
 Metaspace       used 3316K, committed 3520K, reserved 16384K
}
Event: 5736.011 GC heap after
{Heap after GC invocations=3 (full 0):
 garbage-first heap   total 131072K, used 3661K [0xc5c00000, 0xe5c00000)
  region size 1024K, 2 young (2048K), 2 survivors (2048K)
 Metaspace       used 3316K, committed 3520K, reserved 16384K
}
Event: 8616.830 GC heap before
{Heap before GC invocations=3 (full 0):
 garbage-first heap   total 131072K, used 79437K [0xc5c00000, 0xe5c00000)
  region size 1024K, 76 young (77824K), 2 survivors (2048K)
 Metaspace       used 3444K, committed 3648K, reserved 16384K
}
Event: 8616.864 GC heap after
{Heap after GC invocations=4 (full 0):
 garbage-first heap   total 131072K, used 3723K [0xc5c00000, 0xe5c00000)
  region size 1024K, 2 young (2048K), 2 survivors (2048K)
 Metaspace       used 3444K, committed 3648K, reserved 16384K
}
Event: 9861.406 GC heap before
{Heap before GC invocations=4 (full 0):
 garbage-first heap   total 131072K, used 79499K [0xc5c00000, 0xe5c00000)
  region size 1024K, 76 young (77824K), 2 survivors (2048K)
 Metaspace       used 3455K, committed 3712K, reserved 16384K
}
Event: 9861.453 GC heap after
{Heap after GC invocations=5 (full 0):
 garbage-first heap   total 131072K, used 3621K [0xc5c00000, 0xe5c00000)
  region size 1024K, 2 young (2048K), 2 survivors (2048K)
 Metaspace       used 3455K, committed 3712K, reserved 16384K
}
Event: 15941.580 GC heap before
{Heap before GC invocations=5 (full 0):
 garbage-first heap   total 131072K, used 79397K [0xc5c00000, 0xe5c00000)
  region size 1024K, 76 young (77824K), 2 survivors (2048K)
 Metaspace       used 3468K, committed 3712K, reserved 16384K
}
Event: 15941.614 GC heap after
{Heap after GC invocations=6 (full 0):
 garbage-first heap   total 131072K, used 3701K [0xc5c00000, 0xe5c00000)
  region size 1024K, 2 young (2048K), 2 survivors (2048K)
 Metaspace       used 3468K, committed 3712K, reserved 16384K
}
Event: 19890.727 GC heap before
{Heap before GC invocations=6 (full 0):
 garbage-first heap   total 131072K, used 79477K [0xc5c00000, 0xe5c00000)
  region size 1024K, 76 young (77824K), 2 survivors (2048K)
 Metaspace       used 3476K, committed 3712K, reserved 16384K
}
Event: 19890.760 GC heap after
{Heap after GC invocations=7 (full 0):
 garbage-first heap   total 131072K, used 3702K [0xc5c00000, 0xe5c00000)
  region size 1024K, 2 young (2048K), 2 survivors (2048K)
 Metaspace       used 3476K, committed 3712K, reserved 16384K
}

