# JRE version: OpenJDK Runtime Environment Zulu17.50+19-CA (17.0.11+9) (build 17.0.11+9-LTS)
# Java VM: OpenJDK Server VM Zulu17.50+19-CA (17.0.11+9-LTS, mixed mode, sharing, tiered, g1 gc, linux-x86)
Heap:
 garbage-first heap   total 131072K, used 60858K [0xc5c00000, 0xe5c00000)
  region size 1024K, 58 young (59392K), 2 survivors (2048K)
 Metaspace       used 3501K, committed 3776K, reserved 16384K
GC Heap History (8 events):
Event: 38.415 GC heap before
{Heap before GC invocations=0 (full 0):
 garbage-first heap   total 131072K, used 12288K [0xc5c00000, 0xe5c00000)
  region size 1024K, 13 young (13312K), 0 survivors (0K)
 Metaspace       used 2042K, committed 2240K, reserved 16384K
}
Event: 38.460 GC heap after
{Heap after GC invocations=1 (full 0):
 garbage-first heap   total 131072K, used 2025K [0xc5c00000, 0xe5c00000)
  region size 1024K, 2 young (2048K), 2 survivors (2048K)
 Metaspace       used 2042K, committed 2240K, reserved 16384K
}
Event: 598.027 GC heap before
{Heap before GC invocations=1 (full 0):
 garbage-first heap   total 131072K, used 19433K [0xc5c00000, 0xe5c00000)
  region size 1024K, 19 young (19456K), 2 survivors (2048K)
 Metaspace       used 3149K, committed 3392K, reserved 16384K
}
Event: 598.068 GC heap after
{Heap after GC invocations=2 (full 0):
 garbage-first heap   total 131072K, used 3020K [0xc5c00000, 0xe5c00000)
  region size 1024K, 2 young (2048K), 2 survivors (2048K)
 Metaspace       used 3149K, committed 3392K, reserved 16384K
}
Event: 2022.668 GC heap before
{Heap before GC invocations=2 (full 0):
 garbage-first heap   total 131072K, used 78796K [0xc5c00000, 0xe5c00000)
  region size 1024K, 76 young (77824K), 2 survivors (2048K)
 Metaspace       used 3471K, committed 3776K, reserved 16384K
}
Event: 2022.695 GC heap after
{Heap after GC invocations=3 (full 0):
 garbage-first heap   total 131072K, used 3361K [0xc5c00000, 0xe5c00000)
  region size 1024K, 2 young (2048K), 2 survivors (2048K)
 Metaspace       used 3471K, committed 3776K, reserved 16384K
}
Event: 3383.226 GC heap before
{Heap before GC invocations=3 (full 0):
 garbage-first heap   total 131072K, used 79137K [0xc5c00000, 0xe5c00000)
  region size 1024K, 76 young (77824K), 2 survivors (2048K)
 Metaspace       used 3490K, committed 3776K, reserved 16384K
}
Event: 3383.278 GC heap after
{Heap after GC invocations=4 (full 0):
 garbage-first heap   total 131072K, used 3514K [0xc5c00000, 0xe5c00000)
  region size 1024K, 2 young (2048K), 2 survivors (2048K)
 Metaspace       used 3490K, committed 3776K, reserved 16384K
}

