# JRE version: OpenJDK Runtime Environment Zulu17.50+19-CA (17.0.11+9) (build 17.0.11+9-LTS)
# Java VM: OpenJDK Server VM Zulu17.50+19-CA (17.0.11+9-LTS, mixed mode, sharing, tiered, g1 gc, linux-x86)
Heap:
 garbage-first heap   total 131072K, used 26662K [0xc5c00000, 0xe5c00000)
  region size 1024K, 25 young (25600K), 3 survivors (3072K)
 Metaspace       used 3618K, committed 3904K, reserved 16384K
GC Heap History (10 events):
Event: 32.622 GC heap before
{Heap before GC invocations=0 (full 0):
 garbage-first heap   total 131072K, used 12288K [0xc5c00000, 0xe5c00000)
  region size 1024K, 13 young (13312K), 0 survivors (0K)
 Metaspace       used 1870K, committed 1984K, reserved 16384K
}
Event: 32.730 GC heap after
{Heap after GC invocations=1 (full 0):
 garbage-first heap   total 131072K, used 2615K [0xc5c00000, 0xe5c00000)
  region size 1024K, 2 young (2048K), 2 survivors (2048K)
 Metaspace       used 1870K, committed 1984K, reserved 16384K
}
Event: 33.861 GC heap before
{Heap before GC invocations=1 (full 0):
 garbage-first heap   total 131072K, used 16951K [0xc5c00000, 0xe5c00000)
  region size 1024K, 16 young (16384K), 2 survivors (2048K)
 Metaspace       used 2140K, committed 2304K, reserved 16384K
}
Event: 33.906 GC heap after
{Heap after GC invocations=2 (full 0):
 garbage-first heap   total 131072K, used 2380K [0xc5c00000, 0xe5c00000)
  region size 1024K, 1 young (1024K), 1 survivors (1024K)
 Metaspace       used 2140K, committed 2304K, reserved 16384K
}
Event: 1226.969 GC heap before
{Heap before GC invocations=2 (full 0):
 garbage-first heap   total 131072K, used 79180K [0xc5c00000, 0xe5c00000)
  region size 1024K, 76 young (77824K), 1 survivors (1024K)
 Metaspace       used 3498K, committed 3712K, reserved 16384K
}
Event: 1226.994 GC heap after
{Heap after GC invocations=3 (full 0):
 garbage-first heap   total 131072K, used 4127K [0xc5c00000, 0xe5c00000)
  region size 1024K, 3 young (3072K), 3 survivors (3072K)
 Metaspace       used 3498K, committed 3712K, reserved 16384K
}
Event: 2656.787 GC heap before
{Heap before GC invocations=3 (full 0):
 garbage-first heap   total 131072K, used 78879K [0xc5c00000, 0xe5c00000)
  region size 1024K, 76 young (77824K), 3 survivors (3072K)
 Metaspace       used 3596K, committed 3904K, reserved 16384K
}
Event: 2656.839 GC heap after
{Heap after GC invocations=4 (full 0):
 garbage-first heap   total 131072K, used 4287K [0xc5c00000, 0xe5c00000)
  region size 1024K, 3 young (3072K), 3 survivors (3072K)
 Metaspace       used 3596K, committed 3904K, reserved 16384K
}
Event: 4233.583 GC heap before
{Heap before GC invocations=4 (full 0):
 garbage-first heap   total 131072K, used 79039K [0xc5c00000, 0xe5c00000)
  region size 1024K, 76 young (77824K), 3 survivors (3072K)
 Metaspace       used 3615K, committed 3904K, reserved 16384K
}
Event: 4233.639 GC heap after
{Heap after GC invocations=5 (full 0):
 garbage-first heap   total 131072K, used 4134K [0xc5c00000, 0xe5c00000)
  region size 1024K, 3 young (3072K), 3 survivors (3072K)
 Metaspace       used 3615K, committed 3904K, reserved 16384K
}

