# JRE version: OpenJDK Runtime Environment Zulu17.50+19-CA (17.0.11+9) (build 17.0.11+9-LTS)
# Java VM: OpenJDK Server VM Zulu17.50+19-CA (17.0.11+9-LTS, mixed mode, sharing, tiered, g1 gc, linux-x86)
Heap:
 garbage-first heap   total 131072K, used 53859K [0xc5c00000, 0xe5c00000)
  region size 1024K, 31 young (31744K), 9 survivors (9216K)
 Metaspace       used 12561K, committed 14656K, reserved 32768K
GC Heap History (20 events):
Event: 214.822 GC heap before
{Heap before GC invocations=4 (full 0):
 garbage-first heap   total 131072K, used 79954K [0xc5c00000, 0xe5c00000)
  region size 1024K, 76 young (77824K), 7 survivors (7168K)
 Metaspace       used 7079K, committed 8128K, reserved 16384K
}
Event: 214.846 GC heap after
{Heap after GC invocations=5 (full 0):
 garbage-first heap   total 131072K, used 10887K [0xc5c00000, 0xe5c00000)
  region size 1024K, 5 young (5120K), 5 survivors (5120K)
 Metaspace       used 7079K, committed 8128K, reserved 16384K
}
Event: 268.878 GC heap before
{Heap before GC invocations=5 (full 0):
 garbage-first heap   total 131072K, used 83591K [0xc5c00000, 0xe5c00000)
  region size 1024K, 76 young (77824K), 5 survivors (5120K)
 Metaspace       used 7682K, committed 8832K, reserved 16384K
}
Event: 268.985 GC heap after
{Heap after GC invocations=6 (full 0):
 garbage-first heap   total 131072K, used 13863K [0xc5c00000, 0xe5c00000)
  region size 1024K, 8 young (8192K), 8 survivors (8192K)
 Metaspace       used 7682K, committed 8832K, reserved 16384K
}
Event: 282.027 GC heap before
{Heap before GC invocations=6 (full 0):
 garbage-first heap   total 131072K, used 83495K [0xc5c00000, 0xe5c00000)
  region size 1024K, 76 young (77824K), 8 survivors (8192K)
 Metaspace       used 8208K, committed 9472K, reserved 16384K
}
Event: 282.069 GC heap after
{Heap after GC invocations=7 (full 0):
 garbage-first heap   total 131072K, used 15445K [0xc5c00000, 0xe5c00000)
  region size 1024K, 7 young (7168K), 7 survivors (7168K)
 Metaspace       used 8208K, committed 9472K, reserved 16384K
}
Event: 313.816 GC heap before
{Heap before GC invocations=7 (full 0):
 garbage-first heap   total 131072K, used 86101K [0xc5c00000, 0xe5c00000)
  region size 1024K, 76 young (77824K), 7 survivors (7168K)
 Metaspace       used 8778K, committed 10176K, reserved 16384K
}
Event: 313.841 GC heap after
{Heap after GC invocations=8 (full 0):
 garbage-first heap   total 131072K, used 17230K [0xc5c00000, 0xe5c00000)
  region size 1024K, 7 young (7168K), 7 survivors (7168K)
 Metaspace       used 8778K, committed 10176K, reserved 16384K
}
Event: 393.171 GC heap before
{Heap before GC invocations=8 (full 0):
 garbage-first heap   total 131072K, used 87886K [0xc5c00000, 0xe5c00000)
  region size 1024K, 76 young (77824K), 7 survivors (7168K)
 Metaspace       used 9353K, committed 10880K, reserved 16384K
}
Event: 393.230 GC heap after
{Heap after GC invocations=9 (full 0):
 garbage-first heap   total 131072K, used 20420K [0xc5c00000, 0xe5c00000)
  region size 1024K, 7 young (7168K), 7 survivors (7168K)
 Metaspace       used 9353K, committed 10880K, reserved 16384K
}
Event: 466.218 GC heap before
{Heap before GC invocations=9 (full 0):
 garbage-first heap   total 131072K, used 91076K [0xc5c00000, 0xe5c00000)
  region size 1024K, 76 young (77824K), 7 survivors (7168K)
 Metaspace       used 9713K, committed 11328K, reserved 16384K
}
Event: 466.321 GC heap after
{Heap after GC invocations=10 (full 0):
 garbage-first heap   total 131072K, used 22106K [0xc5c00000, 0xe5c00000)
  region size 1024K, 7 young (7168K), 7 survivors (7168K)
 Metaspace       used 9713K, committed 11328K, reserved 16384K
}
Event: 493.616 GC heap before
{Heap before GC invocations=10 (full 0):
 garbage-first heap   total 131072K, used 92762K [0xc5c00000, 0xe5c00000)
  region size 1024K, 76 young (77824K), 7 survivors (7168K)
 Metaspace       used 10211K, committed 11904K, reserved 16384K
}
Event: 493.652 GC heap after
{Heap after GC invocations=11 (full 0):
 garbage-first heap   total 131072K, used 23419K [0xc5c00000, 0xe5c00000)
  region size 1024K, 6 young (6144K), 6 survivors (6144K)
 Metaspace       used 10211K, committed 11904K, reserved 16384K
}
Event: 508.491 GC heap before
{Heap before GC invocations=11 (full 0):
 garbage-first heap   total 131072K, used 95099K [0xc5c00000, 0xe5c00000)
  region size 1024K, 76 young (77824K), 6 survivors (6144K)
 Metaspace       used 10945K, committed 12800K, reserved 16384K
}
Event: 508.521 GC heap after
{Heap after GC invocations=12 (full 0):
 garbage-first heap   total 131072K, used 25499K [0xc5c00000, 0xe5c00000)
  region size 1024K, 6 young (6144K), 6 survivors (6144K)
 Metaspace       used 10945K, committed 12800K, reserved 16384K
}
Event: 574.812 GC heap before
{Heap before GC invocations=12 (full 0):
 garbage-first heap   total 131072K, used 97179K [0xc5c00000, 0xe5c00000)
  region size 1024K, 76 young (77824K), 6 survivors (6144K)
 Metaspace       used 11570K, committed 13568K, reserved 16384K
}
Event: 574.881 GC heap after
{Heap after GC invocations=13 (full 0):
 garbage-first heap   total 131072K, used 28037K [0xc5c00000, 0xe5c00000)
  region size 1024K, 8 young (8192K), 8 survivors (8192K)
 Metaspace       used 11570K, committed 13568K, reserved 16384K
}
Event: 803.733 GC heap before
{Heap before GC invocations=13 (full 0):
 garbage-first heap   total 131072K, used 97669K [0xc5c00000, 0xe5c00000)
  region size 1024K, 76 young (77824K), 8 survivors (8192K)
 Metaspace       used 12548K, committed 14592K, reserved 32768K
}
Event: 803.835 GC heap after
{Heap after GC invocations=14 (full 0):
 garbage-first heap   total 131072K, used 32353K [0xc5c00000, 0xe5c00000)
  region size 1024K, 9 young (9216K), 9 survivors (9216K)
 Metaspace       used 12548K, committed 14592K, reserved 32768K
}

