# JRE version: OpenJDK Runtime Environment Zulu17.50+19-CA (17.0.11+9) (build 17.0.11+9-LTS)
# Java VM: OpenJDK Server VM Zulu17.50+19-CA (17.0.11+9-LTS, mixed mode, sharing, tiered, g1 gc, linux-x86)
Heap:
 garbage-first heap   total 131072K, used 23365K [0xc5c00000, 0xe5c00000)
  region size 1024K, 22 young (22528K), 9 survivors (9216K)
 Metaspace       used 7727K, committed 8704K, reserved 16384K
GC Heap History (10 events):
Event: 67.496 GC heap before
{Heap before GC invocations=0 (full 0):
 garbage-first heap   total 131072K, used 12288K [0xc5c00000, 0xe5c00000)
  region size 1024K, 13 young (13312K), 0 survivors (0K)
 Metaspace       used 2736K, committed 2944K, reserved 16384K
}
Event: 67.548 GC heap after
{Heap after GC invocations=1 (full 0):
 garbage-first heap   total 131072K, used 2244K [0xc5c00000, 0xe5c00000)
  region size 1024K, 2 young (2048K), 2 survivors (2048K)
 Metaspace       used 2736K, committed 2944K, reserved 16384K
}
Event: 156.180 GC heap before
{Heap before GC invocations=1 (full 0):
 garbage-first heap   total 131072K, used 18628K [0xc5c00000, 0xe5c00000)
  region size 1024K, 18 young (18432K), 2 survivors (2048K)
 Metaspace       used 4028K, committed 4352K, reserved 16384K
}
Event: 156.206 GC heap after
{Heap after GC invocations=2 (full 0):
 garbage-first heap   total 131072K, used 3705K [0xc5c00000, 0xe5c00000)
  region size 1024K, 2 young (2048K), 2 survivors (2048K)
 Metaspace       used 4028K, committed 4352K, reserved 16384K
}
Event: 260.015 GC heap before
{Heap before GC invocations=2 (full 0):
 garbage-first heap   total 131072K, used 39545K [0xc5c00000, 0xe5c00000)
  region size 1024K, 37 young (37888K), 2 survivors (2048K)
 Metaspace       used 5279K, committed 5824K, reserved 16384K
}
Event: 260.031 GC heap after
{Heap after GC invocations=3 (full 0):
 garbage-first heap   total 131072K, used 5307K [0xc5c00000, 0xe5c00000)
  region size 1024K, 3 young (3072K), 3 survivors (3072K)
 Metaspace       used 5279K, committed 5824K, reserved 16384K
}
Event: 365.837 GC heap before
{Heap before GC invocations=3 (full 0):
 garbage-first heap   total 131072K, used 80059K [0xc5c00000, 0xe5c00000)
  region size 1024K, 76 young (77824K), 3 survivors (3072K)
 Metaspace       used 6481K, committed 7232K, reserved 16384K
}
Event: 365.880 GC heap after
{Heap after GC invocations=4 (full 0):
 garbage-first heap   total 131072K, used 7479K [0xc5c00000, 0xe5c00000)
  region size 1024K, 6 young (6144K), 6 survivors (6144K)
 Metaspace       used 6481K, committed 7232K, reserved 16384K
}
Event: 691.403 GC heap before
{Heap before GC invocations=4 (full 0):
 garbage-first heap   total 131072K, used 79159K [0xc5c00000, 0xe5c00000)
  region size 1024K, 76 young (77824K), 6 survivors (6144K)
 Metaspace       used 7687K, committed 8640K, reserved 16384K
}
Event: 691.470 GC heap after
{Heap after GC invocations=5 (full 0):
 garbage-first heap   total 131072K, used 11075K [0xc5c00000, 0xe5c00000)
  region size 1024K, 9 young (9216K), 9 survivors (9216K)
 Metaspace       used 7687K, committed 8640K, reserved 16384K
}

