# JRE version: OpenJDK Runtime Environment Zulu17.50+19-CA (17.0.11+9) (build 17.0.11+9-LTS)
# Java VM: OpenJDK Server VM Zulu17.50+19-CA (17.0.11+9-LTS, mixed mode, sharing, tiered, g1 gc, linux-x86)
Heap:
 garbage-first heap   total 131072K, used 57057K [0xc5c00000, 0xe5c00000)
  region size 1024K, 53 young (54272K), 6 survivors (6144K)
 Metaspace       used 5776K, committed 6528K, reserved 16384K
GC Heap History (10 events):
Event: 69.773 GC heap before
{Heap before GC invocations=0 (full 0):
 garbage-first heap   total 131072K, used 12288K [0xc5c00000, 0xe5c00000)
  region size 1024K, 13 young (13312K), 0 survivors (0K)
 Metaspace       used 2134K, committed 2304K, reserved 16384K
}
Event: 69.789 GC heap after
{Heap after GC invocations=1 (full 0):
 garbage-first heap   total 131072K, used 1825K [0xc5c00000, 0xe5c00000)
  region size 1024K, 2 young (2048K), 2 survivors (2048K)
 Metaspace       used 2134K, committed 2304K, reserved 16384K
}
Event: 105.928 GC heap before
{Heap before GC invocations=1 (full 0):
 garbage-first heap   total 131072K, used 19233K [0xc5c00000, 0xe5c00000)
  region size 1024K, 19 young (19456K), 2 survivors (2048K)
 Metaspace       used 3481K, committed 3776K, reserved 16384K
}
Event: 105.946 GC heap after
{Heap after GC invocations=2 (full 0):
 garbage-first heap   total 131072K, used 3210K [0xc5c00000, 0xe5c00000)
  region size 1024K, 2 young (2048K), 2 survivors (2048K)
 Metaspace       used 3481K, committed 3776K, reserved 16384K
}
Event: 199.616 GC heap before
{Heap before GC invocations=2 (full 0):
 garbage-first heap   total 131072K, used 78986K [0xc5c00000, 0xe5c00000)
  region size 1024K, 76 young (77824K), 2 survivors (2048K)
 Metaspace       used 4810K, committed 5440K, reserved 16384K
}
Event: 199.633 GC heap after
{Heap after GC invocations=3 (full 0):
 garbage-first heap   total 131072K, used 5813K [0xc5c00000, 0xe5c00000)
  region size 1024K, 4 young (4096K), 4 survivors (4096K)
 Metaspace       used 4810K, committed 5440K, reserved 16384K
}
Event: 499.970 GC heap before
{Heap before GC invocations=3 (full 0):
 garbage-first heap   total 131072K, used 79541K [0xc5c00000, 0xe5c00000)
  region size 1024K, 76 young (77824K), 4 survivors (4096K)
 Metaspace       used 5705K, committed 6464K, reserved 16384K
}
Event: 499.993 GC heap after
{Heap after GC invocations=4 (full 0):
 garbage-first heap   total 131072K, used 7691K [0xc5c00000, 0xe5c00000)
  region size 1024K, 6 young (6144K), 6 survivors (6144K)
 Metaspace       used 5705K, committed 6464K, reserved 16384K
}
Event: 14128.480 GC heap before
{Heap before GC invocations=4 (full 0):
 garbage-first heap   total 131072K, used 79371K [0xc5c00000, 0xe5c00000)
  region size 1024K, 76 young (77824K), 6 survivors (6144K)
 Metaspace       used 5775K, committed 6528K, reserved 16384K
}
Event: 14128.505 GC heap after
{Heap after GC invocations=5 (full 0):
 garbage-first heap   total 131072K, used 8929K [0xc5c00000, 0xe5c00000)
  region size 1024K, 6 young (6144K), 6 survivors (6144K)
 Metaspace       used 5775K, committed 6528K, reserved 16384K
}

