# JRE version: OpenJDK Runtime Environment Zulu17.50+19-CA (17.0.11+9) (build 17.0.11+9-LTS)
# Java VM: OpenJDK Server VM Zulu17.50+19-CA (17.0.11+9-LTS, mixed mode, sharing, tiered, g1 gc, linux-x86)
Heap:
 garbage-first heap   total 131072K, used 81683K [0xc5c00000, 0xe5c00000)
  region size 1024K, 71 young (72704K), 6 survivors (6144K)
 Metaspace       used 8768K, committed 9792K, reserved 16384K
GC Heap History (12 events):
Event: 61.982 GC heap before
{Heap before GC invocations=0 (full 0):
 garbage-first heap   total 131072K, used 12288K [0xc5c00000, 0xe5c00000)
  region size 1024K, 13 young (13312K), 0 survivors (0K)
 Metaspace       used 1689K, committed 1792K, reserved 16384K
}
Event: 62.005 GC heap after
{Heap after GC invocations=1 (full 0):
 garbage-first heap   total 131072K, used 1972K [0xc5c00000, 0xe5c00000)
  region size 1024K, 2 young (2048K), 2 survivors (2048K)
 Metaspace       used 1689K, committed 1792K, reserved 16384K
}
Event: 72.734 GC heap before
{Heap before GC invocations=1 (full 0):
 garbage-first heap   total 131072K, used 19380K [0xc5c00000, 0xe5c00000)
  region size 1024K, 19 young (19456K), 2 survivors (2048K)
 Metaspace       used 3258K, committed 3456K, reserved 16384K
}
Event: 72.750 GC heap after
{Heap after GC invocations=2 (full 0):
 garbage-first heap   total 131072K, used 2867K [0xc5c00000, 0xe5c00000)
  region size 1024K, 1 young (1024K), 1 survivors (1024K)
 Metaspace       used 3258K, committed 3456K, reserved 16384K
}
Event: 108.736 GC heap before
{Heap before GC invocations=2 (full 0):
 garbage-first heap   total 131072K, used 79667K [0xc5c00000, 0xe5c00000)
  region size 1024K, 76 young (77824K), 1 survivors (1024K)
 Metaspace       used 5690K, committed 6208K, reserved 16384K
}
Event: 108.759 GC heap after
{Heap after GC invocations=3 (full 0):
 garbage-first heap   total 131072K, used 6783K [0xc5c00000, 0xe5c00000)
  region size 1024K, 5 young (5120K), 5 survivors (5120K)
 Metaspace       used 5690K, committed 6208K, reserved 16384K
}
Event: 191.853 GC heap before
{Heap before GC invocations=3 (full 0):
 garbage-first heap   total 131072K, used 79487K [0xc5c00000, 0xe5c00000)
  region size 1024K, 76 young (77824K), 5 survivors (5120K)
 Metaspace       used 7459K, committed 8320K, reserved 16384K
}
Event: 191.899 GC heap after
{Heap after GC invocations=4 (full 0):
 garbage-first heap   total 131072K, used 10590K [0xc5c00000, 0xe5c00000)
  region size 1024K, 9 young (9216K), 9 survivors (9216K)
 Metaspace       used 7459K, committed 8320K, reserved 16384K
}
Event: 352.279 GC heap before
{Heap before GC invocations=4 (full 0):
 garbage-first heap   total 131072K, used 79198K [0xc5c00000, 0xe5c00000)
  region size 1024K, 76 young (77824K), 9 survivors (9216K)
 Metaspace       used 8253K, committed 9152K, reserved 16384K
}
Event: 352.365 GC heap after
{Heap after GC invocations=5 (full 0):
 garbage-first heap   total 131072K, used 13536K [0xc5c00000, 0xe5c00000)
  region size 1024K, 7 young (7168K), 7 survivors (7168K)
 Metaspace       used 8253K, committed 9152K, reserved 16384K
}
Event: 649.259 GC heap before
{Heap before GC invocations=5 (full 0):
 garbage-first heap   total 131072K, used 84192K [0xc5c00000, 0xe5c00000)
  region size 1024K, 76 young (77824K), 7 survivors (7168K)
 Metaspace       used 8459K, committed 9344K, reserved 16384K
}
Event: 649.337 GC heap after
{Heap after GC invocations=6 (full 0):
 garbage-first heap   total 131072K, used 16145K [0xc5c00000, 0xe5c00000)
  region size 1024K, 6 young (6144K), 6 survivors (6144K)
 Metaspace       used 8459K, committed 9344K, reserved 16384K
}

