# JRE version: OpenJDK Runtime Environment Zulu17.50+19-CA (17.0.11+9) (build 17.0.11+9-LTS)
# Java VM: OpenJDK Server VM Zulu17.50+19-CA (17.0.11+9-LTS, mixed mode, sharing, tiered, g1 gc, linux-x86)
Heap:
 garbage-first heap   total 131072K, used 16670K [0xc5c00000, 0xe5c00000)
  region size 1024K, 15 young (15360K), 8 survivors (8192K)
 Metaspace       used 6393K, committed 7104K, reserved 16384K
GC Heap History (8 events):
Event: 56.167 GC heap before
{Heap before GC invocations=0 (full 0):
 garbage-first heap   total 131072K, used 12288K [0xc5c00000, 0xe5c00000)
  region size 1024K, 13 young (13312K), 0 survivors (0K)
 Metaspace       used 2761K, committed 3008K, reserved 16384K
}
Event: 56.203 GC heap after
{Heap after GC invocations=1 (full 0):
 garbage-first heap   total 131072K, used 2536K [0xc5c00000, 0xe5c00000)
  region size 1024K, 2 young (2048K), 2 survivors (2048K)
 Metaspace       used 2761K, committed 3008K, reserved 16384K
}
Event: 166.047 GC heap before
{Heap before GC invocations=1 (full 0):
 garbage-first heap   total 131072K, used 17896K [0xc5c00000, 0xe5c00000)
  region size 1024K, 17 young (17408K), 2 survivors (2048K)
 Metaspace       used 4219K, committed 4608K, reserved 16384K
}
Event: 166.080 GC heap after
{Heap after GC invocations=2 (full 0):
 garbage-first heap   total 131072K, used 3906K [0xc5c00000, 0xe5c00000)
  region size 1024K, 2 young (2048K), 2 survivors (2048K)
 Metaspace       used 4219K, committed 4608K, reserved 16384K
}
Event: 309.700 GC heap before
{Heap before GC invocations=2 (full 0):
 garbage-first heap   total 131072K, used 79682K [0xc5c00000, 0xe5c00000)
  region size 1024K, 76 young (77824K), 2 survivors (2048K)
 Metaspace       used 5932K, committed 6592K, reserved 16384K
}
Event: 309.810 GC heap after
{Heap after GC invocations=3 (full 0):
 garbage-first heap   total 131072K, used 7036K [0xc5c00000, 0xe5c00000)
  region size 1024K, 5 young (5120K), 5 survivors (5120K)
 Metaspace       used 5932K, committed 6592K, reserved 16384K
}
Event: 663.176 GC heap before
{Heap before GC invocations=3 (full 0):
 garbage-first heap   total 131072K, used 79740K [0xc5c00000, 0xe5c00000)
  region size 1024K, 76 young (77824K), 5 survivors (5120K)
 Metaspace       used 6323K, committed 7040K, reserved 16384K
}
Event: 663.262 GC heap after
{Heap after GC invocations=4 (full 0):
 garbage-first heap   total 131072K, used 10524K [0xc5c00000, 0xe5c00000)
  region size 1024K, 8 young (8192K), 8 survivors (8192K)
 Metaspace       used 6323K, committed 7040K, reserved 16384K
}

