# JRE version: OpenJDK Runtime Environment Zulu17.50+19-CA (17.0.11+9) (build 17.0.11+9-LTS)
# Java VM: OpenJDK Server VM Zulu17.50+19-CA (17.0.11+9-LTS, mixed mode, sharing, tiered, g1 gc, linux-x86)
Heap:
 garbage-first heap   total 131072K, used 26460K [0xc5c00000, 0xe5c00000)
  region size 1024K, 24 young (24576K), 9 survivors (9216K)
 Metaspace       used 7868K, committed 8896K, reserved 16384K
GC Heap History (10 events):
Event: 46.844 GC heap before
{Heap before GC invocations=0 (full 0):
 garbage-first heap   total 131072K, used 12288K [0xc5c00000, 0xe5c00000)
  region size 1024K, 13 young (13312K), 0 survivors (0K)
 Metaspace       used 2752K, committed 2944K, reserved 16384K
}
Event: 46.869 GC heap after
{Heap after GC invocations=1 (full 0):
 garbage-first heap   total 131072K, used 2260K [0xc5c00000, 0xe5c00000)
  region size 1024K, 2 young (2048K), 2 survivors (2048K)
 Metaspace       used 2752K, committed 2944K, reserved 16384K
}
Event: 122.282 GC heap before
{Heap before GC invocations=1 (full 0):
 garbage-first heap   total 131072K, used 18644K [0xc5c00000, 0xe5c00000)
  region size 1024K, 18 young (18432K), 2 survivors (2048K)
 Metaspace       used 4442K, committed 4800K, reserved 16384K
}
Event: 122.304 GC heap after
{Heap after GC invocations=2 (full 0):
 garbage-first heap   total 131072K, used 4003K [0xc5c00000, 0xe5c00000)
  region size 1024K, 2 young (2048K), 2 survivors (2048K)
 Metaspace       used 4442K, committed 4800K, reserved 16384K
}
Event: 193.269 GC heap before
{Heap before GC invocations=2 (full 0):
 garbage-first heap   total 131072K, used 35747K [0xc5c00000, 0xe5c00000)
  region size 1024K, 33 young (33792K), 2 survivors (2048K)
 Metaspace       used 5308K, committed 5888K, reserved 16384K
}
Event: 193.281 GC heap after
{Heap after GC invocations=3 (full 0):
 garbage-first heap   total 131072K, used 5197K [0xc5c00000, 0xe5c00000)
  region size 1024K, 3 young (3072K), 3 survivors (3072K)
 Metaspace       used 5308K, committed 5888K, reserved 16384K
}
Event: 278.979 GC heap before
{Heap before GC invocations=3 (full 0):
 garbage-first heap   total 131072K, used 79949K [0xc5c00000, 0xe5c00000)
  region size 1024K, 76 young (77824K), 3 survivors (3072K)
 Metaspace       used 6551K, committed 7296K, reserved 16384K
}
Event: 278.997 GC heap after
{Heap after GC invocations=4 (full 0):
 garbage-first heap   total 131072K, used 7387K [0xc5c00000, 0xe5c00000)
  region size 1024K, 5 young (5120K), 5 survivors (5120K)
 Metaspace       used 6551K, committed 7296K, reserved 16384K
}
Event: 514.417 GC heap before
{Heap before GC invocations=4 (full 0):
 garbage-first heap   total 131072K, used 80091K [0xc5c00000, 0xe5c00000)
  region size 1024K, 76 young (77824K), 5 survivors (5120K)
 Metaspace       used 7835K, committed 8768K, reserved 16384K
}
Event: 514.468 GC heap after
{Heap after GC invocations=5 (full 0):
 garbage-first heap   total 131072K, used 11100K [0xc5c00000, 0xe5c00000)
  region size 1024K, 9 young (9216K), 9 survivors (9216K)
 Metaspace       used 7835K, committed 8768K, reserved 16384K
}

