# JRE version: OpenJDK Runtime Environment Zulu17.50+19-CA (17.0.11+9) (build 17.0.11+9-LTS)
# Java VM: OpenJDK Server VM Zulu17.50+19-CA (17.0.11+9-LTS, mixed mode, sharing, tiered, g1 gc, linux-x86)
Heap:
 garbage-first heap   total 131072K, used 36185K [0xc5c00000, 0xe5c00000)
  region size 1024K, 33 young (33792K), 8 survivors (8192K)
 Metaspace       used 6609K, committed 7424K, reserved 16384K
GC Heap History (8 events):
Event: 48.754 GC heap before
{Heap before GC invocations=0 (full 0):
 garbage-first heap   total 131072K, used 12288K [0xc5c00000, 0xe5c00000)
  region size 1024K, 13 young (13312K), 0 survivors (0K)
 Metaspace       used 3060K, committed 3264K, reserved 16384K
}
Event: 48.766 GC heap after
{Heap after GC invocations=1 (full 0):
 garbage-first heap   total 131072K, used 2484K [0xc5c00000, 0xe5c00000)
  region size 1024K, 2 young (2048K), 2 survivors (2048K)
 Metaspace       used 3060K, committed 3264K, reserved 16384K
}
Event: 131.433 GC heap before
{Heap before GC invocations=1 (full 0):
 garbage-first heap   total 131072K, used 17844K [0xc5c00000, 0xe5c00000)
  region size 1024K, 18 young (18432K), 2 survivors (2048K)
 Metaspace       used 4213K, committed 4608K, reserved 16384K
}
Event: 131.460 GC heap after
{Heap after GC invocations=2 (full 0):
 garbage-first heap   total 131072K, used 3947K [0xc5c00000, 0xe5c00000)
  region size 1024K, 2 young (2048K), 2 survivors (2048K)
 Metaspace       used 4213K, committed 4608K, reserved 16384K
}
Event: 242.598 GC heap before
{Heap before GC invocations=2 (full 0):
 garbage-first heap   total 131072K, used 79723K [0xc5c00000, 0xe5c00000)
  region size 1024K, 76 young (77824K), 2 survivors (2048K)
 Metaspace       used 5897K, committed 6592K, reserved 16384K
}
Event: 242.649 GC heap after
{Heap after GC invocations=3 (full 0):
 garbage-first heap   total 131072K, used 7086K [0xc5c00000, 0xe5c00000)
  region size 1024K, 5 young (5120K), 5 survivors (5120K)
 Metaspace       used 5897K, committed 6592K, reserved 16384K
}
Event: 522.972 GC heap before
{Heap before GC invocations=3 (full 0):
 garbage-first heap   total 131072K, used 79790K [0xc5c00000, 0xe5c00000)
  region size 1024K, 76 young (77824K), 5 survivors (5120K)
 Metaspace       used 6315K, committed 7104K, reserved 16384K
}
Event: 523.080 GC heap after
{Heap after GC invocations=4 (full 0):
 garbage-first heap   total 131072K, used 10585K [0xc5c00000, 0xe5c00000)
  region size 1024K, 8 young (8192K), 8 survivors (8192K)
 Metaspace       used 6315K, committed 7104K, reserved 16384K
}

