# JRE version: OpenJDK Runtime Environment Zulu17.50+19-CA (17.0.11+9) (build 17.0.11+9-LTS)
# Java VM: OpenJDK Server VM Zulu17.50+19-CA (17.0.11+9-LTS, mixed mode, sharing, tiered, g1 gc, linux-x86)
Heap:
 garbage-first heap   total 131072K, used 69782K [0xc5c00000, 0xe5c00000)
  region size 1024K, 52 young (53248K), 1 survivors (1024K)
 Metaspace       used 7097K, committed 8000K, reserved 16384K
GC Heap History (20 events):
Event: 787.400 GC heap before
{Heap before GC invocations=5 (full 0):
 garbage-first heap   total 131072K, used 79379K [0xc5c00000, 0xe5c00000)
  region size 1024K, 76 young (77824K), 10 survivors (10240K)
 Metaspace       used 7064K, committed 7936K, reserved 16384K
}
Event: 787.458 GC heap after
{Heap after GC invocations=6 (full 0):
 garbage-first heap   total 131072K, used 16731K [0xc5c00000, 0xe5c00000)
  region size 1024K, 10 young (10240K), 10 survivors (10240K)
 Metaspace       used 7064K, committed 7936K, reserved 16384K
}
Event: 2355.266 GC heap before
{Heap before GC invocations=6 (full 0):
 garbage-first heap   total 131072K, used 84315K [0xc5c00000, 0xe5c00000)
  region size 1024K, 76 young (77824K), 10 survivors (10240K)
 Metaspace       used 7077K, committed 7936K, reserved 16384K
}
Event: 2355.308 GC heap after
{Heap after GC invocations=7 (full 0):
 garbage-first heap   total 131072K, used 18226K [0xc5c00000, 0xe5c00000)
  region size 1024K, 7 young (7168K), 7 survivors (7168K)
 Metaspace       used 7077K, committed 7936K, reserved 16384K
}
Event: 4385.355 GC heap before
{Heap before GC invocations=7 (full 0):
 garbage-first heap   total 131072K, used 88882K [0xc5c00000, 0xe5c00000)
  region size 1024K, 76 young (77824K), 7 survivors (7168K)
 Metaspace       used 7087K, committed 8000K, reserved 16384K
}
Event: 4385.414 GC heap after
{Heap after GC invocations=8 (full 0):
 garbage-first heap   total 131072K, used 18484K [0xc5c00000, 0xe5c00000)
  region size 1024K, 2 young (2048K), 2 survivors (2048K)
 Metaspace       used 7087K, committed 8000K, reserved 16384K
}
Event: 6567.313 GC heap before
{Heap before GC invocations=8 (full 0):
 garbage-first heap   total 131072K, used 94260K [0xc5c00000, 0xe5c00000)
  region size 1024K, 76 young (77824K), 2 survivors (2048K)
 Metaspace       used 7096K, committed 8000K, reserved 16384K
}
Event: 6567.343 GC heap after
{Heap after GC invocations=9 (full 0):
 garbage-first heap   total 131072K, used 17675K [0xc5c00000, 0xe5c00000)
  region size 1024K, 1 young (1024K), 1 survivors (1024K)
 Metaspace       used 7096K, committed 8000K, reserved 16384K
}
Event: 8763.527 GC heap before
{Heap before GC invocations=9 (full 0):
 garbage-first heap   total 131072K, used 94475K [0xc5c00000, 0xe5c00000)
  region size 1024K, 76 young (77824K), 1 survivors (1024K)
 Metaspace       used 7096K, committed 8000K, reserved 16384K
}
Event: 8763.536 GC heap after
{Heap after GC invocations=10 (full 0):
 garbage-first heap   total 131072K, used 17615K [0xc5c00000, 0xe5c00000)
  region size 1024K, 1 young (1024K), 1 survivors (1024K)
 Metaspace       used 7096K, committed 8000K, reserved 16384K
}
Event: 10946.378 GC heap before
{Heap before GC invocations=10 (full 0):
 garbage-first heap   total 131072K, used 94415K [0xc5c00000, 0xe5c00000)
  region size 1024K, 76 young (77824K), 1 survivors (1024K)
 Metaspace       used 7096K, committed 8000K, reserved 16384K
}
Event: 10946.423 GC heap after
{Heap after GC invocations=11 (full 0):
 garbage-first heap   total 131072K, used 17530K [0xc5c00000, 0xe5c00000)
  region size 1024K, 1 young (1024K), 1 survivors (1024K)
 Metaspace       used 7096K, committed 8000K, reserved 16384K
}
Event: 13131.248 GC heap before
{Heap before GC invocations=11 (full 0):
 garbage-first heap   total 131072K, used 94330K [0xc5c00000, 0xe5c00000)
  region size 1024K, 76 young (77824K), 1 survivors (1024K)
 Metaspace       used 7096K, committed 8000K, reserved 16384K
}
Event: 13131.258 GC heap after
{Heap after GC invocations=12 (full 0):
 garbage-first heap   total 131072K, used 17616K [0xc5c00000, 0xe5c00000)
  region size 1024K, 1 young (1024K), 1 survivors (1024K)
 Metaspace       used 7096K, committed 8000K, reserved 16384K
}
Event: 15280.301 GC heap before
{Heap before GC invocations=12 (full 0):
 garbage-first heap   total 131072K, used 94416K [0xc5c00000, 0xe5c00000)
  region size 1024K, 76 young (77824K), 1 survivors (1024K)
 Metaspace       used 7096K, committed 8000K, reserved 16384K
}
Event: 15280.309 GC heap after
{Heap after GC invocations=13 (full 0):
 garbage-first heap   total 131072K, used 17561K [0xc5c00000, 0xe5c00000)
  region size 1024K, 1 young (1024K), 1 survivors (1024K)
 Metaspace       used 7096K, committed 8000K, reserved 16384K
}
Event: 17437.337 GC heap before
{Heap before GC invocations=13 (full 0):
 garbage-first heap   total 131072K, used 94361K [0xc5c00000, 0xe5c00000)
  region size 1024K, 76 young (77824K), 1 survivors (1024K)
 Metaspace       used 7096K, committed 8000K, reserved 16384K
}
Event: 17437.348 GC heap after
{Heap after GC invocations=14 (full 0):
 garbage-first heap   total 131072K, used 17559K [0xc5c00000, 0xe5c00000)
  region size 1024K, 1 young (1024K), 1 survivors (1024K)
 Metaspace       used 7096K, committed 8000K, reserved 16384K
}
Event: 19580.216 GC heap before
{Heap before GC invocations=14 (full 0):
 garbage-first heap   total 131072K, used 94359K [0xc5c00000, 0xe5c00000)
  region size 1024K, 76 young (77824K), 1 survivors (1024K)
 Metaspace       used 7096K, committed 8000K, reserved 16384K
}
Event: 19580.237 GC heap after
{Heap after GC invocations=15 (full 0):
 garbage-first heap   total 131072K, used 17558K [0xc5c00000, 0xe5c00000)
  region size 1024K, 1 young (1024K), 1 survivors (1024K)
 Metaspace       used 7096K, committed 8000K, reserved 16384K
}

