# JRE version: OpenJDK Runtime Environment Zulu17.50+19-CA (17.0.11+9) (build 17.0.11+9-LTS)
# Java VM: OpenJDK Server VM Zulu17.50+19-CA (17.0.11+9-LTS, mixed mode, sharing, tiered, g1 gc, linux-x86)
Heap:
 garbage-first heap   total 131072K, used 73730K [0xc5c00000, 0xe5c00000)
  region size 1024K, 43 young (44032K), 5 survivors (5120K)
 Metaspace       used 13245K, committed 15488K, reserved 32768K
GC Heap History (20 events):
Event: 281.342 GC heap before
{Heap before GC invocations=7 (full 0):
 garbage-first heap   total 131072K, used 85555K [0xc5c00000, 0xe5c00000)
  region size 1024K, 76 young (77824K), 7 survivors (7168K)
 Metaspace       used 8617K, committed 10048K, reserved 16384K
}
Event: 281.393 GC heap after
{Heap after GC invocations=8 (full 0):
 garbage-first heap   total 131072K, used 15938K [0xc5c00000, 0xe5c00000)
  region size 1024K, 6 young (6144K), 6 survivors (6144K)
 Metaspace       used 8617K, committed 10048K, reserved 16384K
}
Event: 329.065 GC heap before
{Heap before GC invocations=8 (full 0):
 garbage-first heap   total 131072K, used 87618K [0xc5c00000, 0xe5c00000)
  region size 1024K, 76 young (77824K), 6 survivors (6144K)
 Metaspace       used 8940K, committed 10432K, reserved 16384K
}
Event: 329.095 GC heap after
{Heap after GC invocations=9 (full 0):
 garbage-first heap   total 131072K, used 18738K [0xc5c00000, 0xe5c00000)
  region size 1024K, 7 young (7168K), 7 survivors (7168K)
 Metaspace       used 8940K, committed 10432K, reserved 16384K
}
Event: 390.976 GC heap before
{Heap before GC invocations=9 (full 0):
 garbage-first heap   total 131072K, used 89394K [0xc5c00000, 0xe5c00000)
  region size 1024K, 76 young (77824K), 7 survivors (7168K)
 Metaspace       used 9404K, committed 11008K, reserved 16384K
}
Event: 391.014 GC heap after
{Heap after GC invocations=10 (full 0):
 garbage-first heap   total 131072K, used 20553K [0xc5c00000, 0xe5c00000)
  region size 1024K, 6 young (6144K), 6 survivors (6144K)
 Metaspace       used 9404K, committed 11008K, reserved 16384K
}
Event: 466.774 GC heap before
{Heap before GC invocations=10 (full 0):
 garbage-first heap   total 131072K, used 92233K [0xc5c00000, 0xe5c00000)
  region size 1024K, 76 young (77824K), 6 survivors (6144K)
 Metaspace       used 9750K, committed 11392K, reserved 16384K
}
Event: 466.817 GC heap after
{Heap after GC invocations=11 (full 0):
 garbage-first heap   total 131072K, used 22649K [0xc5c00000, 0xe5c00000)
  region size 1024K, 7 young (7168K), 7 survivors (7168K)
 Metaspace       used 9750K, committed 11392K, reserved 16384K
}
Event: 473.936 GC heap before
{Heap before GC invocations=11 (full 0):
 garbage-first heap   total 131072K, used 93305K [0xc5c00000, 0xe5c00000)
  region size 1024K, 76 young (77824K), 7 survivors (7168K)
 Metaspace       used 10677K, committed 12416K, reserved 16384K
}
Event: 473.973 GC heap after
{Heap after GC invocations=12 (full 0):
 garbage-first heap   total 131072K, used 24496K [0xc5c00000, 0xe5c00000)
  region size 1024K, 6 young (6144K), 6 survivors (6144K)
 Metaspace       used 10677K, committed 12416K, reserved 16384K
}
Event: 487.355 GC heap before
{Heap before GC invocations=12 (full 0):
 garbage-first heap   total 131072K, used 96176K [0xc5c00000, 0xe5c00000)
  region size 1024K, 76 young (77824K), 6 survivors (6144K)
 Metaspace       used 11315K, committed 13248K, reserved 16384K
}
Event: 487.436 GC heap after
{Heap after GC invocations=13 (full 0):
 garbage-first heap   total 131072K, used 26771K [0xc5c00000, 0xe5c00000)
  region size 1024K, 6 young (6144K), 6 survivors (6144K)
 Metaspace       used 11315K, committed 13248K, reserved 16384K
}
Event: 650.502 GC heap before
{Heap before GC invocations=13 (full 0):
 garbage-first heap   total 131072K, used 98451K [0xc5c00000, 0xe5c00000)
  region size 1024K, 76 young (77824K), 6 survivors (6144K)
 Metaspace       used 12395K, committed 14464K, reserved 32768K
}
Event: 650.565 GC heap after
{Heap after GC invocations=14 (full 0):
 garbage-first heap   total 131072K, used 30712K [0xc5c00000, 0xe5c00000)
  region size 1024K, 8 young (8192K), 8 survivors (8192K)
 Metaspace       used 12395K, committed 14464K, reserved 32768K
}
Event: 1156.560 GC heap before
{Heap before GC invocations=14 (full 0):
 garbage-first heap   total 131072K, used 100344K [0xc5c00000, 0xe5c00000)
  region size 1024K, 76 young (77824K), 8 survivors (8192K)
 Metaspace       used 12755K, committed 14848K, reserved 32768K
}
Event: 1156.638 GC heap after
{Heap after GC invocations=15 (full 0):
 garbage-first heap   total 131072K, used 34132K [0xc5c00000, 0xe5c00000)
  region size 1024K, 8 young (8192K), 8 survivors (8192K)
 Metaspace       used 12755K, committed 14848K, reserved 32768K
}
Event: 2941.290 GC heap before
{Heap before GC invocations=15 (full 0):
 garbage-first heap   total 131072K, used 103764K [0xc5c00000, 0xe5c00000)
  region size 1024K, 76 young (77824K), 8 survivors (8192K)
 Metaspace       used 12875K, committed 14976K, reserved 32768K
}
Event: 2941.373 GC heap after
{Heap after GC invocations=16 (full 0):
 garbage-first heap   total 131072K, used 34809K [0xc5c00000, 0xe5c00000)
  region size 1024K, 4 young (4096K), 4 survivors (4096K)
 Metaspace       used 12875K, committed 14976K, reserved 32768K
}
Event: 3872.393 GC heap before
{Heap before GC invocations=16 (full 0):
 garbage-first heap   total 131072K, used 108537K [0xc5c00000, 0xe5c00000)
  region size 1024K, 76 young (77824K), 4 survivors (4096K)
 Metaspace       used 13240K, committed 15488K, reserved 32768K
}
Event: 3872.429 GC heap after
{Heap after GC invocations=17 (full 0):
 garbage-first heap   total 131072K, used 35840K [0xc5c00000, 0xe5c00000)
  region size 1024K, 5 young (5120K), 5 survivors (5120K)
 Metaspace       used 13240K, committed 15488K, reserved 32768K
}

