# JRE version: OpenJDK Runtime Environment Zulu17.50+19-CA (17.0.11+9) (build 17.0.11+9-LTS)
# Java VM: OpenJDK Server VM Zulu17.50+19-CA (17.0.11+9-LTS, mixed mode, sharing, tiered, g1 gc, linux-x86)
Heap:
 garbage-first heap   total 131072K, used 70901K [0xc5c00000, 0xe5c00000)
  region size 1024K, 61 young (62464K), 6 survivors (6144K)
 Metaspace       used 4823K, committed 5248K, reserved 16384K
GC Heap History (8 events):
Event: 157.511 GC heap before
{Heap before GC invocations=0 (full 0):
 garbage-first heap   total 131072K, used 12288K [0xc5c00000, 0xe5c00000)
  region size 1024K, 13 young (13312K), 0 survivors (0K)
 Metaspace       used 2419K, committed 2560K, reserved 16384K
}
Event: 157.537 GC heap after
{Heap after GC invocations=1 (full 0):
 garbage-first heap   total 131072K, used 2052K [0xc5c00000, 0xe5c00000)
  region size 1024K, 2 young (2048K), 2 survivors (2048K)
 Metaspace       used 2419K, committed 2560K, reserved 16384K
}
Event: 172.634 GC heap before
{Heap before GC invocations=1 (full 0):
 garbage-first heap   total 131072K, used 17412K [0xc5c00000, 0xe5c00000)
  region size 1024K, 18 young (18432K), 2 survivors (2048K)
 Metaspace       used 3847K, committed 4160K, reserved 16384K
}
Event: 172.647 GC heap after
{Heap after GC invocations=2 (full 0):
 garbage-first heap   total 131072K, used 3503K [0xc5c00000, 0xe5c00000)
  region size 1024K, 2 young (2048K), 2 survivors (2048K)
 Metaspace       used 3847K, committed 4160K, reserved 16384K
}
Event: 358.604 GC heap before
{Heap before GC invocations=2 (full 0):
 garbage-first heap   total 131072K, used 79279K [0xc5c00000, 0xe5c00000)
  region size 1024K, 76 young (77824K), 2 survivors (2048K)
 Metaspace       used 4789K, committed 5248K, reserved 16384K
}
Event: 358.702 GC heap after
{Heap after GC invocations=3 (full 0):
 garbage-first heap   total 131072K, used 9090K [0xc5c00000, 0xe5c00000)
  region size 1024K, 7 young (7168K), 7 survivors (7168K)
 Metaspace       used 4789K, committed 5248K, reserved 16384K
}
Event: 1083.447 GC heap before
{Heap before GC invocations=3 (full 0):
 garbage-first heap   total 131072K, used 79746K [0xc5c00000, 0xe5c00000)
  region size 1024K, 76 young (77824K), 7 survivors (7168K)
 Metaspace       used 4815K, committed 5248K, reserved 16384K
}
Event: 1083.497 GC heap after
{Heap after GC invocations=4 (full 0):
 garbage-first heap   total 131072K, used 14581K [0xc5c00000, 0xe5c00000)
  region size 1024K, 6 young (6144K), 6 survivors (6144K)
 Metaspace       used 4815K, committed 5248K, reserved 16384K
}

