# JRE version: OpenJDK Runtime Environment Zulu17.50+19-CA (17.0.11+9) (build 17.0.11+9-LTS)
# Java VM: OpenJDK Server VM Zulu17.50+19-CA (17.0.11+9-LTS, mixed mode, sharing, tiered, g1 gc, linux-x86)
Heap:
 garbage-first heap   total 131072K, used 68433K [0xc5c00000, 0xe5c00000)
  region size 1024K, 33 young (33792K), 1 survivors (1024K)
 Metaspace       used 16811K, committed 19520K, reserved 32768K
GC Heap History (20 events):
Event: 26630.736 GC heap before
{Heap before GC invocations=58 (full 0):
 garbage-first heap   total 131072K, used 114426K [0xc5c00000, 0xe5c00000)
  region size 1024K, 76 young (77824K), 1 survivors (1024K)
 Metaspace       used 16771K, committed 19456K, reserved 32768K
}
Event: 26630.753 GC heap after
{Heap after GC invocations=59 (full 0):
 garbage-first heap   total 131072K, used 37576K [0xc5c00000, 0xe5c00000)
  region size 1024K, 1 young (1024K), 1 survivors (1024K)
 Metaspace       used 16771K, committed 19456K, reserved 32768K
}
Event: 26903.628 GC heap before
{Heap before GC invocations=59 (full 0):
 garbage-first heap   total 131072K, used 114376K [0xc5c00000, 0xe5c00000)
  region size 1024K, 76 young (77824K), 1 survivors (1024K)
 Metaspace       used 16771K, committed 19456K, reserved 32768K
}
Event: 26903.647 GC heap after
{Heap after GC invocations=60 (full 0):
 garbage-first heap   total 131072K, used 37584K [0xc5c00000, 0xe5c00000)
  region size 1024K, 1 young (1024K), 1 survivors (1024K)
 Metaspace       used 16771K, committed 19456K, reserved 32768K
}
Event: 27176.718 GC heap before
{Heap before GC invocations=60 (full 0):
 garbage-first heap   total 131072K, used 114384K [0xc5c00000, 0xe5c00000)
  region size 1024K, 76 young (77824K), 1 survivors (1024K)
 Metaspace       used 16771K, committed 19456K, reserved 32768K
}
Event: 27176.732 GC heap after
{Heap after GC invocations=61 (full 0):
 garbage-first heap   total 131072K, used 37686K [0xc5c00000, 0xe5c00000)
  region size 1024K, 2 young (2048K), 2 survivors (2048K)
 Metaspace       used 16771K, committed 19456K, reserved 32768K
}
Event: 27494.680 GC heap before
{Heap before GC invocations=61 (full 0):
 garbage-first heap   total 131072K, used 113462K [0xc5c00000, 0xe5c00000)
  region size 1024K, 76 young (77824K), 2 survivors (2048K)
 Metaspace       used 16772K, committed 19456K, reserved 32768K
}
Event: 27494.710 GC heap after
{Heap after GC invocations=62 (full 0):
 garbage-first heap   total 131072K, used 37919K [0xc5c00000, 0xe5c00000)
  region size 1024K, 2 young (2048K), 2 survivors (2048K)
 Metaspace       used 16772K, committed 19456K, reserved 32768K
}
Event: 27892.369 GC heap before
{Heap before GC invocations=62 (full 0):
 garbage-first heap   total 131072K, used 113695K [0xc5c00000, 0xe5c00000)
  region size 1024K, 76 young (77824K), 2 survivors (2048K)
 Metaspace       used 16773K, committed 19456K, reserved 32768K
}
Event: 27892.376 GC heap after
{Heap after GC invocations=63 (full 0):
 garbage-first heap   total 131072K, used 38058K [0xc5c00000, 0xe5c00000)
  region size 1024K, 2 young (2048K), 2 survivors (2048K)
 Metaspace       used 16773K, committed 19456K, reserved 32768K
}
Event: 28178.831 GC heap before
{Heap before GC invocations=63 (full 0):
 garbage-first heap   total 131072K, used 113834K [0xc5c00000, 0xe5c00000)
  region size 1024K, 76 young (77824K), 2 survivors (2048K)
 Metaspace       used 16796K, committed 19456K, reserved 32768K
}
Event: 28178.883 GC heap after
{Heap after GC invocations=64 (full 0):
 garbage-first heap   total 131072K, used 38223K [0xc5c00000, 0xe5c00000)
  region size 1024K, 2 young (2048K), 2 survivors (2048K)
 Metaspace       used 16796K, committed 19456K, reserved 32768K
}
Event: 28448.843 GC heap before
{Heap before GC invocations=64 (full 0):
 garbage-first heap   total 131072K, used 113999K [0xc5c00000, 0xe5c00000)
  region size 1024K, 76 young (77824K), 2 survivors (2048K)
 Metaspace       used 16802K, committed 19520K, reserved 32768K
}
Event: 28448.865 GC heap after
{Heap after GC invocations=65 (full 0):
 garbage-first heap   total 131072K, used 38091K [0xc5c00000, 0xe5c00000)
  region size 1024K, 2 young (2048K), 2 survivors (2048K)
 Metaspace       used 16802K, committed 19520K, reserved 32768K
}
Event: 28832.744 GC heap before
{Heap before GC invocations=65 (full 0):
 garbage-first heap   total 131072K, used 113867K [0xc5c00000, 0xe5c00000)
  region size 1024K, 76 young (77824K), 2 survivors (2048K)
 Metaspace       used 16807K, committed 19520K, reserved 32768K
}
Event: 28832.778 GC heap after
{Heap after GC invocations=66 (full 0):
 garbage-first heap   total 131072K, used 38065K [0xc5c00000, 0xe5c00000)
  region size 1024K, 2 young (2048K), 2 survivors (2048K)
 Metaspace       used 16807K, committed 19520K, reserved 32768K
}
Event: 29692.674 GC heap before
{Heap before GC invocations=66 (full 0):
 garbage-first heap   total 131072K, used 113841K [0xc5c00000, 0xe5c00000)
  region size 1024K, 76 young (77824K), 2 survivors (2048K)
 Metaspace       used 16808K, committed 19520K, reserved 32768K
}
Event: 29692.690 GC heap after
{Heap after GC invocations=67 (full 0):
 garbage-first heap   total 131072K, used 36905K [0xc5c00000, 0xe5c00000)
  region size 1024K, 1 young (1024K), 1 survivors (1024K)
 Metaspace       used 16808K, committed 19520K, reserved 32768K
}
Event: 31327.680 GC heap before
{Heap before GC invocations=67 (full 0):
 garbage-first heap   total 131072K, used 113705K [0xc5c00000, 0xe5c00000)
  region size 1024K, 76 young (77824K), 1 survivors (1024K)
 Metaspace       used 16810K, committed 19520K, reserved 32768K
}
Event: 31327.692 GC heap after
{Heap after GC invocations=68 (full 0):
 garbage-first heap   total 131072K, used 36687K [0xc5c00000, 0xe5c00000)
  region size 1024K, 1 young (1024K), 1 survivors (1024K)
 Metaspace       used 16810K, committed 19520K, reserved 32768K
}

