# JRE version: OpenJDK Runtime Environment Zulu17.50+19-CA (17.0.11+9) (build 17.0.11+9-LTS)
# Java VM: OpenJDK Server VM Zulu17.50+19-CA (17.0.11+9-LTS, mixed mode, sharing, tiered, g1 gc, linux-x86)
Heap:
 garbage-first heap   total 131072K, used 47254K [0xc5c00000, 0xe5c00000)
  region size 1024K, 44 young (45056K), 6 survivors (6144K)
 Metaspace       used 6357K, committed 7104K, reserved 16384K
GC Heap History (10 events):
Event: 56.971 GC heap before
{Heap before GC invocations=0 (full 0):
 garbage-first heap   total 131072K, used 12288K [0xc5c00000, 0xe5c00000)
  region size 1024K, 13 young (13312K), 0 survivors (0K)
 Metaspace       used 2856K, committed 3072K, reserved 16384K
}
Event: 57.029 GC heap after
{Heap after GC invocations=1 (full 0):
 garbage-first heap   total 131072K, used 2413K [0xc5c00000, 0xe5c00000)
  region size 1024K, 2 young (2048K), 2 survivors (2048K)
 Metaspace       used 2856K, committed 3072K, reserved 16384K
}
Event: 68.724 GC heap before
{Heap before GC invocations=1 (full 0):
 garbage-first heap   total 131072K, used 18797K [0xc5c00000, 0xe5c00000)
  region size 1024K, 18 young (18432K), 2 survivors (2048K)
 Metaspace       used 3948K, committed 4352K, reserved 16384K
}
Event: 68.744 GC heap after
{Heap after GC invocations=2 (full 0):
 garbage-first heap   total 131072K, used 3821K [0xc5c00000, 0xe5c00000)
  region size 1024K, 2 young (2048K), 2 survivors (2048K)
 Metaspace       used 3948K, committed 4352K, reserved 16384K
}
Event: 134.828 GC heap before
{Heap before GC invocations=2 (full 0):
 garbage-first heap   total 131072K, used 35565K [0xc5c00000, 0xe5c00000)
  region size 1024K, 33 young (33792K), 2 survivors (2048K)
 Metaspace       used 5029K, committed 5568K, reserved 16384K
}
Event: 134.842 GC heap after
{Heap after GC invocations=3 (full 0):
 garbage-first heap   total 131072K, used 5284K [0xc5c00000, 0xe5c00000)
  region size 1024K, 3 young (3072K), 3 survivors (3072K)
 Metaspace       used 5029K, committed 5568K, reserved 16384K
}
Event: 351.806 GC heap before
{Heap before GC invocations=3 (full 0):
 garbage-first heap   total 131072K, used 80036K [0xc5c00000, 0xe5c00000)
  region size 1024K, 76 young (77824K), 3 survivors (3072K)
 Metaspace       used 6219K, committed 6912K, reserved 16384K
}
Event: 351.927 GC heap after
{Heap after GC invocations=4 (full 0):
 garbage-first heap   total 131072K, used 8088K [0xc5c00000, 0xe5c00000)
  region size 1024K, 6 young (6144K), 6 survivors (6144K)
 Metaspace       used 6219K, committed 6912K, reserved 16384K
}
Event: 14529.692 GC heap before
{Heap before GC invocations=4 (full 0):
 garbage-first heap   total 131072K, used 79768K [0xc5c00000, 0xe5c00000)
  region size 1024K, 76 young (77824K), 6 survivors (6144K)
 Metaspace       used 6351K, committed 7104K, reserved 16384K
}
Event: 14529.794 GC heap after
{Heap after GC invocations=5 (full 0):
 garbage-first heap   total 131072K, used 9364K [0xc5c00000, 0xe5c00000)
  region size 1024K, 6 young (6144K), 6 survivors (6144K)
 Metaspace       used 6351K, committed 7104K, reserved 16384K
}

