# JRE version: OpenJDK Runtime Environment Zulu17.50+19-CA (17.0.11+9) (build 17.0.11+9-LTS)
# Java VM: OpenJDK Server VM Zulu17.50+19-CA (17.0.11+9-LTS, mixed mode, sharing, tiered, g1 gc, linux-x86)
Heap:
 garbage-first heap   total 131072K, used 43060K [0xc5c00000, 0xe5c00000)
  region size 1024K, 39 young (39936K), 7 survivors (7168K)
 Metaspace       used 7774K, committed 8768K, reserved 16384K
GC Heap History (10 events):
Event: 79.737 GC heap before
{Heap before GC invocations=0 (full 0):
 garbage-first heap   total 131072K, used 12288K [0xc5c00000, 0xe5c00000)
  region size 1024K, 13 young (13312K), 0 survivors (0K)
 Metaspace       used 3112K, committed 3328K, reserved 16384K
}
Event: 79.768 GC heap after
{Heap after GC invocations=1 (full 0):
 garbage-first heap   total 131072K, used 2486K [0xc5c00000, 0xe5c00000)
  region size 1024K, 2 young (2048K), 2 survivors (2048K)
 Metaspace       used 3112K, committed 3328K, reserved 16384K
}
Event: 122.794 GC heap before
{Heap before GC invocations=1 (full 0):
 garbage-first heap   total 131072K, used 17846K [0xc5c00000, 0xe5c00000)
  region size 1024K, 17 young (17408K), 2 survivors (2048K)
 Metaspace       used 3954K, committed 4288K, reserved 16384K
}
Event: 122.855 GC heap after
{Heap after GC invocations=2 (full 0):
 garbage-first heap   total 131072K, used 3883K [0xc5c00000, 0xe5c00000)
  region size 1024K, 2 young (2048K), 2 survivors (2048K)
 Metaspace       used 3954K, committed 4288K, reserved 16384K
}
Event: 139.033 GC heap before
{Heap before GC invocations=2 (full 0):
 garbage-first heap   total 131072K, used 79659K [0xc5c00000, 0xe5c00000)
  region size 1024K, 76 young (77824K), 2 survivors (2048K)
 Metaspace       used 4841K, committed 5376K, reserved 16384K
}
Event: 139.050 GC heap after
{Heap after GC invocations=3 (full 0):
 garbage-first heap   total 131072K, used 5207K [0xc5c00000, 0xe5c00000)
  region size 1024K, 3 young (3072K), 3 survivors (3072K)
 Metaspace       used 4841K, committed 5376K, reserved 16384K
}
Event: 492.889 GC heap before
{Heap before GC invocations=3 (full 0):
 garbage-first heap   total 131072K, used 79959K [0xc5c00000, 0xe5c00000)
  region size 1024K, 76 young (77824K), 3 survivors (3072K)
 Metaspace       used 6653K, committed 7424K, reserved 16384K
}
Event: 493.062 GC heap after
{Heap after GC invocations=4 (full 0):
 garbage-first heap   total 131072K, used 8577K [0xc5c00000, 0xe5c00000)
  region size 1024K, 6 young (6144K), 6 survivors (6144K)
 Metaspace       used 6653K, committed 7424K, reserved 16384K
}
Event: 610.077 GC heap before
{Heap before GC invocations=4 (full 0):
 garbage-first heap   total 131072K, used 80257K [0xc5c00000, 0xe5c00000)
  region size 1024K, 76 young (77824K), 6 survivors (6144K)
 Metaspace       used 7473K, committed 8448K, reserved 16384K
}
Event: 610.146 GC heap after
{Heap after GC invocations=5 (full 0):
 garbage-first heap   total 131072K, used 10802K [0xc5c00000, 0xe5c00000)
  region size 1024K, 7 young (7168K), 7 survivors (7168K)
 Metaspace       used 7473K, committed 8448K, reserved 16384K
}

