# JRE version: OpenJDK Runtime Environment Zulu17.50+19-CA (17.0.11+9) (build 17.0.11+9-LTS)
# Java VM: OpenJDK Server VM Zulu17.50+19-CA (17.0.11+9-LTS, mixed mode, sharing, tiered, g1 gc, linux-x86)
Heap:
 garbage-first heap   total 131072K, used 38440K [0xc5c00000, 0xe5c00000)
  region size 1024K, 36 young (36864K), 2 survivors (2048K)
 Metaspace       used 3580K, committed 3904K, reserved 16384K
GC Heap History (18 events):
Event: 26.695 GC heap before
{Heap before GC invocations=0 (full 0):
 garbage-first heap   total 131072K, used 12288K [0xc5c00000, 0xe5c00000)
  region size 1024K, 13 young (13312K), 0 survivors (0K)
 Metaspace       used 1912K, committed 2048K, reserved 16384K
}
Event: 26.900 GC heap after
{Heap after GC invocations=1 (full 0):
 garbage-first heap   total 131072K, used 2229K [0xc5c00000, 0xe5c00000)
  region size 1024K, 2 young (2048K), 2 survivors (2048K)
 Metaspace       used 1912K, committed 2048K, reserved 16384K
}
Event: 175.671 GC heap before
{Heap before GC invocations=1 (full 0):
 garbage-first heap   total 131072K, used 18613K [0xc5c00000, 0xe5c00000)
  region size 1024K, 18 young (18432K), 2 survivors (2048K)
 Metaspace       used 3232K, committed 3456K, reserved 16384K
}
Event: 175.686 GC heap after
{Heap after GC invocations=2 (full 0):
 garbage-first heap   total 131072K, used 3219K [0xc5c00000, 0xe5c00000)
  region size 1024K, 2 young (2048K), 2 survivors (2048K)
 Metaspace       used 3232K, committed 3456K, reserved 16384K
}
Event: 4900.406 GC heap before
{Heap before GC invocations=2 (full 0):
 garbage-first heap   total 131072K, used 72851K [0xc5c00000, 0xe5c00000)
  region size 1024K, 70 young (71680K), 2 survivors (2048K)
 Metaspace       used 3392K, committed 3648K, reserved 16384K
}
Event: 4900.434 GC heap after
{Heap after GC invocations=3 (full 0):
 garbage-first heap   total 131072K, used 3597K [0xc5c00000, 0xe5c00000)
  region size 1024K, 2 young (2048K), 2 survivors (2048K)
 Metaspace       used 3392K, committed 3648K, reserved 16384K
}
Event: 8710.080 GC heap before
{Heap before GC invocations=3 (full 0):
 garbage-first heap   total 131072K, used 79373K [0xc5c00000, 0xe5c00000)
  region size 1024K, 76 young (77824K), 2 survivors (2048K)
 Metaspace       used 3526K, committed 3776K, reserved 16384K
}
Event: 8710.123 GC heap after
{Heap after GC invocations=4 (full 0):
 garbage-first heap   total 131072K, used 3656K [0xc5c00000, 0xe5c00000)
  region size 1024K, 2 young (2048K), 2 survivors (2048K)
 Metaspace       used 3526K, committed 3776K, reserved 16384K
}
Event: 9995.536 GC heap before
{Heap before GC invocations=4 (full 0):
 garbage-first heap   total 131072K, used 79432K [0xc5c00000, 0xe5c00000)
  region size 1024K, 76 young (77824K), 2 survivors (2048K)
 Metaspace       used 3534K, committed 3776K, reserved 16384K
}
Event: 9995.600 GC heap after
{Heap after GC invocations=5 (full 0):
 garbage-first heap   total 131072K, used 3633K [0xc5c00000, 0xe5c00000)
  region size 1024K, 2 young (2048K), 2 survivors (2048K)
 Metaspace       used 3534K, committed 3776K, reserved 16384K
}
Event: 12444.273 GC heap before
{Heap before GC invocations=5 (full 0):
 garbage-first heap   total 131072K, used 79409K [0xc5c00000, 0xe5c00000)
  region size 1024K, 76 young (77824K), 2 survivors (2048K)
 Metaspace       used 3549K, committed 3776K, reserved 16384K
}
Event: 12444.352 GC heap after
{Heap after GC invocations=6 (full 0):
 garbage-first heap   total 131072K, used 3629K [0xc5c00000, 0xe5c00000)
  region size 1024K, 2 young (2048K), 2 survivors (2048K)
 Metaspace       used 3549K, committed 3776K, reserved 16384K
}
Event: 19181.570 GC heap before
{Heap before GC invocations=6 (full 0):
 garbage-first heap   total 131072K, used 79405K [0xc5c00000, 0xe5c00000)
  region size 1024K, 76 young (77824K), 2 survivors (2048K)
 Metaspace       used 3562K, committed 3776K, reserved 16384K
}
Event: 19181.614 GC heap after
{Heap after GC invocations=7 (full 0):
 garbage-first heap   total 131072K, used 3786K [0xc5c00000, 0xe5c00000)
  region size 1024K, 2 young (2048K), 2 survivors (2048K)
 Metaspace       used 3562K, committed 3776K, reserved 16384K
}
Event: 20811.909 GC heap before
{Heap before GC invocations=7 (full 0):
 garbage-first heap   total 131072K, used 79562K [0xc5c00000, 0xe5c00000)
  region size 1024K, 76 young (77824K), 2 survivors (2048K)
 Metaspace       used 3566K, committed 3840K, reserved 16384K
}
Event: 20811.975 GC heap after
{Heap after GC invocations=8 (full 0):
 garbage-first heap   total 131072K, used 3635K [0xc5c00000, 0xe5c00000)
  region size 1024K, 2 young (2048K), 2 survivors (2048K)
 Metaspace       used 3566K, committed 3840K, reserved 16384K
}
Event: 22402.177 GC heap before
{Heap before GC invocations=8 (full 0):
 garbage-first heap   total 131072K, used 79411K [0xc5c00000, 0xe5c00000)
  region size 1024K, 76 young (77824K), 2 survivors (2048K)
 Metaspace       used 3569K, committed 3904K, reserved 16384K
}
Event: 22402.208 GC heap after
{Heap after GC invocations=9 (full 0):
 garbage-first heap   total 131072K, used 3624K [0xc5c00000, 0xe5c00000)
  region size 1024K, 2 young (2048K), 2 survivors (2048K)
 Metaspace       used 3569K, committed 3904K, reserved 16384K
}

