# JRE version: OpenJDK Runtime Environment Zulu17.50+19-CA (17.0.11+9) (build 17.0.11+9-LTS)
# Java VM: OpenJDK Server VM Zulu17.50+19-CA (17.0.11+9-LTS, mixed mode, sharing, tiered, g1 gc, linux-x86)
Heap:
 garbage-first heap   total 131072K, used 26132K [0xc5c00000, 0xe5c00000)
  region size 1024K, 24 young (24576K), 2 survivors (2048K)
 Metaspace       used 3527K, committed 3776K, reserved 16384K
GC Heap History (10 events):
Event: 29.925 GC heap before
{Heap before GC invocations=0 (full 0):
 garbage-first heap   total 131072K, used 12288K [0xc5c00000, 0xe5c00000)
  region size 1024K, 13 young (13312K), 0 survivors (0K)
 Metaspace       used 1857K, committed 2048K, reserved 16384K
}
Event: 29.997 GC heap after
{Heap after GC invocations=1 (full 0):
 garbage-first heap   total 131072K, used 2041K [0xc5c00000, 0xe5c00000)
  region size 1024K, 2 young (2048K), 2 survivors (2048K)
 Metaspace       used 1857K, committed 2048K, reserved 16384K
}
Event: 131.491 GC heap before
{Heap before GC invocations=1 (full 0):
 garbage-first heap   total 131072K, used 19449K [0xc5c00000, 0xe5c00000)
  region size 1024K, 19 young (19456K), 2 survivors (2048K)
 Metaspace       used 3175K, committed 3456K, reserved 16384K
}
Event: 131.513 GC heap after
{Heap after GC invocations=2 (full 0):
 garbage-first heap   total 131072K, used 3270K [0xc5c00000, 0xe5c00000)
  region size 1024K, 2 young (2048K), 2 survivors (2048K)
 Metaspace       used 3175K, committed 3456K, reserved 16384K
}
Event: 1355.827 GC heap before
{Heap before GC invocations=2 (full 0):
 garbage-first heap   total 131072K, used 65734K [0xc5c00000, 0xe5c00000)
  region size 1024K, 63 young (64512K), 2 survivors (2048K)
 Metaspace       used 3464K, committed 3712K, reserved 16384K
}
Event: 1355.873 GC heap after
{Heap after GC invocations=3 (full 0):
 garbage-first heap   total 131072K, used 3827K [0xc5c00000, 0xe5c00000)
  region size 1024K, 2 young (2048K), 2 survivors (2048K)
 Metaspace       used 3464K, committed 3712K, reserved 16384K
}
Event: 2238.910 GC heap before
{Heap before GC invocations=3 (full 0):
 garbage-first heap   total 131072K, used 79603K [0xc5c00000, 0xe5c00000)
  region size 1024K, 76 young (77824K), 2 survivors (2048K)
 Metaspace       used 3474K, committed 3712K, reserved 16384K
}
Event: 2238.929 GC heap after
{Heap after GC invocations=4 (full 0):
 garbage-first heap   total 131072K, used 3613K [0xc5c00000, 0xe5c00000)
  region size 1024K, 2 young (2048K), 2 survivors (2048K)
 Metaspace       used 3474K, committed 3712K, reserved 16384K
}
Event: 3775.031 GC heap before
{Heap before GC invocations=4 (full 0):
 garbage-first heap   total 131072K, used 79389K [0xc5c00000, 0xe5c00000)
  region size 1024K, 76 young (77824K), 2 survivors (2048K)
 Metaspace       used 3501K, committed 3712K, reserved 16384K
}
Event: 3775.046 GC heap after
{Heap after GC invocations=5 (full 0):
 garbage-first heap   total 131072K, used 3604K [0xc5c00000, 0xe5c00000)
  region size 1024K, 2 young (2048K), 2 survivors (2048K)
 Metaspace       used 3501K, committed 3712K, reserved 16384K
}

