# JRE version: OpenJDK Runtime Environment Zulu17.50+19-CA (17.0.11+9) (build 17.0.11+9-LTS)
# Java VM: OpenJDK Server VM Zulu17.50+19-CA (17.0.11+9-LTS, mixed mode, sharing, tiered, g1 gc, linux-x86)
Heap:
 garbage-first heap   total 131072K, used 26168K [0xc5c00000, 0xe5c00000)
  region size 1024K, 24 young (24576K), 8 survivors (8192K)
 Metaspace       used 7778K, committed 8704K, reserved 16384K
GC Heap History (8 events):
Event: 45.251 GC heap before
{Heap before GC invocations=0 (full 0):
 garbage-first heap   total 131072K, used 12288K [0xc5c00000, 0xe5c00000)
  region size 1024K, 13 young (13312K), 0 survivors (0K)
 Metaspace       used 2672K, committed 2880K, reserved 16384K
}
Event: 45.268 GC heap after
{Heap after GC invocations=1 (full 0):
 garbage-first heap   total 131072K, used 2424K [0xc5c00000, 0xe5c00000)
  region size 1024K, 2 young (2048K), 2 survivors (2048K)
 Metaspace       used 2672K, committed 2880K, reserved 16384K
}
Event: 66.730 GC heap before
{Heap before GC invocations=1 (full 0):
 garbage-first heap   total 131072K, used 17784K [0xc5c00000, 0xe5c00000)
  region size 1024K, 18 young (18432K), 2 survivors (2048K)
 Metaspace       used 3930K, committed 4288K, reserved 16384K
}
Event: 66.767 GC heap after
{Heap after GC invocations=2 (full 0):
 garbage-first heap   total 131072K, used 3856K [0xc5c00000, 0xe5c00000)
  region size 1024K, 2 young (2048K), 2 survivors (2048K)
 Metaspace       used 3930K, committed 4288K, reserved 16384K
}
Event: 236.173 GC heap before
{Heap before GC invocations=2 (full 0):
 garbage-first heap   total 131072K, used 79632K [0xc5c00000, 0xe5c00000)
  region size 1024K, 76 young (77824K), 2 survivors (2048K)
 Metaspace       used 6095K, committed 6784K, reserved 16384K
}
Event: 236.213 GC heap after
{Heap after GC invocations=3 (full 0):
 garbage-first heap   total 131072K, used 7353K [0xc5c00000, 0xe5c00000)
  region size 1024K, 5 young (5120K), 5 survivors (5120K)
 Metaspace       used 6095K, committed 6784K, reserved 16384K
}
Event: 1098.733 GC heap before
{Heap before GC invocations=3 (full 0):
 garbage-first heap   total 131072K, used 80057K [0xc5c00000, 0xe5c00000)
  region size 1024K, 76 young (77824K), 5 survivors (5120K)
 Metaspace       used 7766K, committed 8704K, reserved 16384K
}
Event: 1098.859 GC heap after
{Heap after GC invocations=4 (full 0):
 garbage-first heap   total 131072K, used 10806K [0xc5c00000, 0xe5c00000)
  region size 1024K, 8 young (8192K), 8 survivors (8192K)
 Metaspace       used 7766K, committed 8704K, reserved 16384K
}

