# JRE version: OpenJDK Runtime Environment Zulu17.50+19-CA (17.0.11+9) (build 17.0.11+9-LTS)
# Java VM: OpenJDK Server VM Zulu17.50+19-CA (17.0.11+9-LTS, mixed mode, sharing, tiered, g1 gc, linux-x86)
Heap:
 garbage-first heap   total 131072K, used 48619K [0xc5c00000, 0xe5c00000)
  region size 1024K, 46 young (47104K), 2 survivors (2048K)
 Metaspace       used 3277K, committed 3456K, reserved 16384K
GC Heap History (8 events):
Event: 38.663 GC heap before
{Heap before GC invocations=0 (full 0):
 garbage-first heap   total 131072K, used 12288K [0xc5c00000, 0xe5c00000)
  region size 1024K, 13 young (13312K), 0 survivors (0K)
 Metaspace       used 1909K, committed 2112K, reserved 16384K
}
Event: 38.673 GC heap after
{Heap after GC invocations=1 (full 0):
 garbage-first heap   total 131072K, used 2076K [0xc5c00000, 0xe5c00000)
  region size 1024K, 2 young (2048K), 2 survivors (2048K)
 Metaspace       used 1909K, committed 2112K, reserved 16384K
}
Event: 302.373 GC heap before
{Heap before GC invocations=1 (full 0):
 garbage-first heap   total 131072K, used 19484K [0xc5c00000, 0xe5c00000)
  region size 1024K, 19 young (19456K), 2 survivors (2048K)
 Metaspace       used 3046K, committed 3264K, reserved 16384K
}
Event: 302.411 GC heap after
{Heap after GC invocations=2 (full 0):
 garbage-first heap   total 131072K, used 3265K [0xc5c00000, 0xe5c00000)
  region size 1024K, 2 young (2048K), 2 survivors (2048K)
 Metaspace       used 3046K, committed 3264K, reserved 16384K
}
Event: 5750.405 GC heap before
{Heap before GC invocations=2 (full 0):
 garbage-first heap   total 131072K, used 47297K [0xc5c00000, 0xe5c00000)
  region size 1024K, 45 young (46080K), 2 survivors (2048K)
 Metaspace       used 3241K, committed 3456K, reserved 16384K
}
Event: 5750.462 GC heap after
{Heap after GC invocations=3 (full 0):
 garbage-first heap   total 131072K, used 3500K [0xc5c00000, 0xe5c00000)
  region size 1024K, 2 young (2048K), 2 survivors (2048K)
 Metaspace       used 3241K, committed 3456K, reserved 16384K
}
Event: 18376.555 GC heap before
{Heap before GC invocations=3 (full 0):
 garbage-first heap   total 131072K, used 79276K [0xc5c00000, 0xe5c00000)
  region size 1024K, 76 young (77824K), 2 survivors (2048K)
 Metaspace       used 3271K, committed 3456K, reserved 16384K
}
Event: 18376.601 GC heap after
{Heap after GC invocations=4 (full 0):
 garbage-first heap   total 131072K, used 3563K [0xc5c00000, 0xe5c00000)
  region size 1024K, 2 young (2048K), 2 survivors (2048K)
 Metaspace       used 3271K, committed 3456K, reserved 16384K
}

