# JRE version: OpenJDK Runtime Environment Zulu17.50+19-CA (17.0.11+9) (build 17.0.11+9-LTS)
# Java VM: OpenJDK Server VM Zulu17.50+19-CA (17.0.11+9-LTS, mixed mode, sharing, tiered, g1 gc, linux-x86)
Heap:
 garbage-first heap   total 131072K, used 83682K [0xc5c00000, 0xe5c00000)
  region size 1024K, 66 young (67584K), 7 survivors (7168K)
 Metaspace       used 10647K, committed 12288K, reserved 16384K
GC Heap History (20 events):
Event: 118.777 GC heap before
{Heap before GC invocations=2 (full 0):
 garbage-first heap   total 131072K, used 77549K [0xc5c00000, 0xe5c00000)
  region size 1024K, 73 young (74752K), 1 survivors (1024K)
 Metaspace       used 5100K, committed 5696K, reserved 16384K
}
Event: 118.790 GC heap after
{Heap after GC invocations=3 (full 0):
 garbage-first heap   total 131072K, used 6556K [0xc5c00000, 0xe5c00000)
  region size 1024K, 4 young (4096K), 4 survivors (4096K)
 Metaspace       used 5100K, committed 5696K, reserved 16384K
}
Event: 131.742 GC heap before
{Heap before GC invocations=3 (full 0):
 garbage-first heap   total 131072K, used 80284K [0xc5c00000, 0xe5c00000)
  region size 1024K, 76 young (77824K), 4 survivors (4096K)
 Metaspace       used 5624K, committed 6336K, reserved 16384K
}
Event: 131.758 GC heap after
{Heap after GC invocations=4 (full 0):
 garbage-first heap   total 131072K, used 7918K [0xc5c00000, 0xe5c00000)
  region size 1024K, 5 young (5120K), 5 survivors (5120K)
 Metaspace       used 5624K, committed 6336K, reserved 16384K
}
Event: 142.249 GC heap before
{Heap before GC invocations=4 (full 0):
 garbage-first heap   total 131072K, used 80622K [0xc5c00000, 0xe5c00000)
  region size 1024K, 76 young (77824K), 5 survivors (5120K)
 Metaspace       used 6231K, committed 7040K, reserved 16384K
}
Event: 142.287 GC heap after
{Heap after GC invocations=5 (full 0):
 garbage-first heap   total 131072K, used 9155K [0xc5c00000, 0xe5c00000)
  region size 1024K, 7 young (7168K), 7 survivors (7168K)
 Metaspace       used 6231K, committed 7040K, reserved 16384K
}
Event: 200.012 GC heap before
{Heap before GC invocations=5 (full 0):
 garbage-first heap   total 131072K, used 79811K [0xc5c00000, 0xe5c00000)
  region size 1024K, 76 young (77824K), 7 survivors (7168K)
 Metaspace       used 7118K, committed 8064K, reserved 16384K
}
Event: 200.047 GC heap after
{Heap after GC invocations=6 (full 0):
 garbage-first heap   total 131072K, used 10841K [0xc5c00000, 0xe5c00000)
  region size 1024K, 5 young (5120K), 5 survivors (5120K)
 Metaspace       used 7118K, committed 8064K, reserved 16384K
}
Event: 312.713 GC heap before
{Heap before GC invocations=6 (full 0):
 garbage-first heap   total 131072K, used 83545K [0xc5c00000, 0xe5c00000)
  region size 1024K, 76 young (77824K), 5 survivors (5120K)
 Metaspace       used 7410K, committed 8384K, reserved 16384K
}
Event: 312.747 GC heap after
{Heap after GC invocations=7 (full 0):
 garbage-first heap   total 131072K, used 12823K [0xc5c00000, 0xe5c00000)
  region size 1024K, 7 young (7168K), 7 survivors (7168K)
 Metaspace       used 7410K, committed 8384K, reserved 16384K
}
Event: 321.047 GC heap before
{Heap before GC invocations=7 (full 0):
 garbage-first heap   total 131072K, used 83479K [0xc5c00000, 0xe5c00000)
  region size 1024K, 76 young (77824K), 7 survivors (7168K)
 Metaspace       used 8103K, committed 9280K, reserved 16384K
}
Event: 321.094 GC heap after
{Heap after GC invocations=8 (full 0):
 garbage-first heap   total 131072K, used 14320K [0xc5c00000, 0xe5c00000)
  region size 1024K, 7 young (7168K), 7 survivors (7168K)
 Metaspace       used 8103K, committed 9280K, reserved 16384K
}
Event: 439.018 GC heap before
{Heap before GC invocations=8 (full 0):
 garbage-first heap   total 131072K, used 84976K [0xc5c00000, 0xe5c00000)
  region size 1024K, 76 young (77824K), 7 survivors (7168K)
 Metaspace       used 8854K, committed 10048K, reserved 16384K
}
Event: 439.092 GC heap after
{Heap after GC invocations=9 (full 0):
 garbage-first heap   total 131072K, used 17446K [0xc5c00000, 0xe5c00000)
  region size 1024K, 7 young (7168K), 7 survivors (7168K)
 Metaspace       used 8854K, committed 10048K, reserved 16384K
}
Event: 491.057 GC heap before
{Heap before GC invocations=9 (full 0):
 garbage-first heap   total 131072K, used 88102K [0xc5c00000, 0xe5c00000)
  region size 1024K, 76 young (77824K), 7 survivors (7168K)
 Metaspace       used 8993K, committed 10240K, reserved 16384K
}
Event: 491.110 GC heap after
{Heap after GC invocations=10 (full 0):
 garbage-first heap   total 131072K, used 18628K [0xc5c00000, 0xe5c00000)
  region size 1024K, 6 young (6144K), 6 survivors (6144K)
 Metaspace       used 8993K, committed 10240K, reserved 16384K
}
Event: 643.373 GC heap before
{Heap before GC invocations=10 (full 0):
 garbage-first heap   total 131072K, used 90308K [0xc5c00000, 0xe5c00000)
  region size 1024K, 76 young (77824K), 6 survivors (6144K)
 Metaspace       used 9287K, committed 10560K, reserved 16384K
}
Event: 643.427 GC heap after
{Heap after GC invocations=11 (full 0):
 garbage-first heap   total 131072K, used 21504K [0xc5c00000, 0xe5c00000)
  region size 1024K, 7 young (7168K), 7 survivors (7168K)
 Metaspace       used 9287K, committed 10560K, reserved 16384K
}
Event: 713.725 GC heap before
{Heap before GC invocations=11 (full 0):
 garbage-first heap   total 131072K, used 92160K [0xc5c00000, 0xe5c00000)
  region size 1024K, 76 young (77824K), 7 survivors (7168K)
 Metaspace       used 9782K, committed 11200K, reserved 16384K
}
Event: 713.803 GC heap after
{Heap after GC invocations=12 (full 0):
 garbage-first heap   total 131072K, used 24288K [0xc5c00000, 0xe5c00000)
  region size 1024K, 7 young (7168K), 7 survivors (7168K)
 Metaspace       used 9782K, committed 11200K, reserved 16384K
}

