# JRE version: OpenJDK Runtime Environment Zulu17.50+19-CA (17.0.11+9) (build 17.0.11+9-LTS)
# Java VM: OpenJDK Server VM Zulu17.50+19-CA (17.0.11+9-LTS, mixed mode, sharing, tiered, g1 gc, linux-x86)
Heap:
 garbage-first heap   total 131072K, used 60088K [0xc5c00000, 0xe5c00000)
  region size 1024K, 58 young (59392K), 2 survivors (2048K)
 Metaspace       used 3554K, committed 3840K, reserved 16384K
GC Heap History (14 events):
Event: 34.640 GC heap before
{Heap before GC invocations=0 (full 0):
 garbage-first heap   total 131072K, used 12288K [0xc5c00000, 0xe5c00000)
  region size 1024K, 13 young (13312K), 0 survivors (0K)
 Metaspace       used 1897K, committed 2048K, reserved 16384K
}
Event: 34.824 GC heap after
{Heap after GC invocations=1 (full 0):
 garbage-first heap   total 131072K, used 2044K [0xc5c00000, 0xe5c00000)
  region size 1024K, 2 young (2048K), 2 survivors (2048K)
 Metaspace       used 1897K, committed 2048K, reserved 16384K
}
Event: 176.563 GC heap before
{Heap before GC invocations=1 (full 0):
 garbage-first heap   total 131072K, used 19452K [0xc5c00000, 0xe5c00000)
  region size 1024K, 19 young (19456K), 2 survivors (2048K)
 Metaspace       used 3121K, committed 3328K, reserved 16384K
}
Event: 176.588 GC heap after
{Heap after GC invocations=2 (full 0):
 garbage-first heap   total 131072K, used 3374K [0xc5c00000, 0xe5c00000)
  region size 1024K, 2 young (2048K), 2 survivors (2048K)
 Metaspace       used 3121K, committed 3328K, reserved 16384K
}
Event: 6197.848 GC heap before
{Heap before GC invocations=2 (full 0):
 garbage-first heap   total 131072K, used 78126K [0xc5c00000, 0xe5c00000)
  region size 1024K, 75 young (76800K), 2 survivors (2048K)
 Metaspace       used 3406K, committed 3648K, reserved 16384K
}
Event: 6197.914 GC heap after
{Heap after GC invocations=3 (full 0):
 garbage-first heap   total 131072K, used 3846K [0xc5c00000, 0xe5c00000)
  region size 1024K, 2 young (2048K), 2 survivors (2048K)
 Metaspace       used 3406K, committed 3648K, reserved 16384K
}
Event: 9007.460 GC heap before
{Heap before GC invocations=3 (full 0):
 garbage-first heap   total 131072K, used 79622K [0xc5c00000, 0xe5c00000)
  region size 1024K, 76 young (77824K), 2 survivors (2048K)
 Metaspace       used 3510K, committed 3840K, reserved 16384K
}
Event: 9007.470 GC heap after
{Heap after GC invocations=4 (full 0):
 garbage-first heap   total 131072K, used 3900K [0xc5c00000, 0xe5c00000)
  region size 1024K, 2 young (2048K), 2 survivors (2048K)
 Metaspace       used 3510K, committed 3840K, reserved 16384K
}
Event: 10388.239 GC heap before
{Heap before GC invocations=4 (full 0):
 garbage-first heap   total 131072K, used 79676K [0xc5c00000, 0xe5c00000)
  region size 1024K, 76 young (77824K), 2 survivors (2048K)
 Metaspace       used 3511K, committed 3840K, reserved 16384K
}
Event: 10388.287 GC heap after
{Heap after GC invocations=5 (full 0):
 garbage-first heap   total 131072K, used 3790K [0xc5c00000, 0xe5c00000)
  region size 1024K, 2 young (2048K), 2 survivors (2048K)
 Metaspace       used 3511K, committed 3840K, reserved 16384K
}
Event: 11470.033 GC heap before
{Heap before GC invocations=5 (full 0):
 garbage-first heap   total 131072K, used 79566K [0xc5c00000, 0xe5c00000)
  region size 1024K, 76 young (77824K), 2 survivors (2048K)
 Metaspace       used 3519K, committed 3840K, reserved 16384K
}
Event: 11470.054 GC heap after
{Heap after GC invocations=6 (full 0):
 garbage-first heap   total 131072K, used 3775K [0xc5c00000, 0xe5c00000)
  region size 1024K, 2 young (2048K), 2 survivors (2048K)
 Metaspace       used 3519K, committed 3840K, reserved 16384K
}
Event: 16764.642 GC heap before
{Heap before GC invocations=6 (full 0):
 garbage-first heap   total 131072K, used 79551K [0xc5c00000, 0xe5c00000)
  region size 1024K, 76 young (77824K), 2 survivors (2048K)
 Metaspace       used 3535K, committed 3840K, reserved 16384K
}
Event: 16764.678 GC heap after
{Heap after GC invocations=7 (full 0):
 garbage-first heap   total 131072K, used 3766K [0xc5c00000, 0xe5c00000)
  region size 1024K, 2 young (2048K), 2 survivors (2048K)
 Metaspace       used 3535K, committed 3840K, reserved 16384K
}

