# JRE version: OpenJDK Runtime Environment Zulu17.50+19-CA (17.0.11+9) (build 17.0.11+9-LTS)
# Java VM: OpenJDK Server VM Zulu17.50+19-CA (17.0.11+9-LTS, mixed mode, sharing, tiered, g1 gc, linux-x86)
Heap:
 garbage-first heap   total 131072K, used 58940K [0xc5c00000, 0xe5c00000)
  region size 1024K, 41 young (41984K), 1 survivors (1024K)
 Metaspace       used 7078K, committed 7936K, reserved 16384K
GC Heap History (16 events):
Event: 56.200 GC heap before
{Heap before GC invocations=0 (full 0):
 garbage-first heap   total 131072K, used 12288K [0xc5c00000, 0xe5c00000)
  region size 1024K, 13 young (13312K), 0 survivors (0K)
 Metaspace       used 2175K, committed 2368K, reserved 16384K
}
Event: 56.292 GC heap after
{Heap after GC invocations=1 (full 0):
 garbage-first heap   total 131072K, used 1896K [0xc5c00000, 0xe5c00000)
  region size 1024K, 2 young (2048K), 2 survivors (2048K)
 Metaspace       used 2175K, committed 2368K, reserved 16384K
}
Event: 90.894 GC heap before
{Heap before GC invocations=1 (full 0):
 garbage-first heap   total 131072K, used 18280K [0xc5c00000, 0xe5c00000)
  region size 1024K, 19 young (19456K), 2 survivors (2048K)
 Metaspace       used 4083K, committed 4416K, reserved 16384K
}
Event: 90.910 GC heap after
{Heap after GC invocations=2 (full 0):
 garbage-first heap   total 131072K, used 3480K [0xc5c00000, 0xe5c00000)
  region size 1024K, 2 young (2048K), 2 survivors (2048K)
 Metaspace       used 4083K, committed 4416K, reserved 16384K
}
Event: 238.748 GC heap before
{Heap before GC invocations=2 (full 0):
 garbage-first heap   total 131072K, used 79256K [0xc5c00000, 0xe5c00000)
  region size 1024K, 76 young (77824K), 2 survivors (2048K)
 Metaspace       used 5452K, committed 6016K, reserved 16384K
}
Event: 238.778 GC heap after
{Heap after GC invocations=3 (full 0):
 garbage-first heap   total 131072K, used 5816K [0xc5c00000, 0xe5c00000)
  region size 1024K, 4 young (4096K), 4 survivors (4096K)
 Metaspace       used 5452K, committed 6016K, reserved 16384K
}
Event: 554.968 GC heap before
{Heap before GC invocations=3 (full 0):
 garbage-first heap   total 131072K, used 79544K [0xc5c00000, 0xe5c00000)
  region size 1024K, 76 young (77824K), 4 survivors (4096K)
 Metaspace       used 5634K, committed 6272K, reserved 16384K
}
Event: 555.029 GC heap after
{Heap after GC invocations=4 (full 0):
 garbage-first heap   total 131072K, used 6974K [0xc5c00000, 0xe5c00000)
  region size 1024K, 5 young (5120K), 5 survivors (5120K)
 Metaspace       used 5634K, committed 6272K, reserved 16384K
}
Event: 577.880 GC heap before
{Heap before GC invocations=4 (full 0):
 garbage-first heap   total 131072K, used 79678K [0xc5c00000, 0xe5c00000)
  region size 1024K, 76 young (77824K), 5 survivors (5120K)
 Metaspace       used 6812K, committed 7616K, reserved 16384K
}
Event: 577.955 GC heap after
{Heap after GC invocations=5 (full 0):
 garbage-first heap   total 131072K, used 11955K [0xc5c00000, 0xe5c00000)
  region size 1024K, 10 young (10240K), 10 survivors (10240K)
 Metaspace       used 6812K, committed 7616K, reserved 16384K
}
Event: 790.525 GC heap before
{Heap before GC invocations=5 (full 0):
 garbage-first heap   total 131072K, used 79539K [0xc5c00000, 0xe5c00000)
  region size 1024K, 76 young (77824K), 10 survivors (10240K)
 Metaspace       used 7047K, committed 7872K, reserved 16384K
}
Event: 790.575 GC heap after
{Heap after GC invocations=6 (full 0):
 garbage-first heap   total 131072K, used 16954K [0xc5c00000, 0xe5c00000)
  region size 1024K, 10 young (10240K), 10 survivors (10240K)
 Metaspace       used 7047K, committed 7872K, reserved 16384K
}
Event: 2394.486 GC heap before
{Heap before GC invocations=6 (full 0):
 garbage-first heap   total 131072K, used 84538K [0xc5c00000, 0xe5c00000)
  region size 1024K, 76 young (77824K), 10 survivors (10240K)
 Metaspace       used 7063K, committed 7936K, reserved 16384K
}
Event: 2394.560 GC heap after
{Heap after GC invocations=7 (full 0):
 garbage-first heap   total 131072K, used 18035K [0xc5c00000, 0xe5c00000)
  region size 1024K, 6 young (6144K), 6 survivors (6144K)
 Metaspace       used 7063K, committed 7936K, reserved 16384K
}
Event: 4415.597 GC heap before
{Heap before GC invocations=7 (full 0):
 garbage-first heap   total 131072K, used 89715K [0xc5c00000, 0xe5c00000)
  region size 1024K, 76 young (77824K), 6 survivors (6144K)
 Metaspace       used 7074K, committed 7936K, reserved 16384K
}
Event: 4415.693 GC heap after
{Heap after GC invocations=8 (full 0):
 garbage-first heap   total 131072K, used 17980K [0xc5c00000, 0xe5c00000)
  region size 1024K, 1 young (1024K), 1 survivors (1024K)
 Metaspace       used 7074K, committed 7936K, reserved 16384K
}

