# JRE version: OpenJDK Runtime Environment Zulu17.50+19-CA (17.0.11+9) (build 17.0.11+9-LTS)
# Java VM: OpenJDK Server VM Zulu17.50+19-CA (17.0.11+9-LTS, mixed mode, sharing, tiered, g1 gc, linux-x86)
Heap:
 garbage-first heap   total 131072K, used 70594K [0xc5c00000, 0xe5c00000)
  region size 1024K, 66 young (67584K), 5 survivors (5120K)
 Metaspace       used 7293K, committed 8192K, reserved 16384K
GC Heap History (8 events):
Event: 64.200 GC heap before
{Heap before GC invocations=0 (full 0):
 garbage-first heap   total 131072K, used 12288K [0xc5c00000, 0xe5c00000)
  region size 1024K, 13 young (13312K), 0 survivors (0K)
 Metaspace       used 3075K, committed 3264K, reserved 16384K
}
Event: 64.253 GC heap after
{Heap after GC invocations=1 (full 0):
 garbage-first heap   total 131072K, used 2655K [0xc5c00000, 0xe5c00000)
  region size 1024K, 2 young (2048K), 2 survivors (2048K)
 Metaspace       used 3075K, committed 3264K, reserved 16384K
}
Event: 124.767 GC heap before
{Heap before GC invocations=1 (full 0):
 garbage-first heap   total 131072K, used 18015K [0xc5c00000, 0xe5c00000)
  region size 1024K, 17 young (17408K), 2 survivors (2048K)
 Metaspace       used 4049K, committed 4416K, reserved 16384K
}
Event: 124.834 GC heap after
{Heap after GC invocations=2 (full 0):
 garbage-first heap   total 131072K, used 4319K [0xc5c00000, 0xe5c00000)
  region size 1024K, 2 young (2048K), 2 survivors (2048K)
 Metaspace       used 4049K, committed 4416K, reserved 16384K
}
Event: 244.985 GC heap before
{Heap before GC invocations=2 (full 0):
 garbage-first heap   total 131072K, used 54495K [0xc5c00000, 0xe5c00000)
  region size 1024K, 51 young (52224K), 2 survivors (2048K)
 Metaspace       used 5423K, committed 5952K, reserved 16384K
}
Event: 245.043 GC heap after
{Heap after GC invocations=3 (full 0):
 garbage-first heap   total 131072K, used 6464K [0xc5c00000, 0xe5c00000)
  region size 1024K, 4 young (4096K), 4 survivors (4096K)
 Metaspace       used 5423K, committed 5952K, reserved 16384K
}
Event: 268.827 GC heap before
{Heap before GC invocations=3 (full 0):
 garbage-first heap   total 131072K, used 80192K [0xc5c00000, 0xe5c00000)
  region size 1024K, 76 young (77824K), 4 survivors (4096K)
 Metaspace       used 6531K, committed 7296K, reserved 16384K
}
Event: 268.841 GC heap after
{Heap after GC invocations=4 (full 0):
 garbage-first heap   total 131072K, used 8130K [0xc5c00000, 0xe5c00000)
  region size 1024K, 5 young (5120K), 5 survivors (5120K)
 Metaspace       used 6531K, committed 7296K, reserved 16384K
}

