# JRE version: OpenJDK Runtime Environment Zulu17.50+19-CA (17.0.11+9) (build 17.0.11+9-LTS)
# Java VM: OpenJDK Server VM Zulu17.50+19-CA (17.0.11+9-LTS, mixed mode, sharing, tiered, g1 gc, linux-x86)
Heap:
 garbage-first heap   total 131072K, used 28877K [0xc5c00000, 0xe5c00000)
  region size 1024K, 27 young (27648K), 2 survivors (2048K)
 Metaspace       used 3388K, committed 3584K, reserved 16384K
GC Heap History (8 events):
Event: 25.614 GC heap before
{Heap before GC invocations=0 (full 0):
 garbage-first heap   total 131072K, used 12288K [0xc5c00000, 0xe5c00000)
  region size 1024K, 13 young (13312K), 0 survivors (0K)
 Metaspace       used 1903K, committed 2048K, reserved 16384K
}
Event: 25.731 GC heap after
{Heap after GC invocations=1 (full 0):
 garbage-first heap   total 131072K, used 2246K [0xc5c00000, 0xe5c00000)
  region size 1024K, 2 young (2048K), 2 survivors (2048K)
 Metaspace       used 1903K, committed 2048K, reserved 16384K
}
Event: 29.185 GC heap before
{Heap before GC invocations=1 (full 0):
 garbage-first heap   total 131072K, used 18630K [0xc5c00000, 0xe5c00000)
  region size 1024K, 18 young (18432K), 2 survivors (2048K)
 Metaspace       used 2088K, committed 2304K, reserved 16384K
}
Event: 29.206 GC heap after
{Heap after GC invocations=2 (full 0):
 garbage-first heap   total 131072K, used 2103K [0xc5c00000, 0xe5c00000)
  region size 1024K, 1 young (1024K), 1 survivors (1024K)
 Metaspace       used 2088K, committed 2304K, reserved 16384K
}
Event: 2505.257 GC heap before
{Heap before GC invocations=2 (full 0):
 garbage-first heap   total 131072K, used 78903K [0xc5c00000, 0xe5c00000)
  region size 1024K, 76 young (77824K), 1 survivors (1024K)
 Metaspace       used 3355K, committed 3520K, reserved 16384K
}
Event: 2505.294 GC heap after
{Heap after GC invocations=3 (full 0):
 garbage-first heap   total 131072K, used 3357K [0xc5c00000, 0xe5c00000)
  region size 1024K, 2 young (2048K), 2 survivors (2048K)
 Metaspace       used 3355K, committed 3520K, reserved 16384K
}
Event: 7765.624 GC heap before
{Heap before GC invocations=3 (full 0):
 garbage-first heap   total 131072K, used 79133K [0xc5c00000, 0xe5c00000)
  region size 1024K, 76 young (77824K), 2 survivors (2048K)
 Metaspace       used 3383K, committed 3584K, reserved 16384K
}
Event: 7765.659 GC heap after
{Heap after GC invocations=4 (full 0):
 garbage-first heap   total 131072K, used 3277K [0xc5c00000, 0xe5c00000)
  region size 1024K, 2 young (2048K), 2 survivors (2048K)
 Metaspace       used 3383K, committed 3584K, reserved 16384K
}

