# JRE version: OpenJDK Runtime Environment Zulu17.50+19-CA (17.0.11+9) (build 17.0.11+9-LTS)
# Java VM: OpenJDK Server VM Zulu17.50+19-CA (17.0.11+9-LTS, mixed mode, sharing, tiered, g1 gc, linux-x86)
Heap:
 garbage-first heap   total 131072K, used 61813K [0xc5c00000, 0xe5c00000)
  region size 1024K, 60 young (61440K), 6 survivors (6144K)
 Metaspace       used 5807K, committed 6528K, reserved 16384K
GC Heap History (8 events):
Event: 74.192 GC heap before
{Heap before GC invocations=0 (full 0):
 garbage-first heap   total 131072K, used 12288K [0xc5c00000, 0xe5c00000)
  region size 1024K, 13 young (13312K), 0 survivors (0K)
 Metaspace       used 2127K, committed 2304K, reserved 16384K
}
Event: 74.212 GC heap after
{Heap after GC invocations=1 (full 0):
 garbage-first heap   total 131072K, used 1817K [0xc5c00000, 0xe5c00000)
  region size 1024K, 2 young (2048K), 2 survivors (2048K)
 Metaspace       used 2127K, committed 2304K, reserved 16384K
}
Event: 113.165 GC heap before
{Heap before GC invocations=1 (full 0):
 garbage-first heap   total 131072K, used 18201K [0xc5c00000, 0xe5c00000)
  region size 1024K, 19 young (19456K), 2 survivors (2048K)
 Metaspace       used 3542K, committed 3776K, reserved 16384K
}
Event: 113.199 GC heap after
{Heap after GC invocations=2 (full 0):
 garbage-first heap   total 131072K, used 3274K [0xc5c00000, 0xe5c00000)
  region size 1024K, 2 young (2048K), 2 survivors (2048K)
 Metaspace       used 3542K, committed 3776K, reserved 16384K
}
Event: 233.301 GC heap before
{Heap before GC invocations=2 (full 0):
 garbage-first heap   total 131072K, used 79050K [0xc5c00000, 0xe5c00000)
  region size 1024K, 76 young (77824K), 2 survivors (2048K)
 Metaspace       used 4837K, committed 5440K, reserved 16384K
}
Event: 233.323 GC heap after
{Heap after GC invocations=3 (full 0):
 garbage-first heap   total 131072K, used 5865K [0xc5c00000, 0xe5c00000)
  region size 1024K, 4 young (4096K), 4 survivors (4096K)
 Metaspace       used 4837K, committed 5440K, reserved 16384K
}
Event: 533.183 GC heap before
{Heap before GC invocations=3 (full 0):
 garbage-first heap   total 131072K, used 79593K [0xc5c00000, 0xe5c00000)
  region size 1024K, 76 young (77824K), 4 survivors (4096K)
 Metaspace       used 5738K, committed 6464K, reserved 16384K
}
Event: 533.211 GC heap after
{Heap after GC invocations=4 (full 0):
 garbage-first heap   total 131072K, used 7539K [0xc5c00000, 0xe5c00000)
  region size 1024K, 6 young (6144K), 6 survivors (6144K)
 Metaspace       used 5738K, committed 6464K, reserved 16384K
}

