# JRE version: OpenJDK Runtime Environment Zulu17.50+19-CA (17.0.11+9) (build 17.0.11+9-LTS)
# Java VM: OpenJDK Server VM Zulu17.50+19-CA (17.0.11+9-LTS, mixed mode, sharing, tiered, g1 gc, linux-x86)
Heap:
 garbage-first heap   total 131072K, used 51249K [0xc5c00000, 0xe5c00000)
  region size 1024K, 35 young (35840K), 1 survivors (1024K)
 Metaspace       used 7084K, committed 7936K, reserved 16384K
GC Heap History (20 events):
Event: 4358.475 GC heap before
{Heap before GC invocations=7 (full 0):
 garbage-first heap   total 131072K, used 89152K [0xc5c00000, 0xe5c00000)
  region size 1024K, 76 young (77824K), 7 survivors (7168K)
 Metaspace       used 7075K, committed 7936K, reserved 16384K
}
Event: 4358.521 GC heap after
{Heap after GC invocations=8 (full 0):
 garbage-first heap   total 131072K, used 17777K [0xc5c00000, 0xe5c00000)
  region size 1024K, 1 young (1024K), 1 survivors (1024K)
 Metaspace       used 7075K, committed 7936K, reserved 16384K
}
Event: 6515.549 GC heap before
{Heap before GC invocations=8 (full 0):
 garbage-first heap   total 131072K, used 94577K [0xc5c00000, 0xe5c00000)
  region size 1024K, 76 young (77824K), 1 survivors (1024K)
 Metaspace       used 7082K, committed 7936K, reserved 16384K
}
Event: 6515.553 GC heap after
{Heap after GC invocations=9 (full 0):
 garbage-first heap   total 131072K, used 17534K [0xc5c00000, 0xe5c00000)
  region size 1024K, 1 young (1024K), 1 survivors (1024K)
 Metaspace       used 7082K, committed 7936K, reserved 16384K
}
Event: 8675.467 GC heap before
{Heap before GC invocations=9 (full 0):
 garbage-first heap   total 131072K, used 94334K [0xc5c00000, 0xe5c00000)
  region size 1024K, 76 young (77824K), 1 survivors (1024K)
 Metaspace       used 7082K, committed 7936K, reserved 16384K
}
Event: 8675.497 GC heap after
{Heap after GC invocations=10 (full 0):
 garbage-first heap   total 131072K, used 17493K [0xc5c00000, 0xe5c00000)
  region size 1024K, 1 young (1024K), 1 survivors (1024K)
 Metaspace       used 7082K, committed 7936K, reserved 16384K
}
Event: 10805.500 GC heap before
{Heap before GC invocations=10 (full 0):
 garbage-first heap   total 131072K, used 94293K [0xc5c00000, 0xe5c00000)
  region size 1024K, 76 young (77824K), 1 survivors (1024K)
 Metaspace       used 7082K, committed 7936K, reserved 16384K
}
Event: 10805.504 GC heap after
{Heap after GC invocations=11 (full 0):
 garbage-first heap   total 131072K, used 17477K [0xc5c00000, 0xe5c00000)
  region size 1024K, 1 young (1024K), 1 survivors (1024K)
 Metaspace       used 7082K, committed 7936K, reserved 16384K
}
Event: 12937.433 GC heap before
{Heap before GC invocations=11 (full 0):
 garbage-first heap   total 131072K, used 94277K [0xc5c00000, 0xe5c00000)
  region size 1024K, 76 young (77824K), 1 survivors (1024K)
 Metaspace       used 7082K, committed 7936K, reserved 16384K
}
Event: 12937.449 GC heap after
{Heap after GC invocations=12 (full 0):
 garbage-first heap   total 131072K, used 17477K [0xc5c00000, 0xe5c00000)
  region size 1024K, 1 young (1024K), 1 survivors (1024K)
 Metaspace       used 7082K, committed 7936K, reserved 16384K
}
Event: 15055.323 GC heap before
{Heap before GC invocations=12 (full 0):
 garbage-first heap   total 131072K, used 94277K [0xc5c00000, 0xe5c00000)
  region size 1024K, 76 young (77824K), 1 survivors (1024K)
 Metaspace       used 7082K, committed 7936K, reserved 16384K
}
Event: 15055.369 GC heap after
{Heap after GC invocations=13 (full 0):
 garbage-first heap   total 131072K, used 17429K [0xc5c00000, 0xe5c00000)
  region size 1024K, 1 young (1024K), 1 survivors (1024K)
 Metaspace       used 7082K, committed 7936K, reserved 16384K
}
Event: 17166.395 GC heap before
{Heap before GC invocations=13 (full 0):
 garbage-first heap   total 131072K, used 94229K [0xc5c00000, 0xe5c00000)
  region size 1024K, 76 young (77824K), 1 survivors (1024K)
 Metaspace       used 7082K, committed 7936K, reserved 16384K
}
Event: 17166.402 GC heap after
{Heap after GC invocations=14 (full 0):
 garbage-first heap   total 131072K, used 17454K [0xc5c00000, 0xe5c00000)
  region size 1024K, 1 young (1024K), 1 survivors (1024K)
 Metaspace       used 7082K, committed 7936K, reserved 16384K
}
Event: 19279.308 GC heap before
{Heap before GC invocations=14 (full 0):
 garbage-first heap   total 131072K, used 94254K [0xc5c00000, 0xe5c00000)
  region size 1024K, 76 young (77824K), 1 survivors (1024K)
 Metaspace       used 7082K, committed 7936K, reserved 16384K
}
Event: 19279.337 GC heap after
{Heap after GC invocations=15 (full 0):
 garbage-first heap   total 131072K, used 17452K [0xc5c00000, 0xe5c00000)
  region size 1024K, 1 young (1024K), 1 survivors (1024K)
 Metaspace       used 7082K, committed 7936K, reserved 16384K
}
Event: 21359.382 GC heap before
{Heap before GC invocations=15 (full 0):
 garbage-first heap   total 131072K, used 94252K [0xc5c00000, 0xe5c00000)
  region size 1024K, 76 young (77824K), 1 survivors (1024K)
 Metaspace       used 7082K, committed 7936K, reserved 16384K
}
Event: 21359.409 GC heap after
{Heap after GC invocations=16 (full 0):
 garbage-first heap   total 131072K, used 17514K [0xc5c00000, 0xe5c00000)
  region size 1024K, 1 young (1024K), 1 survivors (1024K)
 Metaspace       used 7082K, committed 7936K, reserved 16384K
}
Event: 23450.392 GC heap before
{Heap before GC invocations=16 (full 0):
 garbage-first heap   total 131072K, used 94314K [0xc5c00000, 0xe5c00000)
  region size 1024K, 76 young (77824K), 1 survivors (1024K)
 Metaspace       used 7083K, committed 7936K, reserved 16384K
}
Event: 23450.405 GC heap after
{Heap after GC invocations=17 (full 0):
 garbage-first heap   total 131072K, used 17455K [0xc5c00000, 0xe5c00000)
  region size 1024K, 1 young (1024K), 1 survivors (1024K)
 Metaspace       used 7083K, committed 7936K, reserved 16384K
}

