# JRE version: OpenJDK Runtime Environment Zulu17.50+19-CA (17.0.11+9) (build 17.0.11+9-LTS)
# Java VM: OpenJDK Server VM Zulu17.50+19-CA (17.0.11+9-LTS, mixed mode, sharing, tiered, g1 gc, linux-x86)
Heap:
 garbage-first heap   total 131072K, used 45554K [0xc5c00000, 0xe5c00000)
  region size 1024K, 44 young (45056K), 6 survivors (6144K)
 Metaspace       used 5771K, committed 6528K, reserved 16384K
GC Heap History (8 events):
Event: 69.569 GC heap before
{Heap before GC invocations=0 (full 0):
 garbage-first heap   total 131072K, used 12288K [0xc5c00000, 0xe5c00000)
  region size 1024K, 13 young (13312K), 0 survivors (0K)
 Metaspace       used 2110K, committed 2240K, reserved 16384K
}
Event: 69.580 GC heap after
{Heap after GC invocations=1 (full 0):
 garbage-first heap   total 131072K, used 1821K [0xc5c00000, 0xe5c00000)
  region size 1024K, 2 young (2048K), 2 survivors (2048K)
 Metaspace       used 2110K, committed 2240K, reserved 16384K
}
Event: 110.104 GC heap before
{Heap before GC invocations=1 (full 0):
 garbage-first heap   total 131072K, used 19229K [0xc5c00000, 0xe5c00000)
  region size 1024K, 19 young (19456K), 2 survivors (2048K)
 Metaspace       used 3496K, committed 3776K, reserved 16384K
}
Event: 110.117 GC heap after
{Heap after GC invocations=2 (full 0):
 garbage-first heap   total 131072K, used 3137K [0xc5c00000, 0xe5c00000)
  region size 1024K, 2 young (2048K), 2 survivors (2048K)
 Metaspace       used 3496K, committed 3776K, reserved 16384K
}
Event: 206.309 GC heap before
{Heap before GC invocations=2 (full 0):
 garbage-first heap   total 131072K, used 78913K [0xc5c00000, 0xe5c00000)
  region size 1024K, 76 young (77824K), 2 survivors (2048K)
 Metaspace       used 4813K, committed 5440K, reserved 16384K
}
Event: 206.345 GC heap after
{Heap after GC invocations=3 (full 0):
 garbage-first heap   total 131072K, used 5863K [0xc5c00000, 0xe5c00000)
  region size 1024K, 4 young (4096K), 4 survivors (4096K)
 Metaspace       used 4813K, committed 5440K, reserved 16384K
}
Event: 519.635 GC heap before
{Heap before GC invocations=3 (full 0):
 garbage-first heap   total 131072K, used 79591K [0xc5c00000, 0xe5c00000)
  region size 1024K, 76 young (77824K), 4 survivors (4096K)
 Metaspace       used 5699K, committed 6464K, reserved 16384K
}
Event: 519.708 GC heap after
{Heap after GC invocations=4 (full 0):
 garbage-first heap   total 131072K, used 7664K [0xc5c00000, 0xe5c00000)
  region size 1024K, 6 young (6144K), 6 survivors (6144K)
 Metaspace       used 5699K, committed 6464K, reserved 16384K
}

