# JRE version: OpenJDK Runtime Environment Zulu17.50+19-CA (17.0.11+9) (build 17.0.11+9-LTS)
# Java VM: OpenJDK Server VM Zulu17.50+19-CA (17.0.11+9-LTS, mixed mode, sharing, tiered, g1 gc, linux-x86)
Heap:
 garbage-first heap   total 131072K, used 70069K [0xc5c00000, 0xe5c00000)
  region size 1024K, 67 young (68608K), 2 survivors (2048K)
 Metaspace       used 3496K, committed 3776K, reserved 16384K
GC Heap History (8 events):
Event: 27.529 GC heap before
{Heap before GC invocations=0 (full 0):
 garbage-first heap   total 131072K, used 12288K [0xc5c00000, 0xe5c00000)
  region size 1024K, 13 young (13312K), 0 survivors (0K)
 Metaspace       used 1885K, committed 2048K, reserved 16384K
}
Event: 27.630 GC heap after
{Heap after GC invocations=1 (full 0):
 garbage-first heap   total 131072K, used 2188K [0xc5c00000, 0xe5c00000)
  region size 1024K, 2 young (2048K), 2 survivors (2048K)
 Metaspace       used 1885K, committed 2048K, reserved 16384K
}
Event: 307.844 GC heap before
{Heap before GC invocations=1 (full 0):
 garbage-first heap   total 131072K, used 19596K [0xc5c00000, 0xe5c00000)
  region size 1024K, 19 young (19456K), 2 survivors (2048K)
 Metaspace       used 3159K, committed 3328K, reserved 16384K
}
Event: 307.874 GC heap after
{Heap after GC invocations=2 (full 0):
 garbage-first heap   total 131072K, used 2973K [0xc5c00000, 0xe5c00000)
  region size 1024K, 1 young (1024K), 1 survivors (1024K)
 Metaspace       used 3159K, committed 3328K, reserved 16384K
}
Event: 9096.974 GC heap before
{Heap before GC invocations=2 (full 0):
 garbage-first heap   total 131072K, used 76701K [0xc5c00000, 0xe5c00000)
  region size 1024K, 73 young (74752K), 1 survivors (1024K)
 Metaspace       used 3479K, committed 3712K, reserved 16384K
}
Event: 9096.988 GC heap after
{Heap after GC invocations=3 (full 0):
 garbage-first heap   total 131072K, used 3507K [0xc5c00000, 0xe5c00000)
  region size 1024K, 2 young (2048K), 2 survivors (2048K)
 Metaspace       used 3479K, committed 3712K, reserved 16384K
}
Event: 20593.245 GC heap before
{Heap before GC invocations=3 (full 0):
 garbage-first heap   total 131072K, used 79283K [0xc5c00000, 0xe5c00000)
  region size 1024K, 76 young (77824K), 2 survivors (2048K)
 Metaspace       used 3490K, committed 3712K, reserved 16384K
}
Event: 20593.291 GC heap after
{Heap after GC invocations=4 (full 0):
 garbage-first heap   total 131072K, used 3509K [0xc5c00000, 0xe5c00000)
  region size 1024K, 2 young (2048K), 2 survivors (2048K)
 Metaspace       used 3490K, committed 3712K, reserved 16384K
}

