# JRE version: OpenJDK Runtime Environment Zulu17.50+19-CA (17.0.11+9) (build 17.0.11+9-LTS)
# Java VM: OpenJDK Server VM Zulu17.50+19-CA (17.0.11+9-LTS, mixed mode, sharing, tiered, g1 gc, linux-x86)
Heap:
 garbage-first heap   total 131072K, used 54660K [0xc5c00000, 0xe5c00000)
  region size 1024K, 50 young (51200K), 7 survivors (7168K)
 Metaspace       used 7794K, committed 8768K, reserved 16384K
GC Heap History (10 events):
Event: 55.095 GC heap before
{Heap before GC invocations=0 (full 0):
 garbage-first heap   total 131072K, used 12288K [0xc5c00000, 0xe5c00000)
  region size 1024K, 13 young (13312K), 0 survivors (0K)
 Metaspace       used 2817K, committed 3072K, reserved 16384K
}
Event: 55.117 GC heap after
{Heap after GC invocations=1 (full 0):
 garbage-first heap   total 131072K, used 2578K [0xc5c00000, 0xe5c00000)
  region size 1024K, 2 young (2048K), 2 survivors (2048K)
 Metaspace       used 2817K, committed 3072K, reserved 16384K
}
Event: 104.759 GC heap before
{Heap before GC invocations=1 (full 0):
 garbage-first heap   total 131072K, used 17938K [0xc5c00000, 0xe5c00000)
  region size 1024K, 17 young (17408K), 2 survivors (2048K)
 Metaspace       used 3953K, committed 4288K, reserved 16384K
}
Event: 104.772 GC heap after
{Heap after GC invocations=2 (full 0):
 garbage-first heap   total 131072K, used 3822K [0xc5c00000, 0xe5c00000)
  region size 1024K, 2 young (2048K), 2 survivors (2048K)
 Metaspace       used 3953K, committed 4288K, reserved 16384K
}
Event: 120.826 GC heap before
{Heap before GC invocations=2 (full 0):
 garbage-first heap   total 131072K, used 79598K [0xc5c00000, 0xe5c00000)
  region size 1024K, 76 young (77824K), 2 survivors (2048K)
 Metaspace       used 4832K, committed 5376K, reserved 16384K
}
Event: 120.881 GC heap after
{Heap after GC invocations=3 (full 0):
 garbage-first heap   total 131072K, used 5090K [0xc5c00000, 0xe5c00000)
  region size 1024K, 3 young (3072K), 3 survivors (3072K)
 Metaspace       used 4832K, committed 5376K, reserved 16384K
}
Event: 478.337 GC heap before
{Heap before GC invocations=3 (full 0):
 garbage-first heap   total 131072K, used 79842K [0xc5c00000, 0xe5c00000)
  region size 1024K, 76 young (77824K), 3 survivors (3072K)
 Metaspace       used 6662K, committed 7488K, reserved 16384K
}
Event: 478.373 GC heap after
{Heap after GC invocations=4 (full 0):
 garbage-first heap   total 131072K, used 8531K [0xc5c00000, 0xe5c00000)
  region size 1024K, 6 young (6144K), 6 survivors (6144K)
 Metaspace       used 6662K, committed 7488K, reserved 16384K
}
Event: 591.541 GC heap before
{Heap before GC invocations=4 (full 0):
 garbage-first heap   total 131072K, used 80211K [0xc5c00000, 0xe5c00000)
  region size 1024K, 76 young (77824K), 6 survivors (6144K)
 Metaspace       used 7472K, committed 8384K, reserved 16384K
}
Event: 591.679 GC heap after
{Heap after GC invocations=5 (full 0):
 garbage-first heap   total 131072K, used 10628K [0xc5c00000, 0xe5c00000)
  region size 1024K, 7 young (7168K), 7 survivors (7168K)
 Metaspace       used 7472K, committed 8384K, reserved 16384K
}

