# JRE version: OpenJDK Runtime Environment Zulu17.50+19-CA (17.0.11+9) (build 17.0.11+9-LTS)
# Java VM: OpenJDK Server VM Zulu17.50+19-CA (17.0.11+9-LTS, mixed mode, sharing, tiered, g1 gc, linux-x86)
Heap:
 garbage-first heap   total 131072K, used 74825K [0xc5c00000, 0xe5c00000)
  region size 1024K, 48 young (49152K), 7 survivors (7168K)
 Metaspace       used 12795K, committed 14912K, reserved 32768K
GC Heap History (20 events):
Event: 216.380 GC heap before
{Heap before GC invocations=5 (full 0):
 garbage-first heap   total 131072K, used 80774K [0xc5c00000, 0xe5c00000)
  region size 1024K, 76 young (77824K), 7 survivors (7168K)
 Metaspace       used 7343K, committed 8448K, reserved 16384K
}
Event: 216.412 GC heap after
{Heap after GC invocations=6 (full 0):
 garbage-first heap   total 131072K, used 11786K [0xc5c00000, 0xe5c00000)
  region size 1024K, 7 young (7168K), 7 survivors (7168K)
 Metaspace       used 7343K, committed 8448K, reserved 16384K
}
Event: 269.547 GC heap before
{Heap before GC invocations=6 (full 0):
 garbage-first heap   total 131072K, used 82442K [0xc5c00000, 0xe5c00000)
  region size 1024K, 76 young (77824K), 7 survivors (7168K)
 Metaspace       used 7890K, committed 9088K, reserved 16384K
}
Event: 269.613 GC heap after
{Heap after GC invocations=7 (full 0):
 garbage-first heap   total 131072K, used 14496K [0xc5c00000, 0xe5c00000)
  region size 1024K, 7 young (7168K), 7 survivors (7168K)
 Metaspace       used 7890K, committed 9088K, reserved 16384K
}
Event: 279.474 GC heap before
{Heap before GC invocations=7 (full 0):
 garbage-first heap   total 131072K, used 85152K [0xc5c00000, 0xe5c00000)
  region size 1024K, 76 young (77824K), 7 survivors (7168K)
 Metaspace       used 8627K, committed 9984K, reserved 16384K
}
Event: 279.512 GC heap after
{Heap after GC invocations=8 (full 0):
 garbage-first heap   total 131072K, used 16240K [0xc5c00000, 0xe5c00000)
  region size 1024K, 6 young (6144K), 6 survivors (6144K)
 Metaspace       used 8627K, committed 9984K, reserved 16384K
}
Event: 330.740 GC heap before
{Heap before GC invocations=8 (full 0):
 garbage-first heap   total 131072K, used 87920K [0xc5c00000, 0xe5c00000)
  region size 1024K, 76 young (77824K), 6 survivors (6144K)
 Metaspace       used 9030K, committed 10496K, reserved 16384K
}
Event: 330.789 GC heap after
{Heap after GC invocations=9 (full 0):
 garbage-first heap   total 131072K, used 19290K [0xc5c00000, 0xe5c00000)
  region size 1024K, 7 young (7168K), 7 survivors (7168K)
 Metaspace       used 9030K, committed 10496K, reserved 16384K
}
Event: 393.306 GC heap before
{Heap before GC invocations=9 (full 0):
 garbage-first heap   total 131072K, used 89946K [0xc5c00000, 0xe5c00000)
  region size 1024K, 76 young (77824K), 7 survivors (7168K)
 Metaspace       used 9410K, committed 11008K, reserved 16384K
}
Event: 393.348 GC heap after
{Heap after GC invocations=10 (full 0):
 garbage-first heap   total 131072K, used 21137K [0xc5c00000, 0xe5c00000)
  region size 1024K, 7 young (7168K), 7 survivors (7168K)
 Metaspace       used 9410K, committed 11008K, reserved 16384K
}
Event: 473.119 GC heap before
{Heap before GC invocations=10 (full 0):
 garbage-first heap   total 131072K, used 91793K [0xc5c00000, 0xe5c00000)
  region size 1024K, 76 young (77824K), 7 survivors (7168K)
 Metaspace       used 9762K, committed 11456K, reserved 16384K
}
Event: 473.160 GC heap after
{Heap after GC invocations=11 (full 0):
 garbage-first heap   total 131072K, used 23122K [0xc5c00000, 0xe5c00000)
  region size 1024K, 7 young (7168K), 7 survivors (7168K)
 Metaspace       used 9762K, committed 11456K, reserved 16384K
}
Event: 481.344 GC heap before
{Heap before GC invocations=11 (full 0):
 garbage-first heap   total 131072K, used 93778K [0xc5c00000, 0xe5c00000)
  region size 1024K, 76 young (77824K), 7 survivors (7168K)
 Metaspace       used 10814K, committed 12608K, reserved 16384K
}
Event: 481.438 GC heap after
{Heap after GC invocations=12 (full 0):
 garbage-first heap   total 131072K, used 25296K [0xc5c00000, 0xe5c00000)
  region size 1024K, 6 young (6144K), 6 survivors (6144K)
 Metaspace       used 10814K, committed 12608K, reserved 16384K
}
Event: 498.244 GC heap before
{Heap before GC invocations=12 (full 0):
 garbage-first heap   total 131072K, used 96976K [0xc5c00000, 0xe5c00000)
  region size 1024K, 76 young (77824K), 6 survivors (6144K)
 Metaspace       used 11325K, committed 13248K, reserved 16384K
}
Event: 498.323 GC heap after
{Heap after GC invocations=13 (full 0):
 garbage-first heap   total 131072K, used 27028K [0xc5c00000, 0xe5c00000)
  region size 1024K, 6 young (6144K), 6 survivors (6144K)
 Metaspace       used 11325K, committed 13248K, reserved 16384K
}
Event: 655.320 GC heap before
{Heap before GC invocations=13 (full 0):
 garbage-first heap   total 131072K, used 98708K [0xc5c00000, 0xe5c00000)
  region size 1024K, 76 young (77824K), 6 survivors (6144K)
 Metaspace       used 12386K, committed 14400K, reserved 32768K
}
Event: 655.403 GC heap after
{Heap after GC invocations=14 (full 0):
 garbage-first heap   total 131072K, used 31162K [0xc5c00000, 0xe5c00000)
  region size 1024K, 8 young (8192K), 8 survivors (8192K)
 Metaspace       used 12386K, committed 14400K, reserved 32768K
}
Event: 1497.353 GC heap before
{Heap before GC invocations=14 (full 0):
 garbage-first heap   total 131072K, used 100794K [0xc5c00000, 0xe5c00000)
  region size 1024K, 76 young (77824K), 8 survivors (8192K)
 Metaspace       used 12688K, committed 14720K, reserved 32768K
}
Event: 1497.445 GC heap after
{Heap after GC invocations=15 (full 0):
 garbage-first heap   total 131072K, used 33863K [0xc5c00000, 0xe5c00000)
  region size 1024K, 7 young (7168K), 7 survivors (7168K)
 Metaspace       used 12688K, committed 14720K, reserved 32768K
}

