# JRE version: OpenJDK Runtime Environment Zulu17.50+19-CA (17.0.11+9) (build 17.0.11+9-LTS)
# Java VM: OpenJDK Server VM Zulu17.50+19-CA (17.0.11+9-LTS, mixed mode, sharing, tiered, g1 gc, linux-x86)
Heap:
 garbage-first heap   total 131072K, used 57030K [0xc5c00000, 0xe5c00000)
  region size 1024K, 23 young (23552K), 2 survivors (2048K)
 Metaspace       used 16986K, committed 19840K, reserved 32768K
GC Heap History (20 events):
Event: 6519.569 GC heap before
{Heap before GC invocations=29 (full 0):
 garbage-first heap   total 131072K, used 109494K [0xc5c00000, 0xe5c00000)
  region size 1024K, 76 young (77824K), 3 survivors (3072K)
 Metaspace       used 16700K, committed 19584K, reserved 32768K
}
Event: 6519.604 GC heap after
{Heap after GC invocations=30 (full 0):
 garbage-first heap   total 131072K, used 34744K [0xc5c00000, 0xe5c00000)
  region size 1024K, 3 young (3072K), 3 survivors (3072K)
 Metaspace       used 16700K, committed 19584K, reserved 32768K
}
Event: 6782.574 GC heap before
{Heap before GC invocations=30 (full 0):
 garbage-first heap   total 131072K, used 109496K [0xc5c00000, 0xe5c00000)
  region size 1024K, 76 young (77824K), 3 survivors (3072K)
 Metaspace       used 16700K, committed 19584K, reserved 32768K
}
Event: 6782.612 GC heap after
{Heap after GC invocations=31 (full 0):
 garbage-first heap   total 131072K, used 34626K [0xc5c00000, 0xe5c00000)
  region size 1024K, 3 young (3072K), 3 survivors (3072K)
 Metaspace       used 16700K, committed 19584K, reserved 32768K
}
Event: 7044.499 GC heap before
{Heap before GC invocations=31 (full 0):
 garbage-first heap   total 131072K, used 109378K [0xc5c00000, 0xe5c00000)
  region size 1024K, 76 young (77824K), 3 survivors (3072K)
 Metaspace       used 16700K, committed 19584K, reserved 32768K
}
Event: 7044.556 GC heap after
{Heap after GC invocations=32 (full 0):
 garbage-first heap   total 131072K, used 34861K [0xc5c00000, 0xe5c00000)
  region size 1024K, 3 young (3072K), 3 survivors (3072K)
 Metaspace       used 16700K, committed 19584K, reserved 32768K
}
Event: 7303.515 GC heap before
{Heap before GC invocations=32 (full 0):
 garbage-first heap   total 131072K, used 109613K [0xc5c00000, 0xe5c00000)
  region size 1024K, 76 young (77824K), 3 survivors (3072K)
 Metaspace       used 16702K, committed 19584K, reserved 32768K
}
Event: 7303.545 GC heap after
{Heap after GC invocations=33 (full 0):
 garbage-first heap   total 131072K, used 34743K [0xc5c00000, 0xe5c00000)
  region size 1024K, 3 young (3072K), 3 survivors (3072K)
 Metaspace       used 16702K, committed 19584K, reserved 32768K
}
Event: 7571.577 GC heap before
{Heap before GC invocations=33 (full 0):
 garbage-first heap   total 131072K, used 109495K [0xc5c00000, 0xe5c00000)
  region size 1024K, 76 young (77824K), 3 survivors (3072K)
 Metaspace       used 16783K, committed 19648K, reserved 32768K
}
Event: 7571.621 GC heap after
{Heap after GC invocations=34 (full 0):
 garbage-first heap   total 131072K, used 35227K [0xc5c00000, 0xe5c00000)
  region size 1024K, 3 young (3072K), 3 survivors (3072K)
 Metaspace       used 16783K, committed 19648K, reserved 32768K
}
Event: 7949.510 GC heap before
{Heap before GC invocations=34 (full 0):
 garbage-first heap   total 131072K, used 109979K [0xc5c00000, 0xe5c00000)
  region size 1024K, 76 young (77824K), 3 survivors (3072K)
 Metaspace       used 16807K, committed 19712K, reserved 32768K
}
Event: 7949.575 GC heap after
{Heap after GC invocations=35 (full 0):
 garbage-first heap   total 131072K, used 35290K [0xc5c00000, 0xe5c00000)
  region size 1024K, 3 young (3072K), 3 survivors (3072K)
 Metaspace       used 16807K, committed 19712K, reserved 32768K
}
Event: 8327.644 GC heap before
{Heap before GC invocations=35 (full 0):
 garbage-first heap   total 131072K, used 110042K [0xc5c00000, 0xe5c00000)
  region size 1024K, 76 young (77824K), 3 survivors (3072K)
 Metaspace       used 16823K, committed 19712K, reserved 32768K
}
Event: 8327.681 GC heap after
{Heap after GC invocations=36 (full 0):
 garbage-first heap   total 131072K, used 35302K [0xc5c00000, 0xe5c00000)
  region size 1024K, 3 young (3072K), 3 survivors (3072K)
 Metaspace       used 16823K, committed 19712K, reserved 32768K
}
Event: 8501.662 GC heap before
{Heap before GC invocations=36 (full 0):
 garbage-first heap   total 131072K, used 110054K [0xc5c00000, 0xe5c00000)
  region size 1024K, 76 young (77824K), 3 survivors (3072K)
 Metaspace       used 16960K, committed 19840K, reserved 32768K
}
Event: 8501.698 GC heap after
{Heap after GC invocations=37 (full 0):
 garbage-first heap   total 131072K, used 35411K [0xc5c00000, 0xe5c00000)
  region size 1024K, 2 young (2048K), 2 survivors (2048K)
 Metaspace       used 16960K, committed 19840K, reserved 32768K
}
Event: 8873.657 GC heap before
{Heap before GC invocations=37 (full 0):
 garbage-first heap   total 131072K, used 111187K [0xc5c00000, 0xe5c00000)
  region size 1024K, 76 young (77824K), 2 survivors (2048K)
 Metaspace       used 16970K, committed 19840K, reserved 32768K
}
Event: 8873.695 GC heap after
{Heap after GC invocations=38 (full 0):
 garbage-first heap   total 131072K, used 35445K [0xc5c00000, 0xe5c00000)
  region size 1024K, 2 young (2048K), 2 survivors (2048K)
 Metaspace       used 16970K, committed 19840K, reserved 32768K
}
Event: 9245.793 GC heap before
{Heap before GC invocations=38 (full 0):
 garbage-first heap   total 131072K, used 111221K [0xc5c00000, 0xe5c00000)
  region size 1024K, 76 young (77824K), 2 survivors (2048K)
 Metaspace       used 16973K, committed 19840K, reserved 32768K
}
Event: 9245.868 GC heap after
{Heap after GC invocations=39 (full 0):
 garbage-first heap   total 131072K, used 35526K [0xc5c00000, 0xe5c00000)
  region size 1024K, 2 young (2048K), 2 survivors (2048K)
 Metaspace       used 16973K, committed 19840K, reserved 32768K
}

