# JRE version: OpenJDK Runtime Environment Zulu17.50+19-CA (17.0.11+9) (build 17.0.11+9-LTS)
# Java VM: OpenJDK Server VM Zulu17.50+19-CA (17.0.11+9-LTS, mixed mode, sharing, tiered, g1 gc, linux-x86)
Heap:
 garbage-first heap   total 131072K, used 25593K [0xc5c00000, 0xe5c00000)
  region size 1024K, 20 young (20480K), 10 survivors (10240K)
 Metaspace       used 7061K, committed 7936K, reserved 16384K
GC Heap History (12 events):
Event: 72.830 GC heap before
{Heap before GC invocations=0 (full 0):
 garbage-first heap   total 131072K, used 12288K [0xc5c00000, 0xe5c00000)
  region size 1024K, 13 young (13312K), 0 survivors (0K)
 Metaspace       used 2327K, committed 2496K, reserved 16384K
}
Event: 72.877 GC heap after
{Heap after GC invocations=1 (full 0):
 garbage-first heap   total 131072K, used 1988K [0xc5c00000, 0xe5c00000)
  region size 1024K, 2 young (2048K), 2 survivors (2048K)
 Metaspace       used 2327K, committed 2496K, reserved 16384K
}
Event: 112.227 GC heap before
{Heap before GC invocations=1 (full 0):
 garbage-first heap   total 131072K, used 18372K [0xc5c00000, 0xe5c00000)
  region size 1024K, 19 young (19456K), 2 survivors (2048K)
 Metaspace       used 4079K, committed 4416K, reserved 16384K
}
Event: 112.294 GC heap after
{Heap after GC invocations=2 (full 0):
 garbage-first heap   total 131072K, used 3424K [0xc5c00000, 0xe5c00000)
  region size 1024K, 2 young (2048K), 2 survivors (2048K)
 Metaspace       used 4079K, committed 4416K, reserved 16384K
}
Event: 277.523 GC heap before
{Heap before GC invocations=2 (full 0):
 garbage-first heap   total 131072K, used 79200K [0xc5c00000, 0xe5c00000)
  region size 1024K, 76 young (77824K), 2 survivors (2048K)
 Metaspace       used 5473K, committed 6080K, reserved 16384K
}
Event: 277.595 GC heap after
{Heap after GC invocations=3 (full 0):
 garbage-first heap   total 131072K, used 5743K [0xc5c00000, 0xe5c00000)
  region size 1024K, 4 young (4096K), 4 survivors (4096K)
 Metaspace       used 5473K, committed 6080K, reserved 16384K
}
Event: 681.445 GC heap before
{Heap before GC invocations=3 (full 0):
 garbage-first heap   total 131072K, used 79471K [0xc5c00000, 0xe5c00000)
  region size 1024K, 76 young (77824K), 4 survivors (4096K)
 Metaspace       used 5599K, committed 6272K, reserved 16384K
}
Event: 681.457 GC heap after
{Heap after GC invocations=4 (full 0):
 garbage-first heap   total 131072K, used 6753K [0xc5c00000, 0xe5c00000)
  region size 1024K, 5 young (5120K), 5 survivors (5120K)
 Metaspace       used 5599K, committed 6272K, reserved 16384K
}
Event: 704.148 GC heap before
{Heap before GC invocations=4 (full 0):
 garbage-first heap   total 131072K, used 79457K [0xc5c00000, 0xe5c00000)
  region size 1024K, 76 young (77824K), 5 survivors (5120K)
 Metaspace       used 6816K, committed 7680K, reserved 16384K
}
Event: 704.273 GC heap after
{Heap after GC invocations=5 (full 0):
 garbage-first heap   total 131072K, used 9908K [0xc5c00000, 0xe5c00000)
  region size 1024K, 8 young (8192K), 8 survivors (8192K)
 Metaspace       used 6816K, committed 7680K, reserved 16384K
}
Event: 915.455 GC heap before
{Heap before GC invocations=5 (full 0):
 garbage-first heap   total 131072K, used 79540K [0xc5c00000, 0xe5c00000)
  region size 1024K, 76 young (77824K), 8 survivors (8192K)
 Metaspace       used 7060K, committed 7936K, reserved 16384K
}
Event: 915.594 GC heap after
{Heap after GC invocations=6 (full 0):
 garbage-first heap   total 131072K, used 15353K [0xc5c00000, 0xe5c00000)
  region size 1024K, 10 young (10240K), 10 survivors (10240K)
 Metaspace       used 7060K, committed 7936K, reserved 16384K
}

