# JRE version: OpenJDK Runtime Environment Zulu17.50+19-CA (17.0.11+9) (build 17.0.11+9-LTS)
# Java VM: OpenJDK Server VM Zulu17.50+19-CA (17.0.11+9-LTS, mixed mode, sharing, tiered, g1 gc, linux-x86)
Heap:
 garbage-first heap   total 131072K, used 71777K [0xc5c00000, 0xe5c00000)
  region size 1024K, 69 young (70656K), 3 survivors (3072K)
 Metaspace       used 3540K, committed 3776K, reserved 16384K
GC Heap History (8 events):
Event: 30.948 GC heap before
{Heap before GC invocations=0 (full 0):
 garbage-first heap   total 131072K, used 12288K [0xc5c00000, 0xe5c00000)
  region size 1024K, 13 young (13312K), 0 survivors (0K)
 Metaspace       used 1880K, committed 2048K, reserved 16384K
}
Event: 30.985 GC heap after
{Heap after GC invocations=1 (full 0):
 garbage-first heap   total 131072K, used 2275K [0xc5c00000, 0xe5c00000)
  region size 1024K, 2 young (2048K), 2 survivors (2048K)
 Metaspace       used 1880K, committed 2048K, reserved 16384K
}
Event: 35.515 GC heap before
{Heap before GC invocations=1 (full 0):
 garbage-first heap   total 131072K, used 18659K [0xc5c00000, 0xe5c00000)
  region size 1024K, 18 young (18432K), 2 survivors (2048K)
 Metaspace       used 2140K, committed 2368K, reserved 16384K
}
Event: 35.525 GC heap after
{Heap after GC invocations=2 (full 0):
 garbage-first heap   total 131072K, used 2542K [0xc5c00000, 0xe5c00000)
  region size 1024K, 1 young (1024K), 1 survivors (1024K)
 Metaspace       used 2140K, committed 2368K, reserved 16384K
}
Event: 1347.271 GC heap before
{Heap before GC invocations=2 (full 0):
 garbage-first heap   total 131072K, used 79342K [0xc5c00000, 0xe5c00000)
  region size 1024K, 76 young (77824K), 1 survivors (1024K)
 Metaspace       used 3493K, committed 3776K, reserved 16384K
}
Event: 1347.338 GC heap after
{Heap after GC invocations=3 (full 0):
 garbage-first heap   total 131072K, used 4226K [0xc5c00000, 0xe5c00000)
  region size 1024K, 3 young (3072K), 3 survivors (3072K)
 Metaspace       used 3493K, committed 3776K, reserved 16384K
}
Event: 2738.639 GC heap before
{Heap before GC invocations=3 (full 0):
 garbage-first heap   total 131072K, used 78978K [0xc5c00000, 0xe5c00000)
  region size 1024K, 76 young (77824K), 3 survivors (3072K)
 Metaspace       used 3505K, committed 3776K, reserved 16384K
}
Event: 2738.659 GC heap after
{Heap after GC invocations=4 (full 0):
 garbage-first heap   total 131072K, used 4193K [0xc5c00000, 0xe5c00000)
  region size 1024K, 3 young (3072K), 3 survivors (3072K)
 Metaspace       used 3505K, committed 3776K, reserved 16384K
}

