# JRE version: OpenJDK Runtime Environment Zulu17.50+19-CA (17.0.11+9) (build 17.0.11+9-LTS)
# Java VM: OpenJDK Server VM Zulu17.50+19-CA (17.0.11+9-LTS, mixed mode, sharing, tiered, g1 gc, linux-x86)
Heap:
 garbage-first heap   total 131072K, used 26944K [0xc5c00000, 0xe5c00000)
  region size 1024K, 18 young (18432K), 6 survivors (6144K)
 Metaspace       used 4815K, committed 5248K, reserved 16384K
GC Heap History (8 events):
Event: 186.005 GC heap before
{Heap before GC invocations=0 (full 0):
 garbage-first heap   total 131072K, used 12288K [0xc5c00000, 0xe5c00000)
  region size 1024K, 13 young (13312K), 0 survivors (0K)
 Metaspace       used 2449K, committed 2624K, reserved 16384K
}
Event: 186.032 GC heap after
{Heap after GC invocations=1 (full 0):
 garbage-first heap   total 131072K, used 2057K [0xc5c00000, 0xe5c00000)
  region size 1024K, 2 young (2048K), 2 survivors (2048K)
 Metaspace       used 2449K, committed 2624K, reserved 16384K
}
Event: 204.080 GC heap before
{Heap before GC invocations=1 (full 0):
 garbage-first heap   total 131072K, used 18441K [0xc5c00000, 0xe5c00000)
  region size 1024K, 18 young (18432K), 2 survivors (2048K)
 Metaspace       used 3995K, committed 4288K, reserved 16384K
}
Event: 204.116 GC heap after
{Heap after GC invocations=2 (full 0):
 garbage-first heap   total 131072K, used 3584K [0xc5c00000, 0xe5c00000)
  region size 1024K, 2 young (2048K), 2 survivors (2048K)
 Metaspace       used 3995K, committed 4288K, reserved 16384K
}
Event: 440.913 GC heap before
{Heap before GC invocations=2 (full 0):
 garbage-first heap   total 131072K, used 79360K [0xc5c00000, 0xe5c00000)
  region size 1024K, 76 young (77824K), 2 survivors (2048K)
 Metaspace       used 4787K, committed 5184K, reserved 16384K
}
Event: 440.946 GC heap after
{Heap after GC invocations=3 (full 0):
 garbage-first heap   total 131072K, used 9199K [0xc5c00000, 0xe5c00000)
  region size 1024K, 7 young (7168K), 7 survivors (7168K)
 Metaspace       used 4787K, committed 5184K, reserved 16384K
}
Event: 1378.419 GC heap before
{Heap before GC invocations=3 (full 0):
 garbage-first heap   total 131072K, used 79855K [0xc5c00000, 0xe5c00000)
  region size 1024K, 76 young (77824K), 7 survivors (7168K)
 Metaspace       used 4810K, committed 5248K, reserved 16384K
}
Event: 1378.490 GC heap after
{Heap after GC invocations=4 (full 0):
 garbage-first heap   total 131072K, used 14656K [0xc5c00000, 0xe5c00000)
  region size 1024K, 6 young (6144K), 6 survivors (6144K)
 Metaspace       used 4810K, committed 5248K, reserved 16384K
}

