# JRE version: OpenJDK Runtime Environment Zulu17.50+19-CA (17.0.11+9) (build 17.0.11+9-LTS)
# Java VM: OpenJDK Server VM Zulu17.50+19-CA (17.0.11+9-LTS, mixed mode, sharing, tiered, g1 gc, linux-x86)
Heap:
 garbage-first heap   total 131072K, used 14974K [0xc5c00000, 0xe5c00000)
  region size 1024K, 14 young (14336K), 2 survivors (2048K)
 Metaspace       used 3267K, committed 3456K, reserved 16384K
GC Heap History (8 events):
Event: 36.775 GC heap before
{Heap before GC invocations=0 (full 0):
 garbage-first heap   total 131072K, used 12288K [0xc5c00000, 0xe5c00000)
  region size 1024K, 13 young (13312K), 0 survivors (0K)
 Metaspace       used 1896K, committed 2112K, reserved 16384K
}
Event: 36.792 GC heap after
{Heap after GC invocations=1 (full 0):
 garbage-first heap   total 131072K, used 2077K [0xc5c00000, 0xe5c00000)
  region size 1024K, 2 young (2048K), 2 survivors (2048K)
 Metaspace       used 1896K, committed 2112K, reserved 16384K
}
Event: 320.660 GC heap before
{Heap before GC invocations=1 (full 0):
 garbage-first heap   total 131072K, used 19485K [0xc5c00000, 0xe5c00000)
  region size 1024K, 19 young (19456K), 2 survivors (2048K)
 Metaspace       used 3040K, committed 3264K, reserved 16384K
}
Event: 320.966 GC heap after
{Heap after GC invocations=2 (full 0):
 garbage-first heap   total 131072K, used 3426K [0xc5c00000, 0xe5c00000)
  region size 1024K, 2 young (2048K), 2 survivors (2048K)
 Metaspace       used 3040K, committed 3264K, reserved 16384K
}
Event: 6760.545 GC heap before
{Heap before GC invocations=2 (full 0):
 garbage-first heap   total 131072K, used 51554K [0xc5c00000, 0xe5c00000)
  region size 1024K, 49 young (50176K), 2 survivors (2048K)
 Metaspace       used 3229K, committed 3456K, reserved 16384K
}
Event: 6760.618 GC heap after
{Heap after GC invocations=3 (full 0):
 garbage-first heap   total 131072K, used 3717K [0xc5c00000, 0xe5c00000)
  region size 1024K, 2 young (2048K), 2 survivors (2048K)
 Metaspace       used 3229K, committed 3456K, reserved 16384K
}
Event: 19310.090 GC heap before
{Heap before GC invocations=3 (full 0):
 garbage-first heap   total 131072K, used 79493K [0xc5c00000, 0xe5c00000)
  region size 1024K, 76 young (77824K), 2 survivors (2048K)
 Metaspace       used 3265K, committed 3456K, reserved 16384K
}
Event: 19310.137 GC heap after
{Heap after GC invocations=4 (full 0):
 garbage-first heap   total 131072K, used 3708K [0xc5c00000, 0xe5c00000)
  region size 1024K, 2 young (2048K), 2 survivors (2048K)
 Metaspace       used 3265K, committed 3456K, reserved 16384K
}

