# JRE version: OpenJDK Runtime Environment Zulu17.50+19-CA (17.0.11+9) (build 17.0.11+9-LTS)
# Java VM: OpenJDK Server VM Zulu17.50+19-CA (17.0.11+9-LTS, mixed mode, sharing, tiered, g1 gc, linux-x86)
Heap:
 garbage-first heap   total 131072K, used 7783K [0xc5c00000, 0xe5c00000)
  region size 1024K, 7 young (7168K), 2 survivors (2048K)
 Metaspace       used 3542K, committed 3840K, reserved 16384K
GC Heap History (20 events):
Event: 6390.107 GC heap before
{Heap before GC invocations=6 (full 0):
 garbage-first heap   total 131072K, used 79311K [0xc5c00000, 0xe5c00000)
  region size 1024K, 76 young (77824K), 2 survivors (2048K)
 Metaspace       used 3505K, committed 3776K, reserved 16384K
}
Event: 6390.131 GC heap after
{Heap after GC invocations=7 (full 0):
 garbage-first heap   total 131072K, used 3618K [0xc5c00000, 0xe5c00000)
  region size 1024K, 2 young (2048K), 2 survivors (2048K)
 Metaspace       used 3505K, committed 3776K, reserved 16384K
}
Event: 7597.815 GC heap before
{Heap before GC invocations=7 (full 0):
 garbage-first heap   total 131072K, used 79394K [0xc5c00000, 0xe5c00000)
  region size 1024K, 76 young (77824K), 2 survivors (2048K)
 Metaspace       used 3513K, committed 3776K, reserved 16384K
}
Event: 7597.823 GC heap after
{Heap after GC invocations=8 (full 0):
 garbage-first heap   total 131072K, used 3707K [0xc5c00000, 0xe5c00000)
  region size 1024K, 2 young (2048K), 2 survivors (2048K)
 Metaspace       used 3513K, committed 3776K, reserved 16384K
}
Event: 9202.925 GC heap before
{Heap before GC invocations=8 (full 0):
 garbage-first heap   total 131072K, used 79483K [0xc5c00000, 0xe5c00000)
  region size 1024K, 76 young (77824K), 2 survivors (2048K)
 Metaspace       used 3513K, committed 3776K, reserved 16384K
}
Event: 9202.948 GC heap after
{Heap after GC invocations=9 (full 0):
 garbage-first heap   total 131072K, used 3740K [0xc5c00000, 0xe5c00000)
  region size 1024K, 2 young (2048K), 2 survivors (2048K)
 Metaspace       used 3513K, committed 3776K, reserved 16384K
}
Event: 10664.205 GC heap before
{Heap before GC invocations=9 (full 0):
 garbage-first heap   total 131072K, used 79516K [0xc5c00000, 0xe5c00000)
  region size 1024K, 76 young (77824K), 2 survivors (2048K)
 Metaspace       used 3523K, committed 3776K, reserved 16384K
}
Event: 10664.245 GC heap after
{Heap after GC invocations=10 (full 0):
 garbage-first heap   total 131072K, used 3757K [0xc5c00000, 0xe5c00000)
  region size 1024K, 2 young (2048K), 2 survivors (2048K)
 Metaspace       used 3523K, committed 3776K, reserved 16384K
}
Event: 11999.448 GC heap before
{Heap before GC invocations=10 (full 0):
 garbage-first heap   total 131072K, used 79533K [0xc5c00000, 0xe5c00000)
  region size 1024K, 76 young (77824K), 2 survivors (2048K)
 Metaspace       used 3523K, committed 3776K, reserved 16384K
}
Event: 11999.462 GC heap after
{Heap after GC invocations=11 (full 0):
 garbage-first heap   total 131072K, used 3700K [0xc5c00000, 0xe5c00000)
  region size 1024K, 2 young (2048K), 2 survivors (2048K)
 Metaspace       used 3523K, committed 3776K, reserved 16384K
}
Event: 13221.178 GC heap before
{Heap before GC invocations=11 (full 0):
 garbage-first heap   total 131072K, used 79476K [0xc5c00000, 0xe5c00000)
  region size 1024K, 76 young (77824K), 2 survivors (2048K)
 Metaspace       used 3524K, committed 3776K, reserved 16384K
}
Event: 13221.202 GC heap after
{Heap after GC invocations=12 (full 0):
 garbage-first heap   total 131072K, used 3693K [0xc5c00000, 0xe5c00000)
  region size 1024K, 2 young (2048K), 2 survivors (2048K)
 Metaspace       used 3524K, committed 3776K, reserved 16384K
}
Event: 14733.221 GC heap before
{Heap before GC invocations=12 (full 0):
 garbage-first heap   total 131072K, used 79469K [0xc5c00000, 0xe5c00000)
  region size 1024K, 76 young (77824K), 2 survivors (2048K)
 Metaspace       used 3534K, committed 3776K, reserved 16384K
}
Event: 14733.270 GC heap after
{Heap after GC invocations=13 (full 0):
 garbage-first heap   total 131072K, used 3690K [0xc5c00000, 0xe5c00000)
  region size 1024K, 2 young (2048K), 2 survivors (2048K)
 Metaspace       used 3534K, committed 3776K, reserved 16384K
}
Event: 16515.970 GC heap before
{Heap before GC invocations=13 (full 0):
 garbage-first heap   total 131072K, used 79466K [0xc5c00000, 0xe5c00000)
  region size 1024K, 76 young (77824K), 2 survivors (2048K)
 Metaspace       used 3534K, committed 3776K, reserved 16384K
}
Event: 16516.000 GC heap after
{Heap after GC invocations=14 (full 0):
 garbage-first heap   total 131072K, used 3609K [0xc5c00000, 0xe5c00000)
  region size 1024K, 2 young (2048K), 2 survivors (2048K)
 Metaspace       used 3534K, committed 3776K, reserved 16384K
}
Event: 18589.072 GC heap before
{Heap before GC invocations=14 (full 0):
 garbage-first heap   total 131072K, used 79385K [0xc5c00000, 0xe5c00000)
  region size 1024K, 76 young (77824K), 2 survivors (2048K)
 Metaspace       used 3541K, committed 3840K, reserved 16384K
}
Event: 18589.099 GC heap after
{Heap after GC invocations=15 (full 0):
 garbage-first heap   total 131072K, used 3684K [0xc5c00000, 0xe5c00000)
  region size 1024K, 2 young (2048K), 2 survivors (2048K)
 Metaspace       used 3541K, committed 3840K, reserved 16384K
}
Event: 20884.884 GC heap before
{Heap before GC invocations=15 (full 0):
 garbage-first heap   total 131072K, used 79460K [0xc5c00000, 0xe5c00000)
  region size 1024K, 76 young (77824K), 2 survivors (2048K)
 Metaspace       used 3541K, committed 3840K, reserved 16384K
}
Event: 20884.930 GC heap after
{Heap after GC invocations=16 (full 0):
 garbage-first heap   total 131072K, used 3685K [0xc5c00000, 0xe5c00000)
  region size 1024K, 2 young (2048K), 2 survivors (2048K)
 Metaspace       used 3541K, committed 3840K, reserved 16384K
}

