# JRE version: OpenJDK Runtime Environment Zulu17.50+19-CA (17.0.11+9) (build 17.0.11+9-LTS)
# Java VM: OpenJDK Server VM Zulu17.50+19-CA (17.0.11+9-LTS, mixed mode, sharing, tiered, g1 gc, linux-x86)
Heap:
 garbage-first heap   total 131072K, used 9662K [0xc5c00000, 0xe5c00000)
  region size 1024K, 4 young (4096K), 3 survivors (3072K)
 Metaspace       used 7809K, committed 8704K, reserved 16384K
GC Heap History (10 events):
Event: 53.897 GC heap before
{Heap before GC invocations=0 (full 0):
 garbage-first heap   total 131072K, used 12288K [0xc5c00000, 0xe5c00000)
  region size 1024K, 13 young (13312K), 0 survivors (0K)
 Metaspace       used 2696K, committed 2880K, reserved 16384K
}
Event: 53.909 GC heap after
{Heap after GC invocations=1 (full 0):
 garbage-first heap   total 131072K, used 2419K [0xc5c00000, 0xe5c00000)
  region size 1024K, 2 young (2048K), 2 survivors (2048K)
 Metaspace       used 2696K, committed 2880K, reserved 16384K
}
Event: 79.771 GC heap before
{Heap before GC invocations=1 (full 0):
 garbage-first heap   total 131072K, used 17779K [0xc5c00000, 0xe5c00000)
  region size 1024K, 18 young (18432K), 2 survivors (2048K)
 Metaspace       used 3956K, committed 4352K, reserved 16384K
}
Event: 79.807 GC heap after
{Heap after GC invocations=2 (full 0):
 garbage-first heap   total 131072K, used 3518K [0xc5c00000, 0xe5c00000)
  region size 1024K, 2 young (2048K), 2 survivors (2048K)
 Metaspace       used 3956K, committed 4352K, reserved 16384K
}
Event: 315.771 GC heap before
{Heap before GC invocations=2 (full 0):
 garbage-first heap   total 131072K, used 79294K [0xc5c00000, 0xe5c00000)
  region size 1024K, 76 young (77824K), 2 survivors (2048K)
 Metaspace       used 6104K, committed 6784K, reserved 16384K
}
Event: 315.826 GC heap after
{Heap after GC invocations=3 (full 0):
 garbage-first heap   total 131072K, used 7089K [0xc5c00000, 0xe5c00000)
  region size 1024K, 5 young (5120K), 5 survivors (5120K)
 Metaspace       used 6104K, committed 6784K, reserved 16384K
}
Event: 898.044 GC heap before
{Heap before GC invocations=3 (full 0):
 garbage-first heap   total 131072K, used 79793K [0xc5c00000, 0xe5c00000)
  region size 1024K, 76 young (77824K), 5 survivors (5120K)
 Metaspace       used 7789K, committed 8704K, reserved 16384K
}
Event: 898.069 GC heap after
{Heap after GC invocations=4 (full 0):
 garbage-first heap   total 131072K, used 10107K [0xc5c00000, 0xe5c00000)
  region size 1024K, 8 young (8192K), 8 survivors (8192K)
 Metaspace       used 7789K, committed 8704K, reserved 16384K
}
Event: 4532.367 GC heap before
{Heap before GC invocations=4 (full 0):
 garbage-first heap   total 131072K, used 79739K [0xc5c00000, 0xe5c00000)
  region size 1024K, 76 young (77824K), 8 survivors (8192K)
 Metaspace       used 7809K, committed 8704K, reserved 16384K
}
Event: 4532.676 GC heap after
{Heap after GC invocations=5 (full 0):
 garbage-first heap   total 131072K, used 9660K [0xc5c00000, 0xe5c00000)
  region size 1024K, 3 young (3072K), 3 survivors (3072K)
 Metaspace       used 7809K, committed 8704K, reserved 16384K
}

