# JRE version: OpenJDK Runtime Environment Zulu17.50+19-CA (17.0.11+9) (build 17.0.11+9-LTS)
# Java VM: OpenJDK Server VM Zulu17.50+19-CA (17.0.11+9-LTS, mixed mode, sharing, tiered, g1 gc, linux-x86)
Heap:
 garbage-first heap   total 131072K, used 85648K [0xc5c00000, 0xe5c00000)
  region size 1024K, 70 young (71680K), 2 survivors (2048K)
 Metaspace       used 7084K, committed 8000K, reserved 16384K
GC Heap History (14 events):
Event: 80.836 GC heap before
{Heap before GC invocations=0 (full 0):
 garbage-first heap   total 131072K, used 12288K [0xc5c00000, 0xe5c00000)
  region size 1024K, 13 young (13312K), 0 survivors (0K)
 Metaspace       used 2333K, committed 2496K, reserved 16384K
}
Event: 80.904 GC heap after
{Heap after GC invocations=1 (full 0):
 garbage-first heap   total 131072K, used 1960K [0xc5c00000, 0xe5c00000)
  region size 1024K, 2 young (2048K), 2 survivors (2048K)
 Metaspace       used 2333K, committed 2496K, reserved 16384K
}
Event: 118.735 GC heap before
{Heap before GC invocations=1 (full 0):
 garbage-first heap   total 131072K, used 18344K [0xc5c00000, 0xe5c00000)
  region size 1024K, 19 young (19456K), 2 survivors (2048K)
 Metaspace       used 4082K, committed 4416K, reserved 16384K
}
Event: 118.752 GC heap after
{Heap after GC invocations=2 (full 0):
 garbage-first heap   total 131072K, used 3499K [0xc5c00000, 0xe5c00000)
  region size 1024K, 2 young (2048K), 2 survivors (2048K)
 Metaspace       used 4082K, committed 4416K, reserved 16384K
}
Event: 293.933 GC heap before
{Heap before GC invocations=2 (full 0):
 garbage-first heap   total 131072K, used 79275K [0xc5c00000, 0xe5c00000)
  region size 1024K, 76 young (77824K), 2 survivors (2048K)
 Metaspace       used 5470K, committed 6016K, reserved 16384K
}
Event: 293.978 GC heap after
{Heap after GC invocations=3 (full 0):
 garbage-first heap   total 131072K, used 5843K [0xc5c00000, 0xe5c00000)
  region size 1024K, 4 young (4096K), 4 survivors (4096K)
 Metaspace       used 5470K, committed 6016K, reserved 16384K
}
Event: 717.622 GC heap before
{Heap before GC invocations=3 (full 0):
 garbage-first heap   total 131072K, used 79571K [0xc5c00000, 0xe5c00000)
  region size 1024K, 76 young (77824K), 4 survivors (4096K)
 Metaspace       used 5590K, committed 6208K, reserved 16384K
}
Event: 717.707 GC heap after
{Heap after GC invocations=4 (full 0):
 garbage-first heap   total 131072K, used 6608K [0xc5c00000, 0xe5c00000)
  region size 1024K, 5 young (5120K), 5 survivors (5120K)
 Metaspace       used 5590K, committed 6208K, reserved 16384K
}
Event: 763.991 GC heap before
{Heap before GC invocations=4 (full 0):
 garbage-first heap   total 131072K, used 79312K [0xc5c00000, 0xe5c00000)
  region size 1024K, 76 young (77824K), 5 survivors (5120K)
 Metaspace       used 6793K, committed 7680K, reserved 16384K
}
Event: 764.080 GC heap after
{Heap after GC invocations=5 (full 0):
 garbage-first heap   total 131072K, used 9908K [0xc5c00000, 0xe5c00000)
  region size 1024K, 8 young (8192K), 8 survivors (8192K)
 Metaspace       used 6793K, committed 7680K, reserved 16384K
}
Event: 971.358 GC heap before
{Heap before GC invocations=5 (full 0):
 garbage-first heap   total 131072K, used 79540K [0xc5c00000, 0xe5c00000)
  region size 1024K, 76 young (77824K), 8 survivors (8192K)
 Metaspace       used 7058K, committed 8000K, reserved 16384K
}
Event: 971.428 GC heap after
{Heap after GC invocations=6 (full 0):
 garbage-first heap   total 131072K, used 15486K [0xc5c00000, 0xe5c00000)
  region size 1024K, 10 young (10240K), 10 survivors (10240K)
 Metaspace       used 7058K, committed 8000K, reserved 16384K
}
Event: 2576.300 GC heap before
{Heap before GC invocations=6 (full 0):
 garbage-first heap   total 131072K, used 83070K [0xc5c00000, 0xe5c00000)
  region size 1024K, 76 young (77824K), 10 survivors (10240K)
 Metaspace       used 7070K, committed 8000K, reserved 16384K
}
Event: 2576.371 GC heap after
{Heap after GC invocations=7 (full 0):
 garbage-first heap   total 131072K, used 17038K [0xc5c00000, 0xe5c00000)
  region size 1024K, 2 young (2048K), 2 survivors (2048K)
 Metaspace       used 7070K, committed 8000K, reserved 16384K
}

