# JRE version: OpenJDK Runtime Environment Zulu17.50+19-CA (17.0.11+9) (build 17.0.11+9-LTS)
# Java VM: OpenJDK Server VM Zulu17.50+19-CA (17.0.11+9-LTS, mixed mode, sharing, tiered, g1 gc, linux-x86)
Heap:
 garbage-first heap   total 131072K, used 36304K [0xc5c00000, 0xe5c00000)
  region size 1024K, 34 young (34816K), 2 survivors (2048K)
 Metaspace       used 3536K, committed 3840K, reserved 16384K
GC Heap History (12 events):
Event: 30.925 GC heap before
{Heap before GC invocations=0 (full 0):
 garbage-first heap   total 131072K, used 12288K [0xc5c00000, 0xe5c00000)
  region size 1024K, 13 young (13312K), 0 survivors (0K)
 Metaspace       used 1893K, committed 2048K, reserved 16384K
}
Event: 31.110 GC heap after
{Heap after GC invocations=1 (full 0):
 garbage-first heap   total 131072K, used 2128K [0xc5c00000, 0xe5c00000)
  region size 1024K, 2 young (2048K), 2 survivors (2048K)
 Metaspace       used 1893K, committed 2048K, reserved 16384K
}
Event: 113.079 GC heap before
{Heap before GC invocations=1 (full 0):
 garbage-first heap   total 131072K, used 18512K [0xc5c00000, 0xe5c00000)
  region size 1024K, 18 young (18432K), 2 survivors (2048K)
 Metaspace       used 3140K, committed 3392K, reserved 16384K
}
Event: 113.108 GC heap after
{Heap after GC invocations=2 (full 0):
 garbage-first heap   total 131072K, used 3212K [0xc5c00000, 0xe5c00000)
  region size 1024K, 2 young (2048K), 2 survivors (2048K)
 Metaspace       used 3140K, committed 3392K, reserved 16384K
}
Event: 1292.004 GC heap before
{Heap before GC invocations=2 (full 0):
 garbage-first heap   total 131072K, used 75916K [0xc5c00000, 0xe5c00000)
  region size 1024K, 73 young (74752K), 2 survivors (2048K)
 Metaspace       used 3468K, committed 3712K, reserved 16384K
}
Event: 1292.013 GC heap after
{Heap after GC invocations=3 (full 0):
 garbage-first heap   total 131072K, used 3797K [0xc5c00000, 0xe5c00000)
  region size 1024K, 2 young (2048K), 2 survivors (2048K)
 Metaspace       used 3468K, committed 3712K, reserved 16384K
}
Event: 2126.906 GC heap before
{Heap before GC invocations=3 (full 0):
 garbage-first heap   total 131072K, used 79573K [0xc5c00000, 0xe5c00000)
  region size 1024K, 76 young (77824K), 2 survivors (2048K)
 Metaspace       used 3500K, committed 3776K, reserved 16384K
}
Event: 2126.930 GC heap after
{Heap after GC invocations=4 (full 0):
 garbage-first heap   total 131072K, used 3625K [0xc5c00000, 0xe5c00000)
  region size 1024K, 2 young (2048K), 2 survivors (2048K)
 Metaspace       used 3500K, committed 3776K, reserved 16384K
}
Event: 3707.387 GC heap before
{Heap before GC invocations=4 (full 0):
 garbage-first heap   total 131072K, used 79401K [0xc5c00000, 0xe5c00000)
  region size 1024K, 76 young (77824K), 2 survivors (2048K)
 Metaspace       used 3532K, committed 3776K, reserved 16384K
}
Event: 3707.409 GC heap after
{Heap after GC invocations=5 (full 0):
 garbage-first heap   total 131072K, used 3628K [0xc5c00000, 0xe5c00000)
  region size 1024K, 2 young (2048K), 2 survivors (2048K)
 Metaspace       used 3532K, committed 3776K, reserved 16384K
}
Event: 8065.965 GC heap before
{Heap before GC invocations=5 (full 0):
 garbage-first heap   total 131072K, used 79404K [0xc5c00000, 0xe5c00000)
  region size 1024K, 76 young (77824K), 2 survivors (2048K)
 Metaspace       used 3534K, committed 3776K, reserved 16384K
}
Event: 8066.007 GC heap after
{Heap after GC invocations=6 (full 0):
 garbage-first heap   total 131072K, used 3536K [0xc5c00000, 0xe5c00000)
  region size 1024K, 2 young (2048K), 2 survivors (2048K)
 Metaspace       used 3534K, committed 3776K, reserved 16384K
}

