# JRE version: OpenJDK Runtime Environment Zulu17.50+19-CA (17.0.11+9) (build 17.0.11+9-LTS)
# Java VM: OpenJDK Server VM Zulu17.50+19-CA (17.0.11+9-LTS, mixed mode, sharing, tiered, g1 gc, linux-x86)
Heap:
 garbage-first heap   total 131072K, used 31939K [0xc5c00000, 0xe5c00000)
  region size 1024K, 25 young (25600K), 10 survivors (10240K)
 Metaspace       used 7064K, committed 8000K, reserved 16384K
GC Heap History (12 events):
Event: 71.626 GC heap before
{Heap before GC invocations=0 (full 0):
 garbage-first heap   total 131072K, used 12288K [0xc5c00000, 0xe5c00000)
  region size 1024K, 13 young (13312K), 0 survivors (0K)
 Metaspace       used 2344K, committed 2560K, reserved 16384K
}
Event: 71.697 GC heap after
{Heap after GC invocations=1 (full 0):
 garbage-first heap   total 131072K, used 1981K [0xc5c00000, 0xe5c00000)
  region size 1024K, 2 young (2048K), 2 survivors (2048K)
 Metaspace       used 2344K, committed 2560K, reserved 16384K
}
Event: 102.245 GC heap before
{Heap before GC invocations=1 (full 0):
 garbage-first heap   total 131072K, used 18365K [0xc5c00000, 0xe5c00000)
  region size 1024K, 19 young (19456K), 2 survivors (2048K)
 Metaspace       used 4081K, committed 4416K, reserved 16384K
}
Event: 102.303 GC heap after
{Heap after GC invocations=2 (full 0):
 garbage-first heap   total 131072K, used 3419K [0xc5c00000, 0xe5c00000)
  region size 1024K, 2 young (2048K), 2 survivors (2048K)
 Metaspace       used 4081K, committed 4416K, reserved 16384K
}
Event: 248.760 GC heap before
{Heap before GC invocations=2 (full 0):
 garbage-first heap   total 131072K, used 79195K [0xc5c00000, 0xe5c00000)
  region size 1024K, 76 young (77824K), 2 survivors (2048K)
 Metaspace       used 5481K, committed 6080K, reserved 16384K
}
Event: 248.795 GC heap after
{Heap after GC invocations=3 (full 0):
 garbage-first heap   total 131072K, used 5811K [0xc5c00000, 0xe5c00000)
  region size 1024K, 4 young (4096K), 4 survivors (4096K)
 Metaspace       used 5481K, committed 6080K, reserved 16384K
}
Event: 591.277 GC heap before
{Heap before GC invocations=3 (full 0):
 garbage-first heap   total 131072K, used 79539K [0xc5c00000, 0xe5c00000)
  region size 1024K, 76 young (77824K), 4 survivors (4096K)
 Metaspace       used 5627K, committed 6272K, reserved 16384K
}
Event: 591.318 GC heap after
{Heap after GC invocations=4 (full 0):
 garbage-first heap   total 131072K, used 7176K [0xc5c00000, 0xe5c00000)
  region size 1024K, 6 young (6144K), 6 survivors (6144K)
 Metaspace       used 5627K, committed 6272K, reserved 16384K
}
Event: 612.672 GC heap before
{Heap before GC invocations=4 (full 0):
 garbage-first heap   total 131072K, used 78856K [0xc5c00000, 0xe5c00000)
  region size 1024K, 76 young (77824K), 6 survivors (6144K)
 Metaspace       used 6825K, committed 7680K, reserved 16384K
}
Event: 612.898 GC heap after
{Heap after GC invocations=5 (full 0):
 garbage-first heap   total 131072K, used 11797K [0xc5c00000, 0xe5c00000)
  region size 1024K, 10 young (10240K), 10 survivors (10240K)
 Metaspace       used 6825K, committed 7680K, reserved 16384K
}
Event: 821.733 GC heap before
{Heap before GC invocations=5 (full 0):
 garbage-first heap   total 131072K, used 79381K [0xc5c00000, 0xe5c00000)
  region size 1024K, 76 young (77824K), 10 survivors (10240K)
 Metaspace       used 7062K, committed 8000K, reserved 16384K
}
Event: 821.797 GC heap after
{Heap after GC invocations=6 (full 0):
 garbage-first heap   total 131072K, used 16579K [0xc5c00000, 0xe5c00000)
  region size 1024K, 10 young (10240K), 10 survivors (10240K)
 Metaspace       used 7062K, committed 8000K, reserved 16384K
}

