# JRE version: OpenJDK Runtime Environment Zulu17.50+19-CA (17.0.11+9) (build 17.0.11+9-LTS)
# Java VM: OpenJDK Server VM Zulu17.50+19-CA (17.0.11+9-LTS, mixed mode, sharing, tiered, g1 gc, linux-x86)
Heap:
 garbage-first heap   total 131072K, used 61464K [0xc5c00000, 0xe5c00000)
  region size 1024K, 53 young (54272K), 6 survivors (6144K)
 Metaspace       used 4826K, committed 5248K, reserved 16384K
GC Heap History (8 events):
Event: 164.418 GC heap before
{Heap before GC invocations=0 (full 0):
 garbage-first heap   total 131072K, used 12288K [0xc5c00000, 0xe5c00000)
  region size 1024K, 13 young (13312K), 0 survivors (0K)
 Metaspace       used 2425K, committed 2560K, reserved 16384K
}
Event: 164.585 GC heap after
{Heap after GC invocations=1 (full 0):
 garbage-first heap   total 131072K, used 2052K [0xc5c00000, 0xe5c00000)
  region size 1024K, 2 young (2048K), 2 survivors (2048K)
 Metaspace       used 2425K, committed 2560K, reserved 16384K
}
Event: 182.367 GC heap before
{Heap before GC invocations=1 (full 0):
 garbage-first heap   total 131072K, used 18436K [0xc5c00000, 0xe5c00000)
  region size 1024K, 19 young (19456K), 2 survivors (2048K)
 Metaspace       used 4014K, committed 4352K, reserved 16384K
}
Event: 182.392 GC heap after
{Heap after GC invocations=2 (full 0):
 garbage-first heap   total 131072K, used 3590K [0xc5c00000, 0xe5c00000)
  region size 1024K, 2 young (2048K), 2 survivors (2048K)
 Metaspace       used 4014K, committed 4352K, reserved 16384K
}
Event: 373.310 GC heap before
{Heap before GC invocations=2 (full 0):
 garbage-first heap   total 131072K, used 79366K [0xc5c00000, 0xe5c00000)
  region size 1024K, 76 young (77824K), 2 survivors (2048K)
 Metaspace       used 4799K, committed 5184K, reserved 16384K
}
Event: 373.343 GC heap after
{Heap after GC invocations=3 (full 0):
 garbage-first heap   total 131072K, used 9125K [0xc5c00000, 0xe5c00000)
  region size 1024K, 7 young (7168K), 7 survivors (7168K)
 Metaspace       used 4799K, committed 5184K, reserved 16384K
}
Event: 1144.336 GC heap before
{Heap before GC invocations=3 (full 0):
 garbage-first heap   total 131072K, used 79781K [0xc5c00000, 0xe5c00000)
  region size 1024K, 76 young (77824K), 7 survivors (7168K)
 Metaspace       used 4819K, committed 5248K, reserved 16384K
}
Event: 1144.400 GC heap after
{Heap after GC invocations=4 (full 0):
 garbage-first heap   total 131072K, used 14358K [0xc5c00000, 0xe5c00000)
  region size 1024K, 6 young (6144K), 6 survivors (6144K)
 Metaspace       used 4819K, committed 5248K, reserved 16384K
}

