# JRE version: OpenJDK Runtime Environment Zulu17.50+19-CA (17.0.11+9) (build 17.0.11+9-LTS)
# Java VM: OpenJDK Server VM Zulu17.50+19-CA (17.0.11+9-LTS, mixed mode, sharing, tiered, g1 gc, linux-x86)
Heap:
 garbage-first heap   total 131072K, used 40981K [0xc5c00000, 0xe5c00000)
  region size 1024K, 39 young (39936K), 6 survivors (6144K)
 Metaspace       used 6320K, committed 7040K, reserved 16384K
GC Heap History (8 events):
Event: 62.677 GC heap before
{Heap before GC invocations=0 (full 0):
 garbage-first heap   total 131072K, used 12288K [0xc5c00000, 0xe5c00000)
  region size 1024K, 13 young (13312K), 0 survivors (0K)
 Metaspace       used 2480K, committed 2752K, reserved 16384K
}
Event: 62.693 GC heap after
{Heap after GC invocations=1 (full 0):
 garbage-first heap   total 131072K, used 2335K [0xc5c00000, 0xe5c00000)
  region size 1024K, 2 young (2048K), 2 survivors (2048K)
 Metaspace       used 2480K, committed 2752K, reserved 16384K
}
Event: 78.437 GC heap before
{Heap before GC invocations=1 (full 0):
 garbage-first heap   total 131072K, used 19743K [0xc5c00000, 0xe5c00000)
  region size 1024K, 19 young (19456K), 2 survivors (2048K)
 Metaspace       used 4151K, committed 4544K, reserved 16384K
}
Event: 78.454 GC heap after
{Heap after GC invocations=2 (full 0):
 garbage-first heap   total 131072K, used 3558K [0xc5c00000, 0xe5c00000)
  region size 1024K, 2 young (2048K), 2 survivors (2048K)
 Metaspace       used 4151K, committed 4544K, reserved 16384K
}
Event: 165.127 GC heap before
{Heap before GC invocations=2 (full 0):
 garbage-first heap   total 131072K, used 41446K [0xc5c00000, 0xe5c00000)
  region size 1024K, 39 young (39936K), 2 survivors (2048K)
 Metaspace       used 5174K, committed 5696K, reserved 16384K
}
Event: 165.139 GC heap after
{Heap after GC invocations=3 (full 0):
 garbage-first heap   total 131072K, used 5308K [0xc5c00000, 0xe5c00000)
  region size 1024K, 3 young (3072K), 3 survivors (3072K)
 Metaspace       used 5174K, committed 5696K, reserved 16384K
}
Event: 499.137 GC heap before
{Heap before GC invocations=3 (full 0):
 garbage-first heap   total 131072K, used 80060K [0xc5c00000, 0xe5c00000)
  region size 1024K, 76 young (77824K), 3 survivors (3072K)
 Metaspace       used 6253K, committed 6976K, reserved 16384K
}
Event: 499.212 GC heap after
{Heap after GC invocations=4 (full 0):
 garbage-first heap   total 131072K, used 8211K [0xc5c00000, 0xe5c00000)
  region size 1024K, 6 young (6144K), 6 survivors (6144K)
 Metaspace       used 6253K, committed 6976K, reserved 16384K
}

