# JRE version: OpenJDK Runtime Environment Zulu17.50+19-CA (17.0.11+9) (build 17.0.11+9-LTS)
# Java VM: OpenJDK Server VM Zulu17.50+19-CA (17.0.11+9-LTS, mixed mode, sharing, tiered, g1 gc, linux-x86)
Heap:
 garbage-first heap   total 131072K, used 65417K [0xc5c00000, 0xe5c00000)
  region size 1024K, 59 young (60416K), 10 survivors (10240K)
 Metaspace       used 5156K, committed 5632K, reserved 16384K
GC Heap History (8 events):
Event: 142.954 GC heap before
{Heap before GC invocations=0 (full 0):
 garbage-first heap   total 131072K, used 12288K [0xc5c00000, 0xe5c00000)
  region size 1024K, 13 young (13312K), 0 survivors (0K)
 Metaspace       used 2412K, committed 2560K, reserved 16384K
}
Event: 142.990 GC heap after
{Heap after GC invocations=1 (full 0):
 garbage-first heap   total 131072K, used 1950K [0xc5c00000, 0xe5c00000)
  region size 1024K, 2 young (2048K), 2 survivors (2048K)
 Metaspace       used 2412K, committed 2560K, reserved 16384K
}
Event: 283.045 GC heap before
{Heap before GC invocations=1 (full 0):
 garbage-first heap   total 131072K, used 19358K [0xc5c00000, 0xe5c00000)
  region size 1024K, 19 young (19456K), 2 survivors (2048K)
 Metaspace       used 4328K, committed 4672K, reserved 16384K
}
Event: 283.077 GC heap after
{Heap after GC invocations=2 (full 0):
 garbage-first heap   total 131072K, used 3811K [0xc5c00000, 0xe5c00000)
  region size 1024K, 2 young (2048K), 2 survivors (2048K)
 Metaspace       used 4328K, committed 4672K, reserved 16384K
}
Event: 361.202 GC heap before
{Heap before GC invocations=2 (full 0):
 garbage-first heap   total 131072K, used 56035K [0xc5c00000, 0xe5c00000)
  region size 1024K, 53 young (54272K), 2 survivors (2048K)
 Metaspace       used 5102K, committed 5568K, reserved 16384K
}
Event: 361.232 GC heap after
{Heap after GC invocations=3 (full 0):
 garbage-first heap   total 131072K, used 8651K [0xc5c00000, 0xe5c00000)
  region size 1024K, 7 young (7168K), 7 survivors (7168K)
 Metaspace       used 5102K, committed 5568K, reserved 16384K
}
Event: 4764.211 GC heap before
{Heap before GC invocations=3 (full 0):
 garbage-first heap   total 131072K, used 79307K [0xc5c00000, 0xe5c00000)
  region size 1024K, 76 young (77824K), 7 survivors (7168K)
 Metaspace       used 5154K, committed 5632K, reserved 16384K
}
Event: 4764.300 GC heap after
{Heap after GC invocations=4 (full 0):
 garbage-first heap   total 131072K, used 15241K [0xc5c00000, 0xe5c00000)
  region size 1024K, 10 young (10240K), 10 survivors (10240K)
 Metaspace       used 5154K, committed 5632K, reserved 16384K
}

