# JRE version: OpenJDK Runtime Environment Zulu17.50+19-CA (17.0.11+9) (build 17.0.11+9-LTS)
# Java VM: OpenJDK Server VM Zulu17.50+19-CA (17.0.11+9-LTS, mixed mode, sharing, tiered, g1 gc, linux-x86)
Heap:
 garbage-first heap   total 131072K, used 30585K [0xc5c00000, 0xe5c00000)
  region size 1024K, 16 young (16384K), 1 survivors (1024K)
 Metaspace       used 7084K, committed 8000K, reserved 16384K
GC Heap History (20 events):
Event: 867.630 GC heap before
{Heap before GC invocations=5 (full 0):
 garbage-first heap   total 131072K, used 78934K [0xc5c00000, 0xe5c00000)
  region size 1024K, 76 young (77824K), 9 survivors (9216K)
 Metaspace       used 7054K, committed 7936K, reserved 16384K
}
Event: 867.698 GC heap after
{Heap after GC invocations=6 (full 0):
 garbage-first heap   total 131072K, used 15693K [0xc5c00000, 0xe5c00000)
  region size 1024K, 10 young (10240K), 10 survivors (10240K)
 Metaspace       used 7054K, committed 7936K, reserved 16384K
}
Event: 2455.561 GC heap before
{Heap before GC invocations=6 (full 0):
 garbage-first heap   total 131072K, used 83277K [0xc5c00000, 0xe5c00000)
  region size 1024K, 76 young (77824K), 10 survivors (10240K)
 Metaspace       used 7065K, committed 7936K, reserved 16384K
}
Event: 2455.603 GC heap after
{Heap after GC invocations=7 (full 0):
 garbage-first heap   total 131072K, used 16620K [0xc5c00000, 0xe5c00000)
  region size 1024K, 6 young (6144K), 6 survivors (6144K)
 Metaspace       used 7065K, committed 7936K, reserved 16384K
}
Event: 4473.814 GC heap before
{Heap before GC invocations=7 (full 0):
 garbage-first heap   total 131072K, used 88300K [0xc5c00000, 0xe5c00000)
  region size 1024K, 76 young (77824K), 6 survivors (6144K)
 Metaspace       used 7075K, committed 8000K, reserved 16384K
}
Event: 4473.837 GC heap after
{Heap after GC invocations=8 (full 0):
 garbage-first heap   total 131072K, used 16904K [0xc5c00000, 0xe5c00000)
  region size 1024K, 2 young (2048K), 2 survivors (2048K)
 Metaspace       used 7075K, committed 8000K, reserved 16384K
}
Event: 6615.608 GC heap before
{Heap before GC invocations=8 (full 0):
 garbage-first heap   total 131072K, used 92680K [0xc5c00000, 0xe5c00000)
  region size 1024K, 76 young (77824K), 2 survivors (2048K)
 Metaspace       used 7083K, committed 8000K, reserved 16384K
}
Event: 6615.642 GC heap after
{Heap after GC invocations=9 (full 0):
 garbage-first heap   total 131072K, used 16386K [0xc5c00000, 0xe5c00000)
  region size 1024K, 1 young (1024K), 1 survivors (1024K)
 Metaspace       used 7083K, committed 8000K, reserved 16384K
}
Event: 8773.692 GC heap before
{Heap before GC invocations=9 (full 0):
 garbage-first heap   total 131072K, used 93186K [0xc5c00000, 0xe5c00000)
  region size 1024K, 76 young (77824K), 1 survivors (1024K)
 Metaspace       used 7083K, committed 8000K, reserved 16384K
}
Event: 8773.732 GC heap after
{Heap after GC invocations=10 (full 0):
 garbage-first heap   total 131072K, used 16266K [0xc5c00000, 0xe5c00000)
  region size 1024K, 1 young (1024K), 1 survivors (1024K)
 Metaspace       used 7083K, committed 8000K, reserved 16384K
}
Event: 10923.567 GC heap before
{Heap before GC invocations=10 (full 0):
 garbage-first heap   total 131072K, used 93066K [0xc5c00000, 0xe5c00000)
  region size 1024K, 76 young (77824K), 1 survivors (1024K)
 Metaspace       used 7083K, committed 8000K, reserved 16384K
}
Event: 10923.589 GC heap after
{Heap after GC invocations=11 (full 0):
 garbage-first heap   total 131072K, used 16265K [0xc5c00000, 0xe5c00000)
  region size 1024K, 1 young (1024K), 1 survivors (1024K)
 Metaspace       used 7083K, committed 8000K, reserved 16384K
}
Event: 13062.747 GC heap before
{Heap before GC invocations=11 (full 0):
 garbage-first heap   total 131072K, used 93065K [0xc5c00000, 0xe5c00000)
  region size 1024K, 76 young (77824K), 1 survivors (1024K)
 Metaspace       used 7083K, committed 8000K, reserved 16384K
}
Event: 13062.762 GC heap after
{Heap after GC invocations=12 (full 0):
 garbage-first heap   total 131072K, used 16268K [0xc5c00000, 0xe5c00000)
  region size 1024K, 1 young (1024K), 1 survivors (1024K)
 Metaspace       used 7083K, committed 8000K, reserved 16384K
}
Event: 15190.656 GC heap before
{Heap before GC invocations=12 (full 0):
 garbage-first heap   total 131072K, used 93068K [0xc5c00000, 0xe5c00000)
  region size 1024K, 76 young (77824K), 1 survivors (1024K)
 Metaspace       used 7083K, committed 8000K, reserved 16384K
}
Event: 15190.675 GC heap after
{Heap after GC invocations=13 (full 0):
 garbage-first heap   total 131072K, used 16252K [0xc5c00000, 0xe5c00000)
  region size 1024K, 1 young (1024K), 1 survivors (1024K)
 Metaspace       used 7083K, committed 8000K, reserved 16384K
}
Event: 17308.633 GC heap before
{Heap before GC invocations=13 (full 0):
 garbage-first heap   total 131072K, used 93052K [0xc5c00000, 0xe5c00000)
  region size 1024K, 76 young (77824K), 1 survivors (1024K)
 Metaspace       used 7083K, committed 8000K, reserved 16384K
}
Event: 17308.665 GC heap after
{Heap after GC invocations=14 (full 0):
 garbage-first heap   total 131072K, used 16247K [0xc5c00000, 0xe5c00000)
  region size 1024K, 1 young (1024K), 1 survivors (1024K)
 Metaspace       used 7083K, committed 8000K, reserved 16384K
}
Event: 19414.597 GC heap before
{Heap before GC invocations=14 (full 0):
 garbage-first heap   total 131072K, used 93047K [0xc5c00000, 0xe5c00000)
  region size 1024K, 76 young (77824K), 1 survivors (1024K)
 Metaspace       used 7083K, committed 8000K, reserved 16384K
}
Event: 19414.613 GC heap after
{Heap after GC invocations=15 (full 0):
 garbage-first heap   total 131072K, used 16247K [0xc5c00000, 0xe5c00000)
  region size 1024K, 1 young (1024K), 1 survivors (1024K)
 Metaspace       used 7083K, committed 8000K, reserved 16384K
}

