# JRE version: OpenJDK Runtime Environment Zulu17.50+19-CA (17.0.11+9) (build 17.0.11+9-LTS)
# Java VM: OpenJDK Server VM Zulu17.50+19-CA (17.0.11+9-LTS, mixed mode, sharing, tiered, g1 gc, linux-x86)
Heap:
 garbage-first heap   total 131072K, used 26280K [0xc5c00000, 0xe5c00000)
  region size 1024K, 25 young (25600K), 2 survivors (2048K)
 Metaspace       used 3530K, committed 3840K, reserved 16384K
GC Heap History (20 events):
Event: 5753.589 GC heap before
{Heap before GC invocations=6 (full 0):
 garbage-first heap   total 131072K, used 79472K [0xc5c00000, 0xe5c00000)
  region size 1024K, 76 young (77824K), 2 survivors (2048K)
 Metaspace       used 3510K, committed 3840K, reserved 16384K
}
Event: 5753.607 GC heap after
{Heap after GC invocations=7 (full 0):
 garbage-first heap   total 131072K, used 3728K [0xc5c00000, 0xe5c00000)
  region size 1024K, 2 young (2048K), 2 survivors (2048K)
 Metaspace       used 3510K, committed 3840K, reserved 16384K
}
Event: 6963.518 GC heap before
{Heap before GC invocations=7 (full 0):
 garbage-first heap   total 131072K, used 79504K [0xc5c00000, 0xe5c00000)
  region size 1024K, 76 young (77824K), 2 survivors (2048K)
 Metaspace       used 3510K, committed 3840K, reserved 16384K
}
Event: 6963.557 GC heap after
{Heap after GC invocations=8 (full 0):
 garbage-first heap   total 131072K, used 3826K [0xc5c00000, 0xe5c00000)
  region size 1024K, 2 young (2048K), 2 survivors (2048K)
 Metaspace       used 3510K, committed 3840K, reserved 16384K
}
Event: 8768.788 GC heap before
{Heap before GC invocations=8 (full 0):
 garbage-first heap   total 131072K, used 79602K [0xc5c00000, 0xe5c00000)
  region size 1024K, 76 young (77824K), 2 survivors (2048K)
 Metaspace       used 3510K, committed 3840K, reserved 16384K
}
Event: 8768.816 GC heap after
{Heap after GC invocations=9 (full 0):
 garbage-first heap   total 131072K, used 3822K [0xc5c00000, 0xe5c00000)
  region size 1024K, 2 young (2048K), 2 survivors (2048K)
 Metaspace       used 3510K, committed 3840K, reserved 16384K
}
Event: 10769.699 GC heap before
{Heap before GC invocations=9 (full 0):
 garbage-first heap   total 131072K, used 79598K [0xc5c00000, 0xe5c00000)
  region size 1024K, 76 young (77824K), 2 survivors (2048K)
 Metaspace       used 3521K, committed 3840K, reserved 16384K
}
Event: 10769.724 GC heap after
{Heap after GC invocations=10 (full 0):
 garbage-first heap   total 131072K, used 3907K [0xc5c00000, 0xe5c00000)
  region size 1024K, 2 young (2048K), 2 survivors (2048K)
 Metaspace       used 3521K, committed 3840K, reserved 16384K
}
Event: 12715.870 GC heap before
{Heap before GC invocations=10 (full 0):
 garbage-first heap   total 131072K, used 79683K [0xc5c00000, 0xe5c00000)
  region size 1024K, 76 young (77824K), 2 survivors (2048K)
 Metaspace       used 3523K, committed 3840K, reserved 16384K
}
Event: 12715.880 GC heap after
{Heap after GC invocations=11 (full 0):
 garbage-first heap   total 131072K, used 3760K [0xc5c00000, 0xe5c00000)
  region size 1024K, 2 young (2048K), 2 survivors (2048K)
 Metaspace       used 3523K, committed 3840K, reserved 16384K
}
Event: 14651.240 GC heap before
{Heap before GC invocations=11 (full 0):
 garbage-first heap   total 131072K, used 79536K [0xc5c00000, 0xe5c00000)
  region size 1024K, 76 young (77824K), 2 survivors (2048K)
 Metaspace       used 3524K, committed 3840K, reserved 16384K
}
Event: 14651.262 GC heap after
{Heap after GC invocations=12 (full 0):
 garbage-first heap   total 131072K, used 3766K [0xc5c00000, 0xe5c00000)
  region size 1024K, 2 young (2048K), 2 survivors (2048K)
 Metaspace       used 3524K, committed 3840K, reserved 16384K
}
Event: 16651.414 GC heap before
{Heap before GC invocations=12 (full 0):
 garbage-first heap   total 131072K, used 79542K [0xc5c00000, 0xe5c00000)
  region size 1024K, 76 young (77824K), 2 survivors (2048K)
 Metaspace       used 3524K, committed 3840K, reserved 16384K
}
Event: 16651.440 GC heap after
{Heap after GC invocations=13 (full 0):
 garbage-first heap   total 131072K, used 3921K [0xc5c00000, 0xe5c00000)
  region size 1024K, 2 young (2048K), 2 survivors (2048K)
 Metaspace       used 3524K, committed 3840K, reserved 16384K
}
Event: 19121.700 GC heap before
{Heap before GC invocations=13 (full 0):
 garbage-first heap   total 131072K, used 79697K [0xc5c00000, 0xe5c00000)
  region size 1024K, 76 young (77824K), 2 survivors (2048K)
 Metaspace       used 3528K, committed 3840K, reserved 16384K
}
Event: 19121.714 GC heap after
{Heap after GC invocations=14 (full 0):
 garbage-first heap   total 131072K, used 3837K [0xc5c00000, 0xe5c00000)
  region size 1024K, 2 young (2048K), 2 survivors (2048K)
 Metaspace       used 3528K, committed 3840K, reserved 16384K
}
Event: 21377.012 GC heap before
{Heap before GC invocations=14 (full 0):
 garbage-first heap   total 131072K, used 79613K [0xc5c00000, 0xe5c00000)
  region size 1024K, 76 young (77824K), 2 survivors (2048K)
 Metaspace       used 3528K, committed 3840K, reserved 16384K
}
Event: 21377.023 GC heap after
{Heap after GC invocations=15 (full 0):
 garbage-first heap   total 131072K, used 3839K [0xc5c00000, 0xe5c00000)
  region size 1024K, 2 young (2048K), 2 survivors (2048K)
 Metaspace       used 3528K, committed 3840K, reserved 16384K
}
Event: 23809.766 GC heap before
{Heap before GC invocations=15 (full 0):
 garbage-first heap   total 131072K, used 79615K [0xc5c00000, 0xe5c00000)
  region size 1024K, 76 young (77824K), 2 survivors (2048K)
 Metaspace       used 3529K, committed 3840K, reserved 16384K
}
Event: 23809.787 GC heap after
{Heap after GC invocations=16 (full 0):
 garbage-first heap   total 131072K, used 3750K [0xc5c00000, 0xe5c00000)
  region size 1024K, 2 young (2048K), 2 survivors (2048K)
 Metaspace       used 3529K, committed 3840K, reserved 16384K
}

