# JRE version: OpenJDK Runtime Environment Zulu17.50+19-CA (17.0.11+9) (build 17.0.11+9-LTS)
# Java VM: OpenJDK Server VM Zulu17.50+19-CA (17.0.11+9-LTS, mixed mode, sharing, tiered, g1 gc, linux-x86)
Heap:
 garbage-first heap   total 131072K, used 51013K [0xc5c00000, 0xe5c00000)
  region size 1024K, 49 young (50176K), 2 survivors (2048K)
 Metaspace       used 3557K, committed 3776K, reserved 16384K
GC Heap History (10 events):
Event: 26.931 GC heap before
{Heap before GC invocations=0 (full 0):
 garbage-first heap   total 131072K, used 12288K [0xc5c00000, 0xe5c00000)
  region size 1024K, 13 young (13312K), 0 survivors (0K)
 Metaspace       used 1876K, committed 2048K, reserved 16384K
}
Event: 27.141 GC heap after
{Heap after GC invocations=1 (full 0):
 garbage-first heap   total 131072K, used 2269K [0xc5c00000, 0xe5c00000)
  region size 1024K, 2 young (2048K), 2 survivors (2048K)
 Metaspace       used 1876K, committed 2048K, reserved 16384K
}
Event: 29.602 GC heap before
{Heap before GC invocations=1 (full 0):
 garbage-first heap   total 131072K, used 18653K [0xc5c00000, 0xe5c00000)
  region size 1024K, 18 young (18432K), 2 survivors (2048K)
 Metaspace       used 2131K, committed 2304K, reserved 16384K
}
Event: 29.606 GC heap after
{Heap after GC invocations=2 (full 0):
 garbage-first heap   total 131072K, used 2361K [0xc5c00000, 0xe5c00000)
  region size 1024K, 1 young (1024K), 1 survivors (1024K)
 Metaspace       used 2131K, committed 2304K, reserved 16384K
}
Event: 1190.842 GC heap before
{Heap before GC invocations=2 (full 0):
 garbage-first heap   total 131072K, used 79161K [0xc5c00000, 0xe5c00000)
  region size 1024K, 76 young (77824K), 1 survivors (1024K)
 Metaspace       used 3489K, committed 3712K, reserved 16384K
}
Event: 1190.858 GC heap after
{Heap after GC invocations=3 (full 0):
 garbage-first heap   total 131072K, used 4059K [0xc5c00000, 0xe5c00000)
  region size 1024K, 3 young (3072K), 3 survivors (3072K)
 Metaspace       used 3489K, committed 3712K, reserved 16384K
}
Event: 2868.780 GC heap before
{Heap before GC invocations=3 (full 0):
 garbage-first heap   total 131072K, used 78811K [0xc5c00000, 0xe5c00000)
  region size 1024K, 76 young (77824K), 3 survivors (3072K)
 Metaspace       used 3519K, committed 3776K, reserved 16384K
}
Event: 2868.806 GC heap after
{Heap after GC invocations=4 (full 0):
 garbage-first heap   total 131072K, used 3907K [0xc5c00000, 0xe5c00000)
  region size 1024K, 2 young (2048K), 2 survivors (2048K)
 Metaspace       used 3519K, committed 3776K, reserved 16384K
}
Event: 3697.460 GC heap before
{Heap before GC invocations=4 (full 0):
 garbage-first heap   total 131072K, used 79683K [0xc5c00000, 0xe5c00000)
  region size 1024K, 76 young (77824K), 2 survivors (2048K)
 Metaspace       used 3531K, committed 3776K, reserved 16384K
}
Event: 3697.473 GC heap after
{Heap after GC invocations=5 (full 0):
 garbage-first heap   total 131072K, used 3907K [0xc5c00000, 0xe5c00000)
  region size 1024K, 2 young (2048K), 2 survivors (2048K)
 Metaspace       used 3531K, committed 3776K, reserved 16384K
}

