# JRE version: OpenJDK Runtime Environment Zulu17.50+19-CA (17.0.11+9) (build 17.0.11+9-LTS)
# Java VM: OpenJDK Server VM Zulu17.50+19-CA (17.0.11+9-LTS, mixed mode, sharing, tiered, g1 gc, linux-x86)
Heap:
 garbage-first heap   total 131072K, used 73597K [0xc5c00000, 0xe5c00000)
  region size 1024K, 71 young (72704K), 2 survivors (2048K)
 Metaspace       used 3471K, committed 3712K, reserved 16384K
GC Heap History (20 events):
Event: 939.127 GC heap before
{Heap before GC invocations=2 (full 0):
 garbage-first heap   total 131072K, used 37468K [0xc5c00000, 0xe5c00000)
  region size 1024K, 35 young (35840K), 1 survivors (1024K)
 Metaspace       used 3112K, committed 3328K, reserved 16384K
}
Event: 939.143 GC heap after
{Heap after GC invocations=3 (full 0):
 garbage-first heap   total 131072K, used 2763K [0xc5c00000, 0xe5c00000)
  region size 1024K, 1 young (1024K), 1 survivors (1024K)
 Metaspace       used 3112K, committed 3328K, reserved 16384K
}
Event: 3905.841 GC heap before
{Heap before GC invocations=3 (full 0):
 garbage-first heap   total 131072K, used 79563K [0xc5c00000, 0xe5c00000)
  region size 1024K, 76 young (77824K), 1 survivors (1024K)
 Metaspace       used 3320K, committed 3520K, reserved 16384K
}
Event: 3905.907 GC heap after
{Heap after GC invocations=4 (full 0):
 garbage-first heap   total 131072K, used 2924K [0xc5c00000, 0xe5c00000)
  region size 1024K, 2 young (2048K), 2 survivors (2048K)
 Metaspace       used 3320K, committed 3520K, reserved 16384K
}
Event: 6365.738 GC heap before
{Heap before GC invocations=4 (full 0):
 garbage-first heap   total 131072K, used 78700K [0xc5c00000, 0xe5c00000)
  region size 1024K, 76 young (77824K), 2 survivors (2048K)
 Metaspace       used 3409K, committed 3648K, reserved 16384K
}
Event: 6365.768 GC heap after
{Heap after GC invocations=5 (full 0):
 garbage-first heap   total 131072K, used 2885K [0xc5c00000, 0xe5c00000)
  region size 1024K, 2 young (2048K), 2 survivors (2048K)
 Metaspace       used 3409K, committed 3648K, reserved 16384K
}
Event: 9484.126 GC heap before
{Heap before GC invocations=5 (full 0):
 garbage-first heap   total 131072K, used 78661K [0xc5c00000, 0xe5c00000)
  region size 1024K, 76 young (77824K), 2 survivors (2048K)
 Metaspace       used 3421K, committed 3648K, reserved 16384K
}
Event: 9484.177 GC heap after
{Heap after GC invocations=6 (full 0):
 garbage-first heap   total 131072K, used 2886K [0xc5c00000, 0xe5c00000)
  region size 1024K, 2 young (2048K), 2 survivors (2048K)
 Metaspace       used 3421K, committed 3648K, reserved 16384K
}
Event: 12897.710 GC heap before
{Heap before GC invocations=6 (full 0):
 garbage-first heap   total 131072K, used 78662K [0xc5c00000, 0xe5c00000)
  region size 1024K, 76 young (77824K), 2 survivors (2048K)
 Metaspace       used 3439K, committed 3712K, reserved 16384K
}
Event: 12897.732 GC heap after
{Heap after GC invocations=7 (full 0):
 garbage-first heap   total 131072K, used 2940K [0xc5c00000, 0xe5c00000)
  region size 1024K, 2 young (2048K), 2 survivors (2048K)
 Metaspace       used 3439K, committed 3712K, reserved 16384K
}
Event: 16129.907 GC heap before
{Heap before GC invocations=7 (full 0):
 garbage-first heap   total 131072K, used 78716K [0xc5c00000, 0xe5c00000)
  region size 1024K, 76 young (77824K), 2 survivors (2048K)
 Metaspace       used 3441K, committed 3712K, reserved 16384K
}
Event: 16129.929 GC heap after
{Heap after GC invocations=8 (full 0):
 garbage-first heap   total 131072K, used 2886K [0xc5c00000, 0xe5c00000)
  region size 1024K, 2 young (2048K), 2 survivors (2048K)
 Metaspace       used 3441K, committed 3712K, reserved 16384K
}
Event: 19333.293 GC heap before
{Heap before GC invocations=8 (full 0):
 garbage-first heap   total 131072K, used 78662K [0xc5c00000, 0xe5c00000)
  region size 1024K, 76 young (77824K), 2 survivors (2048K)
 Metaspace       used 3457K, committed 3712K, reserved 16384K
}
Event: 19333.324 GC heap after
{Heap after GC invocations=9 (full 0):
 garbage-first heap   total 131072K, used 2886K [0xc5c00000, 0xe5c00000)
  region size 1024K, 2 young (2048K), 2 survivors (2048K)
 Metaspace       used 3457K, committed 3712K, reserved 16384K
}
Event: 22504.938 GC heap before
{Heap before GC invocations=9 (full 0):
 garbage-first heap   total 131072K, used 78662K [0xc5c00000, 0xe5c00000)
  region size 1024K, 76 young (77824K), 2 survivors (2048K)
 Metaspace       used 3458K, committed 3712K, reserved 16384K
}
Event: 22504.964 GC heap after
{Heap after GC invocations=10 (full 0):
 garbage-first heap   total 131072K, used 2939K [0xc5c00000, 0xe5c00000)
  region size 1024K, 2 young (2048K), 2 survivors (2048K)
 Metaspace       used 3458K, committed 3712K, reserved 16384K
}
Event: 25785.674 GC heap before
{Heap before GC invocations=10 (full 0):
 garbage-first heap   total 131072K, used 78715K [0xc5c00000, 0xe5c00000)
  region size 1024K, 76 young (77824K), 2 survivors (2048K)
 Metaspace       used 3458K, committed 3712K, reserved 16384K
}
Event: 25785.727 GC heap after
{Heap after GC invocations=11 (full 0):
 garbage-first heap   total 131072K, used 2992K [0xc5c00000, 0xe5c00000)
  region size 1024K, 2 young (2048K), 2 survivors (2048K)
 Metaspace       used 3458K, committed 3712K, reserved 16384K
}
Event: 29231.889 GC heap before
{Heap before GC invocations=11 (full 0):
 garbage-first heap   total 131072K, used 78768K [0xc5c00000, 0xe5c00000)
  region size 1024K, 76 young (77824K), 2 survivors (2048K)
 Metaspace       used 3461K, committed 3712K, reserved 16384K
}
Event: 29231.932 GC heap after
{Heap after GC invocations=12 (full 0):
 garbage-first heap   total 131072K, used 2941K [0xc5c00000, 0xe5c00000)
  region size 1024K, 2 young (2048K), 2 survivors (2048K)
 Metaspace       used 3461K, committed 3712K, reserved 16384K
}

